<?xml version="1.0" encoding="UTF-8"?>
<coverage generated="1742068404065" clover="3.2.0">
  <project timestamp="1742068404065" name="All files">
    <metrics statements="3560" coveredstatements="1509" conditionals="1254" coveredconditionals="174" methods="1070" coveredmethods="164" elements="5884" coveredelements="1847" complexity="0" loc="3560" ncloc="3560" packages="100" files="213" classes="213"/>
    <package name="components">
      <metrics statements="14" coveredstatements="14" conditionals="0" coveredconditionals="0" methods="13" coveredmethods="0"/>
      <file name="index.ts" path="C:\Users\epile\Documents\Projects\GIT\projectManagement\frontend\src\components\index.ts">
        <metrics statements="14" coveredstatements="14" conditionals="0" coveredconditionals="0" methods="13" coveredmethods="0"/>
        <line num="1" count="5" type="stmt"/>
        <line num="2" count="5" type="stmt"/>
        <line num="3" count="5" type="stmt"/>
        <line num="4" count="5" type="stmt"/>
        <line num="5" count="5" type="stmt"/>
        <line num="6" count="5" type="stmt"/>
        <line num="7" count="5" type="stmt"/>
        <line num="8" count="5" type="stmt"/>
        <line num="9" count="5" type="stmt"/>
        <line num="10" count="5" type="stmt"/>
        <line num="11" count="5" type="stmt"/>
        <line num="12" count="5" type="stmt"/>
        <line num="13" count="5" type="stmt"/>
        <line num="15" count="5" type="stmt"/>
      </file>
    </package>
    <package name="components.deleteConfirmationModal">
      <metrics statements="7" coveredstatements="7" conditionals="1" coveredconditionals="1" methods="2" coveredmethods="2"/>
      <file name="DeleteConfirmationModal.tsx" path="C:\Users\epile\Documents\Projects\GIT\projectManagement\frontend\src\components\deleteConfirmationModal\DeleteConfirmationModal.tsx">
        <metrics statements="7" coveredstatements="7" conditionals="1" coveredconditionals="1" methods="2" coveredmethods="2"/>
        <line num="1" count="6" type="stmt"/>
        <line num="11" count="6" type="stmt"/>
        <line num="18" count="4" type="stmt"/>
        <line num="19" count="1" type="stmt"/>
        <line num="20" count="1" type="stmt"/>
        <line num="22" count="4" type="stmt"/>
        <line num="60" count="6" type="stmt"/>
      </file>
    </package>
    <package name="components.dialogForm">
      <metrics statements="51" coveredstatements="45" conditionals="42" coveredconditionals="19" methods="21" coveredmethods="15"/>
      <file name="DialogForm.styles.ts" path="C:\Users\epile\Documents\Projects\GIT\projectManagement\frontend\src\components\dialogForm\DialogForm.styles.ts">
        <metrics statements="12" coveredstatements="12" conditionals="0" coveredconditionals="0" methods="10" coveredmethods="8"/>
        <line num="1" count="6" type="stmt"/>
        <line num="12" count="6" type="stmt"/>
        <line num="14" count="13" type="stmt"/>
        <line num="21" count="13" type="stmt"/>
        <line num="29" count="13" type="stmt"/>
        <line num="36" count="13" type="stmt"/>
        <line num="41" count="18" type="stmt"/>
        <line num="48" count="6" type="stmt"/>
        <line num="57" count="6" type="stmt"/>
        <line num="64" count="26" type="stmt"/>
        <line num="71" count="26" type="stmt"/>
        <line num="78" count="6" type="stmt"/>
      </file>
      <file name="DialogForm.tsx" path="C:\Users\epile\Documents\Projects\GIT\projectManagement\frontend\src\components\dialogForm\DialogForm.tsx">
        <metrics statements="39" coveredstatements="33" conditionals="42" coveredconditionals="19" methods="11" coveredmethods="7"/>
        <line num="1" count="6" type="stmt"/>
        <line num="2" count="6" type="stmt"/>
        <line num="11" count="6" type="stmt"/>
        <line num="12" count="6" type="stmt"/>
        <line num="13" count="6" type="stmt"/>
        <line num="14" count="6" type="stmt"/>
        <line num="16" count="6" type="stmt"/>
        <line num="29" count="6" type="stmt"/>
        <line num="45" count="13" type="stmt"/>
        <line num="51" count="13" type="stmt"/>
        <line num="52" count="5" type="stmt"/>
        <line num="55" count="13" type="stmt"/>
        <line num="56" count="2" type="stmt"/>
        <line num="59" count="13" type="stmt"/>
        <line num="60" count="1" type="stmt"/>
        <line num="61" count="1" type="cond" truecount="2" falsecount="0"/>
        <line num="64" count="13" type="stmt"/>
        <line num="65" count="1" type="stmt"/>
        <line num="66" count="1" type="stmt"/>
        <line num="70" count="13" type="stmt"/>
        <line num="71" count="26" type="stmt"/>
        <line num="72" count="26" type="cond" truecount="1" falsecount="1"/>
        <line num="73" count="26" type="stmt"/>
        <line num="75" count="26" type="cond" truecount="2" falsecount="0"/>
        <line num="76" count="26" type="stmt"/>
        <line num="77" count="26" type="stmt"/>
        <line num="78" count="26" type="cond" truecount="0" falsecount="1"/>
        <line num="80" count="26" type="cond" truecount="0" falsecount="1"/>
        <line num="81" count="0" type="stmt"/>
        <line num="88" count="0" type="stmt"/>
        <line num="91" count="0" type="cond" truecount="0" falsecount="2"/>
        <line num="113" count="26" type="cond" truecount="0" falsecount="1"/>
        <line num="114" count="0" type="stmt"/>
        <line num="121" count="0" type="stmt"/>
        <line num="140" count="0" type="stmt"/>
        <line num="154" count="26" type="stmt"/>
        <line num="184" count="13" type="stmt"/>
        <line num="202" count="26" type="stmt"/>
        <line num="261" count="6" type="stmt"/>
      </file>
    </package>
    <package name="components.dialogsContainer">
      <metrics statements="48" coveredstatements="10" conditionals="44" coveredconditionals="0" methods="22" coveredmethods="0"/>
      <file name="DialogsContainer.tsx" path="C:\Users\epile\Documents\Projects\GIT\projectManagement\frontend\src\components\dialogsContainer\DialogsContainer.tsx">
        <metrics statements="48" coveredstatements="10" conditionals="44" coveredconditionals="0" methods="22" coveredmethods="0"/>
        <line num="2" count="5" type="stmt"/>
        <line num="3" count="5" type="stmt"/>
        <line num="12" count="5" type="stmt"/>
        <line num="14" count="5" type="stmt"/>
        <line num="15" count="5" type="stmt"/>
        <line num="16" count="5" type="stmt"/>
        <line num="17" count="5" type="stmt"/>
        <line num="18" count="5" type="stmt"/>
        <line num="20" count="5" type="stmt"/>
        <line num="91" count="0" type="stmt"/>
        <line num="92" count="0" type="stmt"/>
        <line num="93" count="0" type="stmt"/>
        <line num="94" count="0" type="stmt"/>
        <line num="95" count="0" type="stmt"/>
        <line num="96" count="0" type="stmt"/>
        <line num="98" count="0" type="stmt"/>
        <line num="99" count="0" type="cond" truecount="0" falsecount="2"/>
        <line num="100" count="0" type="stmt"/>
        <line num="101" count="0" type="stmt"/>
        <line num="102" count="0" type="stmt"/>
        <line num="105" count="0" type="stmt"/>
        <line num="112" count="0" type="stmt"/>
        <line num="133" count="0" type="stmt"/>
        <line num="152" count="0" type="stmt"/>
        <line num="176" count="0" type="stmt"/>
        <line num="191" count="0" type="stmt"/>
        <line num="208" count="0" type="stmt"/>
        <line num="209" count="0" type="stmt"/>
        <line num="220" count="0" type="stmt"/>
        <line num="222" count="0" type="stmt"/>
        <line num="223" count="0" type="stmt"/>
        <line num="243" count="0" type="stmt"/>
        <line num="244" count="0" type="stmt"/>
        <line num="282" count="0" type="stmt"/>
        <line num="283" count="0" type="stmt"/>
        <line num="299" count="0" type="stmt"/>
        <line num="300" count="0" type="stmt"/>
        <line num="309" count="0" type="stmt"/>
        <line num="310" count="0" type="stmt"/>
        <line num="319" count="0" type="stmt"/>
        <line num="320" count="0" type="stmt"/>
        <line num="330" count="0" type="stmt"/>
        <line num="331" count="0" type="stmt"/>
        <line num="333" count="0" type="stmt"/>
        <line num="341" count="0" type="stmt"/>
        <line num="342" count="0" type="stmt"/>
        <line num="344" count="0" type="stmt"/>
        <line num="352" count="5" type="stmt"/>
      </file>
    </package>
    <package name="components.header">
      <metrics statements="30" coveredstatements="29" conditionals="3" coveredconditionals="3" methods="11" coveredmethods="10"/>
      <file name="Header.styles.ts" path="C:\Users\epile\Documents\Projects\GIT\projectManagement\frontend\src\components\header\Header.styles.ts">
        <metrics statements="7" coveredstatements="7" conditionals="0" coveredconditionals="0" methods="6" coveredmethods="6"/>
        <line num="1" count="5" type="stmt"/>
        <line num="3" count="5" type="stmt"/>
        <line num="10" count="5" type="stmt"/>
        <line num="17" count="5" type="stmt"/>
        <line num="26" count="5" type="stmt"/>
        <line num="41" count="60" type="stmt"/>
        <line num="59" count="30" type="stmt"/>
      </file>
      <file name="Header.tsx" path="C:\Users\epile\Documents\Projects\GIT\projectManagement\frontend\src\components\header\Header.tsx">
        <metrics statements="23" coveredstatements="22" conditionals="3" coveredconditionals="3" methods="5" coveredmethods="4"/>
        <line num="1" count="5" type="stmt"/>
        <line num="2" count="5" type="stmt"/>
        <line num="3" count="5" type="stmt"/>
        <line num="4" count="5" type="stmt"/>
        <line num="13" count="5" type="stmt"/>
        <line num="14" count="5" type="stmt"/>
        <line num="15" count="5" type="stmt"/>
        <line num="17" count="5" type="stmt"/>
        <line num="18" count="5" type="stmt"/>
        <line num="19" count="5" type="stmt"/>
        <line num="20" count="5" type="stmt"/>
        <line num="21" count="5" type="stmt"/>
        <line num="23" count="5" type="stmt"/>
        <line num="24" count="1" type="stmt"/>
        <line num="25" count="1" type="cond" truecount="1" falsecount="0"/>
        <line num="26" count="1" type="stmt"/>
        <line num="30" count="5" type="stmt"/>
        <line num="32" count="5" type="stmt"/>
        <line num="33" count="30" type="stmt"/>
        <line num="49" count="5" type="stmt"/>
        <line num="51" count="0" type="stmt"/>
        <line num="54" count="5" type="stmt"/>
        <line num="82" count="5" type="stmt"/>
      </file>
    </package>
    <package name="components.header.userMenu">
      <metrics statements="25" coveredstatements="23" conditionals="8" coveredconditionals="8" methods="6" coveredmethods="4"/>
      <file name="UserMenu.tsx" path="C:\Users\epile\Documents\Projects\GIT\projectManagement\frontend\src\components\header\userMenu\UserMenu.tsx">
        <metrics statements="25" coveredstatements="23" conditionals="8" coveredconditionals="8" methods="6" coveredmethods="4"/>
        <line num="1" count="5" type="stmt"/>
        <line num="2" count="5" type="stmt"/>
        <line num="12" count="5" type="stmt"/>
        <line num="17" count="5" type="stmt"/>
        <line num="18" count="5" type="stmt"/>
        <line num="19" count="5" type="stmt"/>
        <line num="21" count="5" type="stmt"/>
        <line num="22" count="24" type="stmt"/>
        <line num="23" count="24" type="stmt"/>
        <line num="24" count="24" type="stmt"/>
        <line num="25" count="24" type="stmt"/>
        <line num="27" count="24" type="stmt"/>
        <line num="28" count="3" type="stmt"/>
        <line num="31" count="24" type="stmt"/>
        <line num="32" count="1" type="stmt"/>
        <line num="35" count="24" type="stmt"/>
        <line num="36" count="1" type="stmt"/>
        <line num="37" count="1" type="stmt"/>
        <line num="38" count="1" type="stmt"/>
        <line num="41" count="24" type="stmt"/>
        <line num="43" count="0" type="stmt"/>
        <line num="46" count="24" type="stmt"/>
        <line num="48" count="0" type="stmt"/>
        <line num="51" count="24" type="stmt"/>
        <line num="142" count="5" type="stmt"/>
      </file>
    </package>
    <package name="components.layout">
      <metrics statements="142" coveredstatements="26" conditionals="27" coveredconditionals="0" methods="19" coveredmethods="2"/>
      <file name="Layout.styles.ts" path="C:\Users\epile\Documents\Projects\GIT\projectManagement\frontend\src\components\layout\Layout.styles.ts">
        <metrics statements="9" coveredstatements="8" conditionals="0" coveredconditionals="0" methods="4" coveredmethods="2"/>
        <line num="1" count="6" type="stmt"/>
        <line num="2" count="6" type="stmt"/>
        <line num="4" count="6" type="stmt"/>
        <line num="13" count="6" type="stmt"/>
        <line num="22" count="6" type="stmt"/>
        <line num="23" count="6" type="stmt"/>
        <line num="24" count="0" type="stmt"/>
        <line num="37" count="6" type="stmt"/>
        <line num="45" count="6" type="stmt"/>
      </file>
      <file name="Layout.tsx" path="C:\Users\epile\Documents\Projects\GIT\projectManagement\frontend\src\components\layout\Layout.tsx">
        <metrics statements="126" coveredstatements="12" conditionals="27" coveredconditionals="0" methods="14" coveredmethods="0"/>
        <line num="1" count="5" type="stmt"/>
        <line num="2" count="5" type="stmt"/>
        <line num="3" count="5" type="stmt"/>
        <line num="4" count="5" type="stmt"/>
        <line num="5" count="5" type="stmt"/>
        <line num="22" count="5" type="stmt"/>
        <line num="32" count="5" type="stmt"/>
        <line num="53" count="5" type="stmt"/>
        <line num="54" count="5" type="stmt"/>
        <line num="60" count="5" type="stmt"/>
        <line num="62" count="5" type="stmt"/>
        <line num="64" count="0" type="stmt"/>
        <line num="65" count="0" type="stmt"/>
        <line num="76" count="0" type="stmt"/>
        <line num="84" count="0" type="stmt"/>
        <line num="86" count="0" type="stmt"/>
        <line num="87" count="0" type="stmt"/>
        <line num="89" count="0" type="stmt"/>
        <line num="90" count="0" type="stmt"/>
        <line num="92" count="0" type="stmt"/>
        <line num="93" count="0" type="stmt"/>
        <line num="95" count="0" type="stmt"/>
        <line num="96" count="0" type="stmt"/>
        <line num="97" count="0" type="stmt"/>
        <line num="99" count="0" type="stmt"/>
        <line num="100" count="0" type="stmt"/>
        <line num="103" count="0" type="stmt"/>
        <line num="105" count="0" type="stmt"/>
        <line num="107" count="0" type="stmt"/>
        <line num="110" count="0" type="stmt"/>
        <line num="112" count="0" type="stmt"/>
        <line num="114" count="0" type="stmt"/>
        <line num="117" count="0" type="stmt"/>
        <line num="118" count="0" type="stmt"/>
        <line num="119" count="0" type="cond" truecount="0" falsecount="4"/>
        <line num="125" count="0" type="stmt"/>
        <line num="127" count="0" type="stmt"/>
        <line num="128" count="0" type="stmt"/>
        <line num="130" count="0" type="stmt"/>
        <line num="131" count="0" type="stmt"/>
        <line num="133" count="0" type="stmt"/>
        <line num="135" count="0" type="stmt"/>
        <line num="136" count="0" type="stmt"/>
        <line num="140" count="0" type="stmt"/>
        <line num="143" count="0" type="stmt"/>
        <line num="144" count="0" type="stmt"/>
        <line num="145" count="0" type="stmt"/>
        <line num="147" count="0" type="stmt"/>
        <line num="150" count="0" type="stmt"/>
        <line num="152" count="0" type="stmt"/>
        <line num="156" count="0" type="stmt"/>
        <line num="157" count="0" type="stmt"/>
        <line num="161" count="0" type="cond" truecount="0" falsecount="2"/>
        <line num="163" count="0" type="cond" truecount="0" falsecount="2"/>
        <line num="164" count="0" type="stmt"/>
        <line num="166" count="0" type="stmt"/>
        <line num="167" count="0" type="stmt"/>
        <line num="170" count="0" type="stmt"/>
        <line num="171" count="0" type="stmt"/>
        <line num="172" count="0" type="stmt"/>
        <line num="173" count="0" type="stmt"/>
        <line num="175" count="0" type="cond" truecount="0" falsecount="2"/>
        <line num="176" count="0" type="cond" truecount="0" falsecount="1"/>
        <line num="177" count="0" type="stmt"/>
        <line num="180" count="0" type="stmt"/>
        <line num="183" count="0" type="stmt"/>
        <line num="184" count="0" type="stmt"/>
        <line num="186" count="0" type="cond" truecount="0" falsecount="2"/>
        <line num="187" count="0" type="stmt"/>
        <line num="188" count="0" type="cond" truecount="0" falsecount="1"/>
        <line num="189" count="0" type="stmt"/>
        <line num="190" count="0" type="stmt"/>
        <line num="193" count="0" type="stmt"/>
        <line num="196" count="0" type="cond" truecount="0" falsecount="2"/>
        <line num="197" count="0" type="stmt"/>
        <line num="198" count="0" type="stmt"/>
        <line num="199" count="0" type="stmt"/>
        <line num="200" count="0" type="cond" truecount="0" falsecount="1"/>
        <line num="201" count="0" type="stmt"/>
        <line num="202" count="0" type="stmt"/>
        <line num="205" count="0" type="stmt"/>
        <line num="211" count="0" type="stmt"/>
        <line num="213" count="0" type="stmt"/>
        <line num="214" count="0" type="stmt"/>
        <line num="218" count="0" type="stmt"/>
        <line num="219" count="0" type="stmt"/>
        <line num="222" count="0" type="stmt"/>
        <line num="226" count="0" type="stmt"/>
        <line num="227" count="0" type="cond" truecount="0" falsecount="2"/>
        <line num="228" count="0" type="cond" truecount="0" falsecount="1"/>
        <line num="232" count="0" type="stmt"/>
        <line num="234" count="0" type="stmt"/>
        <line num="236" count="0" type="stmt"/>
        <line num="239" count="0" type="stmt"/>
        <line num="240" count="0" type="stmt"/>
        <line num="242" count="0" type="stmt"/>
        <line num="247" count="0" type="stmt"/>
        <line num="249" count="0" type="stmt"/>
        <line num="252" count="0" type="cond" truecount="0" falsecount="1"/>
        <line num="253" count="0" type="stmt"/>
        <line num="259" count="0" type="stmt"/>
        <line num="261" count="0" type="stmt"/>
        <line num="264" count="0" type="cond" truecount="0" falsecount="1"/>
        <line num="265" count="0" type="stmt"/>
        <line num="271" count="0" type="stmt"/>
        <line num="273" count="0" type="stmt"/>
        <line num="274" count="0" type="cond" truecount="0" falsecount="1"/>
        <line num="275" count="0" type="cond" truecount="0" falsecount="2"/>
        <line num="281" count="0" type="stmt"/>
        <line num="291" count="0" type="stmt"/>
        <line num="302" count="0" type="stmt"/>
        <line num="312" count="0" type="stmt"/>
        <line num="317" count="0" type="stmt"/>
        <line num="322" count="0" type="stmt"/>
        <line num="333" count="0" type="stmt"/>
        <line num="338" count="0" type="stmt"/>
        <line num="343" count="0" type="stmt"/>
        <line num="352" count="0" type="stmt"/>
        <line num="370" count="0" type="stmt"/>
        <line num="375" count="0" type="stmt"/>
        <line num="392" count="0" type="stmt"/>
        <line num="409" count="0" type="stmt"/>
        <line num="426" count="0" type="stmt"/>
        <line num="436" count="0" type="stmt"/>
        <line num="446" count="0" type="stmt"/>
        <line num="648" count="5" type="stmt"/>
      </file>
      <file name="ProjectLayout.tsx" path="C:\Users\epile\Documents\Projects\GIT\projectManagement\frontend\src\components\layout\ProjectLayout.tsx">
        <metrics statements="7" coveredstatements="6" conditionals="0" coveredconditionals="0" methods="1" coveredmethods="0"/>
        <line num="1" count="5" type="stmt"/>
        <line num="2" count="5" type="stmt"/>
        <line num="3" count="5" type="stmt"/>
        <line num="4" count="5" type="stmt"/>
        <line num="6" count="5" type="stmt"/>
        <line num="7" count="0" type="stmt"/>
        <line num="20" count="5" type="stmt"/>
      </file>
    </package>
    <package name="components.loading">
      <metrics statements="15" coveredstatements="15" conditionals="8" coveredconditionals="8" methods="5" coveredmethods="5"/>
      <file name="Loading.styles.ts" path="C:\Users\epile\Documents\Projects\GIT\projectManagement\frontend\src\components\loading\Loading.styles.ts">
        <metrics statements="7" coveredstatements="7" conditionals="0" coveredconditionals="0" methods="4" coveredmethods="4"/>
        <line num="1" count="7" type="stmt"/>
        <line num="4" count="7" type="stmt"/>
        <line num="19" count="7" type="stmt"/>
        <line num="29" count="7" type="stmt"/>
        <line num="43" count="7" type="stmt"/>
        <line num="76" count="7" type="stmt"/>
        <line num="91" count="7" type="stmt"/>
      </file>
      <file name="Loading.tsx" path="C:\Users\epile\Documents\Projects\GIT\projectManagement\frontend\src\components\loading\Loading.tsx">
        <metrics statements="8" coveredstatements="8" conditionals="8" coveredconditionals="8" methods="1" coveredmethods="1"/>
        <line num="1" count="7" type="stmt"/>
        <line num="2" count="7" type="stmt"/>
        <line num="3" count="7" type="stmt"/>
        <line num="11" count="7" type="stmt"/>
        <line num="16" count="5" type="cond" truecount="1" falsecount="0"/>
        <line num="17" count="2" type="stmt"/>
        <line num="27" count="3" type="stmt"/>
        <line num="59" count="7" type="stmt"/>
      </file>
    </package>
    <package name="components.portal">
      <metrics statements="5" coveredstatements="5" conditionals="0" coveredconditionals="0" methods="1" coveredmethods="1"/>
      <file name="Portal.tsx" path="C:\Users\epile\Documents\Projects\GIT\projectManagement\frontend\src\components\portal\Portal.tsx">
        <metrics statements="5" coveredstatements="5" conditionals="0" coveredconditionals="0" methods="1" coveredmethods="1"/>
        <line num="1" count="6" type="stmt"/>
        <line num="2" count="6" type="stmt"/>
        <line num="5" count="6" type="stmt"/>
        <line num="6" count="2" type="stmt"/>
        <line num="12" count="6" type="stmt"/>
      </file>
    </package>
    <package name="components.privateRoute">
      <metrics statements="9" coveredstatements="9" conditionals="3" coveredconditionals="3" methods="1" coveredmethods="1"/>
      <file name="PrivateRoute.tsx" path="C:\Users\epile\Documents\Projects\GIT\projectManagement\frontend\src\components\privateRoute\PrivateRoute.tsx">
        <metrics statements="9" coveredstatements="9" conditionals="3" coveredconditionals="3" methods="1" coveredmethods="1"/>
        <line num="1" count="6" type="stmt"/>
        <line num="2" count="6" type="stmt"/>
        <line num="3" count="6" type="stmt"/>
        <line num="5" count="6" type="stmt"/>
        <line num="6" count="4" type="stmt"/>
        <line num="8" count="4" type="cond" truecount="1" falsecount="0"/>
        <line num="9" count="1" type="stmt"/>
        <line num="12" count="3" type="cond" truecount="2" falsecount="0"/>
        <line num="15" count="6" type="stmt"/>
      </file>
    </package>
    <package name="components.sidebar">
      <metrics statements="49" coveredstatements="49" conditionals="26" coveredconditionals="13" methods="22" coveredmethods="21"/>
      <file name="Sidebar.styles.ts" path="C:\Users\epile\Documents\Projects\GIT\projectManagement\frontend\src\components\sidebar\Sidebar.styles.ts">
        <metrics statements="30" coveredstatements="30" conditionals="18" coveredconditionals="9" methods="16" coveredmethods="15"/>
        <line num="1" count="5" type="stmt"/>
        <line num="13" count="5" type="stmt"/>
        <line num="14" count="17" type="stmt"/>
        <line num="15" count="4" type="stmt"/>
        <line num="49" count="5" type="stmt"/>
        <line num="50" count="9" type="stmt"/>
        <line num="51" count="4" type="stmt"/>
        <line num="58" count="5" type="stmt"/>
        <line num="64" count="5" type="stmt"/>
        <line num="72" count="5" type="stmt"/>
        <line num="73" count="13" type="stmt"/>
        <line num="74" count="4" type="stmt"/>
        <line num="83" count="5" type="stmt"/>
        <line num="94" count="5" type="stmt"/>
        <line num="99" count="5" type="stmt"/>
        <line num="100" count="53" type="stmt"/>
        <line num="101" count="24" type="stmt"/>
        <line num="110" count="5" type="stmt"/>
        <line num="111" count="13" type="stmt"/>
        <line num="112" count="4" type="stmt"/>
        <line num="122" count="5" type="stmt"/>
        <line num="123" count="13" type="stmt"/>
        <line num="124" count="4" type="stmt"/>
        <line num="131" count="5" type="stmt"/>
        <line num="132" count="13" type="stmt"/>
        <line num="133" count="4" type="stmt"/>
        <line num="141" count="5" type="stmt"/>
        <line num="146" count="5" type="stmt"/>
        <line num="151" count="5" type="stmt"/>
        <line num="163" count="5" type="stmt"/>
      </file>
      <file name="Sidebar.tsx" path="C:\Users\epile\Documents\Projects\GIT\projectManagement\frontend\src\components\sidebar\Sidebar.tsx">
        <metrics statements="19" coveredstatements="19" conditionals="8" coveredconditionals="4" methods="6" coveredmethods="6"/>
        <line num="1" count="5" type="stmt"/>
        <line num="2" count="5" type="stmt"/>
        <line num="3" count="5" type="stmt"/>
        <line num="4" count="5" type="stmt"/>
        <line num="6" count="5" type="stmt"/>
        <line num="7" count="5" type="stmt"/>
        <line num="8" count="5" type="stmt"/>
        <line num="24" count="5" type="stmt"/>
        <line num="29" count="4" type="stmt"/>
        <line num="31" count="4" type="stmt"/>
        <line num="33" count="24" type="stmt"/>
        <line num="42" count="4" type="stmt"/>
        <line num="43" count="1" type="stmt"/>
        <line num="44" count="1" type="stmt"/>
        <line num="45" count="1" type="stmt"/>
        <line num="48" count="4" type="stmt"/>
        <line num="88" count="24" type="stmt"/>
        <line num="90" count="1" type="stmt"/>
        <line num="141" count="5" type="stmt"/>
      </file>
    </package>
    <package name="components.sprintSelector">
      <metrics statements="33" coveredstatements="33" conditionals="12" coveredconditionals="9" methods="14" coveredmethods="13"/>
      <file name="SprintSelector.styles.ts" path="C:\Users\epile\Documents\Projects\GIT\projectManagement\frontend\src\components\sprintSelector\SprintSelector.styles.ts">
        <metrics statements="10" coveredstatements="10" conditionals="0" coveredconditionals="0" methods="6" coveredmethods="5"/>
        <line num="1" count="6" type="stmt"/>
        <line num="8" count="6" type="stmt"/>
        <line num="9" count="6" type="stmt"/>
        <line num="11" count="6" type="stmt"/>
        <line num="26" count="6" type="stmt"/>
        <line num="50" count="6" type="stmt"/>
        <line num="56" count="12" type="stmt"/>
        <line num="90" count="8" type="stmt"/>
        <line num="108" count="6" type="stmt"/>
        <line num="116" count="24" type="stmt"/>
      </file>
      <file name="SprintSelector.tsx" path="C:\Users\epile\Documents\Projects\GIT\projectManagement\frontend\src\components\sprintSelector\SprintSelector.tsx">
        <metrics statements="23" coveredstatements="23" conditionals="12" coveredconditionals="9" methods="8" coveredmethods="8"/>
        <line num="1" count="6" type="stmt"/>
        <line num="2" count="6" type="stmt"/>
        <line num="4" count="6" type="stmt"/>
        <line num="5" count="6" type="stmt"/>
        <line num="6" count="6" type="stmt"/>
        <line num="7" count="6" type="stmt"/>
        <line num="16" count="6" type="stmt"/>
        <line num="25" count="6" type="stmt"/>
        <line num="27" count="6" type="stmt"/>
        <line num="33" count="1" type="cond" truecount="3" falsecount="0"/>
        <line num="34" count="1" type="stmt"/>
        <line num="39" count="61" type="stmt"/>
        <line num="40" count="16" type="stmt"/>
        <line num="44" count="24" type="stmt"/>
        <line num="53" count="12" type="cond" truecount="1" falsecount="0"/>
        <line num="54" count="4" type="stmt"/>
        <line num="60" count="1" type="stmt"/>
        <line num="61" count="1" type="stmt"/>
        <line num="72" count="8" type="stmt"/>
        <line num="80" count="1" type="stmt"/>
        <line num="81" count="1" type="stmt"/>
        <line num="82" count="1" type="stmt"/>
        <line num="134" count="6" type="stmt"/>
      </file>
    </package>
    <package name="components.statusConfig">
      <metrics statements="31" coveredstatements="29" conditionals="9" coveredconditionals="8" methods="15" coveredmethods="13"/>
      <file name="StatusConfig.styles.ts" path="C:\Users\epile\Documents\Projects\GIT\projectManagement\frontend\src\components\statusConfig\StatusConfig.styles.ts">
        <metrics statements="5" coveredstatements="5" conditionals="0" coveredconditionals="0" methods="4" coveredmethods="4"/>
        <line num="1" count="6" type="stmt"/>
        <line num="3" count="11" type="stmt"/>
        <line num="12" count="6" type="stmt"/>
        <line num="18" count="15" type="stmt"/>
        <line num="33" count="15" type="stmt"/>
      </file>
      <file name="StatusConfig.tsx" path="C:\Users\epile\Documents\Projects\GIT\projectManagement\frontend\src\components\statusConfig\StatusConfig.tsx">
        <metrics statements="26" coveredstatements="24" conditionals="9" coveredconditionals="8" methods="11" coveredmethods="9"/>
        <line num="1" count="6" type="stmt"/>
        <line num="2" count="6" type="stmt"/>
        <line num="3" count="6" type="stmt"/>
        <line num="5" count="6" type="stmt"/>
        <line num="6" count="6" type="stmt"/>
        <line num="7" count="6" type="stmt"/>
        <line num="14" count="6" type="stmt"/>
        <line num="19" count="11" type="stmt"/>
        <line num="20" count="11" type="stmt"/>
        <line num="22" count="11" type="stmt"/>
        <line num="23" count="3" type="cond" truecount="1" falsecount="0"/>
        <line num="24" count="3" type="cond" truecount="2" falsecount="0"/>
        <line num="25" count="1" type="stmt"/>
        <line num="28" count="3" type="cond" truecount="2" falsecount="0"/>
        <line num="29" count="2" type="stmt"/>
        <line num="31" count="1" type="stmt"/>
        <line num="36" count="11" type="stmt"/>
        <line num="40" count="5" type="stmt"/>
        <line num="61" count="0" type="stmt"/>
        <line num="78" count="33" type="stmt"/>
        <line num="80" count="33" type="stmt"/>
        <line num="83" count="3" type="stmt"/>
        <line num="84" count="3" type="stmt"/>
        <line num="95" count="33" type="stmt"/>
        <line num="96" count="0" type="stmt"/>
        <line num="113" count="6" type="stmt"/>
      </file>
    </package>
    <package name="components.statusIndicator">
      <metrics statements="3" coveredstatements="3" conditionals="0" coveredconditionals="0" methods="1" coveredmethods="1"/>
      <file name="StatusIndicator.tsx" path="C:\Users\epile\Documents\Projects\GIT\projectManagement\frontend\src\components\statusIndicator\StatusIndicator.tsx">
        <metrics statements="3" coveredstatements="3" conditionals="0" coveredconditionals="0" methods="1" coveredmethods="1"/>
        <line num="1" count="6" type="stmt"/>
        <line num="8" count="6" type="stmt"/>
        <line num="9" count="2" type="stmt"/>
      </file>
    </package>
    <package name="components.taskEditDialog">
      <metrics statements="43" coveredstatements="41" conditionals="31" coveredconditionals="15" methods="16" coveredmethods="15"/>
      <file name="TaskEditDialog.styles.ts" path="C:\Users\epile\Documents\Projects\GIT\projectManagement\frontend\src\components\taskEditDialog\TaskEditDialog.styles.ts">
        <metrics statements="9" coveredstatements="9" conditionals="0" coveredconditionals="0" methods="8" coveredmethods="8"/>
        <line num="1" count="5" type="stmt"/>
        <line num="3" count="5" type="stmt"/>
        <line num="12" count="5" type="stmt"/>
        <line num="17" count="5" type="stmt"/>
        <line num="25" count="5" type="stmt"/>
        <line num="30" count="5" type="stmt"/>
        <line num="40" count="25" type="stmt"/>
        <line num="44" count="20" type="stmt"/>
        <line num="50" count="5" type="stmt"/>
      </file>
      <file name="TaskEditDialog.tsx" path="C:\Users\epile\Documents\Projects\GIT\projectManagement\frontend\src\components\taskEditDialog\TaskEditDialog.tsx">
        <metrics statements="34" coveredstatements="32" conditionals="31" coveredconditionals="15" methods="8" coveredmethods="7"/>
        <line num="1" count="5" type="stmt"/>
        <line num="2" count="5" type="stmt"/>
        <line num="16" count="5" type="stmt"/>
        <line num="22" count="5" type="stmt"/>
        <line num="23" count="5" type="stmt"/>
        <line num="24" count="5" type="stmt"/>
        <line num="35" count="5" type="stmt"/>
        <line num="44" count="9" type="stmt"/>
        <line num="45" count="9" type="stmt"/>
        <line num="46" count="9" type="stmt"/>
        <line num="48" count="9" type="stmt"/>
        <line num="49" count="4" type="cond" truecount="1" falsecount="1"/>
        <line num="50" count="4" type="stmt"/>
        <line num="52" count="0" type="stmt"/>
        <line num="54" count="4" type="stmt"/>
        <line num="57" count="9" type="stmt"/>
        <line num="62" count="1" type="stmt"/>
        <line num="63" count="1" type="cond" truecount="0" falsecount="1"/>
        <line num="65" count="1" type="stmt"/>
        <line num="70" count="1" type="cond" truecount="1" falsecount="1"/>
        <line num="76" count="1" type="cond" truecount="1" falsecount="1"/>
        <line num="78" count="1" type="cond" truecount="0" falsecount="1"/>
        <line num="79" count="0" type="stmt"/>
        <line num="83" count="9" type="stmt"/>
        <line num="84" count="1" type="cond" truecount="0" falsecount="1"/>
        <line num="85" count="1" type="stmt"/>
        <line num="93" count="1" type="stmt"/>
        <line num="94" count="1" type="stmt"/>
        <line num="97" count="9" type="cond" truecount="1" falsecount="0"/>
        <line num="98" count="5" type="stmt"/>
        <line num="179" count="10" type="stmt"/>
        <line num="269" count="1" type="stmt"/>
        <line num="270" count="1" type="stmt"/>
        <line num="285" count="5" type="stmt"/>
      </file>
    </package>
    <package name="components.ticketEditDialog">
      <metrics statements="95" coveredstatements="72" conditionals="106" coveredconditionals="44" methods="38" coveredmethods="25"/>
      <file name="TicketEditDialog.styles.ts" path="C:\Users\epile\Documents\Projects\GIT\projectManagement\frontend\src\components\ticketEditDialog\TicketEditDialog.styles.ts">
        <metrics statements="13" coveredstatements="13" conditionals="0" coveredconditionals="0" methods="11" coveredmethods="11"/>
        <line num="1" count="5" type="stmt"/>
        <line num="11" count="11" type="stmt"/>
        <line num="20" count="11" type="stmt"/>
        <line num="25" count="11" type="stmt"/>
        <line num="33" count="11" type="stmt"/>
        <line num="38" count="11" type="stmt"/>
        <line num="48" count="44" type="stmt"/>
        <line num="52" count="44" type="stmt"/>
        <line num="58" count="11" type="stmt"/>
        <line num="64" count="11" type="stmt"/>
        <line num="74" count="5" type="stmt"/>
        <line num="75" count="38" type="stmt"/>
        <line num="76" count="11" type="stmt"/>
      </file>
      <file name="TicketEditDialog.tsx" path="C:\Users\epile\Documents\Projects\GIT\projectManagement\frontend\src\components\ticketEditDialog\TicketEditDialog.tsx">
        <metrics statements="82" coveredstatements="59" conditionals="106" coveredconditionals="44" methods="27" coveredmethods="14"/>
        <line num="1" count="5" type="stmt"/>
        <line num="2" count="5" type="stmt"/>
        <line num="18" count="5" type="stmt"/>
        <line num="25" count="5" type="stmt"/>
        <line num="26" count="5" type="stmt"/>
        <line num="27" count="5" type="stmt"/>
        <line num="28" count="5" type="stmt"/>
        <line num="41" count="5" type="stmt"/>
        <line num="55" count="17" type="stmt"/>
        <line num="56" count="17" type="stmt"/>
        <line num="59" count="17" type="stmt"/>
        <line num="60" count="17" type="stmt"/>
        <line num="61" count="17" type="stmt"/>
        <line num="63" count="17" type="stmt"/>
        <line num="64" count="6" type="cond" truecount="1" falsecount="1"/>
        <line num="65" count="6" type="stmt"/>
        <line num="67" count="0" type="stmt"/>
        <line num="69" count="6" type="stmt"/>
        <line num="70" count="6" type="stmt"/>
        <line num="73" count="17" type="stmt"/>
        <line num="78" count="1" type="stmt"/>
        <line num="79" count="1" type="cond" truecount="2" falsecount="1"/>
        <line num="81" count="1" type="stmt"/>
        <line num="87" count="1" type="cond" truecount="0" falsecount="1"/>
        <line num="88" count="0" type="stmt"/>
        <line num="95" count="17" type="stmt"/>
        <line num="98" count="0" type="cond" truecount="0" falsecount="2"/>
        <line num="99" count="0" type="stmt"/>
        <line num="105" count="17" type="stmt"/>
        <line num="106" count="0" type="stmt"/>
        <line num="107" count="0" type="cond" truecount="0" falsecount="4"/>
        <line num="108" count="0" type="stmt"/>
        <line num="109" count="0" type="stmt"/>
        <line num="115" count="17" type="stmt"/>
        <line num="116" count="1" type="cond" truecount="0" falsecount="1"/>
        <line num="117" count="1" type="stmt"/>
        <line num="118" count="1" type="stmt"/>
        <line num="122" count="2" type="cond" truecount="1" falsecount="1"/>
        <line num="138" count="17" type="stmt"/>
        <line num="142" count="1" type="cond" truecount="0" falsecount="1"/>
        <line num="144" count="1" type="cond" truecount="1" falsecount="1"/>
        <line num="146" count="1" type="stmt"/>
        <line num="164" count="17" type="stmt"/>
        <line num="165" count="2" type="stmt"/>
        <line num="167" count="2" type="cond" truecount="0" falsecount="1"/>
        <line num="168" count="0" type="stmt"/>
        <line num="171" count="2" type="cond" truecount="0" falsecount="1"/>
        <line num="172" count="0" type="stmt"/>
        <line num="175" count="2" type="cond" truecount="0" falsecount="1"/>
        <line num="176" count="0" type="stmt"/>
        <line num="179" count="2" type="cond" truecount="0" falsecount="1"/>
        <line num="180" count="0" type="stmt"/>
        <line num="183" count="2" type="stmt"/>
        <line num="184" count="2" type="stmt"/>
        <line num="187" count="17" type="stmt"/>
        <line num="188" count="2" type="cond" truecount="2" falsecount="1"/>
        <line num="190" count="2" type="stmt"/>
        <line num="209" count="2" type="stmt"/>
        <line num="214" count="2" type="stmt"/>
        <line num="217" count="17" type="stmt"/>
        <line num="218" count="1" type="cond" truecount="2" falsecount="1"/>
        <line num="219" count="1" type="stmt"/>
        <line num="220" count="1" type="stmt"/>
        <line num="223" count="17" type="cond" truecount="1" falsecount="0"/>
        <line num="225" count="11" type="stmt"/>
        <line num="252" count="0" type="stmt"/>
        <line num="298" count="33" type="stmt"/>
        <line num="331" count="66" type="stmt"/>
        <line num="387" count="2" type="stmt"/>
        <line num="389" count="0" type="stmt"/>
        <line num="422" count="0" type="stmt"/>
        <line num="442" count="0" type="stmt"/>
        <line num="466" count="0" type="stmt"/>
        <line num="497" count="0" type="stmt"/>
        <line num="510" count="0" type="stmt"/>
        <line num="525" count="0" type="stmt"/>
        <line num="538" count="0" type="stmt"/>
        <line num="650" count="22" type="stmt"/>
        <line num="671" count="1" type="stmt"/>
        <line num="684" count="0" type="stmt"/>
        <line num="697" count="0" type="stmt"/>
        <line num="755" count="5" type="stmt"/>
      </file>
    </package>
    <package name="constants">
      <metrics statements="30" coveredstatements="26" conditionals="0" coveredconditionals="0" methods="4" coveredmethods="0"/>
      <file name="backlogColumns.ts" path="C:\Users\epile\Documents\Projects\GIT\projectManagement\frontend\src\constants\backlogColumns.ts">
        <metrics statements="2" coveredstatements="2" conditionals="0" coveredconditionals="0" methods="0" coveredmethods="0"/>
        <line num="9" count="5" type="stmt"/>
        <line num="27" count="5" type="stmt"/>
      </file>
      <file name="index.ts" path="C:\Users\epile\Documents\Projects\GIT\projectManagement\frontend\src\constants\index.ts">
        <metrics statements="5" coveredstatements="5" conditionals="0" coveredconditionals="0" methods="0" coveredmethods="0"/>
        <line num="1" count="5" type="stmt"/>
        <line num="2" count="5" type="stmt"/>
        <line num="3" count="5" type="stmt"/>
        <line num="4" count="5" type="stmt"/>
        <line num="5" count="5" type="stmt"/>
      </file>
      <file name="menuItems.ts" path="C:\Users\epile\Documents\Projects\GIT\projectManagement\frontend\src\constants\menuItems.ts">
        <metrics statements="10" coveredstatements="10" conditionals="0" coveredconditionals="0" methods="0" coveredmethods="0"/>
        <line num="1" count="5" type="stmt"/>
        <line num="2" count="5" type="stmt"/>
        <line num="3" count="5" type="stmt"/>
        <line num="4" count="5" type="stmt"/>
        <line num="5" count="5" type="stmt"/>
        <line num="6" count="5" type="stmt"/>
        <line num="15" count="5" type="stmt"/>
        <line num="55" count="5" type="stmt"/>
        <line num="88" count="5" type="stmt"/>
        <line num="94" count="5" type="stmt"/>
      </file>
      <file name="tabPanels.tsx" path="C:\Users\epile\Documents\Projects\GIT\projectManagement\frontend\src\constants\tabPanels.tsx">
        <metrics statements="13" coveredstatements="9" conditionals="0" coveredconditionals="0" methods="4" coveredmethods="0"/>
        <line num="1" count="5" type="stmt"/>
        <line num="2" count="5" type="stmt"/>
        <line num="3" count="5" type="stmt"/>
        <line num="4" count="5" type="stmt"/>
        <line num="6" count="5" type="stmt"/>
        <line num="7" count="5" type="stmt"/>
        <line num="8" count="5" type="stmt"/>
        <line num="9" count="5" type="stmt"/>
        <line num="17" count="5" type="stmt"/>
        <line num="18" count="0" type="stmt"/>
        <line num="22" count="0" type="stmt"/>
        <line num="27" count="0" type="stmt"/>
        <line num="29" count="0" type="stmt"/>
      </file>
    </package>
    <package name="constants.enum">
      <metrics statements="32" coveredstatements="32" conditionals="10" coveredconditionals="10" methods="5" coveredmethods="5"/>
      <file name="RetroCardType.ts" path="C:\Users\epile\Documents\Projects\GIT\projectManagement\frontend\src\constants\enum\RetroCardType.ts">
        <metrics statements="4" coveredstatements="4" conditionals="2" coveredconditionals="2" methods="1" coveredmethods="1"/>
        <line num="1" count="5" type="cond" truecount="2" falsecount="0"/>
        <line num="2" count="5" type="stmt"/>
        <line num="3" count="5" type="stmt"/>
        <line num="4" count="5" type="stmt"/>
      </file>
      <file name="Role.ts" path="C:\Users\epile\Documents\Projects\GIT\projectManagement\frontend\src\constants\enum\Role.ts">
        <metrics statements="7" coveredstatements="7" conditionals="2" coveredconditionals="2" methods="1" coveredmethods="1"/>
        <line num="1" count="5" type="cond" truecount="2" falsecount="0"/>
        <line num="2" count="5" type="stmt"/>
        <line num="3" count="5" type="stmt"/>
        <line num="4" count="5" type="stmt"/>
        <line num="5" count="5" type="stmt"/>
        <line num="6" count="5" type="stmt"/>
        <line num="7" count="5" type="stmt"/>
      </file>
      <file name="SprintGoalStatus.ts" path="C:\Users\epile\Documents\Projects\GIT\projectManagement\frontend\src\constants\enum\SprintGoalStatus.ts">
        <metrics statements="4" coveredstatements="4" conditionals="2" coveredconditionals="2" methods="1" coveredmethods="1"/>
        <line num="1" count="5" type="cond" truecount="2" falsecount="0"/>
        <line num="2" count="5" type="stmt"/>
        <line num="3" count="5" type="stmt"/>
        <line num="4" count="5" type="stmt"/>
      </file>
      <file name="TicketPriority.ts" path="C:\Users\epile\Documents\Projects\GIT\projectManagement\frontend\src\constants\enum\TicketPriority.ts">
        <metrics statements="5" coveredstatements="5" conditionals="2" coveredconditionals="2" methods="1" coveredmethods="1"/>
        <line num="1" count="5" type="cond" truecount="2" falsecount="0"/>
        <line num="2" count="5" type="stmt"/>
        <line num="3" count="5" type="stmt"/>
        <line num="4" count="5" type="stmt"/>
        <line num="5" count="5" type="stmt"/>
      </file>
      <file name="TicketType.ts" path="C:\Users\epile\Documents\Projects\GIT\projectManagement\frontend\src\constants\enum\TicketType.ts">
        <metrics statements="7" coveredstatements="7" conditionals="2" coveredconditionals="2" methods="1" coveredmethods="1"/>
        <line num="1" count="5" type="cond" truecount="2" falsecount="0"/>
        <line num="2" count="5" type="stmt"/>
        <line num="3" count="5" type="stmt"/>
        <line num="4" count="5" type="stmt"/>
        <line num="5" count="5" type="stmt"/>
        <line num="6" count="5" type="stmt"/>
        <line num="7" count="5" type="stmt"/>
      </file>
      <file name="index.ts" path="C:\Users\epile\Documents\Projects\GIT\projectManagement\frontend\src\constants\enum\index.ts">
        <metrics statements="5" coveredstatements="5" conditionals="0" coveredconditionals="0" methods="0" coveredmethods="0"/>
        <line num="1" count="5" type="stmt"/>
        <line num="2" count="5" type="stmt"/>
        <line num="3" count="5" type="stmt"/>
        <line num="4" count="5" type="stmt"/>
        <line num="5" count="5" type="stmt"/>
      </file>
    </package>
    <package name="context">
      <metrics statements="7" coveredstatements="7" conditionals="0" coveredconditionals="0" methods="0" coveredmethods="0"/>
      <file name="index.ts" path="C:\Users\epile\Documents\Projects\GIT\projectManagement\frontend\src\context\index.ts">
        <metrics statements="7" coveredstatements="7" conditionals="0" coveredconditionals="0" methods="0" coveredmethods="0"/>
        <line num="1" count="3" type="stmt"/>
        <line num="2" count="3" type="stmt"/>
        <line num="3" count="3" type="stmt"/>
        <line num="4" count="3" type="stmt"/>
        <line num="5" count="3" type="stmt"/>
        <line num="6" count="3" type="stmt"/>
        <line num="7" count="3" type="stmt"/>
      </file>
    </package>
    <package name="context.apiContext">
      <metrics statements="6" coveredstatements="5" conditionals="0" coveredconditionals="0" methods="2" coveredmethods="1"/>
      <file name="index.tsx" path="C:\Users\epile\Documents\Projects\GIT\projectManagement\frontend\src\context\apiContext\index.tsx">
        <metrics statements="6" coveredstatements="5" conditionals="0" coveredconditionals="0" methods="2" coveredmethods="1"/>
        <line num="1" count="5" type="stmt"/>
        <line num="2" count="5" type="stmt"/>
        <line num="5" count="5" type="stmt"/>
        <line num="7" count="15" type="stmt"/>
        <line num="9" count="5" type="stmt"/>
        <line num="10" count="0" type="stmt"/>
      </file>
    </package>
    <package name="context.authContext">
      <metrics statements="89" coveredstatements="41" conditionals="17" coveredconditionals="4" methods="11" coveredmethods="7"/>
      <file name="index.tsx" path="C:\Users\epile\Documents\Projects\GIT\projectManagement\frontend\src\context\authContext\index.tsx">
        <metrics statements="89" coveredstatements="41" conditionals="17" coveredconditionals="4" methods="11" coveredmethods="7"/>
        <line num="1" count="3" type="stmt"/>
        <line num="9" count="3" type="stmt"/>
        <line num="10" count="3" type="stmt"/>
        <line num="12" count="3" type="stmt"/>
        <line num="24" count="3" type="stmt"/>
        <line num="28" count="3" type="stmt"/>
        <line num="31" count="15" type="stmt"/>
        <line num="32" count="15" type="stmt"/>
        <line num="33" count="15" type="stmt"/>
        <line num="34" count="15" type="stmt"/>
        <line num="35" count="15" type="stmt"/>
        <line num="37" count="15" type="stmt"/>
        <line num="38" count="15" type="stmt"/>
        <line num="39" count="15" type="stmt"/>
        <line num="40" count="5" type="stmt"/>
        <line num="44" count="15" type="stmt"/>
        <line num="45" count="5" type="stmt"/>
        <line num="46" count="5" type="stmt"/>
        <line num="48" count="5" type="cond" truecount="1" falsecount="0"/>
        <line num="49" count="5" type="stmt"/>
        <line num="50" count="5" type="stmt"/>
        <line num="53" count="0" type="cond" truecount="0" falsecount="3"/>
        <line num="54" count="0" type="stmt"/>
        <line num="59" count="0" type="cond" truecount="0" falsecount="1"/>
        <line num="60" count="0" type="stmt"/>
        <line num="61" count="0" type="cond" truecount="0" falsecount="2"/>
        <line num="62" count="0" type="stmt"/>
        <line num="63" count="0" type="stmt"/>
        <line num="66" count="0" type="stmt"/>
        <line num="71" count="0" type="stmt"/>
        <line num="73" count="5" type="stmt"/>
        <line num="76" count="5" type="cond" truecount="1" falsecount="1"/>
        <line num="77" count="5" type="stmt"/>
        <line num="79" count="0" type="stmt"/>
        <line num="109" count="15" type="stmt"/>
        <line num="110" count="10" type="stmt"/>
        <line num="111" count="5" type="cond" truecount="1" falsecount="0"/>
        <line num="112" count="5" type="stmt"/>
        <line num="113" count="5" type="stmt"/>
        <line num="114" count="5" type="stmt"/>
        <line num="116" count="0" type="stmt"/>
        <line num="117" count="0" type="stmt"/>
        <line num="118" count="0" type="stmt"/>
        <line num="126" count="0" type="cond" truecount="0" falsecount="2"/>
        <line num="127" count="0" type="stmt"/>
        <line num="128" count="0" type="stmt"/>
        <line num="130" count="0" type="stmt"/>
        <line num="132" count="0" type="stmt"/>
        <line num="134" count="0" type="stmt"/>
        <line num="135" count="0" type="stmt"/>
        <line num="136" count="0" type="stmt"/>
        <line num="138" count="0" type="stmt"/>
        <line num="142" count="10" type="cond" truecount="1" falsecount="0"/>
        <line num="143" count="5" type="stmt"/>
        <line num="147" count="15" type="stmt"/>
        <line num="148" count="0" type="stmt"/>
        <line num="150" count="0" type="stmt"/>
        <line num="157" count="0" type="stmt"/>
        <line num="158" count="0" type="cond" truecount="0" falsecount="1"/>
        <line num="160" count="0" type="stmt"/>
        <line num="161" count="0" type="stmt"/>
        <line num="162" count="0" type="stmt"/>
        <line num="165" count="15" type="stmt"/>
        <line num="166" count="0" type="stmt"/>
        <line num="168" count="0" type="stmt"/>
        <line num="175" count="0" type="stmt"/>
        <line num="176" count="0" type="cond" truecount="0" falsecount="1"/>
        <line num="178" count="0" type="stmt"/>
        <line num="179" count="0" type="stmt"/>
        <line num="180" count="0" type="stmt"/>
        <line num="183" count="15" type="stmt"/>
        <line num="184" count="0" type="stmt"/>
        <line num="186" count="0" type="stmt"/>
        <line num="193" count="0" type="stmt"/>
        <line num="194" count="0" type="cond" truecount="0" falsecount="1"/>
        <line num="196" count="0" type="stmt"/>
        <line num="197" count="0" type="stmt"/>
        <line num="198" count="0" type="stmt"/>
        <line num="201" count="15" type="stmt"/>
        <line num="202" count="0" type="stmt"/>
        <line num="208" count="0" type="stmt"/>
        <line num="209" count="0" type="stmt"/>
        <line num="210" count="0" type="stmt"/>
        <line num="211" count="0" type="stmt"/>
        <line num="214" count="15" type="stmt"/>
        <line num="231" count="3" type="stmt"/>
        <line num="232" count="24" type="stmt"/>
        <line num="233" count="24" type="cond" truecount="0" falsecount="1"/>
        <line num="234" count="24" type="stmt"/>
      </file>
    </package>
    <package name="context.projectContext">
      <metrics statements="45" coveredstatements="9" conditionals="7" coveredconditionals="0" methods="10" coveredmethods="0"/>
      <file name="index.tsx" path="C:\Users\epile\Documents\Projects\GIT\projectManagement\frontend\src\context\projectContext\index.tsx">
        <metrics statements="45" coveredstatements="9" conditionals="7" coveredconditionals="0" methods="10" coveredmethods="0"/>
        <line num="1" count="3" type="stmt"/>
        <line num="10" count="3" type="stmt"/>
        <line num="12" count="3" type="stmt"/>
        <line num="13" count="3" type="stmt"/>
        <line num="14" count="3" type="stmt"/>
        <line num="15" count="3" type="stmt"/>
        <line num="17" count="3" type="stmt"/>
        <line num="25" count="3" type="stmt"/>
        <line num="26" count="0" type="stmt"/>
        <line num="27" count="0" type="stmt"/>
        <line num="28" count="0" type="stmt"/>
        <line num="29" count="0" type="stmt"/>
        <line num="31" count="0" type="stmt"/>
        <line num="32" count="0" type="stmt"/>
        <line num="33" count="0" type="stmt"/>
        <line num="36" count="0" type="stmt"/>
        <line num="37" count="0" type="stmt"/>
        <line num="41" count="0" type="stmt"/>
        <line num="42" count="0" type="cond" truecount="0" falsecount="3"/>
        <line num="43" count="0" type="stmt"/>
        <line num="44" count="0" type="stmt"/>
        <line num="45" count="0" type="stmt"/>
        <line num="52" count="0" type="cond" truecount="0" falsecount="1"/>
        <line num="53" count="0" type="stmt"/>
        <line num="54" count="0" type="stmt"/>
        <line num="55" count="0" type="stmt"/>
        <line num="57" count="0" type="stmt"/>
        <line num="59" count="0" type="stmt"/>
        <line num="63" count="0" type="stmt"/>
        <line num="64" count="0" type="stmt"/>
        <line num="67" count="0" type="stmt"/>
        <line num="68" count="0" type="stmt"/>
        <line num="69" count="0" type="cond" truecount="0" falsecount="1"/>
        <line num="70" count="0" type="stmt"/>
        <line num="74" count="0" type="stmt"/>
        <line num="76" count="0" type="stmt"/>
        <line num="81" count="0" type="stmt"/>
        <line num="83" count="0" type="stmt"/>
        <line num="85" count="0" type="cond" truecount="0" falsecount="1"/>
        <line num="87" count="0" type="stmt"/>
        <line num="102" count="3" type="stmt"/>
        <line num="103" count="0" type="stmt"/>
        <line num="104" count="0" type="cond" truecount="0" falsecount="1"/>
        <line num="105" count="0" type="stmt"/>
        <line num="106" count="0" type="stmt"/>
      </file>
    </package>
    <package name="context.snackbarContext">
      <metrics statements="15" coveredstatements="5" conditionals="2" coveredconditionals="0" methods="7" coveredmethods="0"/>
      <file name="index.tsx" path="C:\Users\epile\Documents\Projects\GIT\projectManagement\frontend\src\context\snackbarContext\index.tsx">
        <metrics statements="15" coveredstatements="5" conditionals="2" coveredconditionals="0" methods="7" coveredmethods="0"/>
        <line num="1" count="5" type="stmt"/>
        <line num="2" count="5" type="stmt"/>
        <line num="5" count="5" type="stmt"/>
        <line num="9" count="5" type="stmt"/>
        <line num="10" count="0" type="stmt"/>
        <line num="16" count="0" type="stmt"/>
        <line num="20" count="0" type="stmt"/>
        <line num="23" count="0" type="stmt"/>
        <line num="29" count="0" type="stmt"/>
        <line num="34" count="0" type="stmt"/>
        <line num="43" count="5" type="stmt"/>
        <line num="44" count="0" type="stmt"/>
        <line num="45" count="0" type="cond" truecount="0" falsecount="1"/>
        <line num="46" count="0" type="stmt"/>
        <line num="47" count="0" type="stmt"/>
      </file>
    </package>
    <package name="context.sprintContext">
      <metrics statements="57" coveredstatements="7" conditionals="27" coveredconditionals="0" methods="22" coveredmethods="0"/>
      <file name="index.tsx" path="C:\Users\epile\Documents\Projects\GIT\projectManagement\frontend\src\context\sprintContext\index.tsx">
        <metrics statements="57" coveredstatements="7" conditionals="27" coveredconditionals="0" methods="22" coveredmethods="0"/>
        <line num="1" count="3" type="stmt"/>
        <line num="11" count="3" type="stmt"/>
        <line num="12" count="3" type="stmt"/>
        <line num="13" count="3" type="stmt"/>
        <line num="15" count="3" type="stmt"/>
        <line num="17" count="3" type="stmt"/>
        <line num="23" count="0" type="stmt"/>
        <line num="28" count="0" type="stmt"/>
        <line num="30" count="0" type="stmt"/>
        <line num="31" count="0" type="stmt"/>
        <line num="34" count="0" type="stmt"/>
        <line num="37" count="0" type="stmt"/>
        <line num="38" count="0" type="stmt"/>
        <line num="39" count="0" type="stmt"/>
        <line num="40" count="0" type="stmt"/>
        <line num="42" count="0" type="stmt"/>
        <line num="43" count="0" type="stmt"/>
        <line num="45" count="0" type="cond" truecount="0" falsecount="4"/>
        <line num="50" count="0" type="cond" truecount="0" falsecount="4"/>
        <line num="54" count="0" type="stmt"/>
        <line num="55" count="0" type="cond" truecount="0" falsecount="3"/>
        <line num="56" count="0" type="cond" truecount="0" falsecount="3"/>
        <line num="57" count="0" type="stmt"/>
        <line num="58" count="0" type="stmt"/>
        <line num="59" count="0" type="stmt"/>
        <line num="61" count="0" type="stmt"/>
        <line num="62" count="0" type="stmt"/>
        <line num="63" count="0" type="stmt"/>
        <line num="67" count="0" type="stmt"/>
        <line num="68" count="0" type="cond" truecount="0" falsecount="1"/>
        <line num="69" count="0" type="stmt"/>
        <line num="74" count="0" type="stmt"/>
        <line num="75" count="0" type="stmt"/>
        <line num="79" count="0" type="stmt"/>
        <line num="81" count="0" type="stmt"/>
        <line num="82" count="0" type="cond" truecount="0" falsecount="2"/>
        <line num="84" count="0" type="stmt"/>
        <line num="85" count="0" type="cond" truecount="0" falsecount="4"/>
        <line num="93" count="0" type="stmt"/>
        <line num="95" count="0" type="stmt"/>
        <line num="96" count="0" type="cond" truecount="0" falsecount="1"/>
        <line num="97" count="0" type="stmt"/>
        <line num="99" count="0" type="stmt"/>
        <line num="105" count="0" type="stmt"/>
        <line num="107" count="0" type="stmt"/>
        <line num="108" count="0" type="cond" truecount="0" falsecount="1"/>
        <line num="109" count="0" type="stmt"/>
        <line num="115" count="0" type="stmt"/>
        <line num="116" count="0" type="stmt"/>
        <line num="117" count="0" type="stmt"/>
        <line num="119" count="0" type="cond" truecount="0" falsecount="3"/>
        <line num="121" count="0" type="stmt"/>
        <line num="138" count="3" type="stmt"/>
        <line num="139" count="0" type="stmt"/>
        <line num="140" count="0" type="cond" truecount="0" falsecount="1"/>
        <line num="141" count="0" type="stmt"/>
        <line num="142" count="0" type="stmt"/>
      </file>
    </package>
    <package name="context.themeContext">
      <metrics statements="42" coveredstatements="23" conditionals="13" coveredconditionals="1" methods="9" coveredmethods="5"/>
      <file name="index.tsx" path="C:\Users\epile\Documents\Projects\GIT\projectManagement\frontend\src\context\themeContext\index.tsx">
        <metrics statements="42" coveredstatements="23" conditionals="13" coveredconditionals="1" methods="9" coveredmethods="5"/>
        <line num="1" count="3" type="stmt"/>
        <line num="13" count="3" type="stmt"/>
        <line num="15" count="3" type="stmt"/>
        <line num="16" count="4" type="stmt"/>
        <line num="17" count="4" type="stmt"/>
        <line num="20" count="4" type="stmt"/>
        <line num="21" count="4" type="cond" truecount="0" falsecount="1"/>
        <line num="23" count="4" type="stmt"/>
        <line num="24" count="4" type="stmt"/>
        <line num="26" count="4" type="cond" truecount="1" falsecount="1"/>
        <line num="27" count="0" type="stmt"/>
        <line num="28" count="0" type="cond" truecount="0" falsecount="2"/>
        <line num="32" count="0" type="stmt"/>
        <line num="33" count="4" type="cond" truecount="0" falsecount="1"/>
        <line num="34" count="0" type="stmt"/>
        <line num="35" count="0" type="stmt"/>
        <line num="40" count="4" type="stmt"/>
        <line num="41" count="4" type="cond" truecount="0" falsecount="1"/>
        <line num="43" count="4" type="stmt"/>
        <line num="44" count="4" type="stmt"/>
        <line num="45" count="0" type="cond" truecount="0" falsecount="2"/>
        <line num="47" count="4" type="stmt"/>
        <line num="48" count="4" type="stmt"/>
        <line num="52" count="4" type="stmt"/>
        <line num="53" count="0" type="stmt"/>
        <line num="54" count="0" type="stmt"/>
        <line num="55" count="0" type="stmt"/>
        <line num="56" count="0" type="stmt"/>
        <line num="60" count="4" type="stmt"/>
        <line num="61" count="0" type="stmt"/>
        <line num="62" count="0" type="stmt"/>
        <line num="64" count="0" type="cond" truecount="0" falsecount="1"/>
        <line num="65" count="0" type="cond" truecount="0" falsecount="2"/>
        <line num="69" count="0" type="stmt"/>
        <line num="74" count="4" type="stmt"/>
        <line num="75" count="4" type="stmt"/>
        <line num="84" count="4" type="stmt"/>
        <line num="92" count="3" type="stmt"/>
        <line num="93" count="0" type="stmt"/>
        <line num="94" count="0" type="cond" truecount="0" falsecount="1"/>
        <line num="95" count="0" type="stmt"/>
        <line num="97" count="0" type="stmt"/>
      </file>
    </package>
    <package name="context.ticketContext">
      <metrics statements="47" coveredstatements="8" conditionals="14" coveredconditionals="0" methods="22" coveredmethods="0"/>
      <file name="index.tsx" path="C:\Users\epile\Documents\Projects\GIT\projectManagement\frontend\src\context\ticketContext\index.tsx">
        <metrics statements="47" coveredstatements="8" conditionals="14" coveredconditionals="0" methods="22" coveredmethods="0"/>
        <line num="1" count="3" type="stmt"/>
        <line num="11" count="3" type="stmt"/>
        <line num="12" count="3" type="stmt"/>
        <line num="13" count="3" type="stmt"/>
        <line num="14" count="3" type="stmt"/>
        <line num="26" count="3" type="stmt"/>
        <line num="28" count="3" type="stmt"/>
        <line num="29" count="0" type="stmt"/>
        <line num="30" count="0" type="stmt"/>
        <line num="32" count="0" type="stmt"/>
        <line num="34" count="0" type="stmt"/>
        <line num="35" count="0" type="stmt"/>
        <line num="36" count="0" type="stmt"/>
        <line num="38" count="0" type="stmt"/>
        <line num="39" count="0" type="stmt"/>
        <line num="41" count="0" type="stmt"/>
        <line num="42" count="0" type="cond" truecount="0" falsecount="3"/>
        <line num="44" count="0" type="stmt"/>
        <line num="45" count="0" type="cond" truecount="0" falsecount="2"/>
        <line num="46" count="0" type="stmt"/>
        <line num="49" count="0" type="stmt"/>
        <line num="50" count="0" type="stmt"/>
        <line num="53" count="0" type="stmt"/>
        <line num="55" count="0" type="stmt"/>
        <line num="56" count="0" type="cond" truecount="0" falsecount="2"/>
        <line num="62" count="0" type="stmt"/>
        <line num="64" count="0" type="stmt"/>
        <line num="65" count="0" type="stmt"/>
        <line num="66" count="0" type="cond" truecount="0" falsecount="2"/>
        <line num="69" count="0" type="stmt"/>
        <line num="74" count="0" type="stmt"/>
        <line num="76" count="0" type="stmt"/>
        <line num="77" count="0" type="cond" truecount="0" falsecount="1"/>
        <line num="78" count="0" type="stmt"/>
        <line num="80" count="0" type="stmt"/>
        <line num="86" count="0" type="stmt"/>
        <line num="88" count="0" type="stmt"/>
        <line num="93" count="0" type="stmt"/>
        <line num="94" count="0" type="stmt"/>
        <line num="95" count="0" type="stmt"/>
        <line num="97" count="0" type="cond" truecount="0" falsecount="3"/>
        <line num="99" count="0" type="stmt"/>
        <line num="116" count="3" type="stmt"/>
        <line num="117" count="0" type="stmt"/>
        <line num="118" count="0" type="cond" truecount="0" falsecount="1"/>
        <line num="119" count="0" type="stmt"/>
        <line num="120" count="0" type="stmt"/>
      </file>
    </package>
    <package name="helpers">
      <metrics statements="83" coveredstatements="46" conditionals="34" coveredconditionals="8" methods="23" coveredmethods="5"/>
      <file name="formatsHelper.ts" path="C:\Users\epile\Documents\Projects\GIT\projectManagement\frontend\src\helpers\formatsHelper.ts">
        <metrics statements="13" coveredstatements="6" conditionals="5" coveredconditionals="1" methods="6" coveredmethods="1"/>
        <line num="1" count="4" type="stmt"/>
        <line num="2" count="0" type="stmt"/>
        <line num="4" count="0" type="stmt"/>
        <line num="8" count="4" type="stmt"/>
        <line num="9" count="0" type="cond" truecount="0" falsecount="1"/>
        <line num="10" count="0" type="stmt"/>
        <line num="13" count="4" type="stmt"/>
        <line num="15" count="4" type="cond" truecount="0" falsecount="1"/>
        <line num="16" count="0" type="cond" truecount="0" falsecount="2"/>
        <line num="18" count="4" type="stmt"/>
        <line num="19" count="15" type="cond" truecount="1" falsecount="0"/>
        <line num="20" count="0" type="stmt"/>
        <line num="22" count="0" type="stmt"/>
      </file>
      <file name="getColorsHelper.ts" path="C:\Users\epile\Documents\Projects\GIT\projectManagement\frontend\src\helpers\getColorsHelper.ts">
        <metrics statements="16" coveredstatements="7" conditionals="13" coveredconditionals="1" methods="4" coveredmethods="1"/>
        <line num="2" count="4" type="stmt"/>
        <line num="4" count="4" type="stmt"/>
        <line num="5" count="0" type="cond" truecount="0" falsecount="2"/>
        <line num="10" count="4" type="stmt"/>
        <line num="11" count="0" type="cond" truecount="0" falsecount="3"/>
        <line num="12" count="0" type="stmt"/>
        <line num="13" count="0" type="stmt"/>
        <line num="19" count="4" type="stmt"/>
        <line num="20" count="11" type="cond" truecount="1" falsecount="3"/>
        <line num="24" count="11" type="stmt"/>
        <line num="26" count="0" type="stmt"/>
        <line num="28" count="0" type="stmt"/>
        <line num="32" count="0" type="stmt"/>
        <line num="48" count="4" type="stmt"/>
        <line num="50" count="0" type="stmt"/>
        <line num="55" count="0" type="cond" truecount="0" falsecount="2"/>
      </file>
      <file name="getTypeIcon.tsx" path="C:\Users\epile\Documents\Projects\GIT\projectManagement\frontend\src\helpers\getTypeIcon.tsx">
        <metrics statements="17" coveredstatements="12" conditionals="11" coveredconditionals="6" methods="1" coveredmethods="1"/>
        <line num="1" count="4" type="stmt"/>
        <line num="14" count="4" type="stmt"/>
        <line num="16" count="4" type="stmt"/>
        <line num="17" count="66" type="stmt"/>
        <line num="21" count="66" type="cond" truecount="6" falsecount="5"/>
        <line num="23" count="11" type="stmt"/>
        <line num="25" count="11" type="stmt"/>
        <line num="27" count="11" type="stmt"/>
        <line num="29" count="11" type="stmt"/>
        <line num="31" count="11" type="stmt"/>
        <line num="33" count="11" type="stmt"/>
        <line num="36" count="0" type="stmt"/>
        <line num="38" count="0" type="stmt"/>
        <line num="40" count="0" type="stmt"/>
        <line num="42" count="0" type="stmt"/>
        <line num="45" count="0" type="stmt"/>
        <line num="49" count="4" type="stmt"/>
      </file>
      <file name="index.ts" path="C:\Users\epile\Documents\Projects\GIT\projectManagement\frontend\src\helpers\index.ts">
        <metrics statements="12" coveredstatements="12" conditionals="0" coveredconditionals="0" methods="0" coveredmethods="0"/>
        <line num="1" count="4" type="stmt"/>
        <line num="2" count="4" type="stmt"/>
        <line num="3" count="4" type="stmt"/>
        <line num="4" count="4" type="stmt"/>
        <line num="5" count="4" type="stmt"/>
        <line num="6" count="4" type="stmt"/>
        <line num="7" count="4" type="stmt"/>
        <line num="8" count="4" type="stmt"/>
        <line num="9" count="4" type="stmt"/>
        <line num="10" count="4" type="stmt"/>
        <line num="11" count="4" type="stmt"/>
        <line num="12" count="4" type="stmt"/>
      </file>
      <file name="isTokenExpired.tsx" path="C:\Users\epile\Documents\Projects\GIT\projectManagement\frontend\src\helpers\isTokenExpired.tsx">
        <metrics statements="7" coveredstatements="2" conditionals="0" coveredconditionals="0" methods="1" coveredmethods="0"/>
        <line num="1" count="4" type="stmt"/>
        <line num="8" count="4" type="stmt"/>
        <line num="9" count="0" type="stmt"/>
        <line num="10" count="0" type="stmt"/>
        <line num="11" count="0" type="stmt"/>
        <line num="12" count="0" type="stmt"/>
        <line num="14" count="0" type="stmt"/>
      </file>
      <file name="selectPropsHelper.ts" path="C:\Users\epile\Documents\Projects\GIT\projectManagement\frontend\src\helpers\selectPropsHelper.ts">
        <metrics statements="8" coveredstatements="5" conditionals="0" coveredconditionals="0" methods="4" coveredmethods="2"/>
        <line num="1" count="4" type="stmt"/>
        <line num="5" count="3" type="stmt"/>
        <line num="6" count="38" type="stmt"/>
        <line num="7" count="3" type="stmt"/>
        <line num="10" count="4" type="stmt"/>
        <line num="14" count="0" type="stmt"/>
        <line num="15" count="0" type="stmt"/>
        <line num="16" count="0" type="stmt"/>
      </file>
      <file name="utilityTicketsTasksHelpers.ts" path="C:\Users\epile\Documents\Projects\GIT\projectManagement\frontend\src\helpers\utilityTicketsTasksHelpers.ts">
        <metrics statements="10" coveredstatements="2" conditionals="5" coveredconditionals="0" methods="7" coveredmethods="0"/>
        <line num="3" count="4" type="stmt"/>
        <line num="7" count="0" type="stmt"/>
        <line num="9" count="0" type="stmt"/>
        <line num="13" count="4" type="stmt"/>
        <line num="18" count="0" type="stmt"/>
        <line num="20" count="0" type="cond" truecount="0" falsecount="1"/>
        <line num="21" count="0" type="stmt"/>
        <line num="22" count="0" type="stmt"/>
        <line num="25" count="0" type="cond" truecount="0" falsecount="2"/>
        <line num="29" count="0" type="stmt"/>
      </file>
    </package>
    <package name="helpers.goalTask">
      <metrics statements="81" coveredstatements="14" conditionals="49" coveredconditionals="0" methods="33" coveredmethods="0"/>
      <file name="createGoalTaskHelper.ts" path="C:\Users\epile\Documents\Projects\GIT\projectManagement\frontend\src\helpers\goalTask\createGoalTaskHelper.ts">
        <metrics statements="14" coveredstatements="2" conditionals="11" coveredconditionals="0" methods="6" coveredmethods="0"/>
        <line num="3" count="4" type="stmt"/>
        <line num="4" count="4" type="stmt"/>
        <line num="11" count="0" type="stmt"/>
        <line num="12" count="0" type="cond" truecount="0" falsecount="1"/>
        <line num="14" count="0" type="stmt"/>
        <line num="19" count="0" type="cond" truecount="0" falsecount="1"/>
        <line num="20" count="0" type="stmt"/>
        <line num="21" count="0" type="cond" truecount="0" falsecount="1"/>
        <line num="23" count="0" type="stmt"/>
        <line num="26" count="0" type="cond" truecount="0" falsecount="2"/>
        <line num="38" count="0" type="stmt"/>
        <line num="39" count="0" type="stmt"/>
        <line num="40" count="0" type="cond" truecount="0" falsecount="2"/>
        <line num="51" count="0" type="stmt"/>
      </file>
      <file name="deleteGoalTaskHelper.ts" path="C:\Users\epile\Documents\Projects\GIT\projectManagement\frontend\src\helpers\goalTask\deleteGoalTaskHelper.ts">
        <metrics statements="16" coveredstatements="2" conditionals="7" coveredconditionals="0" methods="8" coveredmethods="0"/>
        <line num="3" count="4" type="stmt"/>
        <line num="4" count="4" type="stmt"/>
        <line num="10" count="0" type="stmt"/>
        <line num="11" count="0" type="cond" truecount="0" falsecount="1"/>
        <line num="13" count="0" type="stmt"/>
        <line num="15" count="0" type="cond" truecount="0" falsecount="1"/>
        <line num="16" count="0" type="stmt"/>
        <line num="18" count="0" type="stmt"/>
        <line num="19" count="0" type="cond" truecount="0" falsecount="1"/>
        <line num="21" count="0" type="stmt"/>
        <line num="24" count="0" type="cond" truecount="0" falsecount="2"/>
        <line num="28" count="0" type="stmt"/>
        <line num="36" count="0" type="stmt"/>
        <line num="37" count="0" type="stmt"/>
        <line num="38" count="0" type="cond" truecount="0" falsecount="2"/>
        <line num="42" count="0" type="stmt"/>
      </file>
      <file name="editGoalTaskHelper.ts" path="C:\Users\epile\Documents\Projects\GIT\projectManagement\frontend\src\helpers\goalTask\editGoalTaskHelper.ts">
        <metrics statements="18" coveredstatements="3" conditionals="10" coveredconditionals="0" methods="8" coveredmethods="0"/>
        <line num="2" count="4" type="stmt"/>
        <line num="4" count="4" type="stmt"/>
        <line num="5" count="4" type="stmt"/>
        <line num="12" count="0" type="stmt"/>
        <line num="13" count="0" type="stmt"/>
        <line num="14" count="0" type="stmt"/>
        <line num="16" count="0" type="stmt"/>
        <line num="18" count="0" type="cond" truecount="0" falsecount="1"/>
        <line num="19" count="0" type="stmt"/>
        <line num="20" count="0" type="cond" truecount="0" falsecount="1"/>
        <line num="22" count="0" type="stmt"/>
        <line num="25" count="0" type="cond" truecount="0" falsecount="2"/>
        <line num="29" count="0" type="cond" truecount="0" falsecount="2"/>
        <line num="37" count="0" type="stmt"/>
        <line num="38" count="0" type="stmt"/>
        <line num="39" count="0" type="cond" truecount="0" falsecount="2"/>
        <line num="43" count="0" type="cond" truecount="0" falsecount="2"/>
        <line num="49" count="0" type="stmt"/>
      </file>
      <file name="index.ts" path="C:\Users\epile\Documents\Projects\GIT\projectManagement\frontend\src\helpers\goalTask\index.ts">
        <metrics statements="4" coveredstatements="4" conditionals="0" coveredconditionals="0" methods="0" coveredmethods="0"/>
        <line num="1" count="4" type="stmt"/>
        <line num="2" count="4" type="stmt"/>
        <line num="3" count="4" type="stmt"/>
        <line num="4" count="4" type="stmt"/>
      </file>
      <file name="toggleGoalTaskCompletionHelper.ts" path="C:\Users\epile\Documents\Projects\GIT\projectManagement\frontend\src\helpers\goalTask\toggleGoalTaskCompletionHelper.ts">
        <metrics statements="29" coveredstatements="3" conditionals="21" coveredconditionals="0" methods="11" coveredmethods="0"/>
        <line num="1" count="4" type="stmt"/>
        <line num="4" count="4" type="stmt"/>
        <line num="5" count="4" type="stmt"/>
        <line num="13" count="0" type="stmt"/>
        <line num="14" count="0" type="cond" truecount="0" falsecount="3"/>
        <line num="16" count="0" type="stmt"/>
        <line num="21" count="0" type="cond" truecount="0" falsecount="1"/>
        <line num="23" count="0" type="stmt"/>
        <line num="25" count="0" type="stmt"/>
        <line num="26" count="0" type="stmt"/>
        <line num="27" count="0" type="cond" truecount="0" falsecount="1"/>
        <line num="28" count="0" type="stmt"/>
        <line num="29" count="0" type="cond" truecount="0" falsecount="2"/>
        <line num="33" count="0" type="cond" truecount="0" falsecount="2"/>
        <line num="34" count="0" type="cond" truecount="0" falsecount="2"/>
        <line num="36" count="0" type="cond" truecount="0" falsecount="2"/>
        <line num="40" count="0" type="cond" truecount="0" falsecount="2"/>
        <line num="42" count="0" type="stmt"/>
        <line num="47" count="0" type="cond" truecount="0" falsecount="1"/>
        <line num="48" count="0" type="stmt"/>
        <line num="49" count="0" type="stmt"/>
        <line num="50" count="0" type="cond" truecount="0" falsecount="1"/>
        <line num="52" count="0" type="stmt"/>
        <line num="55" count="0" type="cond" truecount="0" falsecount="2"/>
        <line num="60" count="0" type="stmt"/>
        <line num="61" count="0" type="stmt"/>
        <line num="62" count="0" type="cond" truecount="0" falsecount="2"/>
        <line num="68" count="0" type="stmt"/>
        <line num="73" count="0" type="stmt"/>
      </file>
    </package>
    <package name="helpers.projectsPage">
      <metrics statements="9" coveredstatements="3" conditionals="5" coveredconditionals="0" methods="4" coveredmethods="0"/>
      <file name="ProjectsPage.helper.ts" path="C:\Users\epile\Documents\Projects\GIT\projectManagement\frontend\src\helpers\projectsPage\ProjectsPage.helper.ts">
[...]
        <line num="101" count="0" type="stmt"/>
        <line num="102" count="0" type="stmt"/>
        <line num="103" count="0" type="stmt"/>
        <line num="107" count="0" type="stmt"/>
        <line num="108" count="0" type="stmt"/>
        <line num="111" count="0" type="cond" truecount="0" falsecount="1"/>
        <line num="112" count="0" type="stmt"/>
        <line num="113" count="0" type="stmt"/>
        <line num="115" count="0" type="cond" truecount="0" falsecount="4"/>
        <line num="122" count="0" type="cond" truecount="0" falsecount="1"/>
        <line num="123" count="0" type="stmt"/>
        <line num="124" count="0" type="stmt"/>
        <line num="125" count="0" type="stmt"/>
        <line num="130" count="0" type="cond" truecount="0" falsecount="1"/>
        <line num="131" count="0" type="stmt"/>
        <line num="132" count="0" type="stmt"/>
        <line num="133" count="0" type="stmt"/>
        <line num="138" count="0" type="stmt"/>
        <line num="139" count="0" type="stmt"/>
        <line num="140" count="0" type="stmt"/>
        <line num="142" count="0" type="cond" truecount="0" falsecount="1"/>
        <line num="143" count="0" type="stmt"/>
        <line num="144" count="0" type="cond" truecount="0" falsecount="2"/>
        <line num="148" count="0" type="stmt"/>
        <line num="151" count="0" type="stmt"/>
        <line num="153" count="0" type="stmt"/>
        <line num="154" count="0" type="stmt"/>
        <line num="155" count="0" type="stmt"/>
        <line num="160" count="0" type="stmt"/>
        <line num="161" count="0" type="stmt"/>
        <line num="162" count="0" type="stmt"/>
        <line num="166" count="0" type="stmt"/>
        <line num="167" count="0" type="stmt"/>
        <line num="168" count="0" type="stmt"/>
        <line num="171" count="0" type="stmt"/>
        <line num="172" count="0" type="stmt"/>
        <line num="175" count="0" type="stmt"/>
        <line num="176" count="0" type="stmt"/>
        <line num="177" count="0" type="stmt"/>
        <line num="180" count="0" type="stmt"/>
        <line num="181" count="0" type="stmt"/>
        <line num="185" count="0" type="stmt"/>
        <line num="189" count="0" type="stmt"/>
        <line num="190" count="0" type="stmt"/>
        <line num="191" count="0" type="stmt"/>
        <line num="194" count="0" type="stmt"/>
        <line num="195" count="0" type="stmt"/>
        <line num="205" count="0" type="stmt"/>
        <line num="206" count="0" type="stmt"/>
        <line num="209" count="0" type="stmt"/>
        <line num="214" count="0" type="stmt"/>
        <line num="215" count="0" type="stmt"/>
        <line num="216" count="0" type="cond" truecount="0" falsecount="1"/>
        <line num="217" count="0" type="cond" truecount="0" falsecount="1"/>
        <line num="218" count="0" type="stmt"/>
        <line num="219" count="0" type="stmt"/>
        <line num="222" count="0" type="stmt"/>
        <line num="281" count="5" type="stmt"/>
      </file>
    </package>
    <package name="pages.teamMembers.components.teamMembersDialog">
      <metrics statements="11" coveredstatements="3" conditionals="12" coveredconditionals="0" methods="8" coveredmethods="0"/>
      <file name="TeamMembersDialog.tsx" path="C:\Users\epile\Documents\Projects\GIT\projectManagement\frontend\src\pages\teamMembers\components\teamMembersDialog\TeamMembersDialog.tsx">
        <metrics statements="11" coveredstatements="3" conditionals="12" coveredconditionals="0" methods="8" coveredmethods="0"/>
        <line num="1" count="5" type="stmt"/>
        <line num="17" count="5" type="stmt"/>
        <line num="27" count="0" type="stmt"/>
        <line num="30" count="0" type="stmt"/>
        <line num="68" count="0" type="stmt"/>
        <line num="70" count="0" type="stmt"/>
        <line num="80" count="0" type="stmt"/>
        <line num="88" count="0" type="cond" truecount="0" falsecount="2"/>
        <line num="89" count="0" type="stmt"/>
        <line num="96" count="0" type="stmt"/>
        <line num="118" count="5" type="stmt"/>
      </file>
    </package>
    <package name="pages.teamMembers.components.teamMembersHeader">
      <metrics statements="7" coveredstatements="5" conditionals="0" coveredconditionals="0" methods="2" coveredmethods="0"/>
      <file name="TeamMembersHeader.tsx" path="C:\Users\epile\Documents\Projects\GIT\projectManagement\frontend\src\pages\teamMembers\components\teamMembersHeader\TeamMembersHeader.tsx">
        <metrics statements="7" coveredstatements="5" conditionals="0" coveredconditionals="0" methods="2" coveredmethods="0"/>
        <line num="1" count="5" type="stmt"/>
        <line num="2" count="5" type="stmt"/>
        <line num="4" count="5" type="stmt"/>
        <line num="6" count="5" type="stmt"/>
        <line num="7" count="0" type="stmt"/>
        <line num="20" count="0" type="stmt"/>
        <line num="29" count="5" type="stmt"/>
      </file>
    </package>
    <package name="pages.teamMembers.components.teamMembersMenu">
      <metrics statements="5" coveredstatements="4" conditionals="5" coveredconditionals="0" methods="1" coveredmethods="0"/>
      <file name="TeamMembersMenu.tsx" path="C:\Users\epile\Documents\Projects\GIT\projectManagement\frontend\src\pages\teamMembers\components\teamMembersMenu\TeamMembersMenu.tsx">
        <metrics statements="5" coveredstatements="4" conditionals="5" coveredconditionals="0" methods="1" coveredmethods="0"/>
        <line num="1" count="5" type="stmt"/>
        <line num="2" count="5" type="stmt"/>
        <line num="11" count="5" type="stmt"/>
        <line num="18" count="0" type="stmt"/>
        <line num="63" count="5" type="stmt"/>
      </file>
    </package>
    <package name="pages.teamMembers.components.teamMembersSearchBar">
      <metrics statements="13" coveredstatements="7" conditionals="4" coveredconditionals="0" methods="8" coveredmethods="0"/>
      <file name="TeamMembersSearchBar.tsx" path="C:\Users\epile\Documents\Projects\GIT\projectManagement\frontend\src\pages\teamMembers\components\teamMembersSearchBar\TeamMembersSearchBar.tsx">
        <metrics statements="13" coveredstatements="7" conditionals="4" coveredconditionals="0" methods="8" coveredmethods="0"/>
        <line num="1" count="5" type="stmt"/>
        <line num="10" count="5" type="stmt"/>
        <line num="23" count="5" type="stmt"/>
        <line num="29" count="5" type="stmt"/>
        <line num="30" count="5" type="stmt"/>
        <line num="33" count="5" type="stmt"/>
        <line num="48" count="0" type="stmt"/>
        <line num="54" count="0" type="stmt"/>
        <line num="118" count="0" type="stmt"/>
        <line num="133" count="0" type="stmt"/>
        <line num="144" count="0" type="stmt"/>
        <line num="149" count="0" type="stmt"/>
        <line num="194" count="5" type="stmt"/>
      </file>
    </package>
    <package name="pages.teamMembers.components.teamMembersTable">
      <metrics statements="10" coveredstatements="6" conditionals="11" coveredconditionals="0" methods="4" coveredmethods="0"/>
      <file name="TeamMembersTable.tsx" path="C:\Users\epile\Documents\Projects\GIT\projectManagement\frontend\src\pages\teamMembers\components\teamMembersTable\TeamMembersTable.tsx">
        <metrics statements="10" coveredstatements="6" conditionals="11" coveredconditionals="0" methods="4" coveredmethods="0"/>
        <line num="1" count="5" type="stmt"/>
        <line num="7" count="5" type="stmt"/>
        <line num="20" count="5" type="stmt"/>
        <line num="25" count="5" type="stmt"/>
        <line num="31" count="5" type="stmt"/>
        <line num="39" count="0" type="stmt"/>
        <line num="55" count="0" type="stmt"/>
        <line num="126" count="0" type="stmt"/>
        <line num="142" count="0" type="stmt"/>
        <line num="183" count="5" type="stmt"/>
      </file>
    </package>
    <package name="utils">
      <metrics statements="25" coveredstatements="19" conditionals="48" coveredconditionals="18" methods="11" coveredmethods="5"/>
      <file name="index.ts" path="C:\Users\epile\Documents\Projects\GIT\projectManagement\frontend\src\utils\index.ts">
        <metrics statements="1" coveredstatements="1" conditionals="0" coveredconditionals="0" methods="0" coveredmethods="0"/>
        <line num="1" count="1" type="stmt"/>
      </file>
      <file name="theme.ts" path="C:\Users\epile\Documents\Projects\GIT\projectManagement\frontend\src\utils\theme.ts">
        <metrics statements="24" coveredstatements="18" conditionals="48" coveredconditionals="18" methods="11" coveredmethods="5"/>
        <line num="1" count="1" type="stmt"/>
        <line num="50" count="1" type="stmt"/>
        <line num="52" count="1" type="stmt"/>
        <line num="53" count="1" type="stmt"/>
        <line num="54" count="1" type="stmt"/>
        <line num="61" count="1" type="stmt"/>
        <line num="62" count="1" type="stmt"/>
        <line num="63" count="1" type="stmt"/>
        <line num="66" count="1" type="stmt"/>
        <line num="67" count="1" type="stmt"/>
        <line num="68" count="1" type="stmt"/>
        <line num="70" count="1" type="stmt"/>
        <line num="76" count="0" type="stmt"/>
        <line num="82" count="0" type="stmt"/>
        <line num="93" count="8" type="stmt"/>
        <line num="106" count="0" type="stmt"/>
        <line num="119" count="4" type="stmt"/>
        <line num="128" count="0" type="stmt"/>
        <line num="138" count="24" type="stmt"/>
        <line num="163" count="0" type="stmt"/>
        <line num="178" count="0" type="stmt"/>
        <line num="205" count="1" type="stmt"/>
        <line num="318" count="1" type="stmt"/>
        <line num="319" count="1" type="stmt"/>
      </file>
    </package>
    <package name="validations">
      <metrics statements="8" coveredstatements="8" conditionals="0" coveredconditionals="0" methods="0" coveredmethods="0"/>
      <file name="index.ts" path="C:\Users\epile\Documents\Projects\GIT\projectManagement\frontend\src\validations\index.ts">
        <metrics statements="8" coveredstatements="8" conditionals="0" coveredconditionals="0" methods="0" coveredmethods="0"/>
        <line num="1" count="5" type="stmt"/>
        <line num="2" count="5" type="stmt"/>
        <line num="3" count="5" type="stmt"/>
        <line num="4" count="5" type="stmt"/>
        <line num="5" count="5" type="stmt"/>
        <line num="6" count="5" type="stmt"/>
        <line num="7" count="5" type="stmt"/>
        <line num="8" count="5" type="stmt"/>
      </file>
    </package>
    <package name="validations.goalTask">
      <metrics statements="6" coveredstatements="6" conditionals="0" coveredconditionals="0" methods="0" coveredmethods="0"/>
      <file name="createGoalTaskSchema.ts" path="C:\Users\epile\Documents\Projects\GIT\projectManagement\frontend\src\validations\goalTask\createGoalTaskSchema.ts">
        <metrics statements="2" coveredstatements="2" conditionals="0" coveredconditionals="0" methods="0" coveredmethods="0"/>
        <line num="1" count="5" type="stmt"/>
        <line num="3" count="5" type="stmt"/>
      </file>
      <file name="editGoalTaskSchema.ts" path="C:\Users\epile\Documents\Projects\GIT\projectManagement\frontend\src\validations\goalTask\editGoalTaskSchema.ts">
        <metrics statements="2" coveredstatements="2" conditionals="0" coveredconditionals="0" methods="0" coveredmethods="0"/>
        <line num="1" count="5" type="stmt"/>
        <line num="3" count="5" type="stmt"/>
      </file>
      <file name="index.ts" path="C:\Users\epile\Documents\Projects\GIT\projectManagement\frontend\src\validations\goalTask\index.ts">
        <metrics statements="2" coveredstatements="2" conditionals="0" coveredconditionals="0" methods="0" coveredmethods="0"/>
        <line num="1" count="5" type="stmt"/>
        <line num="2" count="5" type="stmt"/>
      </file>
    </package>
    <package name="validations.project">
      <metrics statements="3" coveredstatements="3" conditionals="0" coveredconditionals="0" methods="0" coveredmethods="0"/>
      <file name="createProjectSchema.ts" path="C:\Users\epile\Documents\Projects\GIT\projectManagement\frontend\src\validations\project\createProjectSchema.ts">
        <metrics statements="2" coveredstatements="2" conditionals="0" coveredconditionals="0" methods="0" coveredmethods="0"/>
        <line num="1" count="5" type="stmt"/>
        <line num="3" count="5" type="stmt"/>
      </file>
      <file name="index.ts" path="C:\Users\epile\Documents\Projects\GIT\projectManagement\frontend\src\validations\project\index.ts">
        <metrics statements="1" coveredstatements="1" conditionals="0" coveredconditionals="0" methods="0" coveredmethods="0"/>
        <line num="1" count="5" type="stmt"/>
      </file>
    </package>
    <package name="validations.retrospective">
      <metrics statements="4" coveredstatements="4" conditionals="0" coveredconditionals="0" methods="0" coveredmethods="0"/>
      <file name="index.ts" path="C:\Users\epile\Documents\Projects\GIT\projectManagement\frontend\src\validations\retrospective\index.ts">
        <metrics statements="1" coveredstatements="1" conditionals="0" coveredconditionals="0" methods="0" coveredmethods="0"/>
        <line num="1" count="5" type="stmt"/>
      </file>
      <file name="retrospectiveSchema.ts" path="C:\Users\epile\Documents\Projects\GIT\projectManagement\frontend\src\validations\retrospective\retrospectiveSchema.ts">
        <metrics statements="3" coveredstatements="3" conditionals="0" coveredconditionals="0" methods="0" coveredmethods="0"/>
        <line num="1" count="5" type="stmt"/>
        <line num="2" count="5" type="stmt"/>
        <line num="5" count="5" type="stmt"/>
      </file>
    </package>
    <package name="validations.sprint">
      <metrics statements="5" coveredstatements="3" conditionals="4" coveredconditionals="0" methods="2" coveredmethods="0"/>
      <file name="createSprintSchema.ts" path="C:\Users\epile\Documents\Projects\GIT\projectManagement\frontend\src\validations\sprint\createSprintSchema.ts">
        <metrics statements="4" coveredstatements="2" conditionals="4" coveredconditionals="0" methods="2" coveredmethods="0"/>
        <line num="1" count="5" type="stmt"/>
        <line num="4" count="5" type="stmt"/>
        <line num="15" count="0" type="cond" truecount="0" falsecount="2"/>
        <line num="24" count="0" type="cond" truecount="0" falsecount="2"/>
      </file>
      <file name="index.ts" path="C:\Users\epile\Documents\Projects\GIT\projectManagement\frontend\src\validations\sprint\index.ts">
        <metrics statements="1" coveredstatements="1" conditionals="0" coveredconditionals="0" methods="0" coveredmethods="0"/>
        <line num="1" count="5" type="stmt"/>
      </file>
    </package>
    <package name="validations.sprintGoal">
      <metrics statements="6" coveredstatements="6" conditionals="0" coveredconditionals="0" methods="0" coveredmethods="0"/>
      <file name="createSprintGoalSchema.ts" path="C:\Users\epile\Documents\Projects\GIT\projectManagement\frontend\src\validations\sprintGoal\createSprintGoalSchema.ts">
        <metrics statements="2" coveredstatements="2" conditionals="0" coveredconditionals="0" methods="0" coveredmethods="0"/>
        <line num="1" count="5" type="stmt"/>
        <line num="4" count="5" type="stmt"/>
      </file>
      <file name="editSprintGoalSchema.ts" path="C:\Users\epile\Documents\Projects\GIT\projectManagement\frontend\src\validations\sprintGoal\editSprintGoalSchema.ts">
        <metrics statements="2" coveredstatements="2" conditionals="0" coveredconditionals="0" methods="0" coveredmethods="0"/>
        <line num="1" count="5" type="stmt"/>
        <line num="4" count="5" type="stmt"/>
      </file>
      <file name="index.ts" path="C:\Users\epile\Documents\Projects\GIT\projectManagement\frontend\src\validations\sprintGoal\index.ts">
        <metrics statements="2" coveredstatements="2" conditionals="0" coveredconditionals="0" methods="0" coveredmethods="0"/>
        <line num="1" count="5" type="stmt"/>
        <line num="2" count="5" type="stmt"/>
      </file>
    </package>
    <package name="validations.task">
      <metrics statements="6" coveredstatements="6" conditionals="0" coveredconditionals="0" methods="0" coveredmethods="0"/>
      <file name="createTaskSchema.ts" path="C:\Users\epile\Documents\Projects\GIT\projectManagement\frontend\src\validations\task\createTaskSchema.ts">
        <metrics statements="2" coveredstatements="2" conditionals="0" coveredconditionals="0" methods="0" coveredmethods="0"/>
        <line num="1" count="5" type="stmt"/>
        <line num="4" count="5" type="stmt"/>
      </file>
      <file name="editTaskSchema.ts" path="C:\Users\epile\Documents\Projects\GIT\projectManagement\frontend\src\validations\task\editTaskSchema.ts">
        <metrics statements="2" coveredstatements="2" conditionals="0" coveredconditionals="0" methods="0" coveredmethods="0"/>
        <line num="1" count="5" type="stmt"/>
        <line num="4" count="5" type="stmt"/>
      </file>
      <file name="index.ts" path="C:\Users\epile\Documents\Projects\GIT\projectManagement\frontend\src\validations\task\index.ts">
        <metrics statements="2" coveredstatements="2" conditionals="0" coveredconditionals="0" methods="0" coveredmethods="0"/>
        <line num="1" count="5" type="stmt"/>
        <line num="2" count="5" type="stmt"/>
      </file>
    </package>
    <package name="validations.teamMemberCapacity">
      <metrics statements="5" coveredstatements="3" conditionals="0" coveredconditionals="0" methods="1" coveredmethods="0"/>
      <file name="index.ts" path="C:\Users\epile\Documents\Projects\GIT\projectManagement\frontend\src\validations\teamMemberCapacity\index.ts">
        <metrics statements="1" coveredstatements="1" conditionals="0" coveredconditionals="0" methods="0" coveredmethods="0"/>
        <line num="1" count="5" type="stmt"/>
      </file>
      <file name="teamMemberCapacitySchema.ts" path="C:\Users\epile\Documents\Projects\GIT\projectManagement\frontend\src\validations\teamMemberCapacity\teamMemberCapacitySchema.ts">
        <metrics statements="4" coveredstatements="2" conditionals="0" coveredconditionals="0" methods="1" coveredmethods="0"/>
        <line num="1" count="5" type="stmt"/>
        <line num="3" count="5" type="stmt"/>
        <line num="21" count="0" type="stmt"/>
        <line num="22" count="0" type="stmt"/>
      </file>
    </package>
    <package name="validations.ticket">
      <metrics statements="6" coveredstatements="6" conditionals="0" coveredconditionals="0" methods="0" coveredmethods="0"/>
      <file name="createTicketSchema.ts" path="C:\Users\epile\Documents\Projects\GIT\projectManagement\frontend\src\validations\ticket\createTicketSchema.ts">
        <metrics statements="2" coveredstatements="2" conditionals="0" coveredconditionals="0" methods="0" coveredmethods="0"/>
        <line num="1" count="5" type="stmt"/>
        <line num="4" count="5" type="stmt"/>
      </file>
      <file name="editTicketSchema.ts" path="C:\Users\epile\Documents\Projects\GIT\projectManagement\frontend\src\validations\ticket\editTicketSchema.ts">
        <metrics statements="2" coveredstatements="2" conditionals="0" coveredconditionals="0" methods="0" coveredmethods="0"/>
        <line num="1" count="5" type="stmt"/>
        <line num="4" count="5" type="stmt"/>
      </file>
      <file name="index.ts" path="C:\Users\epile\Documents\Projects\GIT\projectManagement\frontend\src\validations\ticket\index.ts">
        <metrics statements="2" coveredstatements="2" conditionals="0" coveredconditionals="0" methods="0" coveredmethods="0"/>
        <line num="1" count="5" type="stmt"/>
        <line num="2" count="5" type="stmt"/>
      </file>
    </package>
  </project>
</coverage>
