{"C:\\Users\\epile\\Documents\\Projects\\GIT\\projectManagement\\frontend\\src\\components\\index.ts": {"path":"C:\\Users\\epile\\Documents\\Projects\\GIT\\projectManagement\\frontend\\src\\components\\index.ts","statementMap":{"0":{"start":{"line":1,"column":0},"end":{"line":1,"column":9}},"1":{"start":{"line":1,"column":9},"end":{"line":1,"column":27}},"2":{"start":{"line":2,"column":0},"end":{"line":2,"column":9}},"3":{"start":{"line":2,"column":9},"end":{"line":2,"column":26}},"4":{"start":{"line":3,"column":0},"end":{"line":3,"column":9}},"5":{"start":{"line":3,"column":9},"end":{"line":3,"column":33}},"6":{"start":{"line":4,"column":0},"end":{"line":4,"column":9}},"7":{"start":{"line":4,"column":9},"end":{"line":4,"column":34}},"8":{"start":{"line":5,"column":0},"end":{"line":5,"column":9}},"9":{"start":{"line":5,"column":9},"end":{"line":5,"column":30}},"10":{"start":{"line":6,"column":0},"end":{"line":6,"column":9}},"11":{"start":{"line":6,"column":9},"end":{"line":6,"column":27}},"12":{"start":{"line":7,"column":0},"end":{"line":7,"column":9}},"13":{"start":{"line":7,"column":9},"end":{"line":7,"column":30}},"14":{"start":{"line":8,"column":0},"end":{"line":8,"column":9}},"15":{"start":{"line":8,"column":9},"end":{"line":8,"column":26}},"16":{"start":{"line":9,"column":0},"end":{"line":9,"column":9}},"17":{"start":{"line":9,"column":9},"end":{"line":9,"column":26}},"18":{"start":{"line":10,"column":0},"end":{"line":10,"column":9}},"19":{"start":{"line":10,"column":9},"end":{"line":10,"column":43}},"20":{"start":{"line":11,"column":0},"end":{"line":11,"column":9}},"21":{"start":{"line":11,"column":9},"end":{"line":11,"column":36}},"22":{"start":{"line":12,"column":0},"end":{"line":12,"column":9}},"23":{"start":{"line":12,"column":9},"end":{"line":12,"column":32}},"24":{"start":{"line":13,"column":0},"end":{"line":13,"column":9}},"25":{"start":{"line":13,"column":9},"end":{"line":13,"column":28}},"26":{"start":{"line":15,"column":0},"end":{"line":15,"column":50}}},"fnMap":{"0":{"name":"(anonymous_5)","decl":{"start":{"line":1,"column":9},"end":{"line":1,"column":16}},"loc":{"start":{"line":1,"column":9},"end":{"line":1,"column":27}}},"1":{"name":"(anonymous_6)","decl":{"start":{"line":2,"column":9},"end":{"line":2,"column":16}},"loc":{"start":{"line":2,"column":9},"end":{"line":2,"column":26}}},"2":{"name":"(anonymous_7)","decl":{"start":{"line":3,"column":9},"end":{"line":3,"column":16}},"loc":{"start":{"line":3,"column":9},"end":{"line":3,"column":33}}},"3":{"name":"(anonymous_8)","decl":{"start":{"line":4,"column":9},"end":{"line":4,"column":16}},"loc":{"start":{"line":4,"column":9},"end":{"line":4,"column":34}}},"4":{"name":"(anonymous_9)","decl":{"start":{"line":5,"column":9},"end":{"line":5,"column":16}},"loc":{"start":{"line":5,"column":9},"end":{"line":5,"column":30}}},"5":{"name":"(anonymous_10)","decl":{"start":{"line":6,"column":9},"end":{"line":6,"column":16}},"loc":{"start":{"line":6,"column":9},"end":{"line":6,"column":27}}},"6":{"name":"(anonymous_11)","decl":{"start":{"line":7,"column":9},"end":{"line":7,"column":16}},"loc":{"start":{"line":7,"column":9},"end":{"line":7,"column":30}}},"7":{"name":"(anonymous_12)","decl":{"start":{"line":8,"column":9},"end":{"line":8,"column":16}},"loc":{"start":{"line":8,"column":9},"end":{"line":8,"column":26}}},"8":{"name":"(anonymous_13)","decl":{"start":{"line":9,"column":9},"end":{"line":9,"column":16}},"loc":{"start":{"line":9,"column":9},"end":{"line":9,"column":26}}},"9":{"name":"(anonymous_14)","decl":{"start":{"line":10,"column":9},"end":{"line":10,"column":16}},"loc":{"start":{"line":10,"column":9},"end":{"line":10,"column":43}}},"10":{"name":"(anonymous_15)","decl":{"start":{"line":11,"column":9},"end":{"line":11,"column":16}},"loc":{"start":{"line":11,"column":9},"end":{"line":11,"column":36}}},"11":{"name":"(anonymous_16)","decl":{"start":{"line":12,"column":9},"end":{"line":12,"column":16}},"loc":{"start":{"line":12,"column":9},"end":{"line":12,"column":32}}},"12":{"name":"(anonymous_17)","decl":{"start":{"line":13,"column":9},"end":{"line":13,"column":16}},"loc":{"start":{"line":13,"column":9},"end":{"line":13,"column":28}}}},"branchMap":{},"s":{"0":5,"1":5,"2":5,"3":5,"4":5,"5":5,"6":5,"7":5,"8":5,"9":5,"10":5,"11":5,"12":5,"13":5,"14":5,"15":5,"16":5,"17":5,"18":5,"19":5,"20":5,"21":5,"22":5,"23":5,"24":5,"25":5,"26":5},"f":{"0":0,"1":0,"2":0,"3":0,"4":0,"5":0,"6":0,"7":0,"8":0,"9":0,"10":0,"11":0,"12":0},"b":{}}
,"C:\\Users\\epile\\Documents\\Projects\\GIT\\projectManagement\\frontend\\src\\components\\deleteConfirmationModal\\DeleteConfirmationModal.tsx": {"path":"C:\\Users\\epile\\Documents\\Projects\\GIT\\projectManagement\\frontend\\src\\components\\deleteConfirmationModal\\DeleteConfirmationModal.tsx","statementMap":{"0":{"start":{"line":1,"column":0},"end":{"line":1,"column":null}},"1":{"start":{"line":11,"column":32},"end":{"line":58,"column":1}},"2":{"start":{"line":18,"column":23},"end":{"line":21,"column":3}},"3":{"start":{"line":19,"column":4},"end":{"line":19,"column":16}},"4":{"start":{"line":20,"column":4},"end":{"line":20,"column":14}},"5":{"start":{"line":22,"column":2},"end":{"line":57,"column":4}},"6":{"start":{"line":60,"column":0},"end":{"line":60,"column":39}}},"fnMap":{"0":{"name":"(anonymous_0)","decl":{"start":{"line":11,"column":32},"end":{"line":11,"column":33}},"loc":{"start":{"line":17,"column":35},"end":{"line":58,"column":1}}},"1":{"name":"(anonymous_1)","decl":{"start":{"line":18,"column":23},"end":{"line":18,"column":26}},"loc":{"start":{"line":18,"column":28},"end":{"line":21,"column":3}}}},"branchMap":{"0":{"loc":{"start":{"line":16,"column":2},"end":{"line":16,"column":18}},"type":"default-arg","locations":[{"start":{"line":16,"column":13},"end":{"line":16,"column":18}}]}},"s":{"0":6,"1":6,"2":4,"3":1,"4":1,"5":4,"6":6},"f":{"0":4,"1":1},"b":{"0":[4]}}
,"C:\\Users\\epile\\Documents\\Projects\\GIT\\projectManagement\\frontend\\src\\components\\dialogForm\\DialogForm.styles.ts": {"path":"C:\\Users\\epile\\Documents\\Projects\\GIT\\projectManagement\\frontend\\src\\components\\dialogForm\\DialogForm.styles.ts","statementMap":{"0":{"start":{"line":1,"column":0},"end":{"line":1,"column":null}},"1":{"start":{"line":12,"column":0},"end":{"line":12,"column":49}},"2":{"start":{"line":14,"column":13},"end":{"line":19,"column":4}},"3":{"start":{"line":14,"column":59},"end":{"line":19,"column":2}},"4":{"start":{"line":21,"column":13},"end":{"line":27,"column":4}},"5":{"start":{"line":21,"column":64},"end":{"line":27,"column":2}},"6":{"start":{"line":29,"column":13},"end":{"line":34,"column":4}},"7":{"start":{"line":29,"column":73},"end":{"line":34,"column":2}},"8":{"start":{"line":36,"column":13},"end":{"line":39,"column":4}},"9":{"start":{"line":36,"column":73},"end":{"line":39,"column":2}},"10":{"start":{"line":41,"column":13},"end":{"line":46,"column":4}},"11":{"start":{"line":41,"column":62},"end":{"line":46,"column":2}},"12":{"start":{"line":48,"column":13},"end":{"line":55,"column":4}},"13":{"start":{"line":48,"column":59},"end":{"line":55,"column":2}},"14":{"start":{"line":57,"column":13},"end":{"line":62,"column":4}},"15":{"start":{"line":57,"column":67},"end":{"line":62,"column":2}},"16":{"start":{"line":64,"column":13},"end":{"line":69,"column":4}},"17":{"start":{"line":64,"column":62},"end":{"line":69,"column":2}},"18":{"start":{"line":71,"column":13},"end":{"line":76,"column":4}},"19":{"start":{"line":71,"column":61},"end":{"line":76,"column":2}},"20":{"start":{"line":78,"column":13},"end":{"line":82,"column":4}},"21":{"start":{"line":78,"column":61},"end":{"line":82,"column":2}}},"fnMap":{"0":{"name":"(anonymous_0)","decl":{"start":{"line":14,"column":43},"end":{"line":14,"column":44}},"loc":{"start":{"line":14,"column":59},"end":{"line":19,"column":2}}},"1":{"name":"(anonymous_1)","decl":{"start":{"line":21,"column":48},"end":{"line":21,"column":49}},"loc":{"start":{"line":21,"column":64},"end":{"line":27,"column":2}}},"2":{"name":"(anonymous_2)","decl":{"start":{"line":29,"column":57},"end":{"line":29,"column":58}},"loc":{"start":{"line":29,"column":73},"end":{"line":34,"column":2}}},"3":{"name":"(anonymous_3)","decl":{"start":{"line":36,"column":57},"end":{"line":36,"column":58}},"loc":{"start":{"line":36,"column":73},"end":{"line":39,"column":2}}},"4":{"name":"(anonymous_4)","decl":{"start":{"line":41,"column":46},"end":{"line":41,"column":47}},"loc":{"start":{"line":41,"column":62},"end":{"line":46,"column":2}}},"5":{"name":"(anonymous_5)","decl":{"start":{"line":48,"column":43},"end":{"line":48,"column":44}},"loc":{"start":{"line":48,"column":59},"end":{"line":55,"column":2}}},"6":{"name":"(anonymous_6)","decl":{"start":{"line":57,"column":51},"end":{"line":57,"column":52}},"loc":{"start":{"line":57,"column":67},"end":{"line":62,"column":2}}},"7":{"name":"(anonymous_7)","decl":{"start":{"line":64,"column":46},"end":{"line":64,"column":47}},"loc":{"start":{"line":64,"column":62},"end":{"line":69,"column":2}}},"8":{"name":"(anonymous_8)","decl":{"start":{"line":71,"column":45},"end":{"line":71,"column":46}},"loc":{"start":{"line":71,"column":61},"end":{"line":76,"column":2}}},"9":{"name":"(anonymous_9)","decl":{"start":{"line":78,"column":45},"end":{"line":78,"column":46}},"loc":{"start":{"line":78,"column":61},"end":{"line":82,"column":2}}}},"branchMap":{},"s":{"0":6,"1":6,"2":6,"3":13,"4":6,"5":13,"6":6,"7":13,"8":6,"9":13,"10":6,"11":18,"12":6,"13":3,"14":6,"15":0,"16":6,"17":26,"18":6,"19":26,"20":6,"21":0},"f":{"0":13,"1":13,"2":13,"3":13,"4":18,"5":3,"6":0,"7":26,"8":26,"9":0},"b":{}}
,"C:\\Users\\epile\\Documents\\Projects\\GIT\\projectManagement\\frontend\\src\\components\\dialogForm\\DialogForm.tsx": {"path":"C:\\Users\\epile\\Documents\\Projects\\GIT\\projectManagement\\frontend\\src\\components\\dialogForm\\DialogForm.tsx","statementMap":{"0":{"start":{"line":1,"column":0},"end":{"line":1,"column":34}},"1":{"start":{"line":2,"column":0},"end":{"line":2,"column":null}},"2":{"start":{"line":11,"column":0},"end":{"line":11,"column":65}},"3":{"start":{"line":12,"column":0},"end":{"line":12,"column":54}},"4":{"start":{"line":13,"column":0},"end":{"line":13,"column":50}},"5":{"start":{"line":14,"column":0},"end":{"line":14,"column":66}},"6":{"start":{"line":16,"column":0},"end":{"line":16,"column":null}},"7":{"start":{"line":29,"column":19},"end":{"line":259,"column":1}},"8":{"start":{"line":45,"column":6},"end":{"line":49,"column":4}},"9":{"start":{"line":51,"column":2},"end":{"line":53,"column":29}},"10":{"start":{"line":52,"column":4},"end":{"line":52,"column":25}},"11":{"start":{"line":55,"column":22},"end":{"line":57,"column":3}},"12":{"start":{"line":56,"column":4},"end":{"line":56,"column":14}},"13":{"start":{"line":59,"column":23},"end":{"line":62,"column":3}},"14":{"start":{"line":60,"column":4},"end":{"line":60,"column":12}},"15":{"start":{"line":61,"column":4},"end":{"line":61,"column":27}},"16":{"start":{"line":64,"column":25},"end":{"line":67,"column":3}},"17":{"start":{"line":65,"column":4},"end":{"line":65,"column":19}},"18":{"start":{"line":66,"column":4},"end":{"line":66,"column":18}},"19":{"start":{"line":70,"column":28},"end":{"line":182,"column":3}},"20":{"start":{"line":71,"column":25},"end":{"line":71,"column":41}},"21":{"start":{"line":72,"column":18},"end":{"line":72,"column":78}},"22":{"start":{"line":73,"column":26},"end":{"line":73,"column":57}},"23":{"start":{"line":75,"column":6},"end":{"line":75,"column":78}},"24":{"start":{"line":76,"column":22},"end":{"line":76,"column":25}},"25":{"start":{"line":77,"column":21},"end":{"line":77,"column":41}},"26":{"start":{"line":78,"column":4},"end":{"line":78,"column":30}},"27":{"start":{"line":78,"column":18},"end":{"line":78,"column":30}},"28":{"start":{"line":80,"column":4},"end":{"line":111,"column":5}},"29":{"start":{"line":81,"column":6},"end":{"line":110,"column":8}},"30":{"start":{"line":88,"column":14},"end":{"line":102,"column":null}},"31":{"start":{"line":91,"column":18},"end":{"line":91,"column":74}},"32":{"start":{"line":113,"column":4},"end":{"line":152,"column":5}},"33":{"start":{"line":114,"column":6},"end":{"line":151,"column":8}},"34":{"start":{"line":121,"column":14},"end":{"line":143,"column":null}},"35":{"start":{"line":140,"column":18},"end":{"line":140,"column":47}},"36":{"start":{"line":154,"column":4},"end":{"line":181,"column":6}},"37":{"start":{"line":184,"column":2},"end":{"line":258,"column":4}},"38":{"start":{"line":202,"column":14},"end":{"line":202,"column":47}},"39":{"start":{"line":261,"column":0},"end":{"line":261,"column":26}}},"fnMap":{"0":{"name":"(anonymous_1)","decl":{"start":{"line":29,"column":19},"end":{"line":29,"column":51}},"loc":{"start":{"line":39,"column":25},"end":{"line":259,"column":1}}},"1":{"name":"(anonymous_2)","decl":{"start":{"line":51,"column":12},"end":{"line":51,"column":15}},"loc":{"start":{"line":51,"column":17},"end":{"line":53,"column":3}}},"2":{"name":"(anonymous_3)","decl":{"start":{"line":55,"column":22},"end":{"line":55,"column":25}},"loc":{"start":{"line":55,"column":27},"end":{"line":57,"column":3}}},"3":{"name":"(anonymous_4)","decl":{"start":{"line":59,"column":23},"end":{"line":59,"column":26}},"loc":{"start":{"line":59,"column":28},"end":{"line":62,"column":3}}},"4":{"name":"(anonymous_5)","decl":{"start":{"line":64,"column":25},"end":{"line":64,"column":26}},"loc":{"start":{"line":64,"column":37},"end":{"line":67,"column":3}}},"5":{"name":"(anonymous_6)","decl":{"start":{"line":70,"column":28},"end":{"line":70,"column":29}},"loc":{"start":{"line":70,"column":45},"end":{"line":182,"column":3}}},"6":{"name":"(anonymous_7)","decl":{"start":{"line":87,"column":20},"end":{"line":87,"column":21}},"loc":{"start":{"line":88,"column":14},"end":{"line":102,"column":null}}},"7":{"name":"(anonymous_8)","decl":{"start":{"line":90,"column":26},"end":{"line":90,"column":27}},"loc":{"start":{"line":91,"column":18},"end":{"line":91,"column":74}}},"8":{"name":"(anonymous_9)","decl":{"start":{"line":120,"column":20},"end":{"line":120,"column":21}},"loc":{"start":{"line":121,"column":14},"end":{"line":143,"column":null}}},"9":{"name":"(anonymous_10)","decl":{"start":{"line":139,"column":44},"end":{"line":139,"column":45}},"loc":{"start":{"line":140,"column":18},"end":{"line":140,"column":47}}},"10":{"name":"(anonymous_11)","decl":{"start":{"line":201,"column":44},"end":{"line":201,"column":45}},"loc":{"start":{"line":202,"column":14},"end":{"line":202,"column":47}}}},"branchMap":{"0":{"loc":{"start":{"line":38,"column":2},"end":{"line":38,"column":18}},"type":"default-arg","locations":[{"start":{"line":38,"column":16},"end":{"line":38,"column":18}}]},"1":{"loc":{"start":{"line":61,"column":4},"end":{"line":61,"column":26}},"type":"binary-expr","locations":[{"start":{"line":61,"column":4},"end":{"line":61,"column":12}},{"start":{"line":61,"column":16},"end":{"line":61,"column":26}}]},"2":{"loc":{"start":{"line":72,"column":18},"end":{"line":72,"column":78}},"type":"binary-expr","locations":[{"start":{"line":72,"column":18},"end":{"line":72,"column":37}},{"start":{"line":72,"column":41},"end":{"line":72,"column":78}}]},"3":{"loc":{"start":{"line":75,"column":6},"end":{"line":75,"column":78}},"type":"binary-expr","locations":[{"start":{"line":75,"column":6},"end":{"line":75,"column":41}},{"start":{"line":75,"column":45},"end":{"line":75,"column":78}}]},"4":{"loc":{"start":{"line":78,"column":4},"end":{"line":78,"column":30}},"type":"if","locations":[{"start":{"line":78,"column":4},"end":{"line":78,"column":30}}]},"5":{"loc":{"start":{"line":80,"column":4},"end":{"line":111,"column":5}},"type":"if","locations":[{"start":{"line":80,"column":4},"end":{"line":111,"column":5}}]},"6":{"loc":{"start":{"line":89,"column":23},"end":{"line":89,"column":65}},"type":"cond-expr","locations":[{"start":{"line":89,"column":37},"end":{"line":89,"column":58}},{"start":{"line":89,"column":61},"end":{"line":89,"column":65}}]},"7":{"loc":{"start":{"line":91,"column":33},"end":{"line":91,"column":73}},"type":"cond-expr","locations":[{"start":{"line":91,"column":44},"end":{"line":91,"column":66}},{"start":{"line":91,"column":69},"end":{"line":91,"column":73}}]},"8":{"loc":{"start":{"line":98,"column":33},"end":{"line":98,"column":64}},"type":"binary-expr","locations":[{"start":{"line":98,"column":33},"end":{"line":98,"column":58}},{"start":{"line":98,"column":62},"end":{"line":98,"column":64}}]},"9":{"loc":{"start":{"line":106,"column":11},"end":{"line":107,"column":null}},"type":"binary-expr","locations":[{"start":{"line":106,"column":11},"end":{"line":106,"column":28}},{"start":{"line":107,"column":12},"end":{"line":107,"column":75}}]},"10":{"loc":{"start":{"line":113,"column":4},"end":{"line":152,"column":5}},"type":"if","locations":[{"start":{"line":113,"column":4},"end":{"line":152,"column":5}}]},"11":{"loc":{"start":{"line":126,"column":26},"end":{"line":126,"column":60}},"type":"binary-expr","locations":[{"start":{"line":126,"column":26},"end":{"line":126,"column":34}},{"start":{"line":126,"column":38},"end":{"line":126,"column":60}}]},"12":{"loc":{"start":{"line":134,"column":17},"end":{"line":137,"column":null}},"type":"binary-expr","locations":[{"start":{"line":134,"column":17},"end":{"line":134,"column":42}},{"start":{"line":135,"column":18},"end":{"line":136,"column":null}}]},"13":{"loc":{"start":{"line":147,"column":11},"end":{"line":148,"column":null}},"type":"binary-expr","locations":[{"start":{"line":147,"column":11},"end":{"line":147,"column":28}},{"start":{"line":148,"column":12},"end":{"line":148,"column":75}}]},"14":{"loc":{"start":{"line":161,"column":20},"end":{"line":161,"column":54}},"type":"binary-expr","locations":[{"start":{"line":161,"column":20},"end":{"line":161,"column":28}},{"start":{"line":161,"column":32},"end":{"line":161,"column":54}}]},"15":{"loc":{"start":{"line":163,"column":23},"end":{"line":163,"column":54}},"type":"binary-expr","locations":[{"start":{"line":163,"column":23},"end":{"line":163,"column":48}},{"start":{"line":163,"column":52},"end":{"line":163,"column":54}}]},"16":{"loc":{"start":{"line":165,"column":16},"end":{"line":165,"column":39}},"type":"binary-expr","locations":[{"start":{"line":165,"column":16},"end":{"line":165,"column":34}},{"start":{"line":165,"column":38},"end":{"line":165,"column":39}}]},"17":{"loc":{"start":{"line":166,"column":16},"end":{"line":166,"column":44}},"type":"binary-expr","locations":[{"start":{"line":166,"column":16},"end":{"line":166,"column":34}},{"start":{"line":166,"column":38},"end":{"line":166,"column":44}}]},"18":{"loc":{"start":{"line":177,"column":9},"end":{"line":178,"column":null}},"type":"binary-expr","locations":[{"start":{"line":177,"column":9},"end":{"line":177,"column":26}},{"start":{"line":178,"column":10},"end":{"line":178,"column":73}}]},"19":{"loc":{"start":{"line":216,"column":13},"end":{"line":231,"column":null}},"type":"binary-expr","locations":[{"start":{"line":216,"column":13},"end":{"line":216,"column":21}},{"start":{"line":217,"column":14},"end":{"line":230,"column":null}}]},"20":{"loc":{"start":{"line":218,"column":23},"end":{"line":218,"column":75}},"type":"cond-expr","locations":[{"start":{"line":218,"column":34},"end":{"line":218,"column":64}},{"start":{"line":218,"column":67},"end":{"line":218,"column":75}}]},"21":{"loc":{"start":{"line":241,"column":30},"end":{"line":241,"column":66}},"type":"cond-expr","locations":[{"start":{"line":241,"column":41},"end":{"line":241,"column":61}},{"start":{"line":241,"column":64},"end":{"line":241,"column":66}}]},"22":{"loc":{"start":{"line":246,"column":30},"end":{"line":246,"column":50}},"type":"binary-expr","locations":[{"start":{"line":246,"column":30},"end":{"line":246,"column":38}},{"start":{"line":246,"column":42},"end":{"line":246,"column":50}}]}},"s":{"0":6,"1":6,"2":6,"3":6,"4":6,"5":6,"6":6,"7":6,"8":13,"9":13,"10":5,"11":13,"12":2,"13":13,"14":1,"15":1,"16":13,"17":1,"18":1,"19":13,"20":26,"21":26,"22":26,"23":26,"24":26,"25":26,"26":26,"27":0,"28":26,"29":0,"30":0,"31":0,"32":26,"33":0,"34":0,"35":0,"36":26,"37":13,"38":26,"39":6},"f":{"0":13,"1":5,"2":2,"3":1,"4":1,"5":26,"6":0,"7":0,"8":0,"9":0,"10":26},"b":{"0":[0],"1":[1,1],"2":[26,0],"3":[26,26],"4":[0],"5":[0],"6":[0,0],"7":[0,0],"8":[0,0],"9":[0,0],"10":[0],"11":[0,0],"12":[0,0],"13":[0,0],"14":[26,26],"15":[26,0],"16":[26,26],"17":[26,0],"18":[26,0],"19":[13,3],"20":[0,3],"21":[11,2],"22":[13,13]}}
,"C:\\Users\\epile\\Documents\\Projects\\GIT\\projectManagement\\frontend\\src\\components\\dialogsContainer\\DialogsContainer.tsx": {"path":"C:\\Users\\epile\\Documents\\Projects\\GIT\\projectManagement\\frontend\\src\\components\\dialogsContainer\\DialogsContainer.tsx","statementMap":{"0":{"start":{"line":2,"column":0},"end":{"line":2,"column":65}},"1":{"start":{"line":3,"column":0},"end":{"line":3,"column":null}},"2":{"start":{"line":12,"column":0},"end":{"line":12,"column":51}},"3":{"start":{"line":14,"column":0},"end":{"line":14,"column":62}},"4":{"start":{"line":15,"column":0},"end":{"line":15,"column":49}},"5":{"start":{"line":16,"column":0},"end":{"line":16,"column":74}},"6":{"start":{"line":17,"column":0},"end":{"line":17,"column":62}},"7":{"start":{"line":18,"column":0},"end":{"line":18,"column":68}},"8":{"start":{"line":20,"column":58},"end":{"line":350,"column":1}},"9":{"start":{"line":91,"column":42},"end":{"line":91,"column":59}},"10":{"start":{"line":92,"column":28},"end":{"line":92,"column":39}},"11":{"start":{"line":93,"column":32},"end":{"line":93,"column":41}},"12":{"start":{"line":94,"column":22},"end":{"line":94,"column":34}},"13":{"start":{"line":95,"column":21},"end":{"line":95,"column":32}},"14":{"start":{"line":96,"column":25},"end":{"line":96,"column":36}},"15":{"start":{"line":98,"column":30},"end":{"line":103,"column":3}},"16":{"start":{"line":99,"column":23},"end":{"line":99,"column":57}},"17":{"start":{"line":100,"column":22},"end":{"line":100,"column":55}},"18":{"start":{"line":101,"column":4},"end":{"line":101,"column":28}},"19":{"start":{"line":102,"column":4},"end":{"line":102,"column":60}},"20":{"start":{"line":105,"column":2},"end":{"line":349,"column":4}},"21":{"start":{"line":112,"column":25},"end":{"line":112,"column":57}},"22":{"start":{"line":133,"column":25},"end":{"line":133,"column":49}},"23":{"start":{"line":152,"column":25},"end":{"line":152,"column":57}},"24":{"start":{"line":176,"column":25},"end":{"line":176,"column":61}},"25":{"start":{"line":191,"column":25},"end":{"line":191,"column":59}},"26":{"start":{"line":208,"column":12},"end":{"line":208,"column":41}},"27":{"start":{"line":209,"column":12},"end":{"line":209,"column":42}},"28":{"start":{"line":220,"column":50},"end":{"line":220,"column":60}},"29":{"start":{"line":222,"column":12},"end":{"line":222,"column":43}},"30":{"start":{"line":223,"column":12},"end":{"line":223,"column":44}},"31":{"start":{"line":243,"column":12},"end":{"line":243,"column":47}},"32":{"start":{"line":244,"column":12},"end":{"line":244,"column":40}},"33":{"start":{"line":282,"column":12},"end":{"line":282,"column":38}},"34":{"start":{"line":283,"column":12},"end":{"line":283,"column":45}},"35":{"start":{"line":299,"column":25},"end":{"line":299,"column":57}},"36":{"start":{"line":300,"column":27},"end":{"line":300,"column":61}},"37":{"start":{"line":309,"column":25},"end":{"line":309,"column":55}},"38":{"start":{"line":310,"column":27},"end":{"line":310,"column":57}},"39":{"start":{"line":319,"column":25},"end":{"line":319,"column":57}},"40":{"start":{"line":320,"column":27},"end":{"line":320,"column":61}},"41":{"start":{"line":330,"column":12},"end":{"line":330,"column":49}},"42":{"start":{"line":331,"column":12},"end":{"line":331,"column":40}},"43":{"start":{"line":333,"column":27},"end":{"line":333,"column":69}},"44":{"start":{"line":341,"column":12},"end":{"line":341,"column":47}},"45":{"start":{"line":342,"column":12},"end":{"line":342,"column":38}},"46":{"start":{"line":344,"column":27},"end":{"line":344,"column":65}},"47":{"start":{"line":352,"column":0},"end":{"line":352,"column":32}}},"fnMap":{"0":{"name":"(anonymous_1)","decl":{"start":{"line":20,"column":58},"end":{"line":20,"column":59}},"loc":{"start":{"line":90,"column":5},"end":{"line":350,"column":1}}},"1":{"name":"(anonymous_2)","decl":{"start":{"line":98,"column":30},"end":{"line":98,"column":31}},"loc":{"start":{"line":98,"column":63},"end":{"line":103,"column":3}}},"2":{"name":"(anonymous_3)","decl":{"start":{"line":112,"column":19},"end":{"line":112,"column":22}},"loc":{"start":{"line":112,"column":25},"end":{"line":112,"column":57}}},"3":{"name":"(anonymous_4)","decl":{"start":{"line":133,"column":19},"end":{"line":133,"column":22}},"loc":{"start":{"line":133,"column":25},"end":{"line":133,"column":49}}},"4":{"name":"(anonymous_5)","decl":{"start":{"line":152,"column":19},"end":{"line":152,"column":22}},"loc":{"start":{"line":152,"column":25},"end":{"line":152,"column":57}}},"5":{"name":"(anonymous_6)","decl":{"start":{"line":176,"column":19},"end":{"line":176,"column":22}},"loc":{"start":{"line":176,"column":25},"end":{"line":176,"column":61}}},"6":{"name":"(anonymous_7)","decl":{"start":{"line":191,"column":19},"end":{"line":191,"column":22}},"loc":{"start":{"line":191,"column":25},"end":{"line":191,"column":59}}},"7":{"name":"(anonymous_8)","decl":{"start":{"line":207,"column":19},"end":{"line":207,"column":22}},"loc":{"start":{"line":207,"column":24},"end":{"line":210,"column":11}}},"8":{"name":"(anonymous_9)","decl":{"start":{"line":220,"column":43},"end":{"line":220,"column":44}},"loc":{"start":{"line":220,"column":50},"end":{"line":220,"column":60}}},"9":{"name":"(anonymous_10)","decl":{"start":{"line":221,"column":19},"end":{"line":221,"column":22}},"loc":{"start":{"line":221,"column":24},"end":{"line":224,"column":11}}},"10":{"name":"(anonymous_11)","decl":{"start":{"line":242,"column":19},"end":{"line":242,"column":22}},"loc":{"start":{"line":242,"column":24},"end":{"line":245,"column":11}}},"11":{"name":"(anonymous_12)","decl":{"start":{"line":281,"column":19},"end":{"line":281,"column":22}},"loc":{"start":{"line":281,"column":24},"end":{"line":284,"column":11}}},"12":{"name":"(anonymous_13)","decl":{"start":{"line":299,"column":19},"end":{"line":299,"column":22}},"loc":{"start":{"line":299,"column":25},"end":{"line":299,"column":57}}},"13":{"name":"(anonymous_14)","decl":{"start":{"line":300,"column":21},"end":{"line":300,"column":24}},"loc":{"start":{"line":300,"column":27},"end":{"line":300,"column":61}}},"14":{"name":"(anonymous_15)","decl":{"start":{"line":309,"column":19},"end":{"line":309,"column":22}},"loc":{"start":{"line":309,"column":25},"end":{"line":309,"column":55}}},"15":{"name":"(anonymous_16)","decl":{"start":{"line":310,"column":21},"end":{"line":310,"column":24}},"loc":{"start":{"line":310,"column":27},"end":{"line":310,"column":57}}},"16":{"name":"(anonymous_17)","decl":{"start":{"line":319,"column":19},"end":{"line":319,"column":22}},"loc":{"start":{"line":319,"column":25},"end":{"line":319,"column":57}}},"17":{"name":"(anonymous_18)","decl":{"start":{"line":320,"column":21},"end":{"line":320,"column":24}},"loc":{"start":{"line":320,"column":27},"end":{"line":320,"column":61}}},"18":{"name":"(anonymous_19)","decl":{"start":{"line":329,"column":19},"end":{"line":329,"column":22}},"loc":{"start":{"line":329,"column":24},"end":{"line":332,"column":11}}},"19":{"name":"(anonymous_20)","decl":{"start":{"line":333,"column":21},"end":{"line":333,"column":24}},"loc":{"start":{"line":333,"column":27},"end":{"line":333,"column":69}}},"20":{"name":"(anonymous_21)","decl":{"start":{"line":340,"column":19},"end":{"line":340,"column":22}},"loc":{"start":{"line":340,"column":24},"end":{"line":343,"column":11}}},"21":{"name":"(anonymous_22)","decl":{"start":{"line":344,"column":21},"end":{"line":344,"column":24}},"loc":{"start":{"line":344,"column":27},"end":{"line":344,"column":65}}}},"branchMap":{"0":{"loc":{"start":{"line":99,"column":23},"end":{"line":99,"column":57}},"type":"binary-expr","locations":[{"start":{"line":99,"column":23},"end":{"line":99,"column":46}},{"start":{"line":99,"column":50},"end":{"line":99,"column":57}}]},"1":{"loc":{"start":{"line":108,"column":7},"end":{"line":126,"column":null}},"type":"binary-expr","locations":[{"start":{"line":108,"column":7},"end":{"line":108,"column":29}},{"start":{"line":109,"column":8},"end":{"line":125,"column":null}}]},"2":{"loc":{"start":{"line":129,"column":7},"end":{"line":145,"column":null}},"type":"binary-expr","locations":[{"start":{"line":129,"column":7},"end":{"line":129,"column":21}},{"start":{"line":130,"column":8},"end":{"line":144,"column":null}}]},"3":{"loc":{"start":{"line":148,"column":7},"end":{"line":169,"column":null}},"type":"binary-expr","locations":[{"start":{"line":148,"column":7},"end":{"line":148,"column":29}},{"start":{"line":149,"column":8},"end":{"line":168,"column":null}}]},"4":{"loc":{"start":{"line":155,"column":20},"end":{"line":155,"column":62}},"type":"binary-expr","locations":[{"start":{"line":155,"column":20},"end":{"line":155,"column":39}},{"start":{"line":155,"column":43},"end":{"line":155,"column":62}}]},"5":{"loc":{"start":{"line":172,"column":7},"end":{"line":184,"column":null}},"type":"binary-expr","locations":[{"start":{"line":172,"column":7},"end":{"line":172,"column":33}},{"start":{"line":173,"column":8},"end":{"line":183,"column":null}}]},"6":{"loc":{"start":{"line":187,"column":7},"end":{"line":198,"column":null}},"type":"binary-expr","locations":[{"start":{"line":187,"column":7},"end":{"line":187,"column":39}},{"start":{"line":187,"column":43},"end":{"line":187,"column":61}},{"start":{"line":188,"column":8},"end":{"line":197,"column":null}}]},"7":{"loc":{"start":{"line":203,"column":7},"end":{"line":215,"column":null}},"type":"binary-expr","locations":[{"start":{"line":203,"column":7},"end":{"line":203,"column":19}},{"start":{"line":203,"column":23},"end":{"line":203,"column":41}},{"start":{"line":204,"column":8},"end":{"line":214,"column":null}}]},"8":{"loc":{"start":{"line":218,"column":7},"end":{"line":235,"column":null}},"type":"binary-expr","locations":[{"start":{"line":218,"column":7},"end":{"line":218,"column":21}},{"start":{"line":218,"column":25},"end":{"line":218,"column":45}},{"start":{"line":219,"column":8},"end":{"line":234,"column":null}}]},"9":{"loc":{"start":{"line":238,"column":7},"end":{"line":274,"column":null}},"type":"binary-expr","locations":[{"start":{"line":238,"column":7},"end":{"line":238,"column":25}},{"start":{"line":238,"column":29},"end":{"line":238,"column":53}},{"start":{"line":239,"column":8},"end":{"line":273,"column":null}}]},"10":{"loc":{"start":{"line":252,"column":25},"end":{"line":252,"column":61}},"type":"binary-expr","locations":[{"start":{"line":252,"column":25},"end":{"line":252,"column":55}},{"start":{"line":252,"column":59},"end":{"line":252,"column":61}}]},"11":{"loc":{"start":{"line":277,"column":7},"end":{"line":291,"column":null}},"type":"binary-expr","locations":[{"start":{"line":277,"column":7},"end":{"line":277,"column":29}},{"start":{"line":277,"column":33},"end":{"line":277,"column":49}},{"start":{"line":278,"column":8},"end":{"line":290,"column":null}}]},"12":{"loc":{"start":{"line":296,"column":7},"end":{"line":303,"column":null}},"type":"binary-expr","locations":[{"start":{"line":296,"column":7},"end":{"line":296,"column":21}},{"start":{"line":296,"column":25},"end":{"line":296,"column":47}},{"start":{"line":297,"column":8},"end":{"line":302,"column":null}}]},"13":{"loc":{"start":{"line":306,"column":7},"end":{"line":313,"column":null}},"type":"binary-expr","locations":[{"start":{"line":306,"column":7},"end":{"line":306,"column":19}},{"start":{"line":306,"column":23},"end":{"line":306,"column":43}},{"start":{"line":307,"column":8},"end":{"line":312,"column":null}}]},"14":{"loc":{"start":{"line":316,"column":7},"end":{"line":323,"column":null}},"type":"binary-expr","locations":[{"start":{"line":316,"column":7},"end":{"line":316,"column":21}},{"start":{"line":316,"column":25},"end":{"line":316,"column":47}},{"start":{"line":317,"column":8},"end":{"line":322,"column":null}}]},"15":{"loc":{"start":{"line":326,"column":7},"end":{"line":335,"column":null}},"type":"binary-expr","locations":[{"start":{"line":326,"column":7},"end":{"line":326,"column":25}},{"start":{"line":326,"column":29},"end":{"line":326,"column":55}},{"start":{"line":327,"column":8},"end":{"line":334,"column":null}}]},"16":{"loc":{"start":{"line":337,"column":7},"end":{"line":346,"column":null}},"type":"binary-expr","locations":[{"start":{"line":337,"column":7},"end":{"line":337,"column":23}},{"start":{"line":337,"column":27},"end":{"line":337,"column":51}},{"start":{"line":338,"column":8},"end":{"line":345,"column":null}}]}},"s":{"0":5,"1":5,"2":5,"3":5,"4":5,"5":5,"6":5,"7":5,"8":5,"9":0,"10":0,"11":0,"12":0,"13":0,"14":0,"15":0,"16":0,"17":0,"18":0,"19":0,"20":0,"21":0,"22":0,"23":0,"24":0,"25":0,"26":0,"27":0,"28":0,"29":0,"30":0,"31":0,"32":0,"33":0,"34":0,"35":0,"36":0,"37":0,"38":0,"39":0,"40":0,"41":0,"42":0,"43":0,"44":0,"45":0,"46":0,"47":5},"f":{"0":0,"1":0,"2":0,"3":0,"4":0,"5":0,"6":0,"7":0,"8":0,"9":0,"10":0,"11":0,"12":0,"13":0,"14":0,"15":0,"16":0,"17":0,"18":0,"19":0,"20":0,"21":0},"b":{"0":[0,0],"1":[0,0],"2":[0,0],"3":[0,0],"4":[0,0],"5":[0,0],"6":[0,0,0],"7":[0,0,0],"8":[0,0,0],"9":[0,0,0],"10":[0,0],"11":[0,0,0],"12":[0,0,0],"13":[0,0,0],"14":[0,0,0],"15":[0,0,0],"16":[0,0,0]}}
,"C:\\Users\\epile\\Documents\\Projects\\GIT\\projectManagement\\frontend\\src\\components\\header\\Header.styles.ts": {"path":"C:\\Users\\epile\\Documents\\Projects\\GIT\\projectManagement\\frontend\\src\\components\\header\\Header.styles.ts","statementMap":{"0":{"start":{"line":1,"column":0},"end":{"line":1,"column":67}},"1":{"start":{"line":3,"column":13},"end":{"line":8,"column":4}},"2":{"start":{"line":3,"column":50},"end":{"line":8,"column":2}},"3":{"start":{"line":10,"column":13},"end":{"line":15,"column":4}},"4":{"start":{"line":10,"column":50},"end":{"line":15,"column":2}},"5":{"start":{"line":17,"column":13},"end":{"line":24,"column":4}},"6":{"start":{"line":17,"column":63},"end":{"line":24,"column":2}},"7":{"start":{"line":26,"column":13},"end":{"line":39,"column":4}},"8":{"start":{"line":26,"column":55},"end":{"line":39,"column":2}},"9":{"start":{"line":41,"column":13},"end":{"line":57,"column":4}},"10":{"start":{"line":41,"column":53},"end":{"line":57,"column":2}},"11":{"start":{"line":59,"column":13},"end":{"line":63,"column":4}},"12":{"start":{"line":59,"column":42},"end":{"line":63,"column":2}}},"fnMap":{"0":{"name":"(anonymous_0)","decl":{"start":{"line":3,"column":43},"end":{"line":3,"column":46}},"loc":{"start":{"line":3,"column":50},"end":{"line":8,"column":2}}},"1":{"name":"(anonymous_1)","decl":{"start":{"line":10,"column":34},"end":{"line":10,"column":35}},"loc":{"start":{"line":10,"column":50},"end":{"line":15,"column":2}}},"2":{"name":"(anonymous_2)","decl":{"start":{"line":17,"column":47},"end":{"line":17,"column":48}},"loc":{"start":{"line":17,"column":63},"end":{"line":24,"column":2}}},"3":{"name":"(anonymous_3)","decl":{"start":{"line":26,"column":39},"end":{"line":26,"column":40}},"loc":{"start":{"line":26,"column":55},"end":{"line":39,"column":2}}},"4":{"name":"(anonymous_4)","decl":{"start":{"line":41,"column":37},"end":{"line":41,"column":38}},"loc":{"start":{"line":41,"column":53},"end":{"line":57,"column":2}}},"5":{"name":"(anonymous_5)","decl":{"start":{"line":59,"column":35},"end":{"line":59,"column":38}},"loc":{"start":{"line":59,"column":42},"end":{"line":63,"column":2}}}},"branchMap":{},"s":{"0":5,"1":5,"2":5,"3":5,"4":5,"5":5,"6":5,"7":5,"8":5,"9":5,"10":60,"11":5,"12":30},"f":{"0":5,"1":5,"2":5,"3":5,"4":60,"5":30},"b":{}}
,"C:\\Users\\epile\\Documents\\Projects\\GIT\\projectManagement\\frontend\\src\\components\\header\\Header.tsx": {"path":"C:\\Users\\epile\\Documents\\Projects\\GIT\\projectManagement\\frontend\\src\\components\\header\\Header.tsx","statementMap":{"0":{"start":{"line":1,"column":0},"end":{"line":1,"column":39}},"1":{"start":{"line":2,"column":0},"end":{"line":2,"column":60}},"2":{"start":{"line":3,"column":0},"end":{"line":3,"column":55}},"3":{"start":{"line":4,"column":0},"end":{"line":4,"column":null}},"4":{"start":{"line":13,"column":0},"end":{"line":13,"column":43}},"5":{"start":{"line":14,"column":0},"end":{"line":14,"column":50}},"6":{"start":{"line":15,"column":0},"end":{"line":15,"column":48}},"7":{"start":{"line":17,"column":38},"end":{"line":80,"column":1}},"8":{"start":{"line":18,"column":19},"end":{"line":18,"column":32}},"9":{"start":{"line":19,"column":19},"end":{"line":19,"column":32}},"10":{"start":{"line":20,"column":23},"end":{"line":20,"column":51}},"11":{"start":{"line":21,"column":21},"end":{"line":21,"column":58}},"12":{"start":{"line":23,"column":26},"end":{"line":28,"column":3}},"13":{"start":{"line":24,"column":4},"end":{"line":24,"column":28}},"14":{"start":{"line":25,"column":4},"end":{"line":27,"column":5}},"15":{"start":{"line":26,"column":6},"end":{"line":26,"column":72}},"16":{"start":{"line":30,"column":15},"end":{"line":46,"column":null}},"17":{"start":{"line":32,"column":6},"end":{"line":45,"column":8}},"18":{"start":{"line":33,"column":8},"end":{"line":34,"column":null}},"19":{"start":{"line":49,"column":32},"end":{"line":52,"column":3}},"20":{"start":{"line":51,"column":4},"end":{"line":51,"column":45}},"21":{"start":{"line":54,"column":2},"end":{"line":79,"column":4}},"22":{"start":{"line":82,"column":0},"end":{"line":82,"column":22}}},"fnMap":{"0":{"name":"(anonymous_1)","decl":{"start":{"line":17,"column":38},"end":{"line":17,"column":39}},"loc":{"start":{"line":17,"column":69},"end":{"line":80,"column":1}}},"1":{"name":"(anonymous_2)","decl":{"start":{"line":23,"column":26},"end":{"line":23,"column":27}},"loc":{"start":{"line":23,"column":76},"end":{"line":28,"column":3}}},"2":{"name":"(anonymous_3)","decl":{"start":{"line":31,"column":4},"end":{"line":31,"column":7}},"loc":{"start":{"line":32,"column":6},"end":{"line":45,"column":8}}},"3":{"name":"(anonymous_4)","decl":{"start":{"line":32,"column":21},"end":{"line":32,"column":22}},"loc":{"start":{"line":33,"column":8},"end":{"line":34,"column":null}}},"4":{"name":"(anonymous_5)","decl":{"start":{"line":49,"column":32},"end":{"line":49,"column":35}},"loc":{"start":{"line":49,"column":37},"end":{"line":52,"column":3}}}},"branchMap":{"0":{"loc":{"start":{"line":25,"column":4},"end":{"line":27,"column":5}},"type":"if","locations":[{"start":{"line":25,"column":4},"end":{"line":27,"column":5}}]},"1":{"loc":{"start":{"line":37,"column":15},"end":{"line":37,"column":61}},"type":"binary-expr","locations":[{"start":{"line":37,"column":15},"end":{"line":37,"column":23}},{"start":{"line":37,"column":27},"end":{"line":37,"column":61}}]}},"s":{"0":5,"1":5,"2":5,"3":5,"4":5,"5":5,"6":5,"7":5,"8":5,"9":5,"10":5,"11":5,"12":5,"13":1,"14":1,"15":1,"16":5,"17":5,"18":30,"19":5,"20":0,"21":5,"22":5},"f":{"0":5,"1":1,"2":5,"3":30,"4":0},"b":{"0":[1],"1":[30,30]}}
,"C:\\Users\\epile\\Documents\\Projects\\GIT\\projectManagement\\frontend\\src\\components\\header\\userMenu\\UserMenu.tsx": {"path":"C:\\Users\\epile\\Documents\\Projects\\GIT\\projectManagement\\frontend\\src\\components\\header\\userMenu\\UserMenu.tsx","statementMap":{"0":{"start":{"line":1,"column":0},"end":{"line":1,"column":40}},"1":{"start":{"line":2,"column":0},"end":{"line":2,"column":null}},"2":{"start":{"line":12,"column":0},"end":{"line":12,"column":null}},"3":{"start":{"line":17,"column":0},"end":{"line":17,"column":47}},"4":{"start":{"line":18,"column":0},"end":{"line":18,"column":43}},"5":{"start":{"line":19,"column":0},"end":{"line":19,"column":47}},"6":{"start":{"line":21,"column":17},"end":{"line":140,"column":1}},"7":{"start":{"line":22,"column":34},"end":{"line":22,"column":68}},"8":{"start":{"line":23,"column":15},"end":{"line":23,"column":32}},"9":{"start":{"line":24,"column":27},"end":{"line":24,"column":36}},"10":{"start":{"line":25,"column":19},"end":{"line":25,"column":32}},"11":{"start":{"line":27,"column":22},"end":{"line":29,"column":3}},"12":{"start":{"line":28,"column":4},"end":{"line":28,"column":37}},"13":{"start":{"line":31,"column":22},"end":{"line":33,"column":3}},"14":{"start":{"line":32,"column":4},"end":{"line":32,"column":22}},"15":{"start":{"line":35,"column":23},"end":{"line":39,"column":3}},"16":{"start":{"line":36,"column":4},"end":{"line":36,"column":13}},"17":{"start":{"line":37,"column":4},"end":{"line":37,"column":18}},"18":{"start":{"line":38,"column":4},"end":{"line":38,"column":28}},"19":{"start":{"line":41,"column":24},"end":{"line":44,"column":3}},"20":{"start":{"line":43,"column":4},"end":{"line":43,"column":18}},"21":{"start":{"line":46,"column":25},"end":{"line":49,"column":3}},"22":{"start":{"line":48,"column":4},"end":{"line":48,"column":18}},"23":{"start":{"line":51,"column":2},"end":{"line":139,"column":4}},"24":{"start":{"line":142,"column":0},"end":{"line":142,"column":24}}},"fnMap":{"0":{"name":"(anonymous_0)","decl":{"start":{"line":21,"column":17},"end":{"line":21,"column":20}},"loc":{"start":{"line":21,"column":22},"end":{"line":140,"column":1}}},"1":{"name":"(anonymous_1)","decl":{"start":{"line":27,"column":22},"end":{"line":27,"column":23}},"loc":{"start":{"line":27,"column":63},"end":{"line":29,"column":3}}},"2":{"name":"(anonymous_2)","decl":{"start":{"line":31,"column":22},"end":{"line":31,"column":25}},"loc":{"start":{"line":31,"column":27},"end":{"line":33,"column":3}}},"3":{"name":"(anonymous_3)","decl":{"start":{"line":35,"column":23},"end":{"line":35,"column":26}},"loc":{"start":{"line":35,"column":28},"end":{"line":39,"column":3}}},"4":{"name":"(anonymous_4)","decl":{"start":{"line":41,"column":24},"end":{"line":41,"column":27}},"loc":{"start":{"line":41,"column":29},"end":{"line":44,"column":3}}},"5":{"name":"(anonymous_5)","decl":{"start":{"line":46,"column":25},"end":{"line":46,"column":28}},"loc":{"start":{"line":46,"column":30},"end":{"line":49,"column":3}}}},"branchMap":{"0":{"loc":{"start":{"line":56,"column":23},"end":{"line":56,"column":53}},"type":"cond-expr","locations":[{"start":{"line":56,"column":30},"end":{"line":56,"column":41}},{"start":{"line":56,"column":44},"end":{"line":56,"column":53}}]},"1":{"loc":{"start":{"line":58,"column":23},"end":{"line":58,"column":48}},"type":"cond-expr","locations":[{"start":{"line":58,"column":30},"end":{"line":58,"column":36}},{"start":{"line":58,"column":39},"end":{"line":58,"column":48}}]},"2":{"loc":{"start":{"line":111,"column":13},"end":{"line":111,"column":33}},"type":"binary-expr","locations":[{"start":{"line":111,"column":13},"end":{"line":111,"column":23}},{"start":{"line":111,"column":27},"end":{"line":111,"column":33}}]},"3":{"loc":{"start":{"line":114,"column":13},"end":{"line":114,"column":46}},"type":"binary-expr","locations":[{"start":{"line":114,"column":13},"end":{"line":114,"column":24}},{"start":{"line":114,"column":28},"end":{"line":114,"column":46}}]}},"s":{"0":5,"1":5,"2":5,"3":5,"4":5,"5":5,"6":5,"7":24,"8":24,"9":24,"10":24,"11":24,"12":3,"13":24,"14":1,"15":24,"16":1,"17":1,"18":1,"19":24,"20":0,"21":24,"22":0,"23":24,"24":5},"f":{"0":24,"1":3,"2":1,"3":1,"4":0,"5":0},"b":{"0":[3,21],"1":[3,21],"2":[24,15],"3":[24,15]}}
,"C:\\Users\\epile\\Documents\\Projects\\GIT\\projectManagement\\frontend\\src\\components\\layout\\Layout.styles.ts": {"path":"C:\\Users\\epile\\Documents\\Projects\\GIT\\projectManagement\\frontend\\src\\components\\layout\\Layout.styles.ts","statementMap":{"0":{"start":{"line":1,"column":0},"end":{"line":1,"column":36}},"1":{"start":{"line":2,"column":0},"end":{"line":2,"column":46}},"2":{"start":{"line":4,"column":13},"end":{"line":11,"column":3}},"3":{"start":{"line":13,"column":13},"end":{"line":20,"column":3}},"4":{"start":{"line":22,"column":13},"end":{"line":35,"column":4}},"5":{"start":{"line":23,"column":31},"end":{"line":23,"column":53}},"6":{"start":{"line":24,"column":45},"end":{"line":35,"column":2}},"7":{"start":{"line":37,"column":13},"end":{"line":43,"column":4}},"8":{"start":{"line":37,"column":46},"end":{"line":43,"column":2}},"9":{"start":{"line":45,"column":13},"end":{"line":50,"column":4}},"10":{"start":{"line":45,"column":51},"end":{"line":50,"column":2}}},"fnMap":{"0":{"name":"(anonymous_0)","decl":{"start":{"line":23,"column":21},"end":{"line":23,"column":22}},"loc":{"start":{"line":23,"column":31},"end":{"line":23,"column":53}}},"1":{"name":"(anonymous_1)","decl":{"start":{"line":24,"column":29},"end":{"line":24,"column":30}},"loc":{"start":{"line":24,"column":45},"end":{"line":35,"column":2}}},"2":{"name":"(anonymous_2)","decl":{"start":{"line":37,"column":39},"end":{"line":37,"column":42}},"loc":{"start":{"line":37,"column":46},"end":{"line":43,"column":2}}},"3":{"name":"(anonymous_3)","decl":{"start":{"line":45,"column":44},"end":{"line":45,"column":47}},"loc":{"start":{"line":45,"column":51},"end":{"line":50,"column":2}}}},"branchMap":{},"s":{"0":6,"1":6,"2":6,"3":6,"4":6,"5":6,"6":0,"7":6,"8":2,"9":6,"10":0},"f":{"0":6,"1":0,"2":2,"3":0},"b":{}}
,"C:\\Users\\epile\\Documents\\Projects\\GIT\\projectManagement\\frontend\\src\\components\\layout\\Layout.tsx": {"path":"C:\\Users\\epile\\Documents\\Projects\\GIT\\projectManagement\\frontend\\src\\components\\layout\\Layout.tsx","statementMap":{"0":{"start":{"line":1,"column":0},"end":{"line":1,"column":72}},"1":{"start":{"line":2,"column":0},"end":{"line":2,"column":74}},"2":{"start":{"line":3,"column":0},"end":{"line":3,"column":38}},"3":{"start":{"line":4,"column":0},"end":{"line":4,"column":41}},"4":{"start":{"line":5,"column":0},"end":{"line":5,"column":null}},"5":{"start":{"line":22,"column":0},"end":{"line":22,"column":57}},"6":{"start":{"line":32,"column":0},"end":{"line":32,"column":null}},"7":{"start":{"line":53,"column":0},"end":{"line":53,"column":67}},"8":{"start":{"line":54,"column":0},"end":{"line":54,"column":null}},"9":{"start":{"line":60,"column":0},"end":{"line":60,"column":68}},"10":{"start":{"line":62,"column":15},"end":{"line":646,"column":1}},"11":{"start":{"line":64,"column":47},"end":{"line":64,"column":59}},"12":{"start":{"line":65,"column":32},"end":{"line":65,"column":41}},"13":{"start":{"line":76,"column":6},"end":{"line":76,"column":17}},"14":{"start":{"line":84,"column":6},"end":{"line":84,"column":17}},"15":{"start":{"line":86,"column":42},"end":{"line":86,"column":59}},"16":{"start":{"line":87,"column":19},"end":{"line":87,"column":32}},"17":{"start":{"line":89,"column":56},"end":{"line":89,"column":73}},"18":{"start":{"line":90,"column":58},"end":{"line":90,"column":75}},"19":{"start":{"line":92,"column":4},"end":{"line":92,"column":26}},"20":{"start":{"line":93,"column":57},"end":{"line":93,"column":74}},"21":{"start":{"line":95,"column":52},"end":{"line":95,"column":67}},"22":{"start":{"line":96,"column":53},"end":{"line":96,"column":68}},"23":{"start":{"line":97,"column":53},"end":{"line":97,"column":68}},"24":{"start":{"line":99,"column":57},"end":{"line":99,"column":74}},"25":{"start":{"line":100,"column":57},"end":{"line":100,"column":74}},"26":{"start":{"line":103,"column":4},"end":{"line":103,"column":25}},"27":{"start":{"line":105,"column":4},"end":{"line":105,"column":25}},"28":{"start":{"line":107,"column":4},"end":{"line":107,"column":25}},"29":{"start":{"line":110,"column":4},"end":{"line":110,"column":23}},"30":{"start":{"line":112,"column":4},"end":{"line":112,"column":23}},"31":{"start":{"line":114,"column":4},"end":{"line":114,"column":23}},"32":{"start":{"line":117,"column":40},"end":{"line":122,"column":4}},"33":{"start":{"line":118,"column":32},"end":{"line":118,"column":67}},"34":{"start":{"line":119,"column":4},"end":{"line":121,"column":13}},"35":{"start":{"line":125,"column":42},"end":{"line":125,"column":69}},"36":{"start":{"line":127,"column":4},"end":{"line":127,"column":28}},"37":{"start":{"line":128,"column":50},"end":{"line":128,"column":69}},"38":{"start":{"line":130,"column":4},"end":{"line":130,"column":28}},"39":{"start":{"line":131,"column":46},"end":{"line":131,"column":75}},"40":{"start":{"line":133,"column":4},"end":{"line":133,"column":28}},"41":{"start":{"line":135,"column":2},"end":{"line":137,"column":16}},"42":{"start":{"line":136,"column":4},"end":{"line":136,"column":29}},"43":{"start":{"line":140,"column":60},"end":{"line":142,"column":26}},"44":{"start":{"line":143,"column":46},"end":{"line":143,"column":70}},"45":{"start":{"line":144,"column":54},"end":{"line":144,"column":78}},"46":{"start":{"line":145,"column":42},"end":{"line":145,"column":69}},"47":{"start":{"line":147,"column":4},"end":{"line":147,"column":28}},"48":{"start":{"line":150,"column":32},"end":{"line":150,"column":57}},"49":{"start":{"line":152,"column":46},"end":{"line":153,"column":null}},"50":{"start":{"line":156,"column":28},"end":{"line":158,"column":3}},"51":{"start":{"line":157,"column":4},"end":{"line":157,"column":27}},"52":{"start":{"line":161,"column":21},"end":{"line":161,"column":55}},"53":{"start":{"line":163,"column":4},"end":{"line":163,"column":77}},"54":{"start":{"line":163,"column":33},"end":{"line":163,"column":71}},"55":{"start":{"line":164,"column":34},"end":{"line":164,"column":64}},"56":{"start":{"line":166,"column":31},"end":{"line":168,"column":3}},"57":{"start":{"line":167,"column":4},"end":{"line":167,"column":26}},"58":{"start":{"line":170,"column":2},"end":{"line":207,"column":79}},"59":{"start":{"line":171,"column":23},"end":{"line":171,"column":46}},"60":{"start":{"line":172,"column":19},"end":{"line":172,"column":58}},"61":{"start":{"line":173,"column":25},"end":{"line":173,"column":61}},"62":{"start":{"line":175,"column":4},"end":{"line":181,"column":5}},"63":{"start":{"line":176,"column":6},"end":{"line":178,"column":7}},"64":{"start":{"line":177,"column":8},"end":{"line":177,"column":60}},"65":{"start":{"line":180,"column":6},"end":{"line":180,"column":45}},"66":{"start":{"line":183,"column":21},"end":{"line":183,"column":49}},"67":{"start":{"line":184,"column":19},"end":{"line":184,"column":45}},"68":{"start":{"line":186,"column":4},"end":{"line":194,"column":5}},"69":{"start":{"line":187,"column":26},"end":{"line":187,"column":78}},"70":{"start":{"line":187,"column":49},"end":{"line":187,"column":77}},"71":{"start":{"line":188,"column":6},"end":{"line":191,"column":7}},"72":{"start":{"line":189,"column":8},"end":{"line":189,"column":39}},"73":{"start":{"line":190,"column":8},"end":{"line":190,"column":38}},"74":{"start":{"line":193,"column":6},"end":{"line":193,"column":30}},"75":{"start":{"line":196,"column":4},"end":{"line":206,"column":5}},"76":{"start":{"line":197,"column":24},"end":{"line":199,"column":54}},"77":{"start":{"line":198,"column":24},"end":{"line":198,"column":31}},"78":{"start":{"line":199,"column":24},"end":{"line":199,"column":53}},"79":{"start":{"line":200,"column":6},"end":{"line":203,"column":7}},"80":{"start":{"line":201,"column":8},"end":{"line":201,"column":35}},"81":{"start":{"line":202,"column":8},"end":{"line":202,"column":36}},"82":{"start":{"line":205,"column":6},"end":{"line":205,"column":28}},"83":{"start":{"line":211,"column":4},"end":{"line":211,"column":28}},"84":{"start":{"line":213,"column":4},"end":{"line":213,"column":28}},"85":{"start":{"line":214,"column":46},"end":{"line":214,"column":75}},"86":{"start":{"line":218,"column":4},"end":{"line":218,"column":37}},"87":{"start":{"line":219,"column":50},"end":{"line":220,"column":null}},"88":{"start":{"line":222,"column":50},"end":{"line":223,"column":null}},"89":{"start":{"line":226,"column":2},"end":{"line":229,"column":15}},"90":{"start":{"line":227,"column":4},"end":{"line":227,"column":50}},"91":{"start":{"line":228,"column":4},"end":{"line":228,"column":44}},"92":{"start":{"line":228,"column":16},"end":{"line":228,"column":44}},"93":{"start":{"line":232,"column":4},"end":{"line":232,"column":19}},"94":{"start":{"line":234,"column":4},"end":{"line":234,"column":19}},"95":{"start":{"line":236,"column":4},"end":{"line":236,"column":19}},"96":{"start":{"line":239,"column":4},"end":{"line":239,"column":19}},"97":{"start":{"line":240,"column":62},"end":{"line":240,"column":77}},"98":{"start":{"line":242,"column":4},"end":{"line":242,"column":19}},"99":{"start":{"line":247,"column":29},"end":{"line":256,"column":null}},"100":{"start":{"line":249,"column":24},"end":{"line":251,"column":8}},"101":{"start":{"line":252,"column":6},"end":{"line":254,"column":7}},"102":{"start":{"line":253,"column":8},"end":{"line":253,"column":33}},"103":{"start":{"line":259,"column":27},"end":{"line":268,"column":null}},"104":{"start":{"line":261,"column":28},"end":{"line":263,"column":8}},"105":{"start":{"line":264,"column":6},"end":{"line":266,"column":7}},"106":{"start":{"line":265,"column":8},"end":{"line":265,"column":40}},"107":{"start":{"line":271,"column":29},"end":{"line":278,"column":null}},"108":{"start":{"line":273,"column":22},"end":{"line":273,"column":46}},"109":{"start":{"line":274,"column":6},"end":{"line":276,"column":7}},"110":{"start":{"line":275,"column":8},"end":{"line":275,"column":40}},"111":{"start":{"line":281,"column":34},"end":{"line":288,"column":null}},"112":{"start":{"line":291,"column":35},"end":{"line":298,"column":null}},"113":{"start":{"line":302,"column":27},"end":{"line":309,"column":null}},"114":{"start":{"line":312,"column":25},"end":{"line":314,"column":null}},"115":{"start":{"line":317,"column":27},"end":{"line":319,"column":null}},"116":{"start":{"line":322,"column":30},"end":{"line":329,"column":null}},"117":{"start":{"line":333,"column":29},"end":{"line":335,"column":null}},"118":{"start":{"line":338,"column":29},"end":{"line":340,"column":null}},"119":{"start":{"line":343,"column":29},"end":{"line":345,"column":null}},"120":{"start":{"line":352,"column":33},"end":{"line":367,"column":null}},"121":{"start":{"line":370,"column":33},"end":{"line":372,"column":null}},"122":{"start":{"line":375,"column":31},"end":{"line":389,"column":null}},"123":{"start":{"line":392,"column":31},"end":{"line":406,"column":null}},"124":{"start":{"line":409,"column":29},"end":{"line":423,"column":null}},"125":{"start":{"line":426,"column":31},"end":{"line":433,"column":null}},"126":{"start":{"line":436,"column":41},"end":{"line":443,"column":null}},"127":{"start":{"line":446,"column":2},"end":{"line":645,"column":4}},"128":{"start":{"line":648,"column":0},"end":{"line":648,"column":22}}},"fnMap":{"0":{"name":"(anonymous_1)","decl":{"start":{"line":62,"column":15},"end":{"line":62,"column":18}},"loc":{"start":{"line":62,"column":20},"end":{"line":646,"column":1}}},"1":{"name":"(anonymous_2)","decl":{"start":{"line":117,"column":58},"end":{"line":117,"column":61}},"loc":{"start":{"line":117,"column":63},"end":{"line":122,"column":3}}},"2":{"name":"(anonymous_3)","decl":{"start":{"line":135,"column":12},"end":{"line":135,"column":15}},"loc":{"start":{"line":135,"column":17},"end":{"line":137,"column":3}}},"3":{"name":"(anonymous_4)","decl":{"start":{"line":156,"column":28},"end":{"line":156,"column":29}},"loc":{"start":{"line":156,"column":48},"end":{"line":158,"column":3}}},"4":{"name":"(anonymous_5)","decl":{"start":{"line":163,"column":24},"end":{"line":163,"column":25}},"loc":{"start":{"line":163,"column":33},"end":{"line":163,"column":71}}},"5":{"name":"(anonymous_6)","decl":{"start":{"line":166,"column":31},"end":{"line":166,"column":32}},"loc":{"start":{"line":166,"column":52},"end":{"line":168,"column":3}}},"6":{"name":"(anonymous_7)","decl":{"start":{"line":170,"column":12},"end":{"line":170,"column":15}},"loc":{"start":{"line":170,"column":17},"end":{"line":207,"column":3}}},"7":{"name":"(anonymous_8)","decl":{"start":{"line":187,"column":42},"end":{"line":187,"column":43}},"loc":{"start":{"line":187,"column":49},"end":{"line":187,"column":77}}},"8":{"name":"(anonymous_9)","decl":{"start":{"line":198,"column":17},"end":{"line":198,"column":18}},"loc":{"start":{"line":198,"column":24},"end":{"line":198,"column":31}}},"9":{"name":"(anonymous_10)","decl":{"start":{"line":199,"column":14},"end":{"line":199,"column":15}},"loc":{"start":{"line":199,"column":24},"end":{"line":199,"column":53}}},"10":{"name":"(anonymous_11)","decl":{"start":{"line":226,"column":12},"end":{"line":226,"column":15}},"loc":{"start":{"line":226,"column":17},"end":{"line":229,"column":3}}},"11":{"name":"(anonymous_12)","decl":{"start":{"line":248,"column":4},"end":{"line":248,"column":9}},"loc":{"start":{"line":248,"column":36},"end":{"line":255,"column":5}}},"12":{"name":"(anonymous_13)","decl":{"start":{"line":260,"column":4},"end":{"line":260,"column":9}},"loc":{"start":{"line":260,"column":36},"end":{"line":267,"column":5}}},"13":{"name":"(anonymous_14)","decl":{"start":{"line":272,"column":4},"end":{"line":272,"column":9}},"loc":{"start":{"line":272,"column":36},"end":{"line":277,"column":5}}}},"branchMap":{"0":{"loc":{"start":{"line":119,"column":11},"end":{"line":121,"column":12}},"type":"cond-expr","locations":[{"start":{"line":120,"column":8},"end":{"line":120,"column":60}},{"start":{"line":121,"column":8},"end":{"line":121,"column":12}}]},"1":{"loc":{"start":{"line":119,"column":11},"end":{"line":119,"column":76}},"type":"binary-expr","locations":[{"start":{"line":119,"column":11},"end":{"line":119,"column":42}},{"start":{"line":119,"column":46},"end":{"line":119,"column":76}}]},"2":{"loc":{"start":{"line":161,"column":21},"end":{"line":161,"column":55}},"type":"binary-expr","locations":[{"start":{"line":161,"column":21},"end":{"line":161,"column":44}},{"start":{"line":161,"column":48},"end":{"line":161,"column":55}}]},"3":{"loc":{"start":{"line":163,"column":4},"end":{"line":163,"column":77}},"type":"binary-expr","locations":[{"start":{"line":163,"column":4},"end":{"line":163,"column":72}},{"start":{"line":163,"column":76},"end":{"line":163,"column":77}}]},"4":{"loc":{"start":{"line":175,"column":4},"end":{"line":181,"column":5}},"type":"if","locations":[{"start":{"line":175,"column":4},"end":{"line":181,"column":5}},{"start":{"line":179,"column":11},"end":{"line":181,"column":5}}]},"5":{"loc":{"start":{"line":176,"column":6},"end":{"line":178,"column":7}},"type":"if","locations":[{"start":{"line":176,"column":6},"end":{"line":178,"column":7}}]},"6":{"loc":{"start":{"line":186,"column":4},"end":{"line":194,"column":5}},"type":"if","locations":[{"start":{"line":186,"column":4},"end":{"line":194,"column":5}},{"start":{"line":192,"column":11},"end":{"line":194,"column":5}}]},"7":{"loc":{"start":{"line":188,"column":6},"end":{"line":191,"column":7}},"type":"if","locations":[{"start":{"line":188,"column":6},"end":{"line":191,"column":7}}]},"8":{"loc":{"start":{"line":196,"column":4},"end":{"line":206,"column":5}},"type":"if","locations":[{"start":{"line":196,"column":4},"end":{"line":206,"column":5}},{"start":{"line":204,"column":11},"end":{"line":206,"column":5}}]},"9":{"loc":{"start":{"line":200,"column":6},"end":{"line":203,"column":7}},"type":"if","locations":[{"start":{"line":200,"column":6},"end":{"line":203,"column":7}}]},"10":{"loc":{"start":{"line":223,"column":4},"end":{"line":223,"column":28}},"type":"binary-expr","locations":[{"start":{"line":223,"column":4},"end":{"line":223,"column":22}},{"start":{"line":223,"column":26},"end":{"line":223,"column":28}}]},"11":{"loc":{"start":{"line":227,"column":24},"end":{"line":227,"column":48}},"type":"binary-expr","locations":[{"start":{"line":227,"column":24},"end":{"line":227,"column":42}},{"start":{"line":227,"column":46},"end":{"line":227,"column":48}}]},"12":{"loc":{"start":{"line":228,"column":4},"end":{"line":228,"column":44}},"type":"if","locations":[{"start":{"line":228,"column":4},"end":{"line":228,"column":44}}]},"13":{"loc":{"start":{"line":252,"column":6},"end":{"line":254,"column":7}},"type":"if","locations":[{"start":{"line":252,"column":6},"end":{"line":254,"column":7}}]},"14":{"loc":{"start":{"line":264,"column":6},"end":{"line":266,"column":7}},"type":"if","locations":[{"start":{"line":264,"column":6},"end":{"line":266,"column":7}}]},"15":{"loc":{"start":{"line":274,"column":6},"end":{"line":276,"column":7}},"type":"if","locations":[{"start":{"line":274,"column":6},"end":{"line":276,"column":7}}]},"16":{"loc":{"start":{"line":275,"column":25},"end":{"line":275,"column":38}},"type":"binary-expr","locations":[{"start":{"line":275,"column":25},"end":{"line":275,"column":33}},{"start":{"line":275,"column":37},"end":{"line":275,"column":38}}]}},"s":{"0":5,"1":5,"2":5,"3":5,"4":5,"5":5,"6":5,"7":5,"8":5,"9":5,"10":5,"11":0,"12":0,"13":0,"14":0,"15":0,"16":0,"17":0,"18":0,"19":0,"20":0,"21":0,"22":0,"23":0,"24":0,"25":0,"26":0,"27":0,"28":0,"29":0,"30":0,"31":0,"32":0,"33":0,"34":0,"35":0,"36":0,"37":0,"38":0,"39":0,"40":0,"41":0,"42":0,"43":0,"44":0,"45":0,"46":0,"47":0,"48":0,"49":0,"50":0,"51":0,"52":0,"53":0,"54":0,"55":0,"56":0,"57":0,"58":0,"59":0,"60":0,"61":0,"62":0,"63":0,"64":0,"65":0,"66":0,"67":0,"68":0,"69":0,"70":0,"71":0,"72":0,"73":0,"74":0,"75":0,"76":0,"77":0,"78":0,"79":0,"80":0,"81":0,"82":0,"83":0,"84":0,"85":0,"86":0,"87":0,"88":0,"89":0,"90":0,"91":0,"92":0,"93":0,"94":0,"95":0,"96":0,"97":0,"98":0,"99":0,"100":0,"101":0,"102":0,"103":0,"104":0,"105":0,"106":0,"107":0,"108":0,"109":0,"110":0,"111":0,"112":0,"113":0,"114":0,"115":0,"116":0,"117":0,"118":0,"119":0,"120":0,"121":0,"122":0,"123":0,"124":0,"125":0,"126":0,"127":0,"128":5},"f":{"0":0,"1":0,"2":0,"3":0,"4":0,"5":0,"6":0,"7":0,"8":0,"9":0,"10":0,"11":0,"12":0,"13":0},"b":{"0":[0,0],"1":[0,0],"2":[0,0],"3":[0,0],"4":[0,0],"5":[0],"6":[0,0],"7":[0],"8":[0,0],"9":[0],"10":[0,0],"11":[0,0],"12":[0],"13":[0],"14":[0],"15":[0],"16":[0,0]}}
,"C:\\Users\\epile\\Documents\\Projects\\GIT\\projectManagement\\frontend\\src\\components\\layout\\ProjectLayout.tsx": {"path":"C:\\Users\\epile\\Documents\\Projects\\GIT\\projectManagement\\frontend\\src\\components\\layout\\ProjectLayout.tsx","statementMap":{"0":{"start":{"line":1,"column":0},"end":{"line":1,"column":59}},"1":{"start":{"line":2,"column":0},"end":{"line":2,"column":80}},"2":{"start":{"line":3,"column":0},"end":{"line":3,"column":30}},"3":{"start":{"line":4,"column":0},"end":{"line":4,"column":70}},"4":{"start":{"line":6,"column":22},"end":{"line":18,"column":1}},"5":{"start":{"line":7,"column":2},"end":{"line":17,"column":4}},"6":{"start":{"line":20,"column":0},"end":{"line":20,"column":29}}},"fnMap":{"0":{"name":"(anonymous_1)","decl":{"start":{"line":6,"column":22},"end":{"line":6,"column":25}},"loc":{"start":{"line":6,"column":27},"end":{"line":18,"column":1}}}},"branchMap":{},"s":{"0":5,"1":5,"2":5,"3":5,"4":5,"5":0,"6":5},"f":{"0":0},"b":{}}
,"C:\\Users\\epile\\Documents\\Projects\\GIT\\projectManagement\\frontend\\src\\components\\loading\\Loading.styles.ts": {"path":"C:\\Users\\epile\\Documents\\Projects\\GIT\\projectManagement\\frontend\\src\\components\\loading\\Loading.styles.ts","statementMap":{"0":{"start":{"line":1,"column":0},"end":{"line":1,"column":55}},"1":{"start":{"line":4,"column":13},"end":{"line":17,"column":2}},"2":{"start":{"line":19,"column":13},"end":{"line":26,"column":2}},"3":{"start":{"line":29,"column":13},"end":{"line":41,"column":4}},"4":{"start":{"line":29,"column":60},"end":{"line":41,"column":2}},"5":{"start":{"line":43,"column":13},"end":{"line":74,"column":4}},"6":{"start":{"line":43,"column":55},"end":{"line":74,"column":2}},"7":{"start":{"line":76,"column":13},"end":{"line":89,"column":4}},"8":{"start":{"line":76,"column":60},"end":{"line":89,"column":2}},"9":{"start":{"line":91,"column":13},"end":{"line":116,"column":4}},"10":{"start":{"line":91,"column":56},"end":{"line":116,"column":2}}},"fnMap":{"0":{"name":"(anonymous_0)","decl":{"start":{"line":29,"column":44},"end":{"line":29,"column":45}},"loc":{"start":{"line":29,"column":60},"end":{"line":41,"column":2}}},"1":{"name":"(anonymous_1)","decl":{"start":{"line":43,"column":39},"end":{"line":43,"column":40}},"loc":{"start":{"line":43,"column":55},"end":{"line":74,"column":2}}},"2":{"name":"(anonymous_2)","decl":{"start":{"line":76,"column":44},"end":{"line":76,"column":45}},"loc":{"start":{"line":76,"column":60},"end":{"line":89,"column":2}}},"3":{"name":"(anonymous_3)","decl":{"start":{"line":91,"column":40},"end":{"line":91,"column":41}},"loc":{"start":{"line":91,"column":56},"end":{"line":116,"column":2}}}},"branchMap":{},"s":{"0":7,"1":7,"2":7,"3":7,"4":3,"5":7,"6":3,"7":7,"8":3,"9":7,"10":3},"f":{"0":3,"1":3,"2":3,"3":3},"b":{}}
,"C:\\Users\\epile\\Documents\\Projects\\GIT\\projectManagement\\frontend\\src\\components\\loading\\Loading.tsx": {"path":"C:\\Users\\epile\\Documents\\Projects\\GIT\\projectManagement\\frontend\\src\\components\\loading\\Loading.tsx","statementMap":{"0":{"start":{"line":1,"column":0},"end":{"line":1,"column":66}},"1":{"start":{"line":2,"column":0},"end":{"line":2,"column":70}},"2":{"start":{"line":3,"column":0},"end":{"line":3,"column":null}},"3":{"start":{"line":11,"column":40},"end":{"line":57,"column":1}},"4":{"start":{"line":16,"column":2},"end":{"line":25,"column":3}},"5":{"start":{"line":17,"column":4},"end":{"line":24,"column":6}},"6":{"start":{"line":27,"column":2},"end":{"line":56,"column":4}},"7":{"start":{"line":59,"column":0},"end":{"line":59,"column":23}}},"fnMap":{"0":{"name":"(anonymous_1)","decl":{"start":{"line":11,"column":40},"end":{"line":11,"column":41}},"loc":{"start":{"line":15,"column":5},"end":{"line":57,"column":1}}}},"branchMap":{"0":{"loc":{"start":{"line":12,"column":2},"end":{"line":12,"column":22}},"type":"default-arg","locations":[{"start":{"line":12,"column":12},"end":{"line":12,"column":22}}]},"1":{"loc":{"start":{"line":13,"column":2},"end":{"line":13,"column":65}},"type":"default-arg","locations":[{"start":{"line":13,"column":16},"end":{"line":13,"column":65}}]},"2":{"loc":{"start":{"line":14,"column":2},"end":{"line":14,"column":21}},"type":"default-arg","locations":[{"start":{"line":14,"column":12},"end":{"line":14,"column":21}}]},"3":{"loc":{"start":{"line":16,"column":2},"end":{"line":25,"column":3}},"type":"if","locations":[{"start":{"line":16,"column":2},"end":{"line":25,"column":3}}]},"4":{"loc":{"start":{"line":30,"column":16},"end":{"line":30,"column":59}},"type":"cond-expr","locations":[{"start":{"line":30,"column":43},"end":{"line":30,"column":50}},{"start":{"line":30,"column":53},"end":{"line":30,"column":59}}]},"5":{"loc":{"start":{"line":31,"column":19},"end":{"line":31,"column":55}},"type":"cond-expr","locations":[{"start":{"line":31,"column":43},"end":{"line":31,"column":46}},{"start":{"line":31,"column":49},"end":{"line":31,"column":55}}]}},"s":{"0":7,"1":7,"2":7,"3":7,"4":5,"5":2,"6":3,"7":7},"f":{"0":5},"b":{"0":[1],"1":[3],"2":[1],"3":[2],"4":[1,2],"5":[2,1]}}
,"C:\\Users\\epile\\Documents\\Projects\\GIT\\projectManagement\\frontend\\src\\components\\portal\\Portal.tsx": {"path":"C:\\Users\\epile\\Documents\\Projects\\GIT\\projectManagement\\frontend\\src\\components\\portal\\Portal.tsx","statementMap":{"0":{"start":{"line":1,"column":0},"end":{"line":1,"column":33}},"1":{"start":{"line":2,"column":0},"end":{"line":2,"column":54}},"2":{"start":{"line":5,"column":15},"end":{"line":10,"column":1}},"3":{"start":{"line":6,"column":2},"end":{"line":9,"column":4}},"4":{"start":{"line":12,"column":0},"end":{"line":12,"column":22}}},"fnMap":{"0":{"name":"(anonymous_1)","decl":{"start":{"line":5,"column":15},"end":{"line":5,"column":16}},"loc":{"start":{"line":5,"column":45},"end":{"line":10,"column":1}}}},"branchMap":{},"s":{"0":6,"1":6,"2":6,"3":2,"4":6},"f":{"0":2},"b":{}}
,"C:\\Users\\epile\\Documents\\Projects\\GIT\\projectManagement\\frontend\\src\\components\\privateRoute\\PrivateRoute.tsx": {"path":"C:\\Users\\epile\\Documents\\Projects\\GIT\\projectManagement\\frontend\\src\\components\\privateRoute\\PrivateRoute.tsx","statementMap":{"0":{"start":{"line":1,"column":0},"end":{"line":1,"column":52}},"1":{"start":{"line":2,"column":0},"end":{"line":2,"column":40}},"2":{"start":{"line":3,"column":0},"end":{"line":3,"column":41}},"3":{"start":{"line":5,"column":21},"end":{"line":13,"column":1}},"4":{"start":{"line":6,"column":28},"end":{"line":6,"column":37}},"5":{"start":{"line":8,"column":2},"end":{"line":10,"column":3}},"6":{"start":{"line":9,"column":4},"end":{"line":9,"column":23}},"7":{"start":{"line":12,"column":2},"end":{"line":12,"column":67}},"8":{"start":{"line":15,"column":0},"end":{"line":15,"column":28}}},"fnMap":{"0":{"name":"(anonymous_1)","decl":{"start":{"line":5,"column":21},"end":{"line":5,"column":24}},"loc":{"start":{"line":5,"column":26},"end":{"line":13,"column":1}}}},"branchMap":{"0":{"loc":{"start":{"line":8,"column":2},"end":{"line":10,"column":3}},"type":"if","locations":[{"start":{"line":8,"column":2},"end":{"line":10,"column":3}}]},"1":{"loc":{"start":{"line":12,"column":9},"end":{"line":12,"column":66}},"type":"cond-expr","locations":[{"start":{"line":12,"column":16},"end":{"line":12,"column":26}},{"start":{"line":12,"column":29},"end":{"line":12,"column":66}}]}},"s":{"0":6,"1":6,"2":6,"3":6,"4":4,"5":4,"6":1,"7":3,"8":6},"f":{"0":4},"b":{"0":[1],"1":[2,1]}}
,"C:\\Users\\epile\\Documents\\Projects\\GIT\\projectManagement\\frontend\\src\\components\\sidebar\\Sidebar.styles.ts": {"path":"C:\\Users\\epile\\Documents\\Projects\\GIT\\projectManagement\\frontend\\src\\components\\sidebar\\Sidebar.styles.ts","statementMap":{"0":{"start":{"line":1,"column":0},"end":{"line":1,"column":null}},"1":{"start":{"line":13,"column":13},"end":{"line":46,"column":4}},"2":{"start":{"line":14,"column":31},"end":{"line":14,"column":49}},"3":{"start":{"line":15,"column":47},"end":{"line":46,"column":2}},"4":{"start":{"line":49,"column":13},"end":{"line":56,"column":4}},"5":{"start":{"line":50,"column":31},"end":{"line":50,"column":49}},"6":{"start":{"line":51,"column":40},"end":{"line":56,"column":2}},"7":{"start":{"line":58,"column":13},"end":{"line":62,"column":3}},"8":{"start":{"line":64,"column":13},"end":{"line":70,"column":3}},"9":{"start":{"line":72,"column":13},"end":{"line":81,"column":4}},"10":{"start":{"line":73,"column":31},"end":{"line":73,"column":49}},"11":{"start":{"line":74,"column":40},"end":{"line":81,"column":2}},"12":{"start":{"line":83,"column":13},"end":{"line":92,"column":3}},"13":{"start":{"line":94,"column":13},"end":{"line":97,"column":3}},"14":{"start":{"line":99,"column":13},"end":{"line":108,"column":4}},"15":{"start":{"line":100,"column":31},"end":{"line":100,"column":49}},"16":{"start":{"line":101,"column":40},"end":{"line":108,"column":2}},"17":{"start":{"line":110,"column":13},"end":{"line":120,"column":4}},"18":{"start":{"line":111,"column":31},"end":{"line":111,"column":49}},"19":{"start":{"line":112,"column":40},"end":{"line":120,"column":2}},"20":{"start":{"line":122,"column":13},"end":{"line":129,"column":4}},"21":{"start":{"line":123,"column":31},"end":{"line":123,"column":49}},"22":{"start":{"line":124,"column":40},"end":{"line":129,"column":2}},"23":{"start":{"line":131,"column":13},"end":{"line":139,"column":4}},"24":{"start":{"line":132,"column":31},"end":{"line":132,"column":49}},"25":{"start":{"line":133,"column":40},"end":{"line":139,"column":2}},"26":{"start":{"line":141,"column":13},"end":{"line":144,"column":3}},"27":{"start":{"line":146,"column":13},"end":{"line":149,"column":3}},"28":{"start":{"line":151,"column":13},"end":{"line":161,"column":4}},"29":{"start":{"line":151,"column":62},"end":{"line":161,"column":2}},"30":{"start":{"line":163,"column":13},"end":{"line":171,"column":4}},"31":{"start":{"line":163,"column":65},"end":{"line":171,"column":2}}},"fnMap":{"0":{"name":"(anonymous_0)","decl":{"start":{"line":14,"column":21},"end":{"line":14,"column":22}},"loc":{"start":{"line":14,"column":31},"end":{"line":14,"column":49}}},"1":{"name":"(anonymous_1)","decl":{"start":{"line":15,"column":22},"end":{"line":15,"column":23}},"loc":{"start":{"line":15,"column":47},"end":{"line":46,"column":2}}},"2":{"name":"(anonymous_2)","decl":{"start":{"line":50,"column":21},"end":{"line":50,"column":22}},"loc":{"start":{"line":50,"column":31},"end":{"line":50,"column":49}}},"3":{"name":"(anonymous_3)","decl":{"start":{"line":51,"column":22},"end":{"line":51,"column":23}},"loc":{"start":{"line":51,"column":40},"end":{"line":56,"column":2}}},"4":{"name":"(anonymous_4)","decl":{"start":{"line":73,"column":21},"end":{"line":73,"column":22}},"loc":{"start":{"line":73,"column":31},"end":{"line":73,"column":49}}},"5":{"name":"(anonymous_5)","decl":{"start":{"line":74,"column":22},"end":{"line":74,"column":23}},"loc":{"start":{"line":74,"column":40},"end":{"line":81,"column":2}}},"6":{"name":"(anonymous_6)","decl":{"start":{"line":100,"column":21},"end":{"line":100,"column":22}},"loc":{"start":{"line":100,"column":31},"end":{"line":100,"column":49}}},"7":{"name":"(anonymous_7)","decl":{"start":{"line":101,"column":22},"end":{"line":101,"column":23}},"loc":{"start":{"line":101,"column":40},"end":{"line":108,"column":2}}},"8":{"name":"(anonymous_8)","decl":{"start":{"line":111,"column":21},"end":{"line":111,"column":22}},"loc":{"start":{"line":111,"column":31},"end":{"line":111,"column":49}}},"9":{"name":"(anonymous_9)","decl":{"start":{"line":112,"column":22},"end":{"line":112,"column":23}},"loc":{"start":{"line":112,"column":40},"end":{"line":120,"column":2}}},"10":{"name":"(anonymous_10)","decl":{"start":{"line":123,"column":21},"end":{"line":123,"column":22}},"loc":{"start":{"line":123,"column":31},"end":{"line":123,"column":49}}},"11":{"name":"(anonymous_11)","decl":{"start":{"line":124,"column":22},"end":{"line":124,"column":23}},"loc":{"start":{"line":124,"column":40},"end":{"line":129,"column":2}}},"12":{"name":"(anonymous_12)","decl":{"start":{"line":132,"column":21},"end":{"line":132,"column":22}},"loc":{"start":{"line":132,"column":31},"end":{"line":132,"column":49}}},"13":{"name":"(anonymous_13)","decl":{"start":{"line":133,"column":22},"end":{"line":133,"column":23}},"loc":{"start":{"line":133,"column":40},"end":{"line":139,"column":2}}},"14":{"name":"(anonymous_14)","decl":{"start":{"line":151,"column":46},"end":{"line":151,"column":47}},"loc":{"start":{"line":151,"column":62},"end":{"line":161,"column":2}}},"15":{"name":"(anonymous_15)","decl":{"start":{"line":163,"column":49},"end":{"line":163,"column":50}},"loc":{"start":{"line":163,"column":65},"end":{"line":171,"column":2}}}},"branchMap":{"0":{"loc":{"start":{"line":17,"column":11},"end":{"line":17,"column":37}},"type":"cond-expr","locations":[{"start":{"line":17,"column":21},"end":{"line":17,"column":27}},{"start":{"line":17,"column":30},"end":{"line":17,"column":37}}]},"1":{"loc":{"start":{"line":52,"column":9},"end":{"line":52,"column":36}},"type":"cond-expr","locations":[{"start":{"line":52,"column":19},"end":{"line":52,"column":26}},{"start":{"line":52,"column":29},"end":{"line":52,"column":36}}]},"2":{"loc":{"start":{"line":53,"column":12},"end":{"line":53,"column":39}},"type":"cond-expr","locations":[{"start":{"line":53,"column":22},"end":{"line":53,"column":29}},{"start":{"line":53,"column":32},"end":{"line":53,"column":39}}]},"3":{"loc":{"start":{"line":78,"column":11},"end":{"line":78,"column":26}},"type":"cond-expr","locations":[{"start":{"line":78,"column":21},"end":{"line":78,"column":22}},{"start":{"line":78,"column":25},"end":{"line":78,"column":26}}]},"4":{"loc":{"start":{"line":104,"column":13},"end":{"line":104,"column":28}},"type":"cond-expr","locations":[{"start":{"line":104,"column":23},"end":{"line":104,"column":24}},{"start":{"line":104,"column":27},"end":{"line":104,"column":28}}]},"5":{"loc":{"start":{"line":115,"column":17},"end":{"line":115,"column":43}},"type":"cond-expr","locations":[{"start":{"line":115,"column":27},"end":{"line":115,"column":35}},{"start":{"line":115,"column":38},"end":{"line":115,"column":43}}]},"6":{"loc":{"start":{"line":125,"column":11},"end":{"line":125,"column":40}},"type":"cond-expr","locations":[{"start":{"line":125,"column":21},"end":{"line":125,"column":31}},{"start":{"line":125,"column":34},"end":{"line":125,"column":40}}]},"7":{"loc":{"start":{"line":135,"column":11},"end":{"line":135,"column":26}},"type":"cond-expr","locations":[{"start":{"line":135,"column":21},"end":{"line":135,"column":22}},{"start":{"line":135,"column":25},"end":{"line":135,"column":26}}]},"8":{"loc":{"start":{"line":138,"column":11},"end":{"line":138,"column":37}},"type":"cond-expr","locations":[{"start":{"line":138,"column":21},"end":{"line":138,"column":27}},{"start":{"line":138,"column":30},"end":{"line":138,"column":37}}]}},"s":{"0":5,"1":5,"2":17,"3":4,"4":5,"5":9,"6":4,"7":5,"8":5,"9":5,"10":13,"11":4,"12":5,"13":5,"14":5,"15":53,"16":24,"17":5,"18":13,"19":4,"20":5,"21":13,"22":4,"23":5,"24":13,"25":4,"26":5,"27":5,"28":5,"29":0,"30":5,"31":4},"f":{"0":17,"1":4,"2":9,"3":4,"4":13,"5":4,"6":53,"7":24,"8":13,"9":4,"10":13,"11":4,"12":13,"13":4,"14":0,"15":4},"b":{"0":[4,0],"1":[4,0],"2":[4,0],"3":[4,0],"4":[24,0],"5":[4,0],"6":[4,0],"7":[4,0],"8":[4,0]}}
,"C:\\Users\\epile\\Documents\\Projects\\GIT\\projectManagement\\frontend\\src\\components\\sidebar\\Sidebar.tsx": {"path":"C:\\Users\\epile\\Documents\\Projects\\GIT\\projectManagement\\frontend\\src\\components\\sidebar\\Sidebar.tsx","statementMap":{"0":{"start":{"line":1,"column":0},"end":{"line":1,"column":39}},"1":{"start":{"line":2,"column":0},"end":{"line":2,"column":47}},"2":{"start":{"line":3,"column":0},"end":{"line":3,"column":50}},"3":{"start":{"line":4,"column":0},"end":{"line":4,"column":45}},"4":{"start":{"line":6,"column":0},"end":{"line":6,"column":102}},"5":{"start":{"line":7,"column":0},"end":{"line":7,"column":104}},"6":{"start":{"line":8,"column":0},"end":{"line":8,"column":null}},"7":{"start":{"line":24,"column":40},"end":{"line":139,"column":1}},"8":{"start":{"line":29,"column":19},"end":{"line":29,"column":32}},"9":{"start":{"line":31,"column":20},"end":{"line":39,"column":null}},"10":{"start":{"line":33,"column":6},"end":{"line":38,"column":9}},"11":{"start":{"line":33,"column":32},"end":{"line":38,"column":8}},"12":{"start":{"line":42,"column":25},"end":{"line":46,"column":3}},"13":{"start":{"line":43,"column":14},"end":{"line":43,"column":26}},"14":{"start":{"line":44,"column":4},"end":{"line":44,"column":22}},"15":{"start":{"line":45,"column":4},"end":{"line":45,"column":54}},"16":{"start":{"line":48,"column":2},"end":{"line":138,"column":4}},"17":{"start":{"line":88,"column":12},"end":{"line":89,"column":null}},"18":{"start":{"line":90,"column":29},"end":{"line":90,"column":43}},"19":{"start":{"line":141,"column":0},"end":{"line":141,"column":23}}},"fnMap":{"0":{"name":"(anonymous_1)","decl":{"start":{"line":24,"column":40},"end":{"line":24,"column":41}},"loc":{"start":{"line":28,"column":5},"end":{"line":139,"column":1}}},"1":{"name":"(anonymous_2)","decl":{"start":{"line":32,"column":4},"end":{"line":32,"column":7}},"loc":{"start":{"line":33,"column":6},"end":{"line":38,"column":9}}},"2":{"name":"(anonymous_3)","decl":{"start":{"line":33,"column":21},"end":{"line":33,"column":22}},"loc":{"start":{"line":33,"column":32},"end":{"line":38,"column":8}}},"3":{"name":"(anonymous_4)","decl":{"start":{"line":42,"column":25},"end":{"line":42,"column":28}},"loc":{"start":{"line":42,"column":30},"end":{"line":46,"column":3}}},"4":{"name":"(anonymous_5)","decl":{"start":{"line":87,"column":25},"end":{"line":87,"column":26}},"loc":{"start":{"line":88,"column":12},"end":{"line":89,"column":null}}},"5":{"name":"(anonymous_6)","decl":{"start":{"line":90,"column":23},"end":{"line":90,"column":26}},"loc":{"start":{"line":90,"column":29},"end":{"line":90,"column":43}}}},"branchMap":{"0":{"loc":{"start":{"line":92,"column":16},"end":{"line":92,"column":76}},"type":"cond-expr","locations":[{"start":{"line":92,"column":63},"end":{"line":92,"column":71}},{"start":{"line":92,"column":74},"end":{"line":92,"column":76}}]},"1":{"loc":{"start":{"line":94,"column":36},"end":{"line":94,"column":73}},"type":"cond-expr","locations":[{"start":{"line":94,"column":50},"end":{"line":94,"column":58
[...]
:{"line":119,"column":48},"end":{"line":123,"column":10}},"17":{"start":{"line":128,"column":48},"end":{"line":133,"column":10}},"18":{"start":{"line":138,"column":48},"end":{"line":158,"column":10}},"19":{"start":{"line":163,"column":48},"end":{"line":169,"column":10}},"20":{"start":{"line":178,"column":48},"end":{"line":185,"column":10}},"21":{"start":{"line":205,"column":2},"end":{"line":315,"column":4}},"22":{"start":{"line":318,"column":30},"end":{"line":319,"column":36}},"23":{"start":{"line":319,"column":2},"end":{"line":319,"column":36}},"24":{"start":{"line":318,"column":13},"end":{"line":318,"column":30}}},"fnMap":{"0":{"name":"(anonymous_0)","decl":{"start":{"line":50,"column":24},"end":{"line":50,"column":25}},"loc":{"start":{"line":50,"column":60},"end":{"line":316,"column":1}}},"1":{"name":"(anonymous_1)","decl":{"start":{"line":76,"column":14},"end":{"line":76,"column":17}},"loc":{"start":{"line":76,"column":21},"end":{"line":81,"column":10}}},"2":{"name":"(anonymous_2)","decl":{"start":{"line":82,"column":19},"end":{"line":82,"column":22}},"loc":{"start":{"line":82,"column":26},"end":{"line":88,"column":10}}},"3":{"name":"(anonymous_3)","decl":{"start":{"line":93,"column":15},"end":{"line":93,"column":16}},"loc":{"start":{"line":93,"column":49},"end":{"line":101,"column":10}}},"4":{"name":"(anonymous_4)","decl":{"start":{"line":106,"column":14},"end":{"line":106,"column":15}},"loc":{"start":{"line":106,"column":48},"end":{"line":114,"column":10}}},"5":{"name":"(anonymous_5)","decl":{"start":{"line":119,"column":14},"end":{"line":119,"column":15}},"loc":{"start":{"line":119,"column":48},"end":{"line":123,"column":10}}},"6":{"name":"(anonymous_6)","decl":{"start":{"line":128,"column":14},"end":{"line":128,"column":15}},"loc":{"start":{"line":128,"column":48},"end":{"line":133,"column":10}}},"7":{"name":"(anonymous_7)","decl":{"start":{"line":138,"column":14},"end":{"line":138,"column":15}},"loc":{"start":{"line":138,"column":48},"end":{"line":158,"column":10}}},"8":{"name":"(anonymous_8)","decl":{"start":{"line":163,"column":14},"end":{"line":163,"column":15}},"loc":{"start":{"line":163,"column":48},"end":{"line":169,"column":10}}},"9":{"name":"(anonymous_9)","decl":{"start":{"line":178,"column":14},"end":{"line":178,"column":15}},"loc":{"start":{"line":178,"column":48},"end":{"line":185,"column":10}}},"10":{"name":"(anonymous_10)","decl":{"start":{"line":318,"column":30},"end":{"line":318,"column":31}},"loc":{"start":{"line":319,"column":2},"end":{"line":319,"column":36}}}},"branchMap":{"0":{"loc":{"start":{"line":95,"column":12},"end":{"line":95,"column":66}},"type":"cond-expr","locations":[{"start":{"line":95,"column":45},"end":{"line":95,"column":54}},{"start":{"line":95,"column":57},"end":{"line":95,"column":66}}]},"1":{"loc":{"start":{"line":96,"column":17},"end":{"line":96,"column":71}},"type":"cond-expr","locations":[{"start":{"line":96,"column":50},"end":{"line":96,"column":59}},{"start":{"line":96,"column":62},"end":{"line":96,"column":71}}]},"2":{"loc":{"start":{"line":98,"column":12},"end":{"line":100,"column":82}},"type":"cond-expr","locations":[{"start":{"line":99,"column":16},"end":{"line":99,"column":82}},{"start":{"line":100,"column":16},"end":{"line":100,"column":82}}]},"3":{"loc":{"start":{"line":108,"column":12},"end":{"line":108,"column":66}},"type":"cond-expr","locations":[{"start":{"line":108,"column":45},"end":{"line":108,"column":54}},{"start":{"line":108,"column":57},"end":{"line":108,"column":66}}]},"4":{"loc":{"start":{"line":111,"column":12},"end":{"line":113,"column":79}},"type":"cond-expr","locations":[{"start":{"line":112,"column":16},"end":{"line":112,"column":79}},{"start":{"line":113,"column":16},"end":{"line":113,"column":79}}]},"5":{"loc":{"start":{"line":121,"column":12},"end":{"line":121,"column":66}},"type":"cond-expr","locations":[{"start":{"line":121,"column":45},"end":{"line":121,"column":54}},{"start":{"line":121,"column":57},"end":{"line":121,"column":66}}]},"6":{"loc":{"start":{"line":130,"column":12},"end":{"line":132,"column":42}},"type":"cond-expr","locations":[{"start":{"line":131,"column":16},"end":{"line":131,"column":25}},{"start":{"line":132,"column":16},"end":{"line":132,"column":42}}]},"7":{"loc":{"start":{"line":142,"column":14},"end":{"line":144,"column":45}},"type":"cond-expr","locations":[{"start":{"line":143,"column":18},"end":{"line":143,"column":39}},{"start":{"line":144,"column":18},"end":{"line":144,"column":45}}]},"8":{"loc":{"start":{"line":148,"column":14},"end":{"line":150,"column":45}},"type":"cond-expr","locations":[{"start":{"line":149,"column":18},"end":{"line":149,"column":39}},{"start":{"line":150,"column":18},"end":{"line":150,"column":45}}]},"9":{"loc":{"start":{"line":153,"column":16},"end":{"line":155,"column":47}},"type":"cond-expr","locations":[{"start":{"line":154,"column":20},"end":{"line":154,"column":41}},{"start":{"line":155,"column":20},"end":{"line":155,"column":47}}]},"10":{"loc":{"start":{"line":165,"column":12},"end":{"line":167,"column":null}},"type":"cond-expr","locations":[{"start":{"line":166,"column":16},"end":{"line":166,"column":25}},{"start":{"line":167,"column":16},"end":{"line":167,"column":null}}]},"11":{"loc":{"start":{"line":181,"column":17},"end":{"line":181,"column":71}},"type":"cond-expr","locations":[{"start":{"line":181,"column":50},"end":{"line":181,"column":59}},{"start":{"line":181,"column":62},"end":{"line":181,"column":71}}]},"12":{"loc":{"start":{"line":183,"column":19},"end":{"line":183,"column":73}},"type":"cond-expr","locations":[{"start":{"line":183,"column":52},"end":{"line":183,"column":61}},{"start":{"line":183,"column":64},"end":{"line":183,"column":73}}]},"13":{"loc":{"start":{"line":227,"column":17},"end":{"line":227,"column":57}},"type":"cond-expr","locations":[{"start":{"line":227,"column":36},"end":{"line":227,"column":45}},{"start":{"line":227,"column":48},"end":{"line":227,"column":57}}]},"14":{"loc":{"start":{"line":228,"column":15},"end":{"line":228,"column":55}},"type":"cond-expr","locations":[{"start":{"line":228,"column":34},"end":{"line":228,"column":43}},{"start":{"line":228,"column":46},"end":{"line":228,"column":55}}]},"15":{"loc":{"start":{"line":231,"column":17},"end":{"line":231,"column":57}},"type":"cond-expr","locations":[{"start":{"line":231,"column":36},"end":{"line":231,"column":45}},{"start":{"line":231,"column":48},"end":{"line":231,"column":57}}]},"16":{"loc":{"start":{"line":232,"column":19},"end":{"line":232,"column":59}},"type":"cond-expr","locations":[{"start":{"line":232,"column":38},"end":{"line":232,"column":47}},{"start":{"line":232,"column":50},"end":{"line":232,"column":59}}]},"17":{"loc":{"start":{"line":234,"column":15},"end":{"line":234,"column":72}},"type":"cond-expr","locations":[{"start":{"line":234,"column":34},"end":{"line":234,"column":43}},{"start":{"line":234,"column":46},"end":{"line":234,"column":72}}]},"18":{"loc":{"start":{"line":236,"column":20},"end":{"line":236,"column":57}},"type":"cond-expr","locations":[{"start":{"line":236,"column":39},"end":{"line":236,"column":48}},{"start":{"line":236,"column":51},"end":{"line":236,"column":57}}]},"19":{"loc":{"start":{"line":238,"column":10},"end":{"line":240,"column":41}},"type":"cond-expr","locations":[{"start":{"line":239,"column":14},"end":{"line":239,"column":35}},{"start":{"line":240,"column":14},"end":{"line":240,"column":41}}]},"20":{"loc":{"start":{"line":242,"column":10},"end":{"line":244,"column":41}},"type":"cond-expr","locations":[{"start":{"line":243,"column":14},"end":{"line":243,"column":35}},{"start":{"line":244,"column":14},"end":{"line":244,"column":41}}]},"21":{"loc":{"start":{"line":245,"column":14},"end":{"line":245,"column":51}},"type":"cond-expr","locations":[{"start":{"line":245,"column":33},"end":{"line":245,"column":39}},{"start":{"line":245,"column":42},"end":{"line":245,"column":51}}]},"22":{"loc":{"start":{"line":246,"column":23},"end":{"line":246,"column":63}},"type":"cond-expr","locations":[{"start":{"line":246,"column":42},"end":{"line":246,"column":51}},{"start":{"line":246,"column":54},"end":{"line":246,"column":63}}]},"23":{"loc":{"start":{"line":247,"column":16},"end":{"line":247,"column":73}},"type":"cond-expr","locations":[{"start":{"line":247,"column":35},"end":{"line":247,"column":44}},{"start":{"line":247,"column":47},"end":{"line":247,"column":73}}]}},"s":{"0":1,"1":1,"2":1,"3":1,"4":1,"5":1,"6":1,"7":1,"8":1,"9":1,"10":1,"11":1,"12":0,"13":0,"14":8,"15":0,"16":4,"17":0,"18":24,"19":0,"20":0,"21":1,"22":1,"23":1,"24":1},"f":{"0":1,"1":0,"2":0,"3":8,"4":0,"5":4,"6":0,"7":24,"8":0,"9":0,"10":1},"b":{"0":[8,0],"1":[8,0],"2":[8,0],"3":[0,0],"4":[0,0],"5":[4,0],"6":[0,0],"7":[24,0],"8":[24,0],"9":[24,0],"10":[0,0],"11":[0,0],"12":[0,0],"13":[1,0],"14":[1,0],"15":[1,0],"16":[1,0],"17":[1,0],"18":[1,0],"19":[1,0],"20":[1,0],"21":[1,0],"22":[1,0],"23":[1,0]}}
,"C:\\Users\\epile\\Documents\\Projects\\GIT\\projectManagement\\frontend\\src\\validations\\index.ts": {"path":"C:\\Users\\epile\\Documents\\Projects\\GIT\\projectManagement\\frontend\\src\\validations\\index.ts","statementMap":{"0":{"start":{"line":1,"column":0},"end":{"line":1,"column":27}},"1":{"start":{"line":2,"column":0},"end":{"line":2,"column":26}},"2":{"start":{"line":3,"column":0},"end":{"line":3,"column":25}},"3":{"start":{"line":4,"column":0},"end":{"line":4,"column":29}},"4":{"start":{"line":5,"column":0},"end":{"line":5,"column":23}},"5":{"start":{"line":6,"column":0},"end":{"line":6,"column":25}},"6":{"start":{"line":7,"column":0},"end":{"line":7,"column":37}},"7":{"start":{"line":8,"column":0},"end":{"line":8,"column":32}}},"fnMap":{},"branchMap":{},"s":{"0":5,"1":5,"2":5,"3":5,"4":5,"5":5,"6":5,"7":5},"f":{},"b":{}}
,"C:\\Users\\epile\\Documents\\Projects\\GIT\\projectManagement\\frontend\\src\\validations\\goalTask\\createGoalTaskSchema.ts": {"path":"C:\\Users\\epile\\Documents\\Projects\\GIT\\projectManagement\\frontend\\src\\validations\\goalTask\\createGoalTaskSchema.ts","statementMap":{"0":{"start":{"line":1,"column":0},"end":{"line":1,"column":27}},"1":{"start":{"line":3,"column":13},"end":{"line":5,"column":3}}},"fnMap":{},"branchMap":{},"s":{"0":5,"1":5},"f":{},"b":{}}
,"C:\\Users\\epile\\Documents\\Projects\\GIT\\projectManagement\\frontend\\src\\validations\\goalTask\\editGoalTaskSchema.ts": {"path":"C:\\Users\\epile\\Documents\\Projects\\GIT\\projectManagement\\frontend\\src\\validations\\goalTask\\editGoalTaskSchema.ts","statementMap":{"0":{"start":{"line":1,"column":0},"end":{"line":1,"column":27}},"1":{"start":{"line":3,"column":13},"end":{"line":5,"column":3}}},"fnMap":{},"branchMap":{},"s":{"0":5,"1":5},"f":{},"b":{}}
,"C:\\Users\\epile\\Documents\\Projects\\GIT\\projectManagement\\frontend\\src\\validations\\goalTask\\index.ts": {"path":"C:\\Users\\epile\\Documents\\Projects\\GIT\\projectManagement\\frontend\\src\\validations\\goalTask\\index.ts","statementMap":{"0":{"start":{"line":1,"column":0},"end":{"line":1,"column":39}},"1":{"start":{"line":2,"column":0},"end":{"line":2,"column":37}}},"fnMap":{},"branchMap":{},"s":{"0":5,"1":5},"f":{},"b":{}}
,"C:\\Users\\epile\\Documents\\Projects\\GIT\\projectManagement\\frontend\\src\\validations\\project\\createProjectSchema.ts": {"path":"C:\\Users\\epile\\Documents\\Projects\\GIT\\projectManagement\\frontend\\src\\validations\\project\\createProjectSchema.ts","statementMap":{"0":{"start":{"line":1,"column":0},"end":{"line":1,"column":27}},"1":{"start":{"line":3,"column":13},"end":{"line":15,"column":3}}},"fnMap":{},"branchMap":{},"s":{"0":5,"1":5},"f":{},"b":{}}
,"C:\\Users\\epile\\Documents\\Projects\\GIT\\projectManagement\\frontend\\src\\validations\\project\\index.ts": {"path":"C:\\Users\\epile\\Documents\\Projects\\GIT\\projectManagement\\frontend\\src\\validations\\project\\index.ts","statementMap":{"0":{"start":{"line":1,"column":0},"end":{"line":1,"column":38}}},"fnMap":{},"branchMap":{},"s":{"0":5},"f":{},"b":{}}
,"C:\\Users\\epile\\Documents\\Projects\\GIT\\projectManagement\\frontend\\src\\validations\\retrospective\\index.ts": {"path":"C:\\Users\\epile\\Documents\\Projects\\GIT\\projectManagement\\frontend\\src\\validations\\retrospective\\index.ts","statementMap":{"0":{"start":{"line":1,"column":0},"end":{"line":1,"column":38}}},"fnMap":{},"branchMap":{},"s":{"0":5},"f":{},"b":{}}
,"C:\\Users\\epile\\Documents\\Projects\\GIT\\projectManagement\\frontend\\src\\validations\\retrospective\\retrospectiveSchema.ts": {"path":"C:\\Users\\epile\\Documents\\Projects\\GIT\\projectManagement\\frontend\\src\\validations\\retrospective\\retrospectiveSchema.ts","statementMap":{"0":{"start":{"line":1,"column":0},"end":{"line":1,"column":27}},"1":{"start":{"line":2,"column":0},"end":{"line":2,"column":45}},"2":{"start":{"line":5,"column":13},"end":{"line":14,"column":43}}},"fnMap":{},"branchMap":{},"s":{"0":5,"1":5,"2":5},"f":{},"b":{}}
,"C:\\Users\\epile\\Documents\\Projects\\GIT\\projectManagement\\frontend\\src\\validations\\sprint\\createSprintSchema.ts": {"path":"C:\\Users\\epile\\Documents\\Projects\\GIT\\projectManagement\\frontend\\src\\validations\\sprint\\createSprintSchema.ts","statementMap":{"0":{"start":{"line":1,"column":0},"end":{"line":1,"column":27}},"1":{"start":{"line":4,"column":13},"end":{"line":27,"column":54}},"2":{"start":{"line":15,"column":6},"end":{"line":15,"column":60}},"3":{"start":{"line":24,"column":6},"end":{"line":24,"column":60}}},"fnMap":{"0":{"name":"(anonymous_6)","decl":{"start":{"line":14,"column":15},"end":{"line":14,"column":16}},"loc":{"start":{"line":14,"column":33},"end":{"line":16,"column":5}}},"1":{"name":"(anonymous_7)","decl":{"start":{"line":23,"column":15},"end":{"line":23,"column":16}},"loc":{"start":{"line":23,"column":33},"end":{"line":25,"column":5}}}},"branchMap":{"0":{"loc":{"start":{"line":15,"column":13},"end":{"line":15,"column":59}},"type":"cond-expr","locations":[{"start":{"line":15,"column":29},"end":{"line":15,"column":52}},{"start":{"line":15,"column":55},"end":{"line":15,"column":59}}]},"1":{"loc":{"start":{"line":24,"column":13},"end":{"line":24,"column":59}},"type":"cond-expr","locations":[{"start":{"line":24,"column":29},"end":{"line":24,"column":52}},{"start":{"line":24,"column":55},"end":{"line":24,"column":59}}]}},"s":{"0":5,"1":5,"2":0,"3":0},"f":{"0":0,"1":0},"b":{"0":[0,0],"1":[0,0]}}
,"C:\\Users\\epile\\Documents\\Projects\\GIT\\projectManagement\\frontend\\src\\validations\\sprint\\index.ts": {"path":"C:\\Users\\epile\\Documents\\Projects\\GIT\\projectManagement\\frontend\\src\\validations\\sprint\\index.ts","statementMap":{"0":{"start":{"line":1,"column":0},"end":{"line":1,"column":37}}},"fnMap":{},"branchMap":{},"s":{"0":5},"f":{},"b":{}}
,"C:\\Users\\epile\\Documents\\Projects\\GIT\\projectManagement\\frontend\\src\\validations\\sprintGoal\\createSprintGoalSchema.ts": {"path":"C:\\Users\\epile\\Documents\\Projects\\GIT\\projectManagement\\frontend\\src\\validations\\sprintGoal\\createSprintGoalSchema.ts","statementMap":{"0":{"start":{"line":1,"column":0},"end":{"line":1,"column":27}},"1":{"start":{"line":4,"column":13},"end":{"line":8,"column":46}}},"fnMap":{},"branchMap":{},"s":{"0":5,"1":5},"f":{},"b":{}}
,"C:\\Users\\epile\\Documents\\Projects\\GIT\\projectManagement\\frontend\\src\\validations\\sprintGoal\\editSprintGoalSchema.ts": {"path":"C:\\Users\\epile\\Documents\\Projects\\GIT\\projectManagement\\frontend\\src\\validations\\sprintGoal\\editSprintGoalSchema.ts","statementMap":{"0":{"start":{"line":1,"column":0},"end":{"line":1,"column":27}},"1":{"start":{"line":4,"column":13},"end":{"line":11,"column":44}}},"fnMap":{},"branchMap":{},"s":{"0":5,"1":5},"f":{},"b":{}}
,"C:\\Users\\epile\\Documents\\Projects\\GIT\\projectManagement\\frontend\\src\\validations\\sprintGoal\\index.ts": {"path":"C:\\Users\\epile\\Documents\\Projects\\GIT\\projectManagement\\frontend\\src\\validations\\sprintGoal\\index.ts","statementMap":{"0":{"start":{"line":1,"column":0},"end":{"line":1,"column":41}},"1":{"start":{"line":2,"column":0},"end":{"line":2,"column":39}}},"fnMap":{},"branchMap":{},"s":{"0":5,"1":5},"f":{},"b":{}}
,"C:\\Users\\epile\\Documents\\Projects\\GIT\\projectManagement\\frontend\\src\\validations\\task\\createTaskSchema.ts": {"path":"C:\\Users\\epile\\Documents\\Projects\\GIT\\projectManagement\\frontend\\src\\validations\\task\\createTaskSchema.ts","statementMap":{"0":{"start":{"line":1,"column":0},"end":{"line":1,"column":27}},"1":{"start":{"line":4,"column":13},"end":{"line":7,"column":38}}},"fnMap":{},"branchMap":{},"s":{"0":5,"1":5},"f":{},"b":{}}
,"C:\\Users\\epile\\Documents\\Projects\\GIT\\projectManagement\\frontend\\src\\validations\\task\\editTaskSchema.ts": {"path":"C:\\Users\\epile\\Documents\\Projects\\GIT\\projectManagement\\frontend\\src\\validations\\task\\editTaskSchema.ts","statementMap":{"0":{"start":{"line":1,"column":0},"end":{"line":1,"column":27}},"1":{"start":{"line":4,"column":13},"end":{"line":27,"column":38}}},"fnMap":{},"branchMap":{},"s":{"0":5,"1":5},"f":{},"b":{}}
,"C:\\Users\\epile\\Documents\\Projects\\GIT\\projectManagement\\frontend\\src\\validations\\task\\index.ts": {"path":"C:\\Users\\epile\\Documents\\Projects\\GIT\\projectManagement\\frontend\\src\\validations\\task\\index.ts","statementMap":{"0":{"start":{"line":1,"column":0},"end":{"line":1,"column":35}},"1":{"start":{"line":2,"column":0},"end":{"line":2,"column":33}}},"fnMap":{},"branchMap":{},"s":{"0":5,"1":5},"f":{},"b":{}}
,"C:\\Users\\epile\\Documents\\Projects\\GIT\\projectManagement\\frontend\\src\\validations\\teamMemberCapacity\\index.ts": {"path":"C:\\Users\\epile\\Documents\\Projects\\GIT\\projectManagement\\frontend\\src\\validations\\teamMemberCapacity\\index.ts","statementMap":{"0":{"start":{"line":1,"column":0},"end":{"line":1,"column":43}}},"fnMap":{},"branchMap":{},"s":{"0":5},"f":{},"b":{}}
,"C:\\Users\\epile\\Documents\\Projects\\GIT\\projectManagement\\frontend\\src\\validations\\teamMemberCapacity\\teamMemberCapacitySchema.ts": {"path":"C:\\Users\\epile\\Documents\\Projects\\GIT\\projectManagement\\frontend\\src\\validations\\teamMemberCapacity\\teamMemberCapacitySchema.ts","statementMap":{"0":{"start":{"line":1,"column":0},"end":{"line":1,"column":27}},"1":{"start":{"line":3,"column":13},"end":{"line":25,"column":3}},"2":{"start":{"line":21,"column":29},"end":{"line":21,"column":40}},"3":{"start":{"line":22,"column":8},"end":{"line":22,"column":33}}},"fnMap":{"0":{"name":"(anonymous_6)","decl":{"start":{"line":20,"column":6},"end":{"line":20,"column":16}},"loc":{"start":{"line":20,"column":21},"end":{"line":23,"column":7}}}},"branchMap":{},"s":{"0":5,"1":5,"2":0,"3":0},"f":{"0":0},"b":{}}
,"C:\\Users\\epile\\Documents\\Projects\\GIT\\projectManagement\\frontend\\src\\validations\\ticket\\createTicketSchema.ts": {"path":"C:\\Users\\epile\\Documents\\Projects\\GIT\\projectManagement\\frontend\\src\\validations\\ticket\\createTicketSchema.ts","statementMap":{"0":{"start":{"line":1,"column":0},"end":{"line":1,"column":27}},"1":{"start":{"line":4,"column":13},"end":{"line":7,"column":40}}},"fnMap":{},"branchMap":{},"s":{"0":5,"1":5},"f":{},"b":{}}
,"C:\\Users\\epile\\Documents\\Projects\\GIT\\projectManagement\\frontend\\src\\validations\\ticket\\editTicketSchema.ts": {"path":"C:\\Users\\epile\\Documents\\Projects\\GIT\\projectManagement\\frontend\\src\\validations\\ticket\\editTicketSchema.ts","statementMap":{"0":{"start":{"line":1,"column":0},"end":{"line":1,"column":27}},"1":{"start":{"line":4,"column":13},"end":{"line":17,"column":42}}},"fnMap":{},"branchMap":{},"s":{"0":5,"1":5},"f":{},"b":{}}
,"C:\\Users\\epile\\Documents\\Projects\\GIT\\projectManagement\\frontend\\src\\validations\\ticket\\index.ts": {"path":"C:\\Users\\epile\\Documents\\Projects\\GIT\\projectManagement\\frontend\\src\\validations\\ticket\\index.ts","statementMap":{"0":{"start":{"line":1,"column":0},"end":{"line":1,"column":37}},"1":{"start":{"line":2,"column":0},"end":{"line":2,"column":35}}},"fnMap":{},"branchMap":{},"s":{"0":5,"1":5},"f":{},"b":{}}
}
