TN:
SF:src\components\index.ts
FN:1,(anonymous_5)
FN:2,(anonymous_6)
FN:3,(anonymous_7)
FN:4,(anonymous_8)
FN:5,(anonymous_9)
FN:6,(anonymous_10)
FN:7,(anonymous_11)
FN:8,(anonymous_12)
FN:9,(anonymous_13)
FN:10,(anonymous_14)
FN:11,(anonymous_15)
FN:12,(anonymous_16)
FN:13,(anonymous_17)
FNF:13
FNH:0
FNDA:0,(anonymous_5)
FNDA:0,(anonymous_6)
FNDA:0,(anonymous_7)
FNDA:0,(anonymous_8)
FNDA:0,(anonymous_9)
FNDA:0,(anonymous_10)
FNDA:0,(anonymous_11)
FNDA:0,(anonymous_12)
FNDA:0,(anonymous_13)
FNDA:0,(anonymous_14)
FNDA:0,(anonymous_15)
FNDA:0,(anonymous_16)
FNDA:0,(anonymous_17)
DA:1,5
DA:2,5
DA:3,5
DA:4,5
DA:5,5
DA:6,5
DA:7,5
DA:8,5
DA:9,5
DA:10,5
DA:11,5
DA:12,5
DA:13,5
DA:15,5
LF:14
LH:14
BRF:0
BRH:0
end_of_record
TN:
SF:src\components\deleteConfirmationModal\DeleteConfirmationModal.tsx
FN:11,(anonymous_0)
FN:18,(anonymous_1)
FNF:2
FNH:2
FNDA:4,(anonymous_0)
FNDA:1,(anonymous_1)
DA:1,6
DA:11,6
DA:18,4
DA:19,1
DA:20,1
DA:22,4
DA:60,6
LF:7
LH:7
BRDA:16,0,0,4
BRF:1
BRH:1
end_of_record
TN:
SF:src\components\dialogForm\DialogForm.styles.ts
FN:14,(anonymous_0)
FN:21,(anonymous_1)
FN:29,(anonymous_2)
FN:36,(anonymous_3)
FN:41,(anonymous_4)
FN:48,(anonymous_5)
FN:57,(anonymous_6)
FN:64,(anonymous_7)
FN:71,(anonymous_8)
FN:78,(anonymous_9)
FNF:10
FNH:8
FNDA:13,(anonymous_0)
FNDA:13,(anonymous_1)
FNDA:13,(anonymous_2)
FNDA:13,(anonymous_3)
FNDA:18,(anonymous_4)
FNDA:3,(anonymous_5)
FNDA:0,(anonymous_6)
FNDA:26,(anonymous_7)
FNDA:26,(anonymous_8)
FNDA:0,(anonymous_9)
DA:1,6
DA:12,6
DA:14,13
DA:21,13
DA:29,13
DA:36,13
DA:41,18
DA:48,6
DA:57,6
DA:64,26
DA:71,26
DA:78,6
LF:12
LH:12
BRF:0
BRH:0
end_of_record
TN:
SF:src\components\dialogForm\DialogForm.tsx
FN:29,(anonymous_1)
FN:51,(anonymous_2)
FN:55,(anonymous_3)
FN:59,(anonymous_4)
FN:64,(anonymous_5)
FN:70,(anonymous_6)
FN:87,(anonymous_7)
FN:90,(anonymous_8)
FN:120,(anonymous_9)
FN:139,(anonymous_10)
FN:201,(anonymous_11)
FNF:11
FNH:7
FNDA:13,(anonymous_1)
FNDA:5,(anonymous_2)
FNDA:2,(anonymous_3)
FNDA:1,(anonymous_4)
FNDA:1,(anonymous_5)
FNDA:26,(anonymous_6)
FNDA:0,(anonymous_7)
FNDA:0,(anonymous_8)
FNDA:0,(anonymous_9)
FNDA:0,(anonymous_10)
FNDA:26,(anonymous_11)
DA:1,6
DA:2,6
DA:11,6
DA:12,6
DA:13,6
DA:14,6
DA:16,6
DA:29,6
DA:45,13
DA:51,13
DA:52,5
DA:55,13
DA:56,2
DA:59,13
DA:60,1
DA:61,1
DA:64,13
DA:65,1
DA:66,1
DA:70,13
DA:71,26
DA:72,26
DA:73,26
DA:75,26
DA:76,26
DA:77,26
DA:78,26
DA:80,26
DA:81,0
DA:88,0
DA:91,0
DA:113,26
DA:114,0
DA:121,0
DA:140,0
DA:154,26
DA:184,13
DA:202,26
DA:261,6
LF:39
LH:33
BRDA:38,0,0,0
BRDA:61,1,0,1
BRDA:61,1,1,1
BRDA:72,2,0,26
BRDA:72,2,1,0
BRDA:75,3,0,26
BRDA:75,3,1,26
BRDA:78,4,0,0
BRDA:80,5,0,0
BRDA:89,6,0,0
BRDA:89,6,1,0
BRDA:91,7,0,0
BRDA:91,7,1,0
BRDA:98,8,0,0
BRDA:98,8,1,0
BRDA:106,9,0,0
BRDA:106,9,1,0
BRDA:113,10,0,0
BRDA:126,11,0,0
BRDA:126,11,1,0
BRDA:134,12,0,0
BRDA:134,12,1,0
BRDA:147,13,0,0
BRDA:147,13,1,0
BRDA:161,14,0,26
BRDA:161,14,1,26
BRDA:163,15,0,26
BRDA:163,15,1,0
BRDA:165,16,0,26
BRDA:165,16,1,26
BRDA:166,17,0,26
BRDA:166,17,1,0
BRDA:177,18,0,26
BRDA:177,18,1,0
BRDA:216,19,0,13
BRDA:216,19,1,3
BRDA:218,20,0,0
BRDA:218,20,1,3
BRDA:241,21,0,11
BRDA:241,21,1,2
BRDA:246,22,0,13
BRDA:246,22,1,13
BRF:42
BRH:19
end_of_record
TN:
SF:src\components\dialogsContainer\DialogsContainer.tsx
FN:20,(anonymous_1)
FN:98,(anonymous_2)
FN:112,(anonymous_3)
FN:133,(anonymous_4)
FN:152,(anonymous_5)
FN:176,(anonymous_6)
FN:191,(anonymous_7)
FN:207,(anonymous_8)
FN:220,(anonymous_9)
FN:221,(anonymous_10)
FN:242,(anonymous_11)
FN:281,(anonymous_12)
FN:299,(anonymous_13)
FN:300,(anonymous_14)
FN:309,(anonymous_15)
FN:310,(anonymous_16)
FN:319,(anonymous_17)
FN:320,(anonymous_18)
FN:329,(anonymous_19)
FN:333,(anonymous_20)
FN:340,(anonymous_21)
FN:344,(anonymous_22)
FNF:22
FNH:0
FNDA:0,(anonymous_1)
FNDA:0,(anonymous_2)
FNDA:0,(anonymous_3)
FNDA:0,(anonymous_4)
FNDA:0,(anonymous_5)
FNDA:0,(anonymous_6)
FNDA:0,(anonymous_7)
FNDA:0,(anonymous_8)
FNDA:0,(anonymous_9)
FNDA:0,(anonymous_10)
FNDA:0,(anonymous_11)
FNDA:0,(anonymous_12)
FNDA:0,(anonymous_13)
FNDA:0,(anonymous_14)
FNDA:0,(anonymous_15)
FNDA:0,(anonymous_16)
FNDA:0,(anonymous_17)
FNDA:0,(anonymous_18)
FNDA:0,(anonymous_19)
FNDA:0,(anonymous_20)
FNDA:0,(anonymous_21)
FNDA:0,(anonymous_22)
DA:2,5
DA:3,5
DA:12,5
DA:14,5
DA:15,5
DA:16,5
DA:17,5
DA:18,5
DA:20,5
DA:91,0
DA:92,0
DA:93,0
DA:94,0
DA:95,0
DA:96,0
DA:98,0
DA:99,0
DA:100,0
DA:101,0
DA:102,0
DA:105,0
DA:112,0
DA:133,0
DA:152,0
DA:176,0
DA:191,0
DA:208,0
DA:209,0
DA:220,0
DA:222,0
DA:223,0
DA:243,0
DA:244,0
DA:282,0
DA:283,0
DA:299,0
DA:300,0
DA:309,0
DA:310,0
DA:319,0
DA:320,0
DA:330,0
DA:331,0
DA:333,0
DA:341,0
DA:342,0
DA:344,0
DA:352,5
LF:48
LH:10
BRDA:99,0,0,0
BRDA:99,0,1,0
BRDA:108,1,0,0
BRDA:108,1,1,0
BRDA:129,2,0,0
BRDA:129,2,1,0
BRDA:148,3,0,0
BRDA:148,3,1,0
BRDA:155,4,0,0
BRDA:155,4,1,0
BRDA:172,5,0,0
BRDA:172,5,1,0
BRDA:187,6,0,0
BRDA:187,6,1,0
BRDA:187,6,2,0
BRDA:203,7,0,0
BRDA:203,7,1,0
BRDA:203,7,2,0
BRDA:218,8,0,0
BRDA:218,8,1,0
BRDA:218,8,2,0
BRDA:238,9,0,0
BRDA:238,9,1,0
BRDA:238,9,2,0
BRDA:252,10,0,0
BRDA:252,10,1,0
BRDA:277,11,0,0
BRDA:277,11,1,0
BRDA:277,11,2,0
BRDA:296,12,0,0
BRDA:296,12,1,0
BRDA:296,12,2,0
BRDA:306,13,0,0
BRDA:306,13,1,0
BRDA:306,13,2,0
BRDA:316,14,0,0
BRDA:316,14,1,0
BRDA:316,14,2,0
BRDA:326,15,0,0
BRDA:326,15,1,0
BRDA:326,15,2,0
BRDA:337,16,0,0
BRDA:337,16,1,0
BRDA:337,16,2,0
BRF:44
BRH:0
end_of_record
TN:
SF:src\components\header\Header.styles.ts
FN:3,(anonymous_0)
FN:10,(anonymous_1)
FN:17,(anonymous_2)
FN:26,(anonymous_3)
FN:41,(anonymous_4)
FN:59,(anonymous_5)
FNF:6
FNH:6
FNDA:5,(anonymous_0)
FNDA:5,(anonymous_1)
FNDA:5,(anonymous_2)
FNDA:5,(anonymous_3)
FNDA:60,(anonymous_4)
FNDA:30,(anonymous_5)
DA:1,5
DA:3,5
DA:10,5
DA:17,5
DA:26,5
DA:41,60
DA:59,30
LF:7
LH:7
BRF:0
BRH:0
end_of_record
TN:
SF:src\components\header\Header.tsx
FN:17,(anonymous_1)
FN:23,(anonymous_2)
FN:31,(anonymous_3)
FN:32,(anonymous_4)
FN:49,(anonymous_5)
FNF:5
FNH:4
FNDA:5,(anonymous_1)
FNDA:1,(anonymous_2)
FNDA:5,(anonymous_3)
FNDA:30,(anonymous_4)
FNDA:0,(anonymous_5)
DA:1,5
DA:2,5
DA:3,5
DA:4,5
DA:13,5
DA:14,5
DA:15,5
DA:17,5
DA:18,5
DA:19,5
DA:20,5
DA:21,5
DA:23,5
DA:24,1
DA:25,1
DA:26,1
DA:30,5
DA:32,5
DA:33,30
DA:49,5
DA:51,0
DA:54,5
DA:82,5
LF:23
LH:22
BRDA:25,0,0,1
BRDA:37,1,0,30
BRDA:37,1,1,30
BRF:3
BRH:3
end_of_record
TN:
SF:src\components\header\userMenu\UserMenu.tsx
FN:21,(anonymous_0)
FN:27,(anonymous_1)
FN:31,(anonymous_2)
FN:35,(anonymous_3)
FN:41,(anonymous_4)
FN:46,(anonymous_5)
FNF:6
FNH:4
FNDA:24,(anonymous_0)
FNDA:3,(anonymous_1)
FNDA:1,(anonymous_2)
FNDA:1,(anonymous_3)
FNDA:0,(anonymous_4)
FNDA:0,(anonymous_5)
DA:1,5
DA:2,5
DA:12,5
DA:17,5
DA:18,5
DA:19,5
DA:21,5
DA:22,24
DA:23,24
DA:24,24
DA:25,24
DA:27,24
DA:28,3
DA:31,24
DA:32,1
DA:35,24
DA:36,1
DA:37,1
DA:38,1
DA:41,24
DA:43,0
DA:46,24
DA:48,0
DA:51,24
DA:142,5
LF:25
LH:23
BRDA:56,0,0,3
BRDA:56,0,1,21
BRDA:58,1,0,3
BRDA:58,1,1,21
BRDA:111,2,0,24
BRDA:111,2,1,15
BRDA:114,3,0,24
BRDA:114,3,1,15
BRF:8
BRH:8
end_of_record
TN:
SF:src\components\layout\Layout.styles.ts
FN:23,(anonymous_0)
FN:24,(anonymous_1)
FN:37,(anonymous_2)
FN:45,(anonymous_3)
FNF:4
FNH:2
FNDA:6,(anonymous_0)
FNDA:0,(anonymous_1)
FNDA:2,(anonymous_2)
FNDA:0,(anonymous_3)
DA:1,6
DA:2,6
DA:4,6
DA:13,6
DA:22,6
DA:23,6
DA:24,0
DA:37,6
DA:45,6
LF:9
LH:8
BRF:0
BRH:0
end_of_record
TN:
SF:src\components\layout\Layout.tsx
FN:62,(anonymous_1)
FN:117,(anonymous_2)
FN:135,(anonymous_3)
FN:156,(anonymous_4)
FN:163,(anonymous_5)
FN:166,(anonymous_6)
FN:170,(anonymous_7)
FN:187,(anonymous_8)
FN:198,(anonymous_9)
FN:199,(anonymous_10)
FN:226,(anonymous_11)
FN:248,(anonymous_12)
FN:260,(anonymous_13)
FN:272,(anonymous_14)
FNF:14
FNH:0
FNDA:0,(anonymous_1)
FNDA:0,(anonymous_2)
FNDA:0,(anonymous_3)
FNDA:0,(anonymous_4)
FNDA:0,(anonymous_5)
FNDA:0,(anonymous_6)
FNDA:0,(anonymous_7)
FNDA:0,(anonymous_8)
FNDA:0,(anonymous_9)
FNDA:0,(anonymous_10)
FNDA:0,(anonymous_11)
FNDA:0,(anonymous_12)
FNDA:0,(anonymous_13)
FNDA:0,(anonymous_14)
DA:1,5
DA:2,5
DA:3,5
DA:4,5
DA:5,5
DA:22,5
DA:32,5
DA:53,5
DA:54,5
DA:60,5
DA:62,5
DA:64,0
DA:65,0
DA:76,0
DA:84,0
DA:86,0
DA:87,0
DA:89,0
DA:90,0
DA:92,0
DA:93,0
DA:95,0
DA:96,0
DA:97,0
DA:99,0
DA:100,0
DA:103,0
DA:105,0
DA:107,0
DA:110,0
DA:112,0
DA:114,0
DA:117,0
DA:118,0
DA:119,0
DA:125,0
DA:127,0
DA:128,0
DA:130,0
DA:131,0
DA:133,0
DA:135,0
DA:136,0
DA:140,0
DA:143,0
DA:144,0
DA:145,0
DA:147,0
DA:150,0
DA:152,0
DA:156,0
DA:157,0
DA:161,0
DA:163,0
DA:164,0
DA:166,0
DA:167,0
DA:170,0
DA:171,0
DA:172,0
DA:173,0
DA:175,0
DA:176,0
DA:177,0
DA:180,0
DA:183,0
DA:184,0
DA:186,0
DA:187,0
DA:188,0
DA:189,0
DA:190,0
DA:193,0
DA:196,0
DA:197,0
DA:198,0
DA:199,0
DA:200,0
DA:201,0
DA:202,0
DA:205,0
DA:211,0
DA:213,0
DA:214,0
DA:218,0
DA:219,0
DA:222,0
DA:226,0
DA:227,0
DA:228,0
DA:232,0
DA:234,0
DA:236,0
DA:239,0
DA:240,0
DA:242,0
DA:247,0
DA:249,0
DA:252,0
DA:253,0
DA:259,0
DA:261,0
DA:264,0
DA:265,0
DA:271,0
DA:273,0
DA:274,0
DA:275,0
DA:281,0
DA:291,0
DA:302,0
DA:312,0
DA:317,0
DA:322,0
DA:333,0
DA:338,0
DA:343,0
DA:352,0
DA:370,0
DA:375,0
DA:392,0
DA:409,0
DA:426,0
DA:436,0
DA:446,0
DA:648,5
LF:126
LH:12
BRDA:119,0,0,0
BRDA:119,0,1,0
BRDA:119,1,0,0
BRDA:119,1,1,0
BRDA:161,2,0,0
BRDA:161,2,1,0
BRDA:163,3,0,0
BRDA:163,3,1,0
BRDA:175,4,0,0
BRDA:175,4,1,0
BRDA:176,5,0,0
BRDA:186,6,0,0
BRDA:186,6,1,0
BRDA:188,7,0,0
BRDA:196,8,0,0
BRDA:196,8,1,0
BRDA:200,9,0,0
BRDA:223,10,0,0
BRDA:223,10,1,0
BRDA:227,11,0,0
BRDA:227,11,1,0
BRDA:228,12,0,0
BRDA:252,13,0,0
BRDA:264,14,0,0
BRDA:274,15,0,0
BRDA:275,16,0,0
BRDA:275,16,1,0
BRF:27
BRH:0
end_of_record
TN:
SF:src\components\layout\ProjectLayout.tsx
FN:6,(anonymous_1)
FNF:1
FNH:0
FNDA:0,(anonymous_1)
DA:1,5
DA:2,5
DA:3,5
DA:4,5
DA:6,5
DA:7,0
DA:20,5
LF:7
LH:6
BRF:0
BRH:0
end_of_record
TN:
SF:src\components\loading\Loading.styles.ts
FN:29,(anonymous_0)
FN:43,(anonymous_1)
FN:76,(anonymous_2)
FN:91,(anonymous_3)
FNF:4
FNH:4
FNDA:3,(anonymous_0)
FNDA:3,(anonymous_1)
FNDA:3,(anonymous_2)
FNDA:3,(anonymous_3)
DA:1,7
DA:4,7
DA:19,7
DA:29,7
DA:43,7
DA:76,7
DA:91,7
LF:7
LH:7
BRF:0
BRH:0
end_of_record
TN:
SF:src\components\loading\Loading.tsx
FN:11,(anonymous_1)
FNF:1
FNH:1
FNDA:5,(anonymous_1)
DA:1,7
DA:2,7
DA:3,7
DA:11,7
DA:16,5
DA:17,2
DA:27,3
DA:59,7
LF:8
LH:8
BRDA:12,0,0,1
BRDA:13,1,0,3
BRDA:14,2,0,1
BRDA:16,3,0,2
BRDA:30,4,0,1
BRDA:30,4,1,2
BRDA:31,5,0,2
BRDA:31,5,1,1
BRF:8
BRH:8
end_of_record
TN:
SF:src\components\portal\Portal.tsx
FN:5,(anonymous_1)
FNF:1
FNH:1
FNDA:2,(anonymous_1)
DA:1,6
DA:2,6
DA:5,6
DA:6,2
DA:12,6
LF:5
LH:5
BRF:0
BRH:0
end_of_record
TN:
SF:src\components\privateRoute\PrivateRoute.tsx
FN:5,(anonymous_1)
FNF:1
FNH:1
FNDA:4,(anonymous_1)
DA:1,6
DA:2,6
DA:3,6
DA:5,6
DA:6,4
DA:8,4
DA:9,1
DA:12,3
DA:15,6
LF:9
LH:9
BRDA:8,0,0,1
BRDA:12,1,0,2
BRDA:12,1,1,1
BRF:3
BRH:3
end_of_record
TN:
SF:src\components\sidebar\Sidebar.styles.ts
FN:14,(anonymous_0)
FN:15,(anonymous_1)
FN:50,(anonymous_2)
FN:51,(anonymous_3)
FN:73,(anonymous_4)
FN:74,(anonymous_5)
FN:100,(anonymous_6)
FN:101,(anonymous_7)
FN:111,(anonymous_8)
FN:112,(anonymous_9)
FN:123,(anonymous_10)
FN:124,(anonymous_11)
FN:132,(anonymous_12)
FN:133,(anonymous_13)
FN:151,(anonymous_14)
FN:163,(anonymous_15)
FNF:16
FNH:15
FNDA:17,(anonymous_0)
FNDA:4,(anonymous_1)
FNDA:9,(anonymous_2)
FNDA:4,(anonymous_3)
FNDA:13,(anonymous_4)
FNDA:4,(anonymous_5)
FNDA:53,(anonymous_6)
FNDA:24,(anonymous_7)
FNDA:13,(anonymous_8)
FNDA:4,(anonymous_9)
FNDA:13,(anonymous_10)
FNDA:4,(anonymous_11)
FNDA:13,(anonymous_12)
FNDA:4,(anonymous_13)
FNDA:0,(anonymous_14)
FNDA:4,(anonymous_15)
DA:1,5
DA:13,5
DA:14,17
DA:15,4
DA:49,5
DA:50,9
DA:51,4
DA:58,5
DA:64,5
DA:72,5
DA:73,13
DA:74,4
DA:83,5
DA:94,5
DA:99,5
DA:100,53
DA:101,24
DA:110,5
DA:111,13
DA:112,4
DA:122,5
DA:123,13
DA:124,4
DA:131,5
DA:132,13
DA:133,4
DA:141,5
DA:146,5
DA:151,5
DA:163,5
LF:30
LH:30
BRDA:17,0,0,4
BRDA:17,0,1,0
BRDA:52,1,0,4
BRDA:52,1,1,0
BRDA:53,2,0,4
BRDA:53,2,1,0
BRDA:78,3,0,4
BRDA:78,3,1,0
BRDA:104,4,0,24
BRDA:104,4,1,0
BRDA:115,5,0,4
BRDA:115,5,1,0
BRDA:125,6,0,4
BRDA:125,6,1,0
BRDA:135,7,0,4
BRDA:135,7,1,0
BRDA:138,8,0,4
BRDA:138,8,1,0
BRF:18
BRH:9
end_of_record
TN:
SF:src\components\sidebar\Sidebar.tsx
FN:24,(anonymous_1)
FN:32,(anonymous_2)
FN:33,(anonymous_3)
FN:42,(anonymous_4)
FN:87,(anonymous_5)
FN:90,(anonymous_6)
FNF:6
FNH:6
FNDA:4,(anonymous_1)
FNDA:4,(anonymous_2)
FNDA:24,(anonymous_3)
FNDA:1,(anonymous_4)
FNDA:24,(anonymous_5)
FNDA:1,(anonymous_6)
DA:1,5
DA:2,5
DA:3,5
DA:4,5
DA:6,5
DA:7,5
DA:8,5
DA:24,5
DA:29,4
DA:31,4
DA:33,24
DA:42,4
DA:43,1
DA:44,1
DA:45,1
DA:48,4
DA:88,24
DA:90,1
DA:141,5
LF:19
LH:19
BRDA:92,0,0,0
BRDA:92,0,1,24
BRDA:94,1,0,24
BRDA:94,1,1,0
BRDA:97,2,0,24
BRDA:97,2,1,0
BRDA:121,3,0,4
BRDA:121,3,1,0
BRF:8
BRH:4
end_of_record
TN:
SF:src\components\sprintSelector\SprintSelector.styles.ts
FN:11,(anonymous_1)
FN:26,(anonymous_2)
FN:50,(anonymous_3)
FN:56,(anonymous_4)
FN:90,(anonymous_5)
FN:116,(anonymous_6)
FNF:6
FNH:5
FNDA:6,(anonymous_1)
FNDA:0,(anonymous_2)
FNDA:6,(anonymous_3)
FNDA:12,(anonymous_4)
FNDA:8,(anonymous_5)
FNDA:24,(anonymous_6)
DA:1,6
DA:8,6
DA:9,6
DA:11,6
DA:26,6
DA:50,6
DA:56,12
DA:90,8
DA:108,6
DA:116,24
LF:10
LH:10
BRF:0
BRH:0
end_of_record
TN:
SF:src\components\sprintSelector\SprintSelector.tsx
FN:16,(anonymous_1)
FN:32,(anonymous_2)
FN:39,(anonymous_3)
FN:40,(anonymous_4)
FN:43,(anonymous_5)
FN:52,(anonymous_6)
FN:59,(anonymous_7)
FN:79,(anonymous_8)
FNF:8
FNH:8
FNDA:6,(anonymous_1)
FNDA:1,(anonymous_2)
FNDA:61,(anonymous_3)
FNDA:16,(anonymous_4)
FNDA:24,(anonymous_5)
FNDA:12,(anonymous_6)
FNDA:1,(anonymous_7)
FNDA:1,(anonymous_8)
DA:1,6
DA:2,6
DA:4,6
DA:5,6
DA:6,6
DA:7,6
DA:16,6
DA:25,6
DA:27,6
DA:33,1
DA:34,1
DA:39,61
DA:40,16
DA:44,24
DA:53,12
DA:54,4
DA:60,1
DA:61,1
DA:72,8
DA:80,1
DA:81,1
DA:82,1
DA:134,6
LF:23
LH:23
BRDA:31,0,0,6
BRDA:31,0,1,0
BRDA:33,1,0,1
BRDA:33,2,0,1
BRDA:33,2,1,1
BRDA:38,3,0,6
BRDA:38,3,1,0
BRDA:47,4,0,24
BRDA:47,4,1,0
BRDA:53,5,0,4
BRDA:75,6,0,8
BRDA:75,6,1,8
BRF:12
BRH:9
end_of_record
TN:
SF:src\components\statusConfig\StatusConfig.styles.ts
FN:3,(anonymous_0)
FN:12,(anonymous_1)
FN:18,(anonymous_2)
FN:33,(anonymous_3)
FNF:4
FNH:4
FNDA:11,(anonymous_0)
FNDA:5,(anonymous_1)
FNDA:15,(anonymous_2)
FNDA:15,(anonymous_3)
DA:1,6
DA:3,11
DA:12,6
DA:18,15
DA:33,15
LF:5
LH:5
BRF:0
BRH:0
end_of_record
TN:
SF:src\components\statusConfig\StatusConfig.tsx
FN:14,(anonymous_1)
FN:22,(anonymous_2)
FN:24,(anonymous_3)
FN:25,(anonymous_4)
FN:40,(anonymous_5)
FN:61,(anonymous_6)
FN:78,(anonymous_7)
FN:79,(anonymous_8)
FN:82,(anonymous_9)
FN:95,(anonymous_10)
FN:96,(anonymous_11)
FNF:11
FNH:9
FNDA:11,(anonymous_1)
FNDA:3,(anonymous_2)
FNDA:3,(anonymous_3)
FNDA:1,(anonymous_4)
FNDA:5,(anonymous_5)
FNDA:0,(anonymous_6)
FNDA:33,(anonymous_7)
FNDA:33,(anonymous_8)
FNDA:3,(anonymous_9)
FNDA:33,(anonymous_10)
FNDA:0,(anonymous_11)
DA:1,6
DA:2,6
DA:3,6
DA:5,6
DA:6,6
DA:7,6
DA:14,6
DA:19,11
DA:20,11
DA:22,11
DA:23,3
DA:24,3
DA:25,1
DA:28,3
DA:29,2
DA:31,1
DA:36,11
DA:40,5
DA:61,0
DA:78,33
DA:80,33
DA:83,3
DA:84,3
DA:95,33
DA:96,0
DA:113,6
LF:26
LH:24
BRDA:23,0,0,3
BRDA:24,1,0,1
BRDA:24,1,1,2
BRDA:28,2,0,2
BRDA:28,2,1,1
BRDA:75,3,0,11
BRDA:75,3,1,11
BRDA:88,4,0,33
BRDA:88,4,1,0
BRF:9
BRH:8
end_of_record
TN:
SF:src\components\statusIndicator\StatusIndicator.tsx
FN:9,(anonymous_0)
FNF:1
FNH:1
FNDA:2,(anonymous_0)
DA:1,6
DA:8,6
DA:9,2
LF:3
LH:3
BRF:0
BRH:0
end_of_record
TN:
SF:src\components\taskEditDialog\TaskEditDialog.styles.ts
FN:3,(anonymous_0)
FN:12,(anonymous_1)
FN:17,(anonymous_2)
FN:25,(anonymous_3)
FN:30,(anonymous_4)
FN:40,(anonymous_5)
FN:44,(anonymous_6)
FN:50,(anonymous_7)
FNF:8
FNH:8
FNDA:5,(anonymous_0)
FNDA:5,(anonymous_1)
FNDA:5,(anonymous_2)
FNDA:5,(anonymous_3)
FNDA:5,(anonymous_4)
FNDA:25,(anonymous_5)
FNDA:20,(anonymous_6)
FNDA:5,(anonymous_7)
DA:1,5
DA:3,5
DA:12,5
DA:17,5
DA:25,5
DA:30,5
DA:40,25
DA:44,20
DA:50,5
LF:9
LH:9
BRF:0
BRH:0
end_of_record
TN:
SF:src\components\taskEditDialog\TaskEditDialog.tsx
FN:35,(anonymous_0)
FN:48,(anonymous_1)
FN:57,(anonymous_2)
FN:76,(anonymous_3)
FN:79,(anonymous_4)
FN:83,(anonymous_5)
FN:178,(anonymous_6)
FN:268,(anonymous_7)
FNF:8
FNH:7
FNDA:9,(anonymous_0)
FNDA:4,(anonymous_1)
FNDA:1,(anonymous_2)
FNDA:1,(anonymous_3)
FNDA:0,(anonymous_4)
FNDA:1,(anonymous_5)
FNDA:10,(anonymous_6)
FNDA:1,(anonymous_7)
DA:1,5
DA:2,5
DA:16,5
DA:22,5
DA:23,5
DA:24,5
DA:35,5
DA:44,9
DA:45,9
DA:46,9
DA:48,9
DA:49,4
DA:50,4
DA:52,0
DA:54,4
DA:57,9
DA:62,1
DA:63,1
DA:65,1
DA:70,1
DA:76,1
DA:78,1
DA:79,0
DA:83,9
DA:84,1
DA:85,1
DA:93,1
DA:94,1
DA:97,9
DA:98,5
DA:179,10
DA:269,1
DA:270,1
DA:285,5
LF:34
LH:32
BRDA:42,0,0,0
BRDA:49,1,0,4
BRDA:49,1,1,0
BRDA:63,2,0,0
BRDA:70,3,0,0
BRDA:70,3,1,1
BRDA:71,4,0,0
BRDA:71,4,1,0
BRDA:76,5,0,1
BRDA:76,5,1,0
BRDA:78,6,0,0
BRDA:84,7,0,0
BRDA:97,8,0,4
BRDA:103,9,0,5
BRDA:103,9,1,0
BRDA:119,10,0,5
BRDA:119,10,1,0
BRDA:136,11,0,5
BRDA:136,11,1,0
BRDA:152,12,0,5
BRDA:152,12,1,0
BRDA:170,13,0,5
BRDA:170,13,1,5
BRDA:199,14,0,5
BRDA:199,14,1,0
BRDA:212,15,0,5
BRDA:212,15,1,0
BRDA:224,16,0,5
BRDA:224,16,1,0
BRDA:262,17,0,5
BRDA:262,17,1,5
BRF:31
BRH:15
end_of_record
TN:
SF:src\components\ticketEditDialog\TicketEditDialog.styles.ts
FN:11,(anonymous_0)
FN:20,(anonymous_1)
FN:25,(anonymous_2)
FN:33,(anonymous_3)
FN:38,(anonymous_4)
FN:48,(anonymous_5)
FN:52,(anonymous_6)
FN:58,(anonymous_7)
FN:64,(anonymous_8)
FN:75,(anonymous_9)
FN:76,(anonymous_10)
FNF:11
FNH:11
FNDA:11,(anonymous_0)
FNDA:11,(anonymous_1)
FNDA:11,(anonymous_2)
FNDA:11,(anonymous_3)
FNDA:11,(anonymous_4)
FNDA:44,(anonymous_5)
FNDA:44,(anonymous_6)
FNDA:11,(anonymous_7)
FNDA:11,(anonymous_8)
FNDA:38,(anonymous_9)
FNDA:11,(anonymous_10)
DA:1,5
DA:11,11
DA:20,11
DA:25,11
DA:33,11
DA:38,11
DA:48,44
DA:52,44
DA:58,11
DA:64,11
DA:74,5
DA:75,38
DA:76,11
LF:13
LH:13
BRF:0
BRH:0
end_of_record
TN:
SF:src\components\ticketEditDialog\TicketEditDialog.tsx
FN:41,(anonymous_0)
FN:63,(anonymous_1)
FN:73,(anonymous_2)
FN:95,(anonymous_3)
FN:105,(anonymous_4)
FN:115,(anonymous_5)
FN:122,(anonymous_6)
FN:138,(anonymous_7)
FN:164,(anonymous_8)
FN:187,(anonymous_9)
FN:217,(anonymous_10)
FN:252,(anonymous_11)
FN:297,(anonymous_12)
FN:330,(anonymous_13)
FN:387,(anonymous_14)
FN:388,(anonymous_15)
FN:421,(anonymous_16)
FN:441,(anonymous_17)
FN:465,(anonymous_18)
FN:497,(anonymous_19)
FN:510,(anonymous_20)
FN:525,(anonymous_21)
FN:538,(anonymous_22)
FN:649,(anonymous_23)
FN:671,(anonymous_24)
FN:684,(anonymous_25)
FN:697,(anonymous_26)
FNF:27
FNH:14
FNDA:17,(anonymous_0)
FNDA:6,(anonymous_1)
FNDA:1,(anonymous_2)
FNDA:0,(anonymous_3)
FNDA:0,(anonymous_4)
FNDA:1,(anonymous_5)
FNDA:2,(anonymous_6)
FNDA:1,(anonymous_7)
FNDA:2,(anonymous_8)
FNDA:2,(anonymous_9)
FNDA:1,(anonymous_10)
FNDA:0,(anonymous_11)
FNDA:33,(anonymous_12)
FNDA:66,(anonymous_13)
FNDA:2,(anonymous_14)
FNDA:0,(anonymous_15)
FNDA:0,(anonymous_16)
FNDA:0,(anonymous_17)
FNDA:0,(anonymous_18)
FNDA:0,(anonymous_19)
FNDA:0,(anonymous_20)
FNDA:0,(anonymous_21)
FNDA:0,(anonymous_22)
FNDA:22,(anonymous_23)
FNDA:1,(anonymous_24)
FNDA:0,(anonymous_25)
FNDA:0,(anonymous_26)
DA:1,5
DA:2,5
DA:18,5
DA:25,5
DA:26,5
DA:27,5
DA:28,5
DA:41,5
DA:55,17
DA:56,17
DA:59,17
DA:60,17
DA:61,17
DA:63,17
DA:64,6
DA:65,6
DA:67,0
DA:69,6
DA:70,6
DA:73,17
DA:78,1
DA:79,1
DA:81,1
DA:87,1
DA:88,0
DA:95,17
DA:98,0
DA:99,0
DA:105,17
DA:106,0
DA:107,0
DA:108,0
DA:109,0
DA:115,17
DA:116,1
DA:117,1
DA:118,1
DA:122,2
DA:138,17
DA:142,1
DA:144,1
DA:146,1
DA:164,17
DA:165,2
DA:167,2
DA:168,0
DA:171,2
DA:172,0
DA:175,2
DA:176,0
DA:179,2
DA:180,0
DA:183,2
DA:184,2
DA:187,17
DA:188,2
DA:190,2
DA:209,2
DA:214,2
DA:217,17
DA:218,1
DA:219,1
DA:220,1
DA:223,17
DA:225,11
DA:252,0
DA:298,33
DA:331,66
DA:387,2
DA:389,0
DA:422,0
DA:442,0
DA:466,0
DA:497,0
DA:510,0
DA:525,0
DA:538,0
DA:650,22
DA:671,1
DA:684,0
DA:697,0
DA:755,5
LF:82
LH:59
BRDA:53,0,0,0
BRDA:64,1,0,6
BRDA:64,1,1,0
BRDA:79,2,0,0
BRDA:79,3,0,1
BRDA:79,3,1,1
BRDA:87,4,0,0
BRDA:98,5,0,0
BRDA:98,5,1,0
BRDA:107,6,0,0
BRDA:107,7,0,0
BRDA:107,7,1,0
BRDA:107,7,2,0
BRDA:116,8,0,0
BRDA:121,9,0,1
BRDA:121,9,1,0
BRDA:122,10,0,1
BRDA:122,10,1,0
BRDA:125,11,0,1
BRDA:125,11,1,0
BRDA:142,12,0,0
BRDA:144,13,0,0
BRDA:144,13,1,1
BRDA:167,14,0,0
BRDA:171,15,0,0
BRDA:175,16,0,0
BRDA:179,17,0,0
BRDA:188,18,0,0
BRDA:188,19,0,2
BRDA:188,19,1,2
BRDA:218,20,0,0
BRDA:218,21,0,1
BRDA:218,21,1,1
BRDA:223,22,0,6
BRDA:231,23,0,11
BRDA:231,23,1,0
BRDA:233,24,0,11
BRDA:233,24,1,11
BRDA:261,25,0,11
BRDA:261,25,1,11
BRDA:268,26,0,11
BRDA:268,26,1,0
BRDA:290,27,0,11
BRDA:290,27,1,0
BRDA:294,28,0,11
BRDA:294,28,1,11
BRDA:296,29,0,11
BRDA:296,29,1,11
BRDA:305,30,0,33
BRDA:305,30,1,0
BRDA:313,31,0,11
BRDA:313,31,1,0
BRDA:324,32,0,11
BRDA:324,32,1,0
BRDA:339,33,0,11
BRDA:339,33,1,0
BRDA:350,34,0,11
BRDA:350,34,1,0
BRDA:367,35,0,2
BRDA:367,35,1,9
BRDA:368,36,0,2
BRDA:368,36,1,9
BRDA:373,37,0,11
BRDA:373,37,1,2
BRDA:378,38,0,2
BRDA:378,38,1,2
BRDA:404,39,0,11
BRDA:404,39,1,0
BRDA:413,40,0,0
BRDA:413,40,1,0
BRDA:433,41,0,0
BRDA:433,41,1,0
BRDA:459,42,0,0
BRDA:459,42,1,0
BRDA:481,43,0,0
BRDA:481,43,1,0
BRDA:496,44,0,0
BRDA:496,44,1,0
BRDA:509,45,0,0
BRDA:509,45,1,0
BRDA:524,46,0,0
BRDA:524,46,1,0
BRDA:537,47,0,0
BRDA:537,47,1,0
BRDA:551,48,0,11
BRDA:551,48,1,0
BRDA:558,49,0,0
BRDA:558,49,1,0
BRDA:574,50,0,0
BRDA:574,50,1,0
BRDA:590,51,0,0
BRDA:590,51,1,0
BRDA:606,52,0,0
BRDA:606,52,1,0
BRDA:620,53,0,0
BRDA:620,53,1,0
BRDA:641,54,0,11
BRDA:641,54,1,0
BRDA:670,55,0,11
BRDA:670,55,1,0
BRDA:683,56,0,11
BRDA:683,56,1,0
BRDA:696,57,0,11
BRDA:696,57,1,0
BRDA:735,58,0,11
BRDA:735,58,1,11
BRF:106
BRH:44
end_of_record
TN:
SF:src\constants\backlogColumns.ts
FNF:0
FNH:0
DA:9,5
DA:27,5
LF:2
LH:2
BRF:0
BRH:0
end_of_record
TN:
SF:src\constants\index.ts
FNF:0
FNH:0
DA:1,5
DA:2,5
DA:3,5
DA:4,5
DA:5,5
LF:5
LH:5
BRF:0
BRH:0
end_of_record
TN:
SF:src\constants\menuItems.ts
FNF:0
FNH:0
DA:1,5
DA:2,5
DA:3,5
DA:4,5
DA:5,5
DA:6,5
DA:15,5
DA:55,5
DA:88,5
DA:94,5
LF:10
LH:10
BRF:0
BRH:0
end_of_record
TN:
SF:src\constants\tabPanels.tsx
FN:18,(anonymous_1)
FN:22,(anonymous_2)
FN:27,(anonymous_3)
FN:29,(anonymous_4)
FNF:4
FNH:0
FNDA:0,(anonymous_1)
FNDA:0,(anonymous_2)
FNDA:0,(anonymous_3)
FNDA:0,(anonymous_4)
DA:1,5
DA:2,5
DA:3,5
DA:4,5
DA:6,5
DA:7,5
DA:8,5
DA:9,5
DA:17,5
DA:18,0
DA:22,0
DA:27,0
DA:29,0
LF:13
LH:9
BRF:0
BRH:0
end_of_record
TN:
SF:src\constants\enum\RetroCardType.ts
FN:1,(anonymous_0)
FNF:1
FNH:1
FNDA:5,(anonymous_0)
DA:1,5
DA:2,5
DA:3,5
DA:4,5
LF:4
LH:4
BRDA:1,0,0,5
BRDA:1,0,1,5
BRF:2
BRH:2
end_of_record
TN:
SF:src\constants\enum\Role.ts
FN:1,(anonymous_0)
FNF:1
FNH:1
FNDA:5,(anonymous_0)
DA:1,5
DA:2,5
DA:3,5
DA:4,5
DA:5,5
DA:6,5
DA:7,5
LF:7
LH:7
BRDA:1,0,0,5
BRDA:1,0,1,5
BRF:2
BRH:2
end_of_record
TN:
SF:src\constants\enum\SprintGoalStatus.ts
FN:1,(anonymous_0)
FNF:1
FNH:1
FNDA:5,(anonymous_0)
DA:1,5
DA:2,5
DA:3,5
DA:4,5
LF:4
LH:4
BRDA:1,0,0,5
BRDA:1,0,1,5
BRF:2
BRH:2
end_of_record
TN:
SF:src\constants\enum\TicketPriority.ts
FN:1,(anonymous_0)
FNF:1
FNH:1
FNDA:5,(anonymous_0)
DA:1,5
DA:2,5
DA:3,5
DA:4,5
DA:5,5
LF:5
LH:5
BRDA:1,0,0,5
BRDA:1,0,1,5
BRF:2
BRH:2
end_of_record
TN:
SF:src\constants\enum\TicketType.ts
FN:1,(anonymous_0)
FNF:1
FNH:1
FNDA:5,(anonymous_0)
DA:1,5
DA:2,5
DA:3,5
DA:4,5
DA:5,5
DA:6,5
DA:7,5
LF:7
LH:7
BRDA:1,0,0,5
BRDA:1,0,1,5
BRF:2
BRH:2
end_of_record
TN:
SF:src\constants\enum\index.ts
FNF:0
FNH:0
DA:1,5
DA:2,5
DA:3,5
DA:4,5
DA:5,5
LF:5
LH:5
BRF:0
BRH:0
end_of_record
TN:
SF:src\context\index.ts
FNF:0
FNH:0
DA:1,3
DA:2,3
DA:3,3
DA:4,3
DA:5,3
DA:6,3
DA:7,3
LF:7
LH:7
BRF:0
BRH:0
end_of_record
TN:
SF:src\context\apiContext\index.tsx
FN:7,(anonymous_0)
FN:9,(anonymous_1)
FNF:2
FNH:1
FNDA:15,(anonymous_0)
FNDA:0,(anonymous_1)
DA:1,5
DA:2,5
DA:5,5
DA:7,15
DA:9,5
DA:10,0
LF:6
LH:5
BRF:0
BRH:0
end_of_record
TN:
SF:src\context\authContext\index.tsx
FN:28,(anonymous_0)
FN:40,(anonymous_1)
FN:44,(anonymous_2)
FN:45,(anonymous_3)
FN:109,(anonymous_4)
FN:110,(anonymous_5)
FN:147,(anonymous_6)
FN:165,(anonymous_7)
FN:183,(anonymous_8)
FN:201,(anonymous_9)
FN:231,(anonymous_10)
FNF:11
FNH:7
FNDA:15,(anonymous_0)
FNDA:5,(anonymous_1)
FNDA:5,(anonymous_2)
FNDA:5,(anonymous_3)
FNDA:10,(anonymous_4)
FNDA:5,(anonymous_5)
FNDA:0,(anonymous_6)
FNDA:0,(anonymous_7)
FNDA:0,(anonymous_8)
FNDA:0,(anonymous_9)
FNDA:24,(anonymous_10)
DA:1,3
DA:9,3
DA:10,3
DA:12,3
DA:24,3
DA:28,3
DA:31,15
DA:32,15
DA:33,15
DA:34,15
DA:35,15
DA:37,15
DA:38,15
DA:39,15
DA:40,5
DA:44,15
DA:45,5
DA:46,5
DA:48,5
DA:49,5
DA:50,5
DA:53,0
DA:54,0
DA:59,0
DA:60,0
DA:61,0
DA:62,0
DA:63,0
DA:66,0
DA:71,0
DA:73,5
DA:76,5
DA:77,5
DA:79,0
DA:109,15
DA:110,10
DA:111,5
DA:112,5
DA:113,5
DA:114,5
DA:116,0
DA:117,0
DA:118,0
DA:126,0
DA:127,0
DA:128,0
DA:130,0
DA:132,0
DA:134,0
DA:135,0
DA:136,0
DA:138,0
DA:142,10
DA:143,5
DA:147,15
DA:148,0
DA:150,0
DA:157,0
DA:158,0
DA:160,0
DA:161,0
DA:162,0
DA:165,15
DA:166,0
DA:168,0
DA:175,0
DA:176,0
DA:178,0
DA:179,0
DA:180,0
DA:183,15
DA:184,0
DA:186,0
DA:193,0
DA:194,0
DA:196,0
DA:197,0
DA:198,0
DA:201,15
DA:202,0
DA:208,0
DA:209,0
DA:210,0
DA:211,0
DA:214,15
DA:231,3
DA:232,24
DA:233,24
DA:234,24
LF:89
LH:41
BRDA:48,0,0,5
BRDA:53,1,0,0
BRDA:53,2,0,0
BRDA:53,2,1,0
BRDA:59,3,0,0
BRDA:61,4,0,0
BRDA:61,4,1,0
BRDA:76,5,0,5
BRDA:76,5,1,0
BRDA:111,6,0,5
BRDA:126,7,0,0
BRDA:126,7,1,0
BRDA:142,8,0,5
BRDA:158,9,0,0
BRDA:176,10,0,0
BRDA:194,11,0,0
BRDA:233,12,0,0
BRF:17
BRH:4
end_of_record
TN:
SF:src\context\projectContext\index.tsx
FN:25,(anonymous_0)
FN:37,(anonymous_1)
FN:41,(anonymous_2)
FN:63,(anonymous_3)
FN:67,(anonymous_4)
FN:68,(anonymous_5)
FN:75,(anonymous_6)
FN:81,(anonymous_7)
FN:83,(anonymous_8)
FN:102,(anonymous_9)
FNF:10
FNH:0
FNDA:0,(anonymous_0)
FNDA:0,(anonymous_1)
FNDA:0,(anonymous_2)
FNDA:0,(anonymous_3)
FNDA:0,(anonymous_4)
FNDA:0,(anonymous_5)
FNDA:0,(anonymous_6)
FNDA:0,(anonymous_7)
FNDA:0,(anonymous_8)
FNDA:0,(anonymous_9)
DA:1,3
DA:10,3
DA:12,3
DA:13,3
DA:14,3
DA:15,3
DA:17,3
DA:25,3
DA:26,0
DA:27,0
DA:28,0
DA:29,0
DA:31,0
DA:32,0
DA:33,0
DA:36,0
DA:37,0
DA:41,0
DA:42,0
DA:43,0
DA:44,0
DA:45,0
DA:52,0
DA:53,0
DA:54,0
DA:55,0
DA:57,0
DA:59,0
DA:63,0
DA:64,0
DA:67,0
DA:68,0
DA:69,0
DA:70,0
DA:74,0
DA:76,0
DA:81,0
DA:83,0
DA:85,0
DA:87,0
DA:102,3
DA:103,0
DA:104,0
DA:105,0
DA:106,0
LF:45
LH:9
BRDA:42,0,0,0
BRDA:42,1,0,0
BRDA:42,1,1,0
BRDA:52,2,0,0
BRDA:69,3,0,0
BRDA:85,4,0,0
BRDA:104,5,0,0
BRF:7
BRH:0
end_of_record
TN:
SF:src\context\snackbarContext\index.tsx
FN:9,(anonymous_0)
FN:16,(anonymous_1)
FN:29,(anonymous_2)
FN:29,(anonymous_3)
FN:34,(anonymous_4)
FN:34,(anonymous_5)
FN:43,(anonymous_6)
FNF:7
FNH:0
FNDA:0,(anonymous_0)
FNDA:0,(anonymous_1)
FNDA:0,(anonymous_2)
FNDA:0,(anonymous_3)
FNDA:0,(anonymous_4)
FNDA:0,(anonymous_5)
FNDA:0,(anonymous_6)
DA:1,5
DA:2,5
DA:5,5
DA:9,5
DA:10,0
DA:16,0
DA:20,0
DA:23,0
DA:29,0
DA:34,0
DA:43,5
DA:44,0
DA:45,0
DA:46,0
DA:47,0
LF:15
LH:5
BRDA:18,0,0,0
BRDA:45,1,0,0
BRF:2
BRH:0
end_of_record
TN:
SF:src\context\sprintContext\index.tsx
FN:17,(anonymous_0)
FN:34,(anonymous_1)
FN:37,(anonymous_2)
FN:40,(anonymous_3)
FN:44,(anonymous_4)
FN:54,(anonymous_5)
FN:67,(anonymous_6)
FN:74,(anonymous_7)
FN:80,(anonymous_8)
FN:81,(anonymous_9)
FN:82,(anonymous_10)
FN:84,(anonymous_11)
FN:94,(anonymous_12)
FN:95,(anonymous_13)
FN:96,(anonymous_14)
FN:106,(anonymous_15)
FN:107,(anonymous_16)
FN:107,(anonymous_17)
FN:115,(anonymous_18)
FN:116,(anonymous_19)
FN:117,(anonymous_20)
FN:138,(anonymous_21)
FNF:22
FNH:0
FNDA:0,(anonymous_0)
FNDA:0,(anonymous_1)
FNDA:0,(anonymous_2)
FNDA:0,(anonymous_3)
FNDA:0,(anonymous_4)
FNDA:0,(anonymous_5)
FNDA:0,(anonymous_6)
FNDA:0,(anonymous_7)
FNDA:0,(anonymous_8)
FNDA:0,(anonymous_9)
FNDA:0,(anonymous_10)
FNDA:0,(anonymous_11)
FNDA:0,(anonymous_12)
FNDA:0,(anonymous_13)
FNDA:0,(anonymous_14)
FNDA:0,(anonymous_15)
FNDA:0,(anonymous_16)
FNDA:0,(anonymous_17)
FNDA:0,(anonymous_18)
FNDA:0,(anonymous_19)
FNDA:0,(anonymous_20)
FNDA:0,(anonymous_21)
DA:1,3
DA:11,3
DA:12,3
DA:13,3
DA:15,3
DA:17,3
DA:23,0
DA:28,0
DA:30,0
DA:31,0
DA:34,0
DA:37,0
DA:38,0
DA:39,0
DA:40,0
DA:42,0
DA:43,0
DA:45,0
DA:50,0
DA:54,0
DA:55,0
DA:56,0
DA:57,0
DA:58,0
DA:59,0
DA:61,0
DA:62,0
DA:63,0
DA:67,0
DA:68,0
DA:69,0
DA:74,0
DA:75,0
DA:79,0
DA:81,0
DA:82,0
DA:84,0
DA:85,0
DA:93,0
DA:95,0
DA:96,0
DA:97,0
DA:99,0
DA:105,0
DA:107,0
DA:108,0
DA:109,0
DA:115,0
DA:116,0
DA:117,0
DA:119,0
DA:121,0
DA:138,3
DA:139,0
DA:140,0
DA:141,0
DA:142,0
LF:57
LH:7
BRDA:45,0,0,0
BRDA:45,0,1,0
BRDA:45,0,2,0
BRDA:45,0,3,0
BRDA:50,1,0,0
BRDA:50,1,1,0
BRDA:50,1,2,0
BRDA:50,1,3,0
BRDA:55,2,0,0
BRDA:55,3,0,0
BRDA:55,3,1,0
BRDA:56,4,0,0
BRDA:56,5,0,0
BRDA:56,5,1,0
BRDA:68,6,0,0
BRDA:82,7,0,0
BRDA:82,7,1,0
BRDA:85,8,0,0
BRDA:85,8,1,0
BRDA:85,9,0,0
BRDA:85,9,1,0
BRDA:96,10,0,0
BRDA:108,11,0,0
BRDA:119,12,0,0
BRDA:119,13,0,0
BRDA:119,13,1,0
BRDA:140,14,0,0
BRF:27
BRH:0
end_of_record
TN:
SF:src\context\themeContext\index.tsx
FN:15,(anonymous_0)
FN:20,(anonymous_1)
FN:40,(anonymous_2)
FN:44,(anonymous_3)
FN:48,(anonymous_4)
FN:52,(anonymous_5)
FN:60,(anonymous_6)
FN:75,(anonymous_7)
FN:92,(anonymous_8)
FNF:9
FNH:5
FNDA:4,(anonymous_0)
FNDA:4,(anonymous_1)
FNDA:4,(anonymous_2)
FNDA:0,(anonymous_3)
FNDA:4,(anonymous_4)
FNDA:0,(anonymous_5)
FNDA:0,(anonymous_6)
FNDA:4,(anonymous_7)
FNDA:0,(anonymous_8)
DA:1,3
DA:13,3
DA:15,3
DA:16,4
DA:17,4
DA:20,4
DA:21,4
DA:23,4
DA:24,4
DA:26,4
DA:27,0
DA:28,0
DA:32,0
DA:33,4
DA:34,0
DA:35,0
DA:40,4
DA:41,4
DA:43,4
DA:44,4
DA:45,0
DA:47,4
DA:48,4
DA:52,4
DA:53,0
DA:54,0
DA:55,0
DA:56,0
DA:60,4
DA:61,0
DA:62,0
DA:64,0
DA:65,0
DA:69,0
DA:74,4
DA:75,4
DA:84,4
DA:92,3
DA:93,0
DA:94,0
DA:95,0
DA:97,0
LF:42
LH:23
BRDA:21,0,0,0
BRDA:26,1,0,0
BRDA:26,1,1,4
BRDA:28,2,0,0
BRDA:28,2,1,0
BRDA:33,3,0,0
BRDA:41,4,0,0
BRDA:45,5,0,0
BRDA:45,5,1,0
BRDA:64,6,0,0
BRDA:65,7,0,0
BRDA:65,7,1,0
BRDA:94,8,0,0
BRF:13
BRH:1
end_of_record
TN:
SF:src\context\ticketContext\index.tsx
FN:28,(anonymous_0)
FN:38,(anonymous_1)
FN:39,(anonymous_2)
FN:41,(anonymous_3)
FN:49,(anonymous_4)
FN:50,(anonymous_5)
FN:54,(anonymous_6)
FN:55,(anonymous_7)
FN:56,(anonymous_8)
FN:63,(anonymous_9)
FN:64,(anonymous_10)
FN:65,(anonymous_11)
FN:75,(anonymous_12)
FN:76,(anonymous_13)
FN:77,(anonymous_14)
FN:87,(anonymous_15)
FN:88,(anonymous_16)
FN:88,(anonymous_17)
FN:93,(anonymous_18)
FN:94,(anonymous_19)
FN:95,(anonymous_20)
FN:116,(anonymous_21)
FNF:22
FNH:0
FNDA:0,(anonymous_0)
FNDA:0,(anonymous_1)
FNDA:0,(anonymous_2)
FNDA:0,(anonymous_3)
FNDA:0,(anonymous_4)
FNDA:0,(anonymous_5)
FNDA:0,(anonymous_6)
FNDA:0,(anonymous_7)
FNDA:0,(anonymous_8)
FNDA:0,(anonymous_9)
FNDA:0,(anonymous_10)
FNDA:0,(anonymous_11)
FNDA:0,(anonymous_12)
FNDA:0,(anonymous_13)
FNDA:0,(anonymous_14)
FNDA:0,(anonymous_15)
FNDA:0,(anonymous_16)
FNDA:0,(anonymous_17)
FNDA:0,(anonymous_18)
FNDA:0,(anonymous_19)
FNDA:0,(anonymous_20)
FNDA:0,(anonymous_21)
DA:1,3
DA:11,3
DA:12,3
DA:13,3
DA:14,3
DA:26,3
DA:28,3
DA:29,0
DA:30,0
DA:32,0
DA:34,0
DA:35,0
DA:36,0
DA:38,0
DA:39,0
DA:41,0
DA:42,0
DA:44,0
DA:45,0
DA:46,0
DA:49,0
DA:50,0
DA:53,0
DA:55,0
DA:56,0
DA:62,0
DA:64,0
DA:65,0
DA:66,0
DA:69,0
DA:74,0
DA:76,0
DA:77,0
DA:78,0
DA:80,0
DA:86,0
DA:88,0
DA:93,0
DA:94,0
DA:95,0
DA:97,0
DA:99,0
DA:116,3
DA:117,0
DA:118,0
DA:119,0
DA:120,0
LF:47
LH:8
BRDA:42,0,0,0
BRDA:42,1,0,0
BRDA:42,1,1,0
BRDA:45,2,0,0
BRDA:45,2,1,0
BRDA:56,3,0,0
BRDA:56,3,1,0
BRDA:66,4,0,0
BRDA:66,4,1,0
BRDA:77,5,0,0
BRDA:97,6,0,0
BRDA:97,7,0,0
BRDA:97,7,1,0
BRDA:118,8,0,0
BRF:14
BRH:0
end_of_record
TN:
SF:src\helpers\formatsHelper.ts
FN:1,(anonymous_0)
FN:4,(anonymous_1)
FN:8,(anonymous_2)
FN:15,(anonymous_3)
FN:18,(anonymous_4)
FN:22,(anonymous_5)
FNF:6
FNH:1
FNDA:0,(anonymous_0)
FNDA:0,(anonymous_1)
FNDA:0,(anonymous_2)
FNDA:0,(anonymous_3)
FNDA:15,(anonymous_4)
FNDA:0,(anonymous_5)
DA:1,4
DA:2,0
DA:4,0
DA:8,4
DA:9,0
DA:10,0
DA:13,4
DA:15,4
DA:16,0
DA:18,4
DA:19,15
DA:20,0
DA:22,0
LF:13
LH:6
BRDA:9,0,0,0
BRDA:15,1,0,0
BRDA:16,2,0,0
BRDA:16,2,1,0
BRDA:19,3,0,15
BRF:5
BRH:1
end_of_record
TN:
SF:src\helpers\getColorsHelper.ts
FN:4,(anonymous_0)
FN:10,(anonymous_1)
FN:19,(anonymous_2)
FN:48,(anonymous_3)
FNF:4
FNH:1
FNDA:0,(anonymous_0)
FNDA:0,(anonymous_1)
FNDA:11,(anonymous_2)
FNDA:0,(anonymous_3)
DA:2,4
DA:4,4
DA:5,0
DA:10,4
DA:11,0
DA:12,0
DA:13,0
DA:19,4
DA:20,11
DA:24,11
DA:26,0
DA:28,0
DA:32,0
DA:48,4
DA:50,0
DA:55,0
LF:16
LH:7
BRDA:5,0,0,0
BRDA:5,0,1,0
BRDA:11,1,0,0
BRDA:11,2,0,0
BRDA:11,2,1,0
BRDA:14,3,0,0
BRDA:14,3,1,0
BRDA:20,4,0,11
BRDA:20,4,1,0
BRDA:20,4,2,0
BRDA:20,4,3,0
BRDA:55,5,0,0
BRDA:55,5,1,0
BRF:13
BRH:1
end_of_record
TN:
SF:src\helpers\getTypeIcon.tsx
FN:16,(anonymous_0)
FNF:1
FNH:1
FNDA:66,(anonymous_0)
DA:1,4
DA:14,4
DA:16,4
DA:17,66
DA:21,66
DA:23,11
DA:25,11
DA:27,11
DA:29,11
DA:31,11
DA:33,11
DA:36,0
DA:38,0
DA:40,0
DA:42,0
DA:45,0
DA:49,4
LF:17
LH:12
BRDA:21,0,0,11
BRDA:21,0,1,11
BRDA:21,0,2,11
BRDA:21,0,3,11
BRDA:21,0,4,11
BRDA:21,0,5,11
BRDA:21,0,6,0
BRDA:21,0,7,0
BRDA:21,0,8,0
BRDA:21,0,9,0
BRDA:21,0,10,0
BRF:11
BRH:6
end_of_record
TN:
SF:src\helpers\index.ts
FNF:0
FNH:0
DA:1,4
DA:2,4
DA:3,4
DA:4,4
DA:5,4
DA:6,4
DA:7,4
DA:8,4
DA:9,4
DA:10,4
DA:11,4
DA:12,4
LF:12
LH:12
BRF:0
BRH:0
end_of_record
TN:
SF:src\helpers\isTokenExpired.tsx
FN:8,(anonymous_0)
FNF:1
FNH:0
FNDA:0,(anonymous_0)
DA:1,4
DA:8,4
DA:9,0
DA:10,0
DA:11,0
DA:12,0
DA:14,0
LF:7
LH:2
BRF:0
BRH:0
end_of_record
TN:
SF:src\helpers\selectPropsHelper.ts
FN:1,(anonymous_0)
FN:6,(anonymous_1)
FN:10,(anonymous_2)
FN:14,(anonymous_3)
FNF:4
FNH:2
FNDA:3,(anonymous_0)
FNDA:38,(anonymous_1)
FNDA:0,(anonymous_2)
FNDA:0,(anonymous_3)
DA:1,4
DA:5,3
DA:6,38
DA:7,3
DA:10,4
DA:14,0
DA:15,0
DA:16,0
LF:8
LH:5
BRF:0
BRH:0
end_of_record
TN:
SF:src\helpers\utilityTicketsTasksHelpers.ts
FN:3,(anonymous_0)
FN:7,(anonymous_1)
FN:9,(anonymous_2)
FN:13,(anonymous_3)
FN:18,(anonymous_4)
FN:21,(anonymous_5)
FN:25,(anonymous_6)
FNF:7
FNH:0
FNDA:0,(anonymous_0)
FNDA:0,(anonymous_1)
FNDA:0,(anonymous_2)
FNDA:0,(anonymous_3)
FNDA:0,(anonymous_4)
FNDA:0,(anonymous_5)
FNDA:0,(anonymous_6)
DA:3,4
DA:7,0
DA:9,0
DA:13,4
DA:18,0
DA:20,0
DA:21,0
DA:22,0
DA:25,0
DA:29,0
LF:10
LH:2
BRDA:20,0,0,0
BRDA:24,1,0,0
BRDA:24,1,1,0
BRDA:25,2,0,0
BRDA:25,2,1,0
BRF:5
BRH:0
end_of_record
TN:
SF:src\helpers\goalTask\createGoalTaskHelper.ts
FN:4,(anonymous_0)
FN:11,(anonymous_1)
FN:20,(anonymous_2)
FN:25,(anonymous_3)
FN:38,(anonymous_4)
FN:39,(anonymous_5)
FNF:6
FNH:0
FNDA:0,(anonymous_0)
FNDA:0,(anonymous_1)
FNDA:0,(anonymous_2)
FNDA:0,(anonymous_3)
FNDA:0,(anonymous_4)
FNDA:0,(anonymous_5)
DA:3,4
DA:4,4
DA:11,0
DA:12,0
DA:14,0
DA:19,0
DA:20,0
DA:21,0
DA:23,0
DA:26,0
DA:38,0
DA:39,0
DA:40,0
DA:51,0
LF:14
LH:2
BRDA:12,0,0,0
BRDA:19,1,0,0
BRDA:21,2,0,0
BRDA:26,3,0,0
BRDA:26,3,1,0
BRDA:29,4,0,0
BRDA:29,4,1,0
BRDA:40,5,0,0
BRDA:40,5,1,0
BRDA:43,6,0,0
BRDA:43,6,1,0
BRF:11
BRH:0
end_of_record
TN:
SF:src\helpers\goalTask\deleteGoalTaskHelper.ts
FN:4,(anonymous_0)
FN:10,(anonymous_1)
FN:18,(anonymous_2)
FN:23,(anonymous_3)
FN:28,(anonymous_4)
FN:36,(anonymous_5)
FN:37,(anonymous_6)
FN:42,(anonymous_7)
FNF:8
FNH:0
FNDA:0,(anonymous_0)
FNDA:0,(anonymous_1)
FNDA:0,(anonymous_2)
FNDA:0,(anonymous_3)
FNDA:0,(anonymous_4)
FNDA:0,(anonymous_5)
FNDA:0,(anonymous_6)
FNDA:0,(anonymous_7)
DA:3,4
DA:4,4
DA:10,0
DA:11,0
DA:13,0
DA:15,0
DA:16,0
DA:18,0
DA:19,0
DA:21,0
DA:24,0
DA:28,0
DA:36,0
DA:37,0
DA:38,0
DA:42,0
LF:16
LH:2
BRDA:11,0,0,0
BRDA:15,1,0,0
BRDA:19,2,0,0
BRDA:24,3,0,0
BRDA:24,3,1,0
BRDA:38,4,0,0
BRDA:38,4,1,0
BRF:7
BRH:0
end_of_record
TN:
SF:src\helpers\goalTask\editGoalTaskHelper.ts
FN:5,(anonymous_0)
FN:12,(anonymous_1)
FN:19,(anonymous_2)
FN:24,(anonymous_3)
FN:28,(anonymous_4)
FN:37,(anonymous_5)
FN:38,(anonymous_6)
FN:42,(anonymous_7)
FNF:8
FNH:0
FNDA:0,(anonymous_0)
FNDA:0,(anonymous_1)
FNDA:0,(anonymous_2)
FNDA:0,(anonymous_3)
FNDA:0,(anonymous_4)
FNDA:0,(anonymous_5)
FNDA:0,(anonymous_6)
FNDA:0,(anonymous_7)
DA:2,4
DA:4,4
DA:5,4
DA:12,0
DA:13,0
DA:14,0
DA:16,0
DA:18,0
DA:19,0
DA:20,0
DA:22,0
DA:25,0
DA:29,0
DA:37,0
DA:38,0
DA:39,0
DA:43,0
DA:49,0
LF:18
LH:3
BRDA:18,0,0,0
BRDA:20,1,0,0
BRDA:25,2,0,0
BRDA:25,2,1,0
BRDA:29,3,0,0
BRDA:29,3,1,0
BRDA:39,4,0,0
BRDA:39,4,1,0
BRDA:43,5,0,0
BRDA:43,5,1,0
BRF:10
BRH:0
end_of_record
TN:
SF:src\helpers\goalTask\index.ts
FNF:0
FNH:0
DA:1,4
DA:2,4
DA:3,4
DA:4,4
LF:4
LH:4
BRF:0
BRH:0
end_of_record
TN:
SF:src\helpers\goalTask\toggleGoalTaskCompletionHelper.ts
FN:5,(anonymous_0)
FN:13,(anonymous_1)
FN:25,(anonymous_2)
FN:26,(anonymous_3)
FN:28,(anonymous_4)
FN:33,(anonymous_5)
FN:46,(anonymous_6)
FN:49,(anonymous_7)
FN:54,(anonymous_8)
FN:60,(anonymous_9)
FN:61,(anonymous_10)
FNF:11
FNH:0
FNDA:0,(anonymous_0)
FNDA:0,(anonymous_1)
FNDA:0,(anonymous_2)
FNDA:0,(anonymous_3)
FNDA:0,(anonymous_4)
FNDA:0,(anonymous_5)
FNDA:0,(anonymous_6)
FNDA:0,(anonymous_7)
FNDA:0,(anonymous_8)
FNDA:0,(anonymous_9)
FNDA:0,(anonymous_10)
DA:1,4
DA:4,4
DA:5,4
DA:13,0
DA:14,0
DA:16,0
DA:21,0
DA:23,0
DA:25,0
DA:26,0
DA:27,0
DA:28,0
DA:29,0
DA:33,0
DA:34,0
DA:36,0
DA:40,0
DA:42,0
DA:47,0
DA:48,0
DA:49,0
DA:50,0
DA:52,0
DA:55,0
DA:60,0
DA:61,0
DA:62,0
DA:68,0
DA:73,0
LF:29
LH:3
BRDA:14,0,0,0
BRDA:14,1,0,0
BRDA:14,1,1,0
BRDA:21,2,0,0
BRDA:27,3,0,0
BRDA:29,4,0,0
BRDA:29,4,1,0
BRDA:33,5,0,0
BRDA:33,5,1,0
BRDA:34,6,0,0
BRDA:34,6,1,0
BRDA:36,7,0,0
BRDA:36,7,1,0
BRDA:40,8,0,0
BRDA:40,8,1,0
BRDA:47,9,0,0
BRDA:50,10,0,0
BRDA:55,11,0,0
BRDA:55,11,1,0
BRDA:62,12,0,0
BRDA:62,12,1,0
BRF:21
BRH:0
end_of_record
TN:
SF:src\helpers\projectsPage\ProjectsPage.helper.ts
FN:3,(anonymous_0)
FN:11,(anonymous_1)
FN:12,(anonymous_2)
FN:18,(anonymous_3)
FNF:4
FNH:0
FNDA:0,(anonymous_0)
FNDA:0,(anonymous_1)
FNDA:0,(anonymous_2)
FNDA:0,(anonymous_3)
DA:3,4
DA:7,0
DA:8,0
DA:10,0
DA:12,0
DA:15,0
DA:18,4
DA:19,0
LF:8
LH:2
BRDA:7,0,0,0
BRDA:7,0,1,0
BRDA:8,1,0,0
BRDA:10,2,0,0
BRDA:10,2,1,0
BRF:5
BRH:0
end_of_record
TN:
SF:src\helpers\projectsPage\index.ts
FNF:0
FNH:0
DA:1,4
LF:1
LH:1
BRF:0
BRH:0
end_of_record
TN:
SF:src\helpers\sprintGoals\createSprintGoalHelper.ts
FN:4,(anonymous_0)
FN:13,(anonymous_1)
FN:22,(anonymous_2)
FN:23,(anonymous_3)
FNF:4
FNH:0
FNDA:0,(anonymous_0)
FNDA:0,(anonymous_1)
FNDA:0,(anonymous_2)
FNDA:0,(anonymous_3)
DA:3,4
DA:4,4
DA:13,0
DA:14,0
DA:20,0
DA:21,0
DA:22,0
DA:23,0
DA:24,0
DA:26,0
DA:30,0
LF:11
LH:2
BRDA:20,0,0,0
BRDA:24,1,0,0
BRDA:26,2,0,0
BRDA:26,2,1,0
BRF:4
BRH:0
end_of_record
TN:
SF:src\helpers\sprintGoals\deleteSprintGoalHelper.ts
FN:4,(anonymous_0)
FN:9,(anonymous_1)
FN:13,(anonymous_2)
FN:13,(anonymous_3)
FN:15,(anonymous_4)
FN:20,(anonymous_5)
FNF:6
FNH:0
FNDA:0,(anonymous_0)
FNDA:0,(anonymous_1)
FNDA:0,(anonymous_2)
FNDA:0,(anonymous_3)
FNDA:0,(anonymous_4)
FNDA:0,(anonymous_5)
DA:3,4
DA:4,4
DA:9,0
DA:10,0
DA:12,0
DA:13,0
DA:15,0
DA:16,0
DA:18,0
DA:20,0
LF:10
LH:2
BRDA:12,0,0,0
BRDA:16,1,0,0
BRF:2
BRH:0
end_of_record
TN:
SF:src\helpers\sprintGoals\editSpringGoalHelper.ts
FN:5,(anonymous_0)
FN:14,(anonymous_1)
FN:26,(anonymous_2)
FN:31,(anonymous_3)
FN:37,(anonymous_4)
FN:38,(anonymous_5)
FNF:6
FNH:0
FNDA:0,(anonymous_0)
FNDA:0,(anonymous_1)
FNDA:0,(anonymous_2)
FNDA:0,(anonymous_3)
FNDA:0,(anonymous_4)
FNDA:0,(anonymous_5)
DA:2,4
DA:4,4
DA:5,4
DA:14,0
DA:15,0
DA:16,0
DA:23,0
DA:25,0
DA:26,0
DA:27,0
DA:29,0
DA:32,0
DA:37,0
DA:38,0
DA:41,0
LF:15
LH:3
BRDA:25,0,0,0
BRDA:27,1,0,0
BRDA:32,2,0,0
BRDA:32,2,1,0
BRDA:38,3,0,0
BRDA:38,3,1,0
BRF:6
BRH:0
end_of_record
TN:
SF:src\helpers\sprintGoals\index.ts
FNF:0
FNH:0
DA:1,4
DA:2,4
DA:3,4
LF:3
LH:3
BRF:0
BRH:0
end_of_record
TN:
SF:src\helpers\sprints\changeSprintHelper.ts
FN:5,(anonymous_0)
FN:10,(anonymous_1)
FN:11,(anonymous_2)
FNF:3
FNH:0
FNDA:0,(anonymous_0)
FNDA:0,(anonymous_1)
FNDA:0,(anonymous_2)
DA:4,4
DA:5,4
DA:10,0
DA:11,0
DA:12,0
DA:13,0
DA:14,0
LF:7
LH:2
BRDA:12,0,0,0
BRDA:12,1,0,0
BRDA:12,1,1,0
BRF:3
BRH:0
end_of_record
TN:
SF:src\helpers\sprints\createSprintHelper.ts
FN:5,(anonymous_0)
FN:9,(anonymous_1)
FNF:2
FNH:0
FNDA:0,(anonymous_0)
FNDA:0,(anonymous_1)
DA:4,4
DA:5,4
DA:9,0
DA:10,0
DA:11,0
DA:12,0
LF:6
LH:2
BRDA:11,0,0,0
BRF:1
BRH:0
end_of_record
TN:
SF:src\helpers\sprints\deleteSprintHelper.ts
FN:5,(anonymous_0)
FN:9,(anonymous_1)
FNF:2
FNH:0
FNDA:0,(anonymous_0)
FNDA:0,(anonymous_1)
DA:4,4
DA:5,4
DA:9,0
DA:10,0
DA:11,0
DA:13,0
LF:6
LH:2
BRDA:10,0,0,0
BRDA:13,1,0,0
BRF:2
BRH:0
end_of_record
TN:
SF:src\helpers\sprints\index.ts
FNF:0
FNH:0
DA:1,4
DA:2,4
DA:3,4
LF:3
LH:3
BRF:0
BRH:0
end_of_record
TN:
SF:src\helpers\tasks\createTaskHelper.ts
FN:5,(anonymous_0)
FN:11,(anonymous_1)
FN:20,(anonymous_2)
FNF:3
FNH:0
FNDA:0,(anonymous_0)
FNDA:0,(anonymous_1)
FNDA:0,(anonymous_2)
DA:2,4
DA:4,4
DA:5,4
DA:11,0
DA:12,0
DA:16,0
DA:17,0
DA:20,0
DA:22,0
LF:9
LH:3
BRDA:16,0,0,0
BRF:1
BRH:0
end_of_record
TN:
SF:src\helpers\tasks\deleteTaskHelper.ts
FN:5,(anonymous_0)
FN:10,(anonymous_1)
FNF:2
FNH:0
FNDA:0,(anonymous_0)
FNDA:0,(anonymous_1)
DA:2,4
DA:4,4
DA:5,4
DA:10,0
DA:11,0
DA:12,0
DA:14,0
DA:15,0
DA:16,0
LF:9
LH:3
BRDA:11,0,0,0
BRDA:14,1,0,0
BRF:2
BRH:0
end_of_record
TN:
SF:src\helpers\tasks\editTaskHelper.ts
FN:5,(anonymous_0)
FN:10,(anonymous_1)
FN:16,(anonymous_2)
FNF:3
FNH:0
FNDA:0,(anonymous_0)
FNDA:0,(anonymous_1)
FNDA:0,(anonymous_2)
DA:2,4
DA:4,4
DA:5,4
DA:10,0
DA:11,0
DA:12,0
DA:13,0
DA:16,0
DA:18,0
LF:9
LH:3
BRDA:12,0,0,0
BRF:1
BRH:0
end_of_record
TN:
SF:src\helpers\tasks\index.ts
FNF:0
FNH:0
DA:1,4
DA:2,4
DA:3,4
DA:4,4
LF:4
LH:4
BRF:0
BRH:0
end_of_record
TN:
SF:src\helpers\tasks\onDragEndTaskHelper.ts
FN:11,(anonymous_0)
FN:17,(anonymous_1)
FN:24,(anonymous_2)
FN:25,(anonymous_3)
FN:32,(anonymous_4)
FN:39,(anonymous_5)
FN:47,(anonymous_6)
FN:48,(anonymous_7)
FN:63,(anonymous_8)
FNF:9
FNH:0
FNDA:0,(anonymous_0)
FNDA:0,(anonymous_1)
FNDA:0,(anonymous_2)
FNDA:0,(anonymous_3)
FNDA:0,(anonymous_4)
FNDA:0,(anonymous_5)
FNDA:0,(anonymous_6)
FNDA:0,(anonymous_7)
FNDA:0,(anonymous_8)
DA:3,4
DA:4,4
DA:10,4
DA:11,4
DA:17,0
DA:18,0
DA:19,0
DA:21,0
DA:22,0
DA:24,0
DA:25,0
DA:26,0
DA:29,0
DA:31,0
DA:32,0
DA:36,0
DA:39,0
DA:46,0
DA:47,0
DA:48,0
DA:50,0
DA:52,0
DA:57,0
DA:59,0
DA:60,0
DA:63,0
DA:65,0
LF:27
LH:4
BRDA:19,0,0,0
BRDA:19,1,0,0
BRDA:19,1,1,0
BRDA:26,2,0,0
BRDA:29,3,0,0
BRDA:41,4,0,0
BRDA:41,4,1,0
BRDA:50,5,0,0
BRDA:59,6,0,0
BRF:9
BRH:0
end_of_record
TN:
SF:src\helpers\tickets\createTicketHelper.ts
FN:8,(anonymous_0)
FN:12,(anonymous_1)
FNF:2
FNH:0
FNDA:0,(anonymous_0)
FNDA:0,(anonymous_1)
DA:7,4
DA:8,4
DA:12,0
DA:13,0
DA:16,0
DA:17,0
LF:6
LH:2
BRDA:16,0,0,0
BRF:1
BRH:0
end_of_record
TN:
SF:src\helpers\tickets\deleteTicketHelper.ts
FN:4,(anonymous_0)
FN:12,(anonymous_1)
FN:16,(anonymous_2)
FNF:3
FNH:0
FNDA:0,(anonymous_0)
FNDA:0,(anonymous_1)
FNDA:0,(anonymous_2)
DA:3,4
DA:4,4
DA:12,0
DA:13,0
DA:15,0
DA:16,0
DA:17,0
DA:18,0
DA:22,0
DA:23,0
LF:10
LH:2
BRDA:15,0,0,0
BRDA:15,1,0,0
BRDA:15,1,1,0
BRF:3
BRH:0
end_of_record
TN:
SF:src\helpers\tickets\editTicketHelper.ts
FN:5,(anonymous_0)
FN:13,(anonymous_1)
FN:19,(anonymous_2)
FNF:3
FNH:0
FNDA:0,(anonymous_0)
FNDA:0,(anonymous_1)
FNDA:0,(anonymous_2)
DA:4,4
DA:5,4
DA:13,0
DA:14,0
DA:18,0
DA:19,0
DA:20,0
DA:22,0
DA:24,0
DA:28,0
DA:29,0
LF:11
LH:2
BRDA:18,0,0,0
BRDA:18,1,0,0
BRDA:18,1,1,0
BRDA:20,2,0,0
BRDA:20,2,1,0
BRF:5
BRH:0
end_of_record
TN:
SF:src\helpers\tickets\index.ts
FNF:0
FNH:0
DA:1,4
DA:2,4
DA:3,4
DA:4,4
DA:5,4
LF:5
LH:5
BRF:0
BRH:0
end_of_record
TN:
SF:src\helpers\tickets\updateTicketOrderHelper.ts
FN:7,(anonymous_0)
FN:15,(anonymous_1)
FN:16,(anonymous_2)
FN:19,(anonymous_3)
FN:41,(anonymous_4)
FNF:5
FNH:0
FNDA:0,(anonymous_0)
FNDA:0,(anonymous_1)
FNDA:0,(anonymous_2)
FNDA:0,(anonymous_3)
FNDA:0,(anonymous_4)
DA:6,4
DA:7,4
DA:15,0
DA:16,0
DA:17,0
DA:19,0
DA:20,0
DA:21,0
DA:22,0
DA:23,0
DA:26,0
DA:27,0
DA:30,0
DA:32,0
DA:38,0
DA:41,0
DA:47,0
DA:49,0
DA:50,0
LF:19
LH:2
BRDA:17,0,0,0
BRDA:20,1,0,0
BRDA:20,2,0,0
BRDA:20,2,1,0
BRDA:21,3,0,0
BRDA:21,4,0,0
BRDA:21,4,1,0
BRDA:27,5,0,0
BRDA:49,6,0,0
BRF:9
BRH:0
end_of_record
TN:
SF:src\helpers\tickets\updateTicketStatusHelper.ts
FN:9,(anonymous_0)
FN:15,(anonymous_1)
FN:17,(anonymous_2)
FN:18,(anonymous_3)
FNF:4
FNH:0
FNDA:0,(anonymous_0)
FNDA:0,(anonymous_1)
FNDA:0,(anonymous_2)
FNDA:0,(anonymous_3)
DA:2,4
DA:8,4
DA:9,4
DA:15,0
DA:16,0
DA:17,0
DA:18,0
DA:20,0
DA:22,0
DA:27,0
DA:29,0
DA:30,0
LF:12
LH:3
BRDA:17,0,0,0
BRDA:17,0,1,0
BRDA:20,1,0,0
BRDA:29,2,0,0
BRF:4
BRH:0
end_of_record
TN:
SF:src\hooks\index.ts
FNF:0
FNH:0
DA:1,5
DA:2,5
DA:3,5
DA:4,5
DA:5,5
DA:6,5
LF:6
LH:6
BRF:0
BRH:0
end_of_record
TN:
SF:src\hooks\useCreate\index.ts
FNF:0
FNH:0
DA:1,5
DA:2,5
DA:3,5
DA:4,5
DA:5,5
DA:6,5
DA:7,5
DA:8,5
DA:9,5
LF:9
LH:9
BRF:0
BRH:0
end_of_record
TN:
SF:src\hooks\useCreate\useCreateGoalTask.ts
FN:5,(anonymous_0)
FN:11,(anonymous_1)
FNF:2
FNH:0
FNDA:0,(anonymous_0)
FNDA:0,(anonymous_1)
DA:1,5
DA:2,5
DA:5,5
DA:6,0
DA:7,0
DA:8,0
DA:9,0
DA:11,0
DA:14,0
DA:15,0
DA:16,0
DA:25,0
DA:27,0
DA:28,0
DA:29,0
DA:31,0
DA:32,0
DA:33,0
DA:35,0
DA:39,0
LF:20
LH:3
BRDA:25,0,0,0
BRF:1
BRH:0
end_of_record
TN:
SF:src\hooks\useCreate\useCreateProject.ts
FN:6,(anonymous_0)
FN:12,(anonymous_1)
FNF:2
FNH:0
FNDA:0,(anonymous_0)
FNDA:0,(anonymous_1)
DA:1,5
DA:2,5
DA:3,5
DA:6,5
DA:7,0
DA:8,0
DA:9,0
DA:10,0
DA:12,0
DA:15,0
DA:16,0
DA:17,0
DA:29,0
DA:31,0
DA:32,0
DA:33,0
DA:35,0
DA:36,0
DA:38,0
DA:42,0
LF:20
LH:4
BRDA:29,0,0,0
BRF:1
BRH:0
end_of_record
TN:
SF:src\hooks\useCreate\useCreateProjectUser.ts
FN:5,(anonymous_0)
FN:11,(anonymous_1)
FNF:2
FNH:0
FNDA:0,(anonymous_0)
FNDA:0,(anonymous_1)
DA:1,5
DA:2,5
DA:5,5
DA:6,0
DA:7,0
DA:8,0
DA:9,0
DA:11,0
DA:15,0
DA:16,0
DA:17,0
DA:27,0
DA:29,0
DA:30,0
DA:31,0
DA:33,0
DA:34,0
DA:35,0
DA:37,0
DA:41,0
LF:20
LH:3
BRDA:27,0,0,0
BRF:1
BRH:0
end_of_record
TN:
SF:src\hooks\useCreate\useCreateRetroCard.ts
FN:5,(anonymous_0)
FN:11,(anonymous_1)
FNF:2
FNH:0
FNDA:0,(anonymous_0)
FNDA:0,(anonymous_1)
DA:1,5
DA:2,5
DA:5,5
DA:6,0
DA:7,0
DA:8,0
DA:9,0
DA:11,0
DA:14,0
DA:15,0
DA:16,0
DA:24,0
DA:25,0
DA:26,0
DA:27,0
DA:29,0
DA:30,0
DA:31,0
DA:33,0
DA:37,0
LF:20
LH:3
BRDA:24,0,0,0
BRF:1
BRH:0
end_of_record
TN:
SF:src\hooks\useCreate\useCreateSprint.ts
FN:7,(anonymous_0)
FN:13,(anonymous_1)
FNF:2
FNH:0
FNDA:0,(anonymous_0)
FNDA:0,(anonymous_1)
DA:1,5
DA:2,5
DA:7,5
DA:8,0
DA:9,0
DA:10,0
DA:11,0
DA:13,0
DA:16,0
DA:17,0
DA:18,0
DA:32,0
DA:34,0
DA:35,0
DA:36,0
DA:38,0
DA:39,0
DA:40,0
DA:42,0
DA:46,0
LF:20
LH:3
BRDA:26,0,0,0
BRDA:26,0,1,0
BRDA:29,1,0,0
BRDA:29,1,1,0
BRDA:32,2,0,0
BRF:5
BRH:0
end_of_record
TN:
SF:src\hooks\useCreate\useCreateSprintGoal.ts
FN:5,(anonymous_0)
FN:12,(anonymous_1)
FNF:2
FNH:0
FNDA:0,(anonymous_0)
FNDA:0,(anonymous_1)
DA:1,5
DA:2,5
DA:5,5
DA:6,0
DA:7,0
DA:9,0
DA:10,0
DA:12,0
DA:15,0
DA:16,0
DA:17,0
DA:28,0
DA:30,0
DA:31,0
DA:32,0
DA:34,0
DA:35,0
DA:36,0
DA:38,0
DA:42,0
LF:20
LH:3
BRDA:28,0,0,0
BRF:1
BRH:0
end_of_record
TN:
SF:src\hooks\useCreate\useCreateTask.ts
FN:5,(anonymous_0)
FN:11,(anonymous_1)
FNF:2
FNH:0
FNDA:0,(anonymous_0)
FNDA:0,(anonymous_1)
DA:1,5
DA:2,5
DA:5,5
DA:6,0
DA:7,0
DA:8,0
DA:9,0
DA:11,0
DA:12,0
DA:13,0
DA:14,0
DA:25,0
DA:27,0
DA:28,0
DA:29,0
DA:31,0
DA:32,0
DA:33,0
DA:35,0
DA:39,0
LF:20
LH:3
BRDA:25,0,0,0
BRF:1
BRH:0
end_of_record
TN:
SF:src\hooks\useCreate\useCreateTeamMemberCapacity.ts
FN:5,(anonymous_0)
FN:11,(anonymous_1)
FNF:2
FNH:0
FNDA:0,(anonymous_0)
FNDA:0,(anonymous_1)
DA:1,5
DA:2,5
DA:5,5
DA:6,0
DA:7,0
DA:8,0
DA:9,0
DA:11,0
DA:14,0
DA:15,0
DA:16,0
DA:25,0
DA:26,0
DA:28,0
DA:29,0
DA:33,0
DA:35,0
DA:36,0
DA:37,0
DA:39,0
DA:43,0
LF:21
LH:3
BRDA:25,0,0,0
BRF:1
BRH:0
end_of_record
TN:
SF:src\hooks\useCreate\useCreateTicket.ts
FN:5,(anonymous_0)
FN:11,(anonymous_1)
FNF:2
FNH:0
FNDA:0,(anonymous_0)
FNDA:0,(anonymous_1)
DA:1,5
DA:2,5
DA:5,5
DA:6,0
DA:7,0
DA:8,0
DA:9,0
DA:11,0
DA:14,0
DA:15,0
DA:16,0
DA:27,0
DA:29,0
DA:30,0
DA:31,0
DA:33,0
DA:34,0
DA:35,0
DA:37,0
DA:41,0
LF:20
LH:3
BRDA:27,0,0,0
BRF:1
BRH:0
end_of_record
TN:
SF:src\hooks\useDebounce\index.ts
FNF:0
FNH:0
DA:1,5
LF:1
LH:1
BRF:0
BRH:0
end_of_record
TN:
SF:src\hooks\useDebounce\useDebounce.ts
FN:3,useDebounce
FN:6,(anonymous_1)
FN:7,(anonymous_2)
FN:11,(anonymous_3)
FNF:4
FNH:0
FNDA:0,useDebounce
FNDA:0,(anonymous_1)
FNDA:0,(anonymous_2)
FNDA:0,(anonymous_3)
DA:1,5
DA:3,5
DA:4,0
DA:6,0
DA:7,0
DA:8,0
DA:11,0
DA:12,0
DA:16,0
LF:9
LH:2
BRF:0
BRH:0
end_of_record
TN:
SF:src\hooks\useDelete\index.ts
FNF:0
FNH:0
DA:1,5
DA:2,5
DA:3,5
DA:4,5
DA:5,5
DA:6,5
DA:7,5
DA:8,5
LF:8
LH:8
BRF:0
BRH:0
end_of_record
TN:
SF:src\hooks\useDelete\useDeleteGoalTask.ts
FN:6,(anonymous_0)
FN:12,(anonymous_1)
FNF:2
FNH:0
FNDA:0,(anonymous_0)
FNDA:0,(anonymous_1)
DA:1,5
DA:2,5
DA:3,5
DA:6,5
DA:7,0
DA:8,0
DA:9,0
DA:10,0
DA:12,0
DA:13,0
DA:15,0
DA:16,0
DA:27,0
DA:29,0
DA:30,0
DA:31,0
DA:33,0
DA:34,0
DA:35,0
DA:37,0
DA:41,0
LF:21
LH:4
BRDA:27,0,0,0
BRF:1
BRH:0
end_of_record
TN:
SF:src\hooks\useDelete\useDeleteProjectUser.ts
FN:5,(anonymous_0)
FN:11,(anonymous_1)
FNF:2
FNH:0
FNDA:0,(anonymous_0)
FNDA:0,(anonymous_1)
DA:1,5
DA:2,5
DA:5,5
DA:6,0
DA:7,0
DA:8,0
DA:9,0
DA:11,0
DA:15,0
DA:16,0
DA:17,0
DA:27,0
DA:29,0
DA:30,0
DA:31,0
DA:33,0
DA:34,0
DA:35,0
DA:37,0
DA:41,0
LF:20
LH:3
BRDA:27,0,0,0
BRF:1
BRH:0
end_of_record
TN:
SF:src\hooks\useDelete\useDeleteRetroCard.ts
FN:4,(anonymous_0)
FN:10,(anonymous_1)
FNF:2
FNH:0
FNDA:0,(anonymous_0)
FNDA:0,(anonymous_1)
DA:1,5
DA:2,5
DA:4,5
DA:5,0
DA:6,0
DA:7,0
DA:8,0
DA:10,0
DA:11,0
DA:12,0
DA:13,0
DA:20,0
DA:21,0
DA:22,0
DA:24,0
DA:25,0
DA:26,0
DA:28,0
DA:32,0
LF:19
LH:3
BRDA:20,0,0,0
BRF:1
BRH:0
end_of_record
TN:
SF:src\hooks\useDelete\useDeleteSpringGoal.ts
FN:6,(anonymous_0)
FN:12,(anonymous_1)
FNF:2
FNH:0
FNDA:0,(anonymous_0)
FNDA:0,(anonymous_1)
DA:1,5
DA:2,5
DA:3,5
DA:6,5
DA:7,0
DA:8,0
DA:9,0
DA:10,0
DA:12,0
DA:15,0
DA:17,0
DA:18,0
DA:26,0
DA:28,0
DA:29,0
DA:30,0
DA:32,0
DA:33,0
DA:34,0
DA:36,0
DA:40,0
LF:21
LH:4
BRDA:26,0,0,0
BRF:1
BRH:0
end_of_record
TN:
SF:src\hooks\useDelete\useDeleteSprint.ts
FN:6,(anonymous_0)
FN:12,(anonymous_1)
FNF:2
FNH:0
FNDA:0,(anonymous_0)
FNDA:0,(anonymous_1)
DA:1,5
DA:2,5
DA:3,5
DA:6,5
DA:7,0
DA:8,0
DA:9,0
DA:10,0
DA:12,0
DA:13,0
DA:15,0
DA:16,0
DA:24,0
DA:26,0
DA:27,0
DA:28,0
DA:30,0
DA:31,0
DA:32,0
DA:34,0
DA:38,0
LF:21
LH:4
BRDA:24,0,0,0
BRF:1
BRH:0
end_of_record
TN:
SF:src\hooks\useDelete\useDeleteTask.ts
FN:6,(anonymous_0)
FN:12,(anonymous_1)
FNF:2
FNH:0
FNDA:0,(anonymous_0)
FNDA:0,(anonymous_1)
DA:1,5
DA:2,5
DA:3,5
DA:6,5
DA:7,0
DA:8,0
DA:9,0
DA:10,0
DA:12,0
DA:13,0
DA:15,0
DA:16,0
DA:24,0
DA:26,0
DA:27,0
DA:28,0
DA:30,0
DA:31,0
DA:32,0
DA:34,0
DA:38,0
LF:21
LH:4
BRDA:24,0,0,0
BRF:1
BRH:0
end_of_record
TN:
SF:src\hooks\useDelete\useDeleteTeamMemberCapacity.ts
FN:4,(anonymous_0)
FN:10,(anonymous_1)
FNF:2
FNH:0
FNDA:0,(anonymous_0)
FNDA:0,(anonymous_1)
DA:1,5
DA:2,5
DA:4,5
DA:5,0
DA:6,0
DA:7,0
DA:8,0
DA:10,0
DA:11,0
DA:12,0
DA:13,0
DA:20,0
DA:21,0
DA:22,0
DA:26,0
DA:28,0
DA:29,0
DA:30,0
DA:32,0
DA:36,0
LF:20
LH:3
BRDA:20,0,0,0
BRF:1
BRH:0
end_of_record
TN:
SF:src\hooks\useDelete\useDeleteTicket.ts
FN:6,(anonymous_0)
FN:12,(anonymous_1)
FNF:2
FNH:0
FNDA:0,(anonymous_0)
FNDA:0,(anonymous_1)
DA:1,5
DA:2,5
DA:3,5
DA:6,5
DA:7,0
DA:8,0
DA:9,0
DA:10,0
DA:12,0
DA:13,0
DA:15,0
DA:16,0
DA:24,0
DA:26,0
DA:27,0
DA:28,0
DA:30,0
DA:31,0
DA:32,0
DA:34,0
DA:38,0
LF:21
LH:4
BRDA:24,0,0,0
BRF:1
BRH:0
end_of_record
TN:
SF:src\hooks\useLoad\index.ts
FNF:0
FNH:0
DA:1,5
DA:2,5
DA:3,5
DA:4,5
LF:4
LH:4
BRF:0
BRH:0
end_of_record
TN:
SF:src\hooks\useLoad\useGetRetroCard.ts
FN:5,(anonymous_0)
FN:11,(anonymous_1)
FNF:2
FNH:0
FNDA:0,(anonymous_0)
FNDA:0,(anonymous_1)
DA:1,5
DA:2,5
DA:5,5
DA:6,0
DA:7,0
DA:8,0
DA:9,0
DA:11,0
DA:14,0
DA:15,0
DA:16,0
DA:19,0
DA:26,0
DA:27,0
DA:28,0
DA:30,0
DA:31,0
DA:32,0
DA:34,0
DA:38,0
LF:20
LH:3
BRDA:16,0,0,0
BRDA:16,0,1,0
BRDA:26,1,0,0
BRF:3
BRH:0
end_of_record
TN:
SF:src\hooks\useLoad\useGetTeamMemberCapacities.ts
FN:5,(anonymous_0)
FN:11,(anonymous_1)
FNF:2
FNH:0
FNDA:0,(anonymous_0)
FNDA:0,(anonymous_1)
DA:1,5
DA:2,5
DA:5,5
DA:6,0
DA:7,0
DA:8,0
DA:9,0
DA:11,0
DA:14,0
DA:15,0
DA:16,0
DA:26,0
DA:27,0
DA:28,0
DA:29,0
DA:31,0
DA:32,0
DA:33,0
DA:35,0
DA:39,0
LF:20
LH:3
BRDA:26,0,0,0
BRF:1
BRH:0
end_of_record
TN:
SF:src\hooks\useLoad\useLoadProject.ts
FN:5,(anonymous_0)
FN:11,(anonymous_1)
FNF:2
FNH:0
FNDA:0,(anonymous_0)
FNDA:0,(anonymous_1)
DA:1,5
DA:2,5
DA:5,5
DA:6,0
DA:7,0
DA:8,0
DA:9,0
DA:11,0
DA:12,0
DA:13,0
DA:14,0
DA:21,0
DA:22,0
DA:25,0
DA:27,0
DA:28,0
DA:29,0
DA:31,0
DA:35,0
LF:19
LH:3
BRDA:21,0,0,0
BRF:1
BRH:0
end_of_record
TN:
SF:src\hooks\useLoad\useLoadUsers.ts
FN:5,(anonymous_0)
FN:11,(anonymous_1)
FNF:2
FNH:0
FNDA:0,(anonymous_0)
FNDA:0,(anonymous_1)
DA:1,5
DA:2,5
DA:5,5
DA:6,0
DA:7,0
DA:8,0
DA:9,0
DA:11,0
DA:12,0
DA:13,0
DA:14,0
DA:21,0
DA:22,0
DA:25,0
DA:27,0
DA:28,0
DA:29,0
DA:31,0
DA:35,0
LF:19
LH:3
BRDA:21,0,0,0
BRF:1
BRH:0
end_of_record
TN:
SF:src\hooks\useUpdate\index.ts
FNF:0
FNH:0
DA:1,5
DA:2,5
DA:3,5
DA:4,5
DA:5,5
DA:6,5
DA:7,5
DA:8,5
LF:8
LH:8
BRF:0
BRH:0
end_of_record
TN:
SF:src\hooks\useUpdate\useBulkUpdateTickets.ts
FN:7,(anonymous_0)
FN:13,(anonymous_1)
FNF:2
FNH:0
FNDA:0,(anonymous_0)
FNDA:0,(anonymous_1)
DA:2,5
DA:3,5
DA:5,5
DA:7,5
DA:8,0
DA:9,0
DA:10,0
DA:11,0
DA:13,0
DA:16,0
DA:18,0
DA:19,0
DA:28,0
DA:30,0
DA:31,0
DA:32,0
DA:34,0
DA:35,0
DA:36,0
DA:38,0
DA:42,0
LF:21
LH:4
BRDA:28,0,0,0
BRF:1
BRH:0
end_of_record
TN:
SF:src\hooks\useUpdate\useUpdateGoalTask.ts
FN:5,(anonymous_0)
FN:11,(anonymous_1)
FNF:2
FNH:0
FNDA:0,(anonymous_0)
FNDA:0,(anonymous_1)
DA:1,5
DA:2,5
DA:5,5
DA:6,0
DA:7,0
DA:8,0
DA:9,0
DA:11,0
DA:14,0
DA:15,0
DA:16,0
DA:28,0
DA:30,0
DA:31,0
DA:32,0
DA:34,0
DA:35,0
DA:36,0
DA:38,0
DA:42,0
LF:20
LH:3
BRDA:28,0,0,0
BRF:1
BRH:0
end_of_record
TN:
SF:src\hooks\useUpdate\useUpdateRetroCard.ts
FN:5,(anonymous_0)
FN:11,(anonymous_1)
FNF:2
FNH:0
FNDA:0,(anonymous_0)
FNDA:0,(anonymous_1)
DA:1,5
DA:2,5
DA:5,5
DA:6,0
DA:7,0
DA:8,0
DA:9,0
DA:11,0
DA:15,0
DA:16,0
DA:17,0
DA:25,0
DA:26,0
DA:27,0
DA:28,0
DA:30,0
DA:31,0
DA:32,0
DA:34,0
DA:38,0
LF:20
LH:3
BRDA:25,0,0,0
BRF:1
BRH:0
end_of_record
TN:
SF:src\hooks\useUpdate\useUpdateSprint.ts
FN:6,(anonymous_0)
FN:12,(anonymous_1)
FNF:2
FNH:0
FNDA:0,(anonymous_0)
FNDA:0,(anonymous_1)
DA:1,5
DA:3,5
DA:4,5
DA:6,5
DA:7,0
DA:8,0
DA:9,0
DA:10,0
DA:12,0
DA:15,0
DA:17,0
DA:18,0
DA:27,0
DA:29,0
DA:30,0
DA:31,0
DA:33,0
DA:34,0
DA:35,0
DA:37,0
DA:41,0
LF:21
LH:4
BRDA:27,0,0,0
BRF:1
BRH:0
end_of_record
TN:
SF:src\hooks\useUpdate\useUpdateSprintGoal.ts
FN:6,(anonymous_0)
FN:12,(anonymous_1)
FNF:2
FNH:0
FNDA:0,(anonymous_0)
FNDA:0,(anonymous_1)
DA:1,5
DA:3,5
DA:4,5
DA:6,5
DA:7,0
DA:8,0
DA:9,0
DA:10,0
DA:12,0
DA:15,0
DA:16,0
DA:17,0
DA:26,0
DA:28,0
DA:29,0
DA:30,0
DA:32,0
DA:33,0
DA:34,0
DA:36,0
DA:40,0
LF:21
LH:4
BRDA:26,0,0,0
BRF:1
BRH:0
end_of_record
TN:
SF:src\hooks\useUpdate\useUpdateTask.ts
FN:6,(anonymous_0)
FN:12,(anonymous_1)
FNF:2
FNH:0
FNDA:0,(anonymous_0)
FNDA:0,(anonymous_1)
DA:1,5
DA:3,5
DA:4,5
DA:6,5
DA:7,0
DA:8,0
DA:9,0
DA:10,0
DA:12,0
DA:13,0
DA:15,0
DA:16,0
DA:25,0
DA:28,0
DA:29,0
DA:30,0
DA:32,0
DA:33,0
DA:34,0
DA:36,0
DA:40,0
LF:21
LH:4
BRDA:25,0,0,0
BRF:1
BRH:0
end_of_record
TN:
SF:src\hooks\useUpdate\useUpdateTeamMemberCapacity.ts
FN:5,(anonymous_0)
FN:11,(anonymous_1)
FNF:2
FNH:0
FNDA:0,(anonymous_0)
FNDA:0,(anonymous_1)
DA:1,5
DA:2,5
DA:5,5
DA:6,0
DA:7,0
DA:8,0
DA:9,0
DA:11,0
DA:15,0
DA:16,0
DA:17,0
DA:26,0
DA:27,0
DA:29,0
DA:30,0
DA:34,0
DA:36,0
DA:37,0
DA:38,0
DA:40,0
DA:44,0
LF:21
LH:3
BRDA:26,0,0,0
BRF:1
BRH:0
end_of_record
TN:
SF:src\hooks\useUpdate\useUpdateTicket.ts
FN:6,(anonymous_0)
FN:12,(anonymous_1)
FNF:2
FNH:0
FNDA:0,(anonymous_0)
FNDA:0,(anonymous_1)
DA:1,5
DA:2,5
DA:3,5
DA:6,5
DA:7,0
DA:8,0
DA:9,0
DA:10,0
DA:12,0
DA:15,0
DA:17,0
DA:18,0
DA:27,0
DA:29,0
DA:30,0
DA:31,0
DA:33,0
DA:34,0
DA:35,0
DA:37,0
DA:41,0
LF:21
LH:4
BRDA:27,0,0,0
BRF:1
BRH:0
end_of_record
TN:
SF:src\hooks\webSockets\index.ts
FN:2,(anonymous_5)
FN:3,(anonymous_6)
FN:4,(anonymous_7)
FNF:3
FNH:0
FNDA:0,(anonymous_5)
FNDA:0,(anonymous_6)
FNDA:0,(anonymous_7)
DA:1,5
DA:2,5
DA:3,5
DA:4,5
LF:4
LH:4
BRF:0
BRH:0
end_of_record
TN:
SF:src\hooks\webSockets\socket.ts
FNF:0
FNH:0
DA:1,5
DA:3,5
DA:4,5
LF:3
LH:3
BRDA:3,0,0,5
BRDA:3,0,1,5
BRF:2
BRH:2
end_of_record
TN:
SF:src\hooks\webSockets\useSocketProjects.tsx
FN:5,(anonymous_1)
FN:6,(anonymous_2)
FN:7,(anonymous_3)
FN:9,(anonymous_4)
FNF:4
FNH:0
FNDA:0,(anonymous_1)
FNDA:0,(anonymous_2)
FNDA:0,(anonymous_3)
FNDA:0,(anonymous_4)
DA:1,5
DA:2,5
DA:5,5
DA:6,0
DA:7,0
DA:8,0
DA:9,0
DA:10,0
DA:15,0
DA:20,5
LF:10
LH:4
BRF:0
BRH:0
end_of_record
TN:
SF:src\hooks\webSockets\useSocketSprints.tsx
FN:5,(anonymous_1)
FN:6,(anonymous_2)
FN:7,(anonymous_3)
FN:9,(anonymous_4)
FN:15,(anonymous_5)
FN:16,(anonymous_6)
FN:18,(anonymous_7)
FN:24,(anonymous_8)
FN:25,(anonymous_9)
FN:27,(anonymous_10)
FNF:10
FNH:0
FNDA:0,(anonymous_1)
FNDA:0,(anonymous_2)
FNDA:0,(anonymous_3)
FNDA:0,(anonymous_4)
FNDA:0,(anonymous_5)
FNDA:0,(anonymous_6)
FNDA:0,(anonymous_7)
FNDA:0,(anonymous_8)
FNDA:0,(anonymous_9)
FNDA:0,(anonymous_10)
DA:1,5
DA:2,5
DA:5,5
DA:6,0
DA:7,0
DA:8,0
DA:9,0
DA:10,0
DA:15,0
DA:16,0
DA:17,0
DA:18,0
DA:19,0
DA:24,0
DA:25,0
DA:26,0
DA:27,0
DA:28,0
DA:33,0
DA:40,5
LF:20
LH:4
BRF:0
BRH:0
end_of_record
TN:
SF:src\hooks\webSockets\useSocketTickets.tsx
FN:5,(anonymous_1)
FN:6,(anonymous_2)
FN:7,(anonymous_3)
FN:9,(anonymous_4)
FN:15,(anonymous_5)
FN:16,(anonymous_6)
FN:18,(anonymous_7)
FN:24,(anonymous_8)
FN:25,(anonymous_9)
FN:27,(anonymous_10)
FNF:10
FNH:0
FNDA:0,(anonymous_1)
FNDA:0,(anonymous_2)
FNDA:0,(anonymous_3)
FNDA:0,(anonymous_4)
FNDA:0,(anonymous_5)
FNDA:0,(anonymous_6)
FNDA:0,(anonymous_7)
FNDA:0,(anonymous_8)
FNDA:0,(anonymous_9)
FNDA:0,(anonymous_10)
DA:1,5
DA:2,5
DA:5,5
DA:6,0
DA:7,0
DA:8,0
DA:9,0
DA:10,0
DA:15,0
DA:16,0
DA:17,0
DA:18,0
DA:19,0
DA:24,0
DA:25,0
DA:26,0
DA:27,0
DA:28,0
DA:33,0
DA:36,5
LF:20
LH:4
BRF:0
BRH:0
end_of_record
TN:
SF:src\pages\index.ts
FN:1,(anonymous_1)
FN:2,(anonymous_2)
FN:3,(anonymous_3)
FN:4,(anonymous_4)
FN:5,(anonymous_5)
FN:6,(anonymous_6)
FN:7,(anonymous_7)
FN:8,(anonymous_8)
FN:9,(anonymous_9)
FN:10,(anonymous_10)
FN:11,(anonymous_11)
FN:12,(anonymous_12)
FNF:12
FNH:0
FNDA:0,(anonymous_1)
FNDA:0,(anonymous_2)
FNDA:0,(anonymous_3)
FNDA:0,(anonymous_4)
FNDA:0,(anonymous_5)
FNDA:0,(anonymous_6)
FNDA:0,(anonymous_7)
FNDA:0,(anonymous_8)
FNDA:0,(anonymous_9)
FNDA:0,(anonymous_10)
FNDA:0,(anonymous_11)
FNDA:0,(anonymous_12)
DA:1,5
DA:2,5
DA:3,5
DA:4,5
DA:5,5
DA:6,5
DA:7,5
DA:8,5
DA:9,5
DA:10,5
DA:11,5
DA:12,5
LF:12
LH:12
BRF:0
BRH:0
end_of_record
TN:
SF:src\pages\board\Board.styles.ts
FN:4,(anonymous_0)
FN:14,(anonymous_1)
FN:52,(anonymous_2)
FN:57,(anonymous_3)
FN:66,(anonymous_4)
FN:70,(anonymous_5)
FN:78,(anonymous_6)
FN:79,(anonymous_7)
FN:97,(anonymous_8)
FN:106,(anonymous_9)
FNF:10
FNH:1
FNDA:0,(anonymous_0)
FNDA:0,(anonymous_1)
FNDA:0,(anonymous_2)
FNDA:0,(anonymous_3)
FNDA:0,(anonymous_4)
FNDA:0,(anonymous_5)
FNDA:5,(anonymous_6)
FNDA:0,(anonymous_7)
FNDA:0,(anonymous_8)
FNDA:0,(anonymous_9)
DA:1,5
DA:2,5
DA:4,5
DA:14,5
DA:52,5
DA:57,5
DA:66,5
DA:70,5
DA:77,5
DA:78,5
DA:79,0
DA:97,5
DA:106,5
LF:13
LH:12
BRDA:84,0,0,0
BRDA:84,0,1,0
BRDA:85,1,0,0
BRDA:85,1,1,0
BRDA:93,2,0,0
BRDA:93,2,1,0
BRF:6
BRH:0
end_of_record
TN:
SF:src\pages\board\Board.tsx
FN:22,(anonymous_1)
FN:45,(anonymous_2)
FN:49,(anonymous_3)
FN:73,(anonymous_4)
FN:97,(anonymous_5)
FNF:5
FNH:0
FNDA:0,(anonymous_1)
FNDA:0,(anonymous_2)
FNDA:0,(anonymous_3)
FNDA:0,(anonymous_4)
FNDA:0,(anonymous_5)
DA:1,5
DA:2,5
DA:4,5
DA:5,5
DA:7,5
DA:8,5
DA:10,5
DA:19,5
DA:20,5
DA:22,5
DA:37,0
DA:39,0
DA:41,0
DA:46,0
DA:49,0
DA:74,0
DA:98,0
DA:166,5
LF:18
LH:11
BRDA:63,0,0,0
BRDA:63,0,1,0
BRDA:67,1,0,0
BRDA:67,1,1,0
BRDA:74,2,0,0
BRDA:74,2,1,0
BRDA:87,3,0,0
BRDA:87,3,1,0
BRDA:91,4,0,0
BRDA:91,4,1,0
BRDA:98,5,0,0
BRDA:98,5,1,0
BRDA:127,6,0,0
BRDA:127,6,1,0
BRDA:144,7,0,0
BRDA:144,7,1,0
BRF:16
BRH:0
end_of_record
TN:
SF:src\pages\board\components\backlogBoard\BacklogBoard.helpers.tsx
FN:14,(anonymous_1)
FN:29,(anonymous_2)
FN:60,(anonymous_3)
FN:76,(anonymous_4)
FN:81,(anonymous_5)
FN:85,(anonymous_6)
FN:118,(anonymous_7)
FN:150,(anonymous_8)
FN:159,(anonymous_9)
FN:162,(anonymous_10)
FNF:10
FNH:0
FNDA:0,(anonymous_1)
FNDA:0,(anonymous_2)
FNDA:0,(anonymous_3)
FNDA:0,(anonymous_4)
FNDA:0,(anonymous_5)
FNDA:0,(anonymous_6)
FNDA:0,(anonymous_7)
FNDA:0,(anonymous_8)
FNDA:0,(anonymous_9)
FNDA:0,(anonymous_10)
DA:1,5
DA:3,5
DA:4,5
DA:9,5
DA:10,5
DA:11,5
DA:14,5
DA:15,0
DA:18,0
DA:20,0
DA:22,0
DA:24,0
DA:29,5
DA:35,0
DA:37,0
DA:39,0
DA:41,0
DA:48,0
DA:60,0
DA:67,0
DA:74,0
DA:76,0
DA:79,0
DA:81,0
DA:85,0
DA:93,0
DA:95,0
DA:97,0
DA:99,0
DA:103,0
DA:105,0
DA:107,0
DA:113,0
DA:118,5
DA:125,0
DA:127,0
DA:129,0
DA:136,0
DA:150,0
DA:157,0
DA:159,0
DA:162,0
DA:169,0
LF:43
LH:9
BRDA:15,0,0,0
BRDA:15,0,1,0
BRDA:15,0,2,0
BRDA:15,0,3,0
BRDA:15,0,4,0
BRDA:35,1,0,0
BRDA:35,1,1,0
BRDA:35,1,2,0
BRDA:35,1,3,0
BRDA:35,1,4,0
BRDA:35,1,5,0
BRDA:35,1,6,0
BRDA:35,1,7,0
BRDA:35,1,8,0
BRDA:35,1,9,0
BRDA:35,1,10,0
BRDA:35,1,11,0
BRDA:35,1,12,0
BRDA:35,1,13,0
BRDA:35,1,14,0
BRDA:75,2,0,0
BRDA:75,2,1,0
BRDA:95,3,0,0
BRDA:95,3,1,0
BRDA:97,4,0,0
BRDA:97,4,1,0
BRDA:99,5,0,0
BRDA:99,5,1,0
BRDA:103,6,0,0
BRDA:103,6,1,0
BRDA:105,7,0,0
BRDA:105,7,1,0
BRDA:107,8,0,0
BRDA:107,8,1,0
BRDA:125,9,0,0
BRDA:125,9,1,0
BRDA:125,9,2,0
BRDA:125,9,3,0
BRDA:125,9,4,0
BRDA:132,10,0,0
BRDA:132,10,1,0
BRF:41
BRH:0
end_of_record
TN:
SF:src\pages\board\components\backlogBoard\BacklogBoard.styles.ts
FN:11,(anonymous_0)
FN:21,(anonymous_1)
FN:30,(anonymous_2)
FN:40,(anonymous_3)
FN:53,(anonymous_4)
FN:62,(anonymous_5)
FN:72,(anonymous_6)
FN:81,(anonymous_7)
FN:89,(anonymous_8)
FN:96,(anonymous_9)
FN:103,(anonymous_10)
FN:108,(anonymous_11)
FN:116,(anonymous_12)
FNF:13
FNH:0
FNDA:0,(anonymous_0)
FNDA:0,(anonymous_1)
FNDA:0,(anonymous_2)
FNDA:0,(anonymous_3)
FNDA:0,(anonymous_4)
FNDA:0,(anonymous_5)
FNDA:0,(anonymous_6)
FNDA:0,(anonymous_7)
FNDA:0,(anonymous_8)
FNDA:0,(anonymous_9)
FNDA:0,(anonymous_10)
FNDA:0,(anonymous_11)
FNDA:0,(anonymous_12)
DA:1,5
DA:2,5
DA:11,5
DA:21,5
DA:30,5
DA:40,5
DA:51,5
DA:53,0
DA:62,5
DA:72,5
DA:81,5
DA:89,5
DA:96,5
DA:103,5
DA:108,5
DA:116,5
LF:16
LH:15
BRDA:59,0,0,0
BRDA:59,0,1,0
BRF:2
BRH:0
end_of_record
TN:
SF:src\pages\board\components\backlogBoard\BacklogBoard.tsx
FN:28,(anonymous_7)
FN:41,(anonymous_8)
FN:45,(anonymous_9)
FN:46,(anonymous_10)
FN:49,(anonymous_11)
FN:58,(anonymous_12)
FN:67,(anonymous_13)
FN:72,(anonymous_14)
FN:77,(anonymous_15)
FN:78,(anonymous_16)
FN:91,(anonymous_17)
FN:93,(anonymous_18)
FN:112,(anonymous_19)
FN:131,(anonymous_20)
FN:132,(anonymous_21)
FN:147,(anonymous_22)
FN:156,(anonymous_23)
FN:171,(anonymous_24)
FN:172,(anonymous_25)
FN:187,(anonymous_26)
FN:200,(anonymous_27)
FN:201,(anonymous_28)
FNF:22
FNH:0
FNDA:0,(anonymous_7)
FNDA:0,(anonymous_8)
FNDA:0,(anonymous_9)
FNDA:0,(anonymous_10)
FNDA:0,(anonymous_11)
FNDA:0,(anonymous_12)
FNDA:0,(anonymous_13)
FNDA:0,(anonymous_14)
FNDA:0,(anonymous_15)
FNDA:0,(anonymous_16)
FNDA:0,(anonymous_17)
FNDA:0,(anonymous_18)
FNDA:0,(anonymous_19)
FNDA:0,(anonymous_20)
FNDA:0,(anonymous_21)
FNDA:0,(anonymous_22)
FNDA:0,(anonymous_23)
FNDA:0,(anonymous_24)
FNDA:0,(anonymous_25)
FNDA:0,(anonymous_26)
FNDA:0,(anonymous_27)
FNDA:0,(anonymous_28)
DA:1,5
DA:2,5
DA:10,5
DA:11,5
DA:15,5
DA:20,5
DA:21,5
DA:22,5
DA:28,5
DA:29,0
DA:41,0
DA:42,0
DA:43,0
DA:45,0
DA:46,0
DA:49,0
DA:50,0
DA:58,0
DA:59,0
DA:67,0
DA:68,0
DA:69,0
DA:72,0
DA:73,0
DA:74,0
DA:77,0
DA:78,0
DA:80,0
DA:81,0
DA:84,0
DA:85,0
DA:87,0
DA:91,0
DA:92,0
DA:94,0
DA:95,0
DA:96,0
DA:97,0
DA:98,0
DA:102,0
DA:103,0
DA:104,0
DA:105,0
DA:109,0
DA:110,0
DA:112,0
DA:115,0
DA:131,0
DA:133,0
DA:148,0
DA:156,0
DA:171,0
DA:173,0
DA:188,0
DA:200,0
DA:202,0
DA:223,5
LF:57
LH:10
BRDA:46,0,0,0
BRDA:46,0,1,0
BRDA:84,1,0,0
BRDA:85,2,0,0
BRDA:94,3,0,0
BRDA:94,4,0,0
BRDA:94,4,1,0
BRDA:96,5,0,0
BRDA:96,6,0,0
BRDA:96,6,1,0
BRDA:98,7,0,0
BRDA:99,8,0,0
BRDA:99,8,1,0
BRDA:103,9,0,0
BRDA:103,10,0,0
BRDA:103,10,1,0
BRDA:104,11,0,0
BRDA:104,12,0,0
BRDA:104,12,1,0
BRDA:105,13,0,0
BRDA:106,14,0,0
BRDA:106,14,1,0
BRDA:122,15,0,0
BRDA:122,15,1,0
BRDA:137,16,0,0
BRDA:137,16,1,0
BRDA:152,17,0,0
BRDA:152,17,1,0
BRDA:154,18,0,0
BRDA:154,18,1,0
BRDA:159,19,0,0
BRDA:159,19,1,0
BRDA:185,20,0,0
BRDA:185,20,1,0
BRDA:185,20,2,0
BRDA:196,21,0,0
BRDA:196,21,1,0
BRF:37
BRH:0
end_of_record
TN:
SF:src\pages\board\components\backlogBoard\boardHeader\BoardHeader.tsx
FN:31,(anonymous_1)
FN:41,(anonymous_2)
FN:42,(anonymous_3)
FN:45,(anonymous_4)
FN:49,(anonymous_5)
FN:59,(anonymous_6)
FN:68,(anonymous_7)
FN:77,(anonymous_8)
FN:85,(anonymous_9)
FN:95,(anonymous_10)
FN:126,(anonymous_11)
FN:133,(anonymous_12)
FN:167,(anonymous_13)
FN:185,(anonymous_14)
FN:196,(anonymous_15)
FN:212,(anonymous_16)
FN:218,(anonymous_17)
FN:220,(anonymous_18)
FNF:18
FNH:0
FNDA:0,(anonymous_1)
FNDA:0,(anonymous_2)
FNDA:0,(anonymous_3)
FNDA:0,(anonymous_4)
FNDA:0,(anonymous_5)
FNDA:0,(anonymous_6)
FNDA:0,(anonymous_7)
FNDA:0,(anonymous_8)
FNDA:0,(anonymous_9)
FNDA:0,(anonymous_10)
FNDA:0,(anonymous_11)
FNDA:0,(anonymous_12)
FNDA:0,(anonymous_13)
FNDA:0,(anonymous_14)
FNDA:0,(anonymous_15)
FNDA:0,(anonymous_16)
FNDA:0,(anonymous_17)
FNDA:0,(anonymous_18)
DA:1,5
DA:12,5
DA:13,5
DA:14,5
DA:15,5
DA:21,5
DA:31,5
DA:38,0
DA:39,0
DA:41,0
DA:42,0
DA:45,0
DA:46,0
DA:49,0
DA:50,0
DA:53,0
DA:59,0
DA:68,0
DA:77,0
DA:86,0
DA:96,0
DA:127,0
DA:134,0
DA:168,0
DA:185,0
DA:196,0
DA:213,0
DA:219,0
DA:220,0
DA:222,0
DA:234,5
LF:31
LH:8
BRDA:84,0,0,0
BRDA:84,0,1,0
BRDA:125,1,0,0
BRDA:125,1,1,0
BRDA:166,2,0,0
BRDA:166,2,1,0
BRDA:219,3,0,0
BRDA:219,3,1,0
BRF:8
BRH:0
end_of_record
TN:
SF:src\pages\board\components\capacityBoard\CapacityBoard.helpers.ts
FN:4,(anonymous_0)
FN:7,(anonymous_1)
FN:10,(anonymous_2)
FN:30,(anonymous_3)
FN:31,(anonymous_4)
FN:37,(anonymous_5)
FN:47,(anonymous_6)
FN:67,(anonymous_7)
FN:80,(anonymous_8)
FN:94,(anonymous_9)
FN:94,(anonymous_10)
FN:100,(anonymous_11)
FNF:12
FNH:0
FNDA:0,(anonymous_0)
FNDA:0,(anonymous_1)
FNDA:0,(anonymous_2)
FNDA:0,(anonymous_3)
FNDA:0,(anonymous_4)
FNDA:0,(anonymous_5)
FNDA:0,(anonymous_6)
FNDA:0,(anonymous_7)
FNDA:0,(anonymous_8)
FNDA:0,(anonymous_9)
FNDA:0,(anonymous_10)
FNDA:0,(anonymous_11)
DA:4,5
DA:5,0
DA:7,5
DA:8,0
DA:10,5
DA:24,0
DA:29,0
DA:30,0
DA:31,0
DA:34,0
DA:35,0
DA:38,0
DA:41,0
DA:43,0
DA:47,5
DA:58,0
DA:59,0
DA:66,0
DA:67,0
DA:68,0
DA:69,0
DA:73,0
DA:76,0
DA:80,5
DA:91,0
DA:92,0
DA:93,0
DA:94,0
DA:96,0
DA:97,0
DA:100,0
DA:103,0
DA:106,0
DA:107,0
LF:34
LH:5
BRDA:8,0,0,0
BRDA:8,0,1,0
BRDA:29,1,0,0
BRDA:31,2,0,0
BRDA:31,2,1,0
BRDA:34,3,0,0
BRDA:38,4,0,0
BRDA:38,4,1,0
BRDA:58,5,0,0
BRDA:66,6,0,0
BRDA:68,7,0,0
BRDA:71,8,0,0
BRDA:71,8,1,0
BRDA:91,9,0,0
BRDA:93,10,0,0
BRDA:96,11,0,0
BRF:16
BRH:0
end_of_record
TN:
SF:src\pages\board\components\capacityBoard\CapacityBoard.styles.ts
FN:15,(anonymous_0)
FN:24,(anonymous_1)
FN:35,(anonymous_2)
FN:63,(anonymous_3)
FN:68,(anonymous_4)
FN:80,(anonymous_5)
FN:86,(anonymous_6)
FN:92,(anonymous_7)
FN:97,(anonymous_8)
FN:104,(anonymous_9)
FN:115,(anonymous_10)
FN:128,(anonymous_11)
FN:141,(anonymous_12)
FN:156,(anonymous_13)
FN:162,(anonymous_14)
FNF:15
FNH:0
FNDA:0,(anonymous_0)
FNDA:0,(anonymous_1)
FNDA:0,(anonymous_2)
FNDA:0,(anonymous_3)
FNDA:0,(anonymous_4)
FNDA:0,(anonymous_5)
FNDA:0,(anonymous_6)
FNDA:0,(anonymous_7)
FNDA:0,(anonymous_8)
FNDA:0,(anonymous_9)
FNDA:0,(anonymous_10)
FNDA:0,(anonymous_11)
FNDA:0,(anonymous_12)
FNDA:0,(anonymous_13)
FNDA:0,(anonymous_14)
DA:1,5
DA:15,5
DA:24,5
DA:35,5
DA:63,5
DA:68,5
DA:80,5
DA:86,5
DA:92,5
DA:97,5
DA:104,5
DA:115,5
DA:128,5
DA:141,5
DA:156,5
DA:162,5
LF:16
LH:16
BRF:0
BRH:0
end_of_record
TN:
SF:src\pages\board\components\capacityBoard\CapacityBoard.tsx
FN:3,(anonymous_1)
FNF:1
FNH:0
FNDA:0,(anonymous_1)
DA:1,5
DA:3,5
DA:4,0
DA:7,5
LF:4
LH:3
BRF:0
BRH:0
end_of_record
TN:
SF:src\pages\board\components\capacityBoard\capacityBoardContainer\CapacityBoardContainer.tsx
FN:34,(anonymous_1)
FN:69,(anonymous_2)
FN:75,(anonymous_3)
FN:80,(anonymous_4)
FN:82,(anonymous_5)
FN:83,(anonymous_6)
FN:87,(anonymous_7)
FN:93,(anonymous_8)
FN:104,(anonymous_9)
FN:110,(anonymous_10)
FN:135,(anonymous_11)
FN:140,(anonymous_12)
FN:154,(anonymous_13)
FN:154,(anonymous_14)
FN:159,(anonymous_15)
FN:159,(anonymous_16)
FN:214,(anonymous_17)
FN:218,(anonymous_18)
FN:237,(anonymous_19)
FNF:19
FNH:0
FNDA:0,(anonymous_1)
FNDA:0,(anonymous_2)
FNDA:0,(anonymous_3)
FNDA:0,(anonymous_4)
FNDA:0,(anonymous_5)
FNDA:0,(anonymous_6)
FNDA:0,(anonymous_7)
FNDA:0,(anonymous_8)
FNDA:0,(anonymous_9)
FNDA:0,(anonymous_10)
FNDA:0,(anonymous_11)
FNDA:0,(anonymous_12)
FNDA:0,(anonymous_13)
FNDA:0,(anonymous_14)
FNDA:0,(anonymous_15)
FNDA:0,(anonymous_16)
FNDA:0,(anonymous_17)
FNDA:0,(anonymous_18)
FNDA:0,(anonymous_19)
DA:1,5
DA:3,5
DA:4,5
DA:5,5
DA:6,5
DA:7,5
DA:9,5
DA:15,5
DA:20,5
DA:25,5
DA:34,5
DA:35,0
DA:36,0
DA:38,0
DA:43,0
DA:45,0
DA:47,0
DA:48,0
DA:51,0
DA:52,0
DA:56,0
DA:64,0
DA:66,0
DA:69,0
DA:70,0
DA:71,0
DA:72,0
DA:75,0
DA:76,0
DA:80,0
DA:81,0
DA:82,0
DA:83,0
DA:87,0
DA:88,0
DA:89,0
DA:90,0
DA:93,0
DA:94,0
DA:95,0
DA:101,0
DA:104,0
DA:105,0
DA:106,0
DA:110,0
DA:111,0
DA:112,0
DA:123,0
DA:135,0
DA:136,0
DA:137,0
DA:140,0
DA:141,0
DA:153,0
DA:154,0
DA:158,0
DA:159,0
DA:163,0
DA:214,0
DA:218,0
DA:237,0
DA:247,5
LF:62
LH:12
BRDA:39,0,0,0
BRDA:39,0,1,0
BRDA:70,1,0,0
BRDA:72,2,0,0
BRDA:81,3,0,0
BRDA:111,4,0,0
BRDA:111,4,1,0
BRDA:173,5,0,0
BRDA:173,5,1,0
BRDA:186,6,0,0
BRDA:186,6,1,0
BRDA:195,7,0,0
BRDA:195,7,1,0
BRDA:199,8,0,0
BRDA:199,8,1,0
BRDA:204,9,0,0
BRDA:204,9,1,0
BRDA:208,10,0,0
BRDA:208,10,1,0
BRDA:213,11,0,0
BRDA:213,11,1,0
BRDA:233,12,0,0
BRDA:233,12,1,0
BRDA:239,13,0,0
BRDA:239,13,1,0
BRF:25
BRH:0
end_of_record
TN:
SF:src\pages\board\components\capacityBoard\capacityBoardEmptyState\CapacityBoardEmptyState.tsx
FN:14,(anonymous_0)
FNF:1
FNH:0
FNDA:0,(anonymous_0)
DA:1,5
DA:2,5
DA:6,5
DA:14,5
DA:18,0
DA:43,5
LF:6
LH:5
BRF:0
BRH:0
end_of_record
TN:
SF:src\pages\board\components\capacityBoard\capacityBoardHeader\CapacityBoardHeader.tsx
FN:24,(anonymous_0)
FNF:1
FNH:0
FNDA:0,(anonymous_0)
DA:1,5
DA:7,5
DA:8,5
DA:24,5
DA:31,0
DA:110,5
LF:6
LH:5
BRDA:38,0,0,0
BRDA:38,0,1,0
BRDA:59,1,0,0
BRDA:59,1,1,0
BRF:4
BRH:0
end_of_record
TN:
SF:src\pages\board\components\capacityBoard\capacityBoardTable\CapacityBoardTable.tsx
FN:39,(anonymous_0)
FN:84,(anonymous_1)
FN:171,(anonymous_2)
FN:179,(anonymous_3)
FNF:4
FNH:0
FNDA:0,(anonymous_0)
FNDA:0,(anonymous_1)
FNDA:0,(anonymous_2)
FNDA:0,(anonymous_3)
DA:1,5
DA:6,5
DA:17,5
DA:30,5
DA:31,5
DA:39,5
DA:44,0
DA:85,0
DA:86,0
DA:87,0
DA:171,0
DA:179,0
DA:196,5
LF:13
LH:7
BRDA:92,0,0,0
BRDA:92,0,1,0
BRDA:94,1,0,0
BRDA:94,1,1,0
BRDA:104,2,0,0
BRDA:104,2,1,0
BRDA:108,3,0,0
BRDA:108,3,1,0
BRDA:111,4,0,0
BRDA:111,4,1,0
BRF:10
BRH:0
end_of_record
TN:
SF:src\pages\board\components\goalBoard\GoalBoard.helpers.ts
FN:11,(anonymous_0)
FN:16,(anonymous_1)
FNF:2
FNH:0
FNDA:0,(anonymous_0)
FNDA:0,(anonymous_1)
DA:1,5
DA:4,5
DA:11,5
DA:12,0
DA:13,0
DA:14,0
DA:16,0
DA:17,0
DA:23,0
LF:9
LH:3
BRDA:12,0,0,0
BRDA:12,1,0,0
BRDA:12,1,1,0
BRF:3
BRH:0
end_of_record
TN:
SF:src\pages\board\components\goalBoard\GoalBoard.styles.ts
FN:10,(anonymous_0)
FN:17,(anonymous_1)
FN:27,(anonymous_2)
FN:38,(anonymous_3)
FN:43,(anonymous_4)
FN:47,(anonymous_5)
FN:54,(anonymous_6)
FN:63,(anonymous_7)
FN:74,(anonymous_8)
FN:82,(anonymous_9)
FN:90,(anonymous_10)
FN:96,(anonymous_11)
FN:97,(anonymous_12)
FN:105,(anonymous_13)
FN:112,(anonymous_14)
FNF:15
FNH:1
FNDA:0,(anonymous_0)
FNDA:0,(anonymous_1)
FNDA:0,(anonymous_2)
FNDA:0,(anonymous_3)
FNDA:0,(anonymous_4)
FNDA:0,(anonymous_5)
FNDA:0,(anonymous_6)
FNDA:0,(anonymous_7)
FNDA:0,(anonymous_8)
FNDA:0,(anonymous_9)
FNDA:0,(anonymous_10)
FNDA:5,(anonymous_11)
FNDA:0,(anonymous_12)
FNDA:0,(anonymous_13)
FNDA:0,(anonymous_14)
DA:1,5
DA:8,5
DA:10,5
DA:17,5
DA:27,5
DA:38,5
DA:43,5
DA:47,5
DA:54,5
DA:63,5
DA:74,5
DA:82,5
DA:90,5
DA:95,5
DA:96,5
DA:97,0
DA:105,5
DA:112,5
LF:18
LH:17
BRDA:99,0,0,0
BRDA:99,0,1,0
BRDA:100,1,0,0
BRDA:100,1,1,0
BRF:4
BRH:0
end_of_record
TN:
SF:src\pages\board\components\goalBoard\GoalBoard.tsx
FN:36,(anonymous_1)
FN:50,(anonymous_2)
FN:54,(anonymous_3)
FN:72,(anonymous_4)
FN:102,(anonymous_5)
FN:113,(anonymous_6)
FN:170,(anonymous_7)
FN:181,(anonymous_8)
FN:190,(anonymous_9)
FN:199,(anonymous_10)
FN:218,(anonymous_11)
FNF:11
FNH:0
FNDA:0,(anonymous_1)
FNDA:0,(anonymous_2)
FNDA:0,(anonymous_3)
FNDA:0,(anonymous_4)
FNDA:0,(anonymous_5)
FNDA:0,(anonymous_6)
FNDA:0,(anonymous_7)
FNDA:0,(anonymous_8)
FNDA:0,(anonymous_9)
FNDA:0,(anonymous_10)
FNDA:0,(anonymous_11)
DA:1,5
DA:2,5
DA:10,5
DA:11,5
DA:12,5
DA:13,5
DA:14,5
DA:15,5
DA:31,5
DA:34,5
DA:36,5
DA:48,0
DA:50,0
DA:51,0
DA:52,0
DA:54,0
DA:55,0
DA:56,0
DA:59,0
DA:73,0
DA:74,0
DA:103,0
DA:104,0
DA:114,0
DA:115,0
DA:171,0
DA:172,0
DA:182,0
DA:190,0
DA:199,0
DA:219,0
DA:265,5
LF:32
LH:12
BRDA:71,0,0,0
BRDA:71,0,1,0
BRDA:180,1,0,0
BRDA:180,1,1,0
BRDA:180,2,0,0
BRDA:180,2,1,0
BRDA:209,3,0,0
BRDA:209,3,1,0
BRDA:222,4,0,0
BRDA:222,4,1,0
BRF:10
BRH:0
end_of_record
TN:
SF:src\pages\board\components\taskBoard\TaskBoard.styles.ts
FN:15,(anonymous_0)
FN:26,(anonymous_1)
FN:47,(anonymous_2)
FN:56,(anonymous_3)
FN:76,(anonymous_4)
FN:94,(anonymous_5)
FN:103,(anonymous_6)
FN:104,(anonymous_7)
FN:131,(anonymous_8)
FN:138,(anonymous_9)
FN:146,(anonymous_10)
FN:153,(anonymous_11)
FN:160,(anonymous_12)
FN:170,(anonymous_13)
FN:179,(anonymous_14)
FN:180,(anonymous_15)
FN:192,(anonymous_16)
FN:193,(anonymous_17)
FN:206,(anonymous_18)
FN:217,(anonymous_19)
FN:227,(anonymous_20)
FN:248,(anonymous_21)
FN:304,(anonymous_22)
FN:319,(anonymous_23)
FN:327,(anonymous_24)
FN:334,(anonymous_25)
FN:344,(anonymous_26)
FN:361,(anonymous_27)
FNF:28
FNH:3
FNDA:0,(anonymous_0)
FNDA:0,(anonymous_1)
FNDA:0,(anonymous_2)
FNDA:0,(anonymous_3)
FNDA:0,(anonymous_4)
FNDA:0,(anonymous_5)
FNDA:5,(anonymous_6)
FNDA:0,(anonymous_7)
FNDA:0,(anonymous_8)
FNDA:0,(anonymous_9)
FNDA:0,(anonymous_10)
FNDA:0,(anonymous_11)
FNDA:0,(anonymous_12)
FNDA:0,(anonymous_13)
FNDA:5,(anonymous_14)
FNDA:0,(anonymous_15)
FNDA:5,(anonymous_16)
FNDA:0,(anonymous_17)
FNDA:0,(anonymous_18)
FNDA:0,(anonymous_19)
FNDA:0,(anonymous_20)
FNDA:0,(anonymous_21)
FNDA:0,(anonymous_22)
FNDA:0,(anonymous_23)
FNDA:0,(anonymous_24)
FNDA:0,(anonymous_25)
FNDA:0,(anonymous_26)
FNDA:0,(anonymous_27)
DA:1,5
DA:2,5
DA:13,5
DA:15,5
DA:26,5
DA:47,5
DA:56,5
DA:76,5
DA:94,5
DA:102,5
DA:103,5
DA:104,0
DA:131,5
DA:138,5
DA:146,5
DA:153,5
DA:160,5
DA:170,5
DA:178,5
DA:179,5
DA:180,0
DA:191,5
DA:192,5
DA:193,0
DA:206,5
DA:217,5
DA:227,5
DA:247,5
DA:248,0
DA:304,5
DA:319,5
DA:327,5
DA:334,5
DA:344,5
DA:361,5
LF:35
LH:31
BRDA:122,0,0,0
BRDA:122,0,1,0
BRDA:254,1,0,0
BRDA:254,1,1,0
BRF:4
BRH:0
end_of_record
TN:
SF:src\pages\board\components\taskBoard\TaskBoard.tsx
FN:20,(anonymous_1)
FN:44,(anonymous_2)
FN:54,(anonymous_3)
FN:56,(anonymous_4)
FN:67,(anonymous_5)
FN:77,(anonymous_6)
FN:94,(anonymous_7)
FN:95,(anonymous_8)
FN:101,(anonymous_9)
FN:105,(anonymous_10)
FNF:10
FNH:0
FNDA:0,(anonymous_1)
FNDA:0,(anonymous_2)
FNDA:0,(anonymous_3)
FNDA:0,(anonymous_4)
FNDA:0,(anonymous_5)
FNDA:0,(anonymous_6)
FNDA:0,(anonymous_7)
FNDA:0,(anonymous_8)
FNDA:0,(anonymous_9)
FNDA:0,(anonymous_10)
DA:1,5
DA:2,5
DA:3,5
DA:4,5
DA:5,5
DA:6,5
DA:7,5
DA:8,5
DA:10,5
DA:18,5
DA:20,5
DA:31,0
DA:33,0
DA:45,0
DA:54,0
DA:60,0
DA:68,0
DA:78,0
DA:94,0
DA:96,0
DA:101,0
DA:106,0
DA:107,0
DA:124,5
LF:24
LH:12
BRDA:104,0,0,0
BRDA:104,0,1,0
BRF:2
BRH:0
end_of_record
TN:
SF:src\pages\board\components\taskBoard\taskCard\TaskCard.tsx
FN:20,(anonymous_0)
FNF:1
FNH:0
FNDA:0,(anonymous_0)
DA:1,5
DA:2,5
DA:3,5
DA:4,5
DA:8,5
DA:20,5
DA:22,0
DA:26,0
DA:31,0
DA:99,5
LF:10
LH:7
BRDA:37,0,0,0
BRDA:37,0,1,0
BRDA:74,1,0,0
BRDA:74,1,1,0
BRF:4
BRH:0
end_of_record
TN:
SF:src\pages\board\components\taskBoard\taskColumn\TaskColumn.tsx
FN:14,(anonymous_1)
FN:18,(anonymous_2)
FN:28,(anonymous_3)
FN:32,(anonymous_4)
FNF:4
FNH:0
FNDA:0,(anonymous_1)
FNDA:0,(anonymous_2)
FNDA:0,(anonymous_3)
FNDA:0,(anonymous_4)
DA:2,5
DA:3,5
DA:5,5
DA:6,5
DA:7,5
DA:8,5
DA:14,5
DA:15,0
DA:16,0
DA:18,0
DA:19,0
DA:25,0
DA:29,0
DA:32,0
DA:46,5
LF:15
LH:8
BRDA:37,0,0,0
BRDA:37,0,1,0
BRF:2
BRH:0
end_of_record
TN:
SF:src\pages\board\components\taskBoard\ticketCard\TicketCard.tsx
FN:31,(anonymous_1)
FN:40,(anonymous_2)
FN:43,(anonymous_3)
FN:54,(anonymous_4)
FN:79,(anonymous_5)
FN:83,(anonymous_6)
FN:87,(anonymous_7)
FN:90,(anonymous_8)
FN:103,(anonymous_9)
FNF:9
FNH:0
FNDA:0,(anonymous_1)
FNDA:0,(anonymous_2)
FNDA:0,(anonymous_3)
FNDA:0,(anonymous_4)
FNDA:0,(anonymous_5)
FNDA:0,(anonymous_6)
FNDA:0,(anonymous_7)
FNDA:0,(anonymous_8)
FNDA:0,(anonymous_9)
DA:1,5
DA:2,5
DA:12,5
DA:18,5
DA:27,5
DA:28,5
DA:29,5
DA:31,5
DA:36,0
DA:37,0
DA:39,0
DA:40,0
DA:43,0
DA:44,0
DA:50,0
DA:54,0
DA:80,0
DA:81,0
DA:84,0
DA:85,0
DA:87,0
DA:90,0
DA:104,0
DA:189,5
LF:24
LH:9
BRDA:74,0,0,0
BRDA:74,0,1,0
BRDA:75,1,0,0
BRDA:75,1,1,0
BRDA:128,2,0,0
BRDA:128,2,1,0
BRDA:142,3,0,0
BRDA:142,3,1,0
BRDA:154,4,0,0
BRDA:154,4,1,0
BRF:10
BRH:0
end_of_record
TN:
SF:src\pages\dashBoard\DashBoard.helpers.ts
FN:3,(anonymous_0)
FNF:1
FNH:0
FNDA:0,(anonymous_0)
DA:1,5
DA:3,5
DA:6,0
DA:8,0
DA:9,0
DA:12,0
DA:15,0
DA:16,0
DA:20,0
DA:21,0
DA:25,0
LF:11
LH:2
BRDA:6,0,0,0
BRDA:12,1,0,0
BRDA:15,2,0,0
BRDA:20,3,0,0
BRF:4
BRH:0
end_of_record
TN:
SF:src\pages\dashBoard\DashBoard.styles.ts
FN:3,(anonymous_0)
FN:9,(anonymous_1)
FN:18,(anonymous_2)
FN:25,(anonymous_3)
FN:32,(anonymous_4)
FN:38,(anonymous_5)
FN:44,(anonymous_6)
FN:51,(anonymous_7)
FN:61,(anonymous_8)
FN:73,(anonymous_9)
FN:84,(anonymous_10)
FN:88,(anonymous_11)
FN:100,(anonymous_12)
FNF:13
FNH:0
FNDA:0,(anonymous_0)
FNDA:0,(anonymous_1)
FNDA:0,(anonymous_2)
FNDA:0,(anonymous_3)
FNDA:0,(anonymous_4)
FNDA:0,(anonymous_5)
FNDA:0,(anonymous_6)
FNDA:0,(anonymous_7)
FNDA:0,(anonymous_8)
FNDA:0,(anonymous_9)
FNDA:0,(anonymous_10)
FNDA:0,(anonymous_11)
FNDA:0,(anonymous_12)
DA:1,5
DA:3,5
DA:9,5
DA:18,5
DA:25,5
DA:32,5
DA:38,5
DA:44,5
DA:51,5
DA:61,5
DA:73,5
DA:84,5
DA:88,5
DA:100,5
LF:14
LH:14
BRF:0
BRH:0
end_of_record
TN:
SF:src\pages\dashBoard\Dashboard.tsx
FN:31,(anonymous_1)
FN:146,(anonymous_2)
FN:165,(anonymous_3)
FNF:3
FNH:0
FNDA:0,(anonymous_1)
FNDA:0,(anonymous_2)
FNDA:0,(anonymous_3)
DA:1,5
DA:2,5
DA:7,5
DA:19,5
DA:21,5
DA:22,5
DA:23,5
DA:24,5
DA:25,5
DA:26,5
DA:27,5
DA:28,5
DA:29,5
DA:31,5
DA:33,0
DA:35,0
DA:146,0
DA:165,0
DA:234,5
LF:19
LH:15
BRDA:52,0,0,0
BRDA:52,0,1,0
BRDA:59,1,0,0
BRDA:59,1,1,0
BRDA:128,2,0,0
BRDA:128,2,1,0
BRDA:144,3,0,0
BRDA:144,3,1,0
BRDA:163,4,0,0
BRDA:163,4,1,0
BRF:10
BRH:0
end_of_record
TN:
SF:src\pages\dashBoard\components\blockersAndImpediments\BlockersAndImpediments.tsx
FN:14,(anonymous_1)
FN:17,(anonymous_2)
FN:37,(anonymous_3)
FNF:3
FNH:0
FNDA:0,(anonymous_1)
FNDA:0,(anonymous_2)
FNDA:0,(anonymous_3)
DA:1,5
DA:11,5
DA:12,5
DA:14,5
DA:17,0
DA:19,0
DA:20,0
DA:28,0
DA:38,0
DA:64,5
LF:10
LH:5
BRDA:17,0,0,0
BRDA:17,0,1,0
BRDA:19,1,0,0
BRDA:33,2,0,0
BRDA:33,2,1,0
BRDA:48,3,0,0
BRDA:48,3,1,0
BRF:7
BRH:0
end_of_record
TN:
SF:src\pages\dashBoard\components\recentActivity\RecentActivity.helpers.ts
FN:17,(anonymous_0)
FN:40,(anonymous_1)
FN:86,(anonymous_2)
FN:115,(anonymous_3)
FN:118,(anonymous_4)
FN:151,(anonymous_5)
FN:158,(anonymous_6)
FN:164,(anonymous_7)
FN:172,(anonymous_8)
FN:181,(anonymous_9)
FNF:10
FNH:0
FNDA:0,(anonymous_0)
FNDA:0,(anonymous_1)
FNDA:0,(anonymous_2)
FNDA:0,(anonymous_3)
FNDA:0,(anonymous_4)
FNDA:0,(anonymous_5)
FNDA:0,(anonymous_6)
FNDA:0,(anonymous_7)
FNDA:0,(anonymous_8)
FNDA:0,(anonymous_9)
DA:17,5
DA:24,0
DA:26,0
DA:28,0
DA:39,0
DA:40,0
DA:42,0
DA:53,0
DA:54,0
DA:66,0
DA:67,0
DA:85,0
DA:86,0
DA:87,0
DA:97,0
DA:98,0
DA:113,0
DA:114,0
DA:115,0
DA:117,0
DA:118,0
DA:119,0
DA:131,0
DA:132,0
DA:149,0
DA:152,0
DA:158,5
DA:162,0
DA:164,0
DA:165,0
DA:166,0
DA:170,0
DA:171,0
DA:172,0
DA:174,0
DA:177,0
DA:181,5
DA:182,0
DA:183,0
DA:184,0
DA:185,0
DA:187,0
LF:42
LH:3
BRDA:26,0,0,0
BRDA:32,1,0,0
BRDA:32,1,1,0
BRDA:39,2,0,0
BRDA:46,3,0,0
BRDA:46,3,1,0
BRDA:53,4,0,0
BRDA:53,5,0,0
BRDA:53,5,1,0
BRDA:58,6,0,0
BRDA:58,6,1,0
BRDA:66,7,0,0
BRDA:70,8,0,0
BRDA:70,8,1,0
BRDA:72,9,0,0
BRDA:72,9,1,0
BRDA:72,10,0,0
BRDA:72,10,1,0
BRDA:76,11,0,0
BRDA:76,11,1,0
BRDA:78,12,0,0
BRDA:78,12,1,0
BRDA:85,13,0,0
BRDA:91,14,0,0
BRDA:91,14,1,0
BRDA:97,15,0,0
BRDA:102,16,0,0
BRDA:102,16,1,0
BRDA:113,17,0,0
BRDA:114,18,0,0
BRDA:118,19,0,0
BRDA:123,20,0,0
BRDA:123,20,1,0
BRDA:131,21,0,0
BRDA:131,22,0,0
BRDA:131,22,1,0
BRDA:136,23,0,0
BRDA:136,23,1,0
BRDA:139,24,0,0
BRDA:139,24,1,0
BRDA:162,25,0,0
BRDA:162,26,0,0
BRDA:162,26,1,0
BRDA:165,27,0,0
BRDA:165,28,0,0
BRDA:165,28,1,0
BRDA:170,29,0,0
BRDA:174,30,0,0
BRDA:182,31,0,0
BRDA:184,32,0,0
BRF:50
BRH:0
end_of_record
TN:
SF:src\pages\dashBoard\components\recentActivity\RecentActivity.tsx
FN:23,(anonymous_0)
FN:60,(anonymous_1)
FNF:2
FNH:0
FNDA:0,(anonymous_0)
FNDA:0,(anonymous_1)
DA:1,5
DA:2,5
DA:4,5
DA:9,5
DA:23,5
DA:30,0
DA:39,0
DA:40,0
DA:55,0
DA:61,0
DA:89,5
LF:11
LH:6
BRDA:28,0,0,0
BRDA:39,1,0,0
BRDA:67,2,0,0
BRDA:67,2,1,0
BRF:4
BRH:0
end_of_record
TN:
SF:src\pages\dashBoard\components\sprintGoalsAndMilestones\SprintGoalsAndMilestones.tsx
FN:10,(anonymous_1)
FN:28,(anonymous_2)
FNF:2
FNH:0
FNDA:0,(anonymous_1)
[...]
FN:3,(anonymous_0)
FN:12,(anonymous_1)
FN:40,(anonymous_2)
FNF:3
FNH:0
FNDA:0,(anonymous_0)
FNDA:0,(anonymous_1)
FNDA:0,(anonymous_2)
DA:1,5
DA:3,5
DA:12,5
DA:40,5
LF:4
LH:4
BRF:0
BRH:0
end_of_record
TN:
SF:src\pages\register\Register.tsx
FN:45,(anonymous_1)
FN:59,(anonymous_2)
FN:60,(anonymous_3)
FN:63,(anonymous_4)
FN:64,(anonymous_5)
FN:67,(anonymous_6)
FN:103,(anonymous_7)
FN:132,(anonymous_8)
FN:158,(anonymous_9)
FN:171,(anonymous_10)
FN:198,(anonymous_11)
FN:243,(anonymous_12)
FN:267,(anonymous_13)
FNF:13
FNH:0
FNDA:0,(anonymous_1)
FNDA:0,(anonymous_2)
FNDA:0,(anonymous_3)
FNDA:0,(anonymous_4)
FNDA:0,(anonymous_5)
FNDA:0,(anonymous_6)
FNDA:0,(anonymous_7)
FNDA:0,(anonymous_8)
FNDA:0,(anonymous_9)
FNDA:0,(anonymous_10)
FNDA:0,(anonymous_11)
FNDA:0,(anonymous_12)
FNDA:0,(anonymous_13)
DA:1,5
DA:2,5
DA:15,5
DA:23,5
DA:24,5
DA:25,5
DA:29,5
DA:30,5
DA:31,5
DA:32,5
DA:43,5
DA:45,5
DA:46,0
DA:47,0
DA:48,0
DA:49,0
DA:52,0
DA:53,0
DA:54,0
DA:56,0
DA:57,0
DA:59,0
DA:60,0
DA:63,0
DA:64,0
DA:67,0
DA:68,0
DA:81,0
DA:104,0
DA:132,0
DA:158,0
DA:171,0
DA:198,0
DA:243,0
DA:267,0
DA:365,5
LF:36
LH:13
BRDA:111,0,0,0
BRDA:111,0,1,0
BRDA:121,1,0,0
BRDA:121,1,1,0
BRDA:153,2,0,0
BRDA:153,2,1,0
BRDA:174,3,0,0
BRDA:174,3,1,0
BRDA:189,4,0,0
BRDA:189,4,1,0
BRDA:234,5,0,0
BRDA:234,5,1,0
BRDA:281,6,0,0
BRDA:281,6,1,0
BRDA:308,7,0,0
BRDA:308,7,1,0
BRDA:310,8,0,0
BRDA:310,8,1,0
BRF:18
BRH:0
end_of_record
TN:
SF:src\pages\retrospectivePage\RetrospectivePage.helpers.tsx
FN:10,(anonymous_0)
FN:23,(anonymous_1)
FN:36,(anonymous_2)
FN:50,(anonymous_3)
FN:71,(anonymous_4)
FN:95,(anonymous_5)
FN:105,(anonymous_6)
FN:131,(anonymous_7)
FN:148,(anonymous_8)
FNF:9
FNH:0
FNDA:0,(anonymous_0)
FNDA:0,(anonymous_1)
FNDA:0,(anonymous_2)
FNDA:0,(anonymous_3)
FNDA:0,(anonymous_4)
FNDA:0,(anonymous_5)
FNDA:0,(anonymous_6)
FNDA:0,(anonymous_7)
FNDA:0,(anonymous_8)
DA:1,5
DA:2,5
DA:10,5
DA:11,0
DA:13,0
DA:15,0
DA:17,0
DA:19,0
DA:23,5
DA:24,0
DA:26,0
DA:28,0
DA:30,0
DA:32,0
DA:36,5
DA:47,0
DA:48,0
DA:49,0
DA:50,0
DA:52,0
DA:53,0
DA:57,0
DA:71,5
DA:84,0
DA:85,0
DA:89,0
DA:93,0
DA:96,0
DA:99,0
DA:100,0
DA:105,5
DA:114,0
DA:115,0
DA:120,0
DA:127,0
DA:131,5
DA:140,0
DA:141,0
DA:142,0
DA:146,0
DA:148,0
DA:150,0
DA:153,0
DA:154,0
LF:44
LH:8
BRDA:11,0,0,0
BRDA:11,0,1,0
BRDA:11,0,2,0
BRDA:11,0,3,0
BRDA:24,1,0,0
BRDA:24,1,1,0
BRDA:24,1,2,0
BRDA:24,1,3,0
BRDA:47,2,0,0
BRDA:49,3,0,0
BRDA:49,3,1,0
BRDA:51,4,0,0
BRDA:51,4,1,0
BRDA:57,5,0,0
BRDA:57,6,0,0
BRDA:57,6,1,0
BRDA:84,7,0,0
BRDA:87,8,0,0
BRDA:87,8,1,0
BRDA:89,9,0,0
BRDA:89,10,0,0
BRDA:89,10,1,0
BRDA:96,11,0,0
BRDA:96,11,1,0
BRDA:114,12,0,0
BRDA:120,13,0,0
BRDA:140,14,0,0
BRDA:142,15,0,0
BRDA:142,16,0,0
BRDA:142,16,1,0
BRF:30
BRH:0
end_of_record
TN:
SF:src\pages\retrospectivePage\RetrospectivePage.styles.ts
FN:3,(anonymous_0)
FN:12,(anonymous_1)
FN:23,(anonymous_2)
FN:45,(anonymous_3)
FN:59,(anonymous_4)
FN:67,(anonymous_5)
FN:73,(anonymous_6)
FN:96,(anonymous_7)
FN:97,(anonymous_8)
FN:110,(anonymous_9)
FN:119,(anonymous_10)
FN:124,(anonymous_11)
FN:133,(anonymous_12)
FN:143,(anonymous_13)
FN:155,(anonymous_14)
FNF:15
FNH:1
FNDA:0,(anonymous_0)
FNDA:0,(anonymous_1)
FNDA:0,(anonymous_2)
FNDA:0,(anonymous_3)
FNDA:0,(anonymous_4)
FNDA:0,(anonymous_5)
FNDA:0,(anonymous_6)
FNDA:5,(anonymous_7)
FNDA:0,(anonymous_8)
FNDA:0,(anonymous_9)
FNDA:0,(anonymous_10)
FNDA:0,(anonymous_11)
FNDA:0,(anonymous_12)
FNDA:0,(anonymous_13)
FNDA:0,(anonymous_14)
DA:1,5
DA:3,5
DA:12,5
DA:23,5
DA:45,5
DA:59,5
DA:67,5
DA:73,5
DA:95,5
DA:96,5
DA:97,0
DA:110,5
DA:119,5
DA:124,5
DA:133,5
DA:143,5
DA:155,5
LF:17
LH:16
BRDA:105,0,0,0
BRDA:105,0,1,0
BRF:2
BRH:0
end_of_record
TN:
SF:src\pages\retrospectivePage\RetrospectivePage.tsx
FN:3,(anonymous_1)
FNF:1
FNH:0
FNDA:0,(anonymous_1)
DA:1,5
DA:3,5
DA:4,0
DA:7,5
LF:4
LH:3
BRF:0
BRH:0
end_of_record
TN:
SF:src\pages\retrospectivePage\components\retrospectiveCard\RetrospectiveCard.tsx
FN:15,(anonymous_0)
FN:54,(anonymous_1)
FN:74,(anonymous_2)
FN:92,(anonymous_3)
FN:100,(anonymous_4)
FNF:5
FNH:0
FNDA:0,(anonymous_0)
FNDA:0,(anonymous_1)
FNDA:0,(anonymous_2)
FNDA:0,(anonymous_3)
FNDA:0,(anonymous_4)
DA:1,5
DA:2,5
DA:4,5
DA:12,5
DA:13,5
DA:15,5
DA:24,0
DA:25,0
DA:26,0
DA:28,0
DA:55,0
DA:56,0
DA:75,0
DA:92,0
DA:101,0
DA:102,0
DA:114,5
LF:17
LH:7
BRDA:26,0,0,0
BRDA:26,0,1,0
BRDA:30,1,0,0
BRDA:30,1,1,0
BRDA:70,2,0,0
BRDA:70,2,1,0
BRDA:94,3,0,0
BRDA:94,3,1,0
BRDA:97,4,0,0
BRDA:97,4,1,0
BRF:10
BRH:0
end_of_record
TN:
SF:src\pages\retrospectivePage\components\retrospectiveColumn\RetrospectiveColumn.tsx
FN:13,(anonymous_1)
FN:27,(anonymous_2)
FN:55,(anonymous_3)
FN:65,(anonymous_4)
FN:69,(anonymous_5)
FN:94,(anonymous_6)
FNF:6
FNH:0
FNDA:0,(anonymous_1)
FNDA:0,(anonymous_2)
FNDA:0,(anonymous_3)
FNDA:0,(anonymous_4)
FNDA:0,(anonymous_5)
FNDA:0,(anonymous_6)
DA:1,5
DA:2,5
DA:9,5
DA:11,5
DA:13,5
DA:27,0
DA:28,0
DA:55,0
DA:66,0
DA:70,0
DA:94,0
DA:106,5
LF:12
LH:6
BRDA:62,0,0,0
BRDA:62,0,1,0
BRF:2
BRH:0
end_of_record
TN:
SF:src\pages\retrospectivePage\components\retrospectiveColumnsContainer\RetrospectiveColumnsContainer.tsx
FN:11,(anonymous_1)
FNF:1
FNH:0
FNDA:0,(anonymous_1)
DA:1,5
DA:2,5
DA:4,5
DA:5,5
DA:11,5
DA:21,0
DA:69,5
LF:7
LH:6
BRF:0
BRH:0
end_of_record
TN:
SF:src\pages\retrospectivePage\components\retrospectiveContainer\RetrospectiveContainer.tsx
FN:31,(anonymous_1)
FN:73,(anonymous_2)
FN:80,(anonymous_3)
FN:83,(anonymous_4)
FN:84,(anonymous_5)
FN:94,(anonymous_6)
FN:102,(anonymous_7)
FN:108,(anonymous_8)
FN:120,(anonymous_9)
FN:131,(anonymous_10)
FN:137,(anonymous_11)
FN:163,(anonymous_12)
FN:168,(anonymous_13)
FN:190,(anonymous_14)
FN:290,(anonymous_15)
FNF:15
FNH:0
FNDA:0,(anonymous_1)
FNDA:0,(anonymous_2)
FNDA:0,(anonymous_3)
FNDA:0,(anonymous_4)
FNDA:0,(anonymous_5)
FNDA:0,(anonymous_6)
FNDA:0,(anonymous_7)
FNDA:0,(anonymous_8)
FNDA:0,(anonymous_9)
FNDA:0,(anonymous_10)
FNDA:0,(anonymous_11)
FNDA:0,(anonymous_12)
FNDA:0,(anonymous_13)
FNDA:0,(anonymous_14)
FNDA:0,(anonymous_15)
DA:1,5
DA:2,5
DA:5,5
DA:11,5
DA:13,5
DA:14,5
DA:15,5
DA:16,5
DA:17,5
DA:18,5
DA:19,5
DA:20,5
DA:26,5
DA:27,5
DA:28,5
DA:29,5
DA:31,5
DA:32,0
DA:33,0
DA:34,0
DA:35,0
DA:38,0
DA:41,0
DA:42,0
DA:45,0
DA:46,0
DA:49,0
DA:50,0
DA:51,0
DA:57,0
DA:58,0
DA:62,0
DA:63,0
DA:64,0
DA:73,0
DA:75,0
DA:79,0
DA:81,0
DA:82,0
DA:84,0
DA:85,0
DA:93,0
DA:95,0
DA:96,0
DA:97,0
DA:102,0
DA:103,0
DA:104,0
DA:107,0
DA:109,0
DA:113,0
DA:114,0
DA:119,0
DA:121,0
DA:122,0
DA:126,0
DA:131,0
DA:132,0
DA:133,0
DA:137,0
DA:138,0
DA:139,0
DA:150,0
DA:163,0
DA:164,0
DA:165,0
DA:168,0
DA:169,0
DA:189,0
DA:191,0
DA:203,0
DA:290,0
DA:300,5
LF:73
LH:18
BRDA:39,0,0,0
BRDA:39,0,1,0
BRDA:75,1,0,0
BRDA:75,1,1,0
BRDA:81,2,0,0
BRDA:85,3,0,0
BRDA:85,3,1,0
BRDA:138,4,0,0
BRDA:138,4,1,0
BRDA:231,5,0,0
BRDA:231,5,1,0
BRDA:244,6,0,0
BRDA:244,6,1,0
BRDA:253,7,0,0
BRDA:253,7,1,0
BRDA:254,8,0,0
BRDA:254,8,1,0
BRDA:247,9,0,0
BRDA:247,9,1,0
BRDA:286,10,0,0
BRDA:286,10,1,0
BRDA:292,11,0,0
BRDA:292,11,1,0
BRF:23
BRH:0
end_of_record
TN:
SF:src\pages\retrospectivePage\components\retrospectiveHeader\RetrospectiveHeader.tsx
FN:11,(anonymous_0)
FN:27,(anonymous_1)
FN:45,(anonymous_2)
FN:52,(anonymous_3)
FNF:4
FNH:0
FNDA:0,(anonymous_0)
FNDA:0,(anonymous_1)
FNDA:0,(anonymous_2)
FNDA:0,(anonymous_3)
DA:1,5
DA:2,5
DA:8,5
DA:9,5
DA:11,5
DA:19,0
DA:27,0
DA:45,0
DA:52,0
DA:61,5
LF:10
LH:6
BRDA:23,0,0,0
BRDA:23,0,1,0
BRDA:44,1,0,0
BRDA:44,1,1,0
BRDA:47,2,0,0
BRDA:47,2,1,0
BRF:6
BRH:0
end_of_record
TN:
SF:src\pages\retrospectivePage\components\retrospectiveMenu\RetrospectiveMenu.tsx
FN:13,(anonymous_0)
FN:31,(anonymous_1)
FN:33,(anonymous_2)
FN:42,(anonymous_3)
FN:44,(anonymous_4)
FNF:5
FNH:0
FNDA:0,(anonymous_0)
FNDA:0,(anonymous_1)
FNDA:0,(anonymous_2)
FNDA:0,(anonymous_3)
FNDA:0,(anonymous_4)
DA:1,5
DA:13,5
DA:21,0
DA:32,0
DA:33,0
DA:34,0
DA:35,0
DA:43,0
DA:44,0
DA:45,0
DA:46,0
DA:57,5
LF:12
LH:3
BRDA:34,0,0,0
BRDA:45,1,0,0
BRF:2
BRH:0
end_of_record
TN:
SF:src\pages\settingsPage\SettingsPage.styles.ts
FN:3,(anonymous_0)
FN:14,(anonymous_1)
FN:24,(anonymous_2)
FN:29,(anonymous_3)
FN:36,(anonymous_4)
FN:44,(anonymous_5)
FN:60,(anonymous_6)
FNF:7
FNH:0
FNDA:0,(anonymous_0)
FNDA:0,(anonymous_1)
FNDA:0,(anonymous_2)
FNDA:0,(anonymous_3)
FNDA:0,(anonymous_4)
FNDA:0,(anonymous_5)
FNDA:0,(anonymous_6)
DA:1,5
DA:3,5
DA:14,5
DA:24,5
DA:29,5
DA:36,5
DA:44,5
DA:59,5
DA:60,0
LF:9
LH:8
BRDA:66,0,0,0
BRDA:66,0,1,0
BRF:2
BRH:0
end_of_record
TN:
SF:src\pages\settingsPage\SettingsPage.tsx
FN:91,SettingsPage
FN:98,(anonymous_1)
FN:101,(anonymous_2)
FN:110,(anonymous_3)
FN:113,(anonymous_4)
FN:117,(anonymous_5)
FN:132,(anonymous_6)
FN:212,(anonymous_7)
FN:235,(anonymous_8)
FN:265,(anonymous_9)
FN:269,(anonymous_10)
FNF:11
FNH:0
FNDA:0,SettingsPage
FNDA:0,(anonymous_1)
FNDA:0,(anonymous_2)
FNDA:0,(anonymous_3)
FNDA:0,(anonymous_4)
FNDA:0,(anonymous_5)
FNDA:0,(anonymous_6)
FNDA:0,(anonymous_7)
FNDA:0,(anonymous_8)
FNDA:0,(anonymous_9)
FNDA:0,(anonymous_10)
DA:1,5
DA:2,5
DA:19,5
DA:30,5
DA:59,5
DA:78,5
DA:91,5
DA:92,0
DA:93,0
DA:94,0
DA:95,0
DA:96,0
DA:98,0
DA:101,0
DA:110,0
DA:112,0
DA:113,0
DA:114,0
DA:117,0
DA:118,0
DA:120,0
DA:132,0
DA:202,0
DA:213,0
DA:236,0
DA:248,0
DA:258,0
DA:266,0
DA:269,0
LF:29
LH:7
BRDA:118,0,0,0
BRDA:118,0,1,0
BRDA:118,0,2,0
BRDA:130,1,0,0
BRDA:130,1,1,0
BRDA:132,2,0,0
BRDA:132,2,1,0
BRDA:134,3,0,0
BRDA:134,3,1,0
BRDA:138,4,0,0
BRDA:138,4,1,0
BRF:11
BRH:0
end_of_record
TN:
SF:src\pages\teamMembers\TeamMembersPage.styles.ts
FN:4,(anonymous_0)
FN:13,(anonymous_1)
FN:23,(anonymous_2)
FN:33,(anonymous_3)
FN:58,(anonymous_4)
FN:67,(anonymous_5)
FN:73,(anonymous_6)
FN:80,(anonymous_7)
FN:85,(anonymous_8)
FN:93,(anonymous_9)
FN:98,(anonymous_10)
FN:105,(anonymous_11)
FN:114,(anonymous_12)
FN:115,(anonymous_13)
FN:132,(anonymous_14)
FNF:15
FNH:1
FNDA:0,(anonymous_0)
FNDA:0,(anonymous_1)
FNDA:0,(anonymous_2)
FNDA:0,(anonymous_3)
FNDA:0,(anonymous_4)
FNDA:0,(anonymous_5)
FNDA:0,(anonymous_6)
FNDA:0,(anonymous_7)
FNDA:0,(anonymous_8)
FNDA:0,(anonymous_9)
FNDA:0,(anonymous_10)
FNDA:0,(anonymous_11)
FNDA:5,(anonymous_12)
FNDA:0,(anonymous_13)
FNDA:0,(anonymous_14)
DA:1,5
DA:2,5
DA:4,5
DA:13,5
DA:23,5
DA:33,5
DA:58,5
DA:67,5
DA:73,5
DA:80,5
DA:85,5
DA:93,5
DA:98,5
DA:105,5
DA:113,5
DA:114,5
DA:115,0
DA:132,5
LF:18
LH:17
BRDA:120,0,0,0
BRDA:120,0,1,0
BRF:2
BRH:0
end_of_record
TN:
SF:src\pages\teamMembers\TeamMembersPage.tsx
FN:3,(anonymous_1)
FNF:1
FNH:0
FNDA:0,(anonymous_1)
DA:1,5
DA:3,5
DA:4,0
DA:7,5
LF:4
LH:3
BRF:0
BRH:0
end_of_record
TN:
SF:src\pages\teamMembers\teamMembers.helpers.ts
FN:3,(anonymous_0)
FN:17,(anonymous_1)
FNF:2
FNH:0
FNDA:0,(anonymous_0)
FNDA:0,(anonymous_1)
DA:3,5
DA:16,0
DA:17,0
DA:18,0
DA:20,0
DA:21,0
DA:26,0
DA:27,0
DA:28,0
LF:9
LH:1
BRDA:16,0,0,0
BRDA:18,1,0,0
BRDA:18,2,0,0
BRDA:18,2,1,0
BRDA:21,3,0,0
BRF:5
BRH:0
end_of_record
TN:
SF:src\pages\teamMembers\components\teamMembersContainer\TeamMembersContainer.tsx
FN:21,(anonymous_1)
FN:48,(anonymous_2)
FN:56,(anonymous_3)
FN:62,(anonymous_4)
FN:71,(anonymous_5)
FN:72,(anonymous_6)
FN:80,(anonymous_7)
FN:93,(anonymous_8)
FN:95,(anonymous_9)
FN:101,(anonymous_10)
FN:102,(anonymous_11)
FN:103,(anonymous_12)
FN:107,(anonymous_13)
FN:114,(anonymous_14)
FN:124,(anonymous_15)
FN:132,(anonymous_16)
FN:139,(anonymous_17)
FN:140,(anonymous_18)
FN:144,(anonymous_19)
FN:152,(anonymous_20)
FN:160,(anonymous_21)
FN:166,(anonymous_22)
FN:171,(anonymous_23)
FN:175,(anonymous_24)
FN:180,(anonymous_25)
FN:185,(anonymous_26)
FN:194,(anonymous_27)
FN:195,(anonymous_28)
FN:205,(anonymous_29)
FN:209,(anonymous_30)
FN:214,(anonymous_31)
FNF:31
FNH:0
FNDA:0,(anonymous_1)
FNDA:0,(anonymous_2)
FNDA:0,(anonymous_3)
FNDA:0,(anonymous_4)
FNDA:0,(anonymous_5)
FNDA:0,(anonymous_6)
FNDA:0,(anonymous_7)
FNDA:0,(anonymous_8)
FNDA:0,(anonymous_9)
FNDA:0,(anonymous_10)
FNDA:0,(anonymous_11)
FNDA:0,(anonymous_12)
FNDA:0,(anonymous_13)
FNDA:0,(anonymous_14)
FNDA:0,(anonymous_15)
FNDA:0,(anonymous_16)
FNDA:0,(anonymous_17)
FNDA:0,(anonymous_18)
FNDA:0,(anonymous_19)
FNDA:0,(anonymous_20)
FNDA:0,(anonymous_21)
FNDA:0,(anonymous_22)
FNDA:0,(anonymous_23)
FNDA:0,(anonymous_24)
FNDA:0,(anonymous_25)
FNDA:0,(anonymous_26)
FNDA:0,(anonymous_27)
FNDA:0,(anonymous_28)
FNDA:0,(anonymous_29)
FNDA:0,(anonymous_30)
FNDA:0,(anonymous_31)
DA:1,5
DA:2,5
DA:3,5
DA:5,5
DA:6,5
DA:12,5
DA:13,5
DA:14,5
DA:15,5
DA:16,5
DA:17,5
DA:18,5
DA:19,5
DA:21,5
DA:22,0
DA:23,0
DA:24,0
DA:26,0
DA:28,0
DA:30,0
DA:31,0
DA:32,0
DA:33,0
DA:34,0
DA:35,0
DA:36,0
DA:37,0
DA:40,0
DA:44,0
DA:48,0
DA:52,0
DA:56,0
DA:62,0
DA:68,0
DA:71,0
DA:72,0
DA:73,0
DA:74,0
DA:76,0
DA:80,0
DA:81,0
DA:93,0
DA:94,0
DA:95,0
DA:96,0
DA:97,0
DA:101,0
DA:102,0
DA:103,0
DA:107,0
DA:108,0
DA:111,0
DA:112,0
DA:113,0
DA:115,0
DA:122,0
DA:123,0
DA:124,0
DA:125,0
DA:130,0
DA:131,0
DA:132,0
DA:133,0
DA:138,0
DA:139,0
DA:140,0
DA:142,0
DA:143,0
DA:144,0
DA:148,0
DA:151,0
DA:153,0
DA:154,0
DA:155,0
DA:160,0
DA:161,0
DA:162,0
DA:166,0
DA:167,0
DA:168,0
DA:171,0
DA:172,0
DA:175,0
DA:176,0
DA:177,0
DA:180,0
DA:181,0
DA:185,0
DA:189,0
DA:190,0
DA:191,0
DA:194,0
DA:195,0
DA:205,0
DA:206,0
DA:209,0
DA:214,0
DA:215,0
DA:216,0
DA:217,0
DA:218,0
DA:219,0
DA:222,0
DA:281,5
LF:104
LH:15
BRDA:30,0,0,0
BRDA:30,0,1,0
BRDA:68,1,0,0
BRDA:68,1,1,0
BRDA:94,2,0,0
BRDA:96,3,0,0
BRDA:96,4,0,0
BRDA:96,4,1,0
BRDA:111,5,0,0
BRDA:115,6,0,0
BRDA:115,6,1,0
BRDA:115,6,2,0
BRDA:115,6,3,0
BRDA:122,7,0,0
BRDA:130,8,0,0
BRDA:142,9,0,0
BRDA:144,10,0,0
BRDA:144,10,1,0
BRDA:207,11,0,0
BRDA:207,11,1,0
BRDA:207,11,2,0
BRDA:216,12,0,0
BRDA:217,13,0,0
BRDA:251,14,0,0
BRDA:251,14,1,0
BRDA:263,15,0,0
BRDA:263,15,1,0
BRF:27
BRH:0
end_of_record
TN:
SF:src\pages\teamMembers\components\teamMembersDialog\TeamMembersDialog.tsx
FN:17,(anonymous_0)
FN:30,(anonymous_1)
FN:68,(anonymous_2)
FN:69,(anonymous_3)
FN:79,(anonymous_4)
FN:88,(anonymous_5)
FN:89,(anonymous_6)
FN:96,(anonymous_7)
FNF:8
FNH:0
FNDA:0,(anonymous_0)
FNDA:0,(anonymous_1)
FNDA:0,(anonymous_2)
FNDA:0,(anonymous_3)
FNDA:0,(anonymous_4)
FNDA:0,(anonymous_5)
FNDA:0,(anonymous_6)
FNDA:0,(anonymous_7)
DA:1,5
DA:17,5
DA:27,0
DA:30,0
DA:68,0
DA:70,0
DA:80,0
DA:88,0
DA:89,0
DA:96,0
DA:118,5
LF:11
LH:3
BRDA:45,0,0,0
BRDA:45,0,1,0
BRDA:49,1,0,0
BRDA:49,1,1,0
BRDA:88,2,0,0
BRDA:88,2,1,0
BRDA:101,3,0,0
BRDA:101,3,1,0
BRDA:101,3,2,0
BRDA:101,3,3,0
BRDA:107,4,0,0
BRDA:107,4,1,0
BRF:12
BRH:0
end_of_record
TN:
SF:src\pages\teamMembers\components\teamMembersHeader\TeamMembersHeader.tsx
FN:6,(anonymous_0)
FN:20,(anonymous_1)
FNF:2
FNH:0
FNDA:0,(anonymous_0)
FNDA:0,(anonymous_1)
DA:1,5
DA:2,5
DA:4,5
DA:6,5
DA:7,0
DA:20,0
DA:29,5
LF:7
LH:5
BRF:0
BRH:0
end_of_record
TN:
SF:src\pages\teamMembers\components\teamMembersMenu\TeamMembersMenu.tsx
FN:11,(anonymous_0)
FNF:1
FNH:0
FNDA:0,(anonymous_0)
DA:1,5
DA:2,5
DA:11,5
DA:18,0
DA:63,5
LF:5
LH:4
BRDA:16,0,0,0
BRDA:48,1,0,0
BRDA:48,1,1,0
BRDA:53,2,0,0
BRDA:53,2,1,0
BRF:5
BRH:0
end_of_record
TN:
SF:src\pages\teamMembers\components\teamMembersSearchBar\TeamMembersSearchBar.tsx
FN:33,(anonymous_0)
FN:54,(anonymous_1)
FN:117,(anonymous_2)
FN:118,(anonymous_3)
FN:132,(anonymous_4)
FN:133,(anonymous_5)
FN:143,(anonymous_6)
FN:149,(anonymous_7)
FNF:8
FNH:0
FNDA:0,(anonymous_0)
FNDA:0,(anonymous_1)
FNDA:0,(anonymous_2)
FNDA:0,(anonymous_3)
FNDA:0,(anonymous_4)
FNDA:0,(anonymous_5)
FNDA:0,(anonymous_6)
FNDA:0,(anonymous_7)
DA:1,5
DA:10,5
DA:23,5
DA:29,5
DA:30,5
DA:33,5
DA:48,0
DA:54,0
DA:118,0
DA:133,0
DA:144,0
DA:149,0
DA:194,5
LF:13
LH:7
BRDA:67,0,0,0
BRDA:67,0,1,0
BRDA:148,1,0,0
BRDA:148,1,1,0
BRF:4
BRH:0
end_of_record
TN:
SF:src\pages\teamMembers\components\teamMembersTable\TeamMembersTable.tsx
FN:31,(anonymous_0)
FN:54,(anonymous_1)
FN:125,(anonymous_2)
FN:142,(anonymous_3)
FNF:4
FNH:0
FNDA:0,(anonymous_0)
FNDA:0,(anonymous_1)
FNDA:0,(anonymous_2)
FNDA:0,(anonymous_3)
DA:1,5
DA:7,5
DA:20,5
DA:25,5
DA:31,5
DA:39,0
DA:55,0
DA:126,0
DA:142,0
DA:183,5
LF:10
LH:6
BRDA:53,0,0,0
BRDA:53,0,1,0
BRDA:75,1,0,0
BRDA:75,1,1,0
BRDA:91,2,0,0
BRDA:91,2,1,0
BRDA:156,3,0,0
BRDA:156,3,1,0
BRDA:156,3,2,0
BRDA:161,4,0,0
BRDA:161,4,1,0
BRF:11
BRH:0
end_of_record
TN:
SF:src\utils\index.ts
FNF:0
FNH:0
DA:1,1
LF:1
LH:1
BRF:0
BRH:0
end_of_record
TN:
SF:src\utils\theme.ts
FN:50,(anonymous_0)
FN:76,(anonymous_1)
FN:82,(anonymous_2)
FN:93,(anonymous_3)
FN:106,(anonymous_4)
FN:119,(anonymous_5)
FN:128,(anonymous_6)
FN:138,(anonymous_7)
FN:163,(anonymous_8)
FN:178,(anonymous_9)
FN:318,(anonymous_10)
FNF:11
FNH:5
FNDA:1,(anonymous_0)
FNDA:0,(anonymous_1)
FNDA:0,(anonymous_2)
FNDA:8,(anonymous_3)
FNDA:0,(anonymous_4)
FNDA:4,(anonymous_5)
FNDA:0,(anonymous_6)
FNDA:24,(anonymous_7)
FNDA:0,(anonymous_8)
FNDA:0,(anonymous_9)
FNDA:1,(anonymous_10)
DA:1,1
DA:50,1
DA:52,1
DA:53,1
DA:54,1
DA:61,1
DA:62,1
DA:63,1
DA:66,1
DA:67,1
DA:68,1
DA:70,1
DA:76,0
DA:82,0
DA:93,8
DA:106,0
DA:119,4
DA:128,0
DA:138,24
DA:163,0
DA:178,0
DA:205,1
DA:318,1
DA:319,1
LF:24
LH:18
BRDA:95,0,0,8
BRDA:95,0,1,0
BRDA:96,1,0,8
BRDA:96,1,1,0
BRDA:98,2,0,8
BRDA:98,2,1,0
BRDA:108,3,0,0
BRDA:108,3,1,0
BRDA:111,4,0,0
BRDA:111,4,1,0
BRDA:121,5,0,4
BRDA:121,5,1,0
BRDA:130,6,0,0
BRDA:130,6,1,0
BRDA:142,7,0,24
BRDA:142,7,1,0
BRDA:148,8,0,24
BRDA:148,8,1,0
BRDA:153,9,0,24
BRDA:153,9,1,0
BRDA:165,10,0,0
BRDA:165,10,1,0
BRDA:181,11,0,0
BRDA:181,11,1,0
BRDA:183,12,0,0
BRDA:183,12,1,0
BRDA:227,13,0,1
BRDA:227,13,1,0
BRDA:228,14,0,1
BRDA:228,14,1,0
BRDA:231,15,0,1
BRDA:231,15,1,0
BRDA:232,16,0,1
BRDA:232,16,1,0
BRDA:234,17,0,1
BRDA:234,17,1,0
BRDA:236,18,0,1
BRDA:236,18,1,0
BRDA:238,19,0,1
BRDA:238,19,1,0
BRDA:242,20,0,1
BRDA:242,20,1,0
BRDA:245,21,0,1
BRDA:245,21,1,0
BRDA:246,22,0,1
BRDA:246,22,1,0
BRDA:247,23,0,1
BRDA:247,23,1,0
BRF:48
BRH:18
end_of_record
TN:
SF:src\validations\index.ts
FNF:0
FNH:0
DA:1,5
DA:2,5
DA:3,5
DA:4,5
DA:5,5
DA:6,5
DA:7,5
DA:8,5
LF:8
LH:8
BRF:0
BRH:0
end_of_record
TN:
SF:src\validations\goalTask\createGoalTaskSchema.ts
FNF:0
FNH:0
DA:1,5
DA:3,5
LF:2
LH:2
BRF:0
BRH:0
end_of_record
TN:
SF:src\validations\goalTask\editGoalTaskSchema.ts
FNF:0
FNH:0
DA:1,5
DA:3,5
LF:2
LH:2
BRF:0
BRH:0
end_of_record
TN:
SF:src\validations\goalTask\index.ts
FNF:0
FNH:0
DA:1,5
DA:2,5
LF:2
LH:2
BRF:0
BRH:0
end_of_record
TN:
SF:src\validations\project\createProjectSchema.ts
FNF:0
FNH:0
DA:1,5
DA:3,5
LF:2
LH:2
BRF:0
BRH:0
end_of_record
TN:
SF:src\validations\project\index.ts
FNF:0
FNH:0
DA:1,5
LF:1
LH:1
BRF:0
BRH:0
end_of_record
TN:
SF:src\validations\retrospective\index.ts
FNF:0
FNH:0
DA:1,5
LF:1
LH:1
BRF:0
BRH:0
end_of_record
TN:
SF:src\validations\retrospective\retrospectiveSchema.ts
FNF:0
FNH:0
DA:1,5
DA:2,5
DA:5,5
LF:3
LH:3
BRF:0
BRH:0
end_of_record
TN:
SF:src\validations\sprint\createSprintSchema.ts
FN:14,(anonymous_6)
FN:23,(anonymous_7)
FNF:2
FNH:0
FNDA:0,(anonymous_6)
FNDA:0,(anonymous_7)
DA:1,5
DA:4,5
DA:15,0
DA:24,0
LF:4
LH:2
BRDA:15,0,0,0
BRDA:15,0,1,0
BRDA:24,1,0,0
BRDA:24,1,1,0
BRF:4
BRH:0
end_of_record
TN:
SF:src\validations\sprint\index.ts
FNF:0
FNH:0
DA:1,5
LF:1
LH:1
BRF:0
BRH:0
end_of_record
TN:
SF:src\validations\sprintGoal\createSprintGoalSchema.ts
FNF:0
FNH:0
DA:1,5
DA:4,5
LF:2
LH:2
BRF:0
BRH:0
end_of_record
TN:
SF:src\validations\sprintGoal\editSprintGoalSchema.ts
FNF:0
FNH:0
DA:1,5
DA:4,5
LF:2
LH:2
BRF:0
BRH:0
end_of_record
TN:
SF:src\validations\sprintGoal\index.ts
FNF:0
FNH:0
DA:1,5
DA:2,5
LF:2
LH:2
BRF:0
BRH:0
end_of_record
TN:
SF:src\validations\task\createTaskSchema.ts
FNF:0
FNH:0
DA:1,5
DA:4,5
LF:2
LH:2
BRF:0
BRH:0
end_of_record
TN:
SF:src\validations\task\editTaskSchema.ts
FNF:0
FNH:0
DA:1,5
DA:4,5
LF:2
LH:2
BRF:0
BRH:0
end_of_record
TN:
SF:src\validations\task\index.ts
FNF:0
FNH:0
DA:1,5
DA:2,5
LF:2
LH:2
BRF:0
BRH:0
end_of_record
TN:
SF:src\validations\teamMemberCapacity\index.ts
FNF:0
FNH:0
DA:1,5
LF:1
LH:1
BRF:0
BRH:0
end_of_record
TN:
SF:src\validations\teamMemberCapacity\teamMemberCapacitySchema.ts
FN:20,(anonymous_6)
FNF:1
FNH:0
FNDA:0,(anonymous_6)
DA:1,5
DA:3,5
DA:21,0
DA:22,0
LF:4
LH:2
BRF:0
BRH:0
end_of_record
TN:
SF:src\validations\ticket\createTicketSchema.ts
FNF:0
FNH:0
DA:1,5
DA:4,5
LF:2
LH:2
BRF:0
BRH:0
end_of_record
TN:
SF:src\validations\ticket\editTicketSchema.ts
FNF:0
FNH:0
DA:1,5
DA:4,5
LF:2
LH:2
BRF:0
BRH:0
end_of_record
TN:
SF:src\validations\ticket\index.ts
FNF:0
FNH:0
DA:1,5
DA:2,5
LF:2
LH:2
BRF:0
BRH:0
end_of_record
